Topic to send: test-topic
Topic to acks: 1
Records: 500000
Size: 500
Batch Size: 500

Metric Name                                                                          Value
app-info:commit-id:{client-id=producer-1}                                          : d12590634290dbc4
app-info:start-time-ms:{client-id=producer-1}                                      : 1618317975407
app-info:version:{client-id=producer-1}                                            : 2.3.1
kafka-metrics-count:count:{client-id=producer-1}                                   : 126.000
producer-metrics:batch-size-avg:{client-id=producer-1}                             : 576.000
producer-metrics:batch-size-max:{client-id=producer-1}                             : 576.000
producer-metrics:batch-split-rate:{client-id=producer-1}                           : 0.000
producer-metrics:batch-split-total:{client-id=producer-1}                          : 0.000
producer-metrics:buffer-available-bytes:{client-id=producer-1}                     : 33554432.000
producer-metrics:buffer-exhausted-rate:{client-id=producer-1}                      : 0.000
producer-metrics:buffer-exhausted-total:{client-id=producer-1}                     : 0.000
producer-metrics:buffer-total-bytes:{client-id=producer-1}                         : 33554432.000
producer-metrics:bufferpool-wait-ratio:{client-id=producer-1}                      : 0.000
producer-metrics:bufferpool-wait-time-total:{client-id=producer-1}                 : 0.000
producer-metrics:compression-rate-avg:{client-id=producer-1}                       : 1.000
producer-metrics:connection-close-rate:{client-id=producer-1}                      : 0.000
producer-metrics:connection-close-total:{client-id=producer-1}                     : 3.000
producer-metrics:connection-count:{client-id=producer-1}                           : 4.000
producer-metrics:connection-creation-rate:{client-id=producer-1}                   : 0.000
producer-metrics:connection-creation-total:{client-id=producer-1}                  : 7.000
producer-metrics:failed-authentication-rate:{client-id=producer-1}                 : 0.000
producer-metrics:failed-authentication-total:{client-id=producer-1}                : 0.000
producer-metrics:failed-reauthentication-rate:{client-id=producer-1}               : 0.000
producer-metrics:failed-reauthentication-total:{client-id=producer-1}              : 0.000
producer-metrics:incoming-byte-rate:{client-id=producer-1}                         : 93241.806
producer-metrics:incoming-byte-total:{client-id=producer-1}                        : 31003222.000
producer-metrics:io-ratio:{client-id=producer-1}                                   : 0.103
producer-metrics:io-time-ns-avg:{client-id=producer-1}                             : 22959.089
producer-metrics:io-wait-ratio:{client-id=producer-1}                              : 0.782
producer-metrics:io-wait-time-ns-avg:{client-id=producer-1}                        : 174410.664
producer-metrics:io-waittime-total:{client-id=producer-1}                          : 345837706012.000
producer-metrics:iotime-total:{client-id=producer-1}                               : 33153457068.000
producer-metrics:metadata-age:{client-id=producer-1}                               : 208.838
producer-metrics:network-io-rate:{client-id=producer-1}                            : 3007.740
producer-metrics:network-io-total:{client-id=producer-1}                           : 1000025.000
producer-metrics:outgoing-byte-rate:{client-id=producer-1}                         : 971616.480
producer-metrics:outgoing-byte-total:{client-id=producer-1}                        : 322891173.000
producer-metrics:produce-throttle-time-avg:{client-id=producer-1}                  : 0.000
producer-metrics:produce-throttle-time-max:{client-id=producer-1}                  : 0.000
producer-metrics:reauthentication-latency-avg:{client-id=producer-1}               : NaN
producer-metrics:reauthentication-latency-max:{client-id=producer-1}               : NaN
producer-metrics:record-error-rate:{client-id=producer-1}                          : 0.000
producer-metrics:record-error-total:{client-id=producer-1}                         : 0.000
producer-metrics:record-queue-time-avg:{client-id=producer-1}                      : 0.024
producer-metrics:record-queue-time-max:{client-id=producer-1}                      : 1.000
producer-metrics:record-retry-rate:{client-id=producer-1}                          : 0.000
producer-metrics:record-retry-total:{client-id=producer-1}                         : 3.000
producer-metrics:record-send-rate:{client-id=producer-1}                           : 1493.244
producer-metrics:record-send-total:{client-id=producer-1}                          : 500003.000
producer-metrics:record-size-avg:{client-id=producer-1}                            : 592.000
producer-metrics:record-size-max:{client-id=producer-1}                            : 592.000
producer-metrics:records-per-request-avg:{client-id=producer-1}                    : 1.000
producer-metrics:request-latency-avg:{client-id=producer-1}                        : 0.613
producer-metrics:request-latency-max:{client-id=producer-1}                        : 19.000
producer-metrics:request-rate:{client-id=producer-1}                               : 1503.870
producer-metrics:request-size-avg:{client-id=producer-1}                           : 646.000
producer-metrics:request-size-max:{client-id=producer-1}                           : 646.000
producer-metrics:request-total:{client-id=producer-1}                              : 500014.000
producer-metrics:requests-in-flight:{client-id=producer-1}                         : 0.000
producer-metrics:response-rate:{client-id=producer-1}                              : 1503.900
producer-metrics:response-total:{client-id=producer-1}                             : 500011.000
producer-metrics:select-rate:{client-id=producer-1}                                : 4485.327
producer-metrics:select-total:{client-id=producer-1}                               : 1493953.000
producer-metrics:successful-authentication-no-reauth-total:{client-id=producer-1}  : 0.000
producer-metrics:successful-authentication-rate:{client-id=producer-1}             : 0.000
producer-metrics:successful-authentication-total:{client-id=producer-1}            : 0.000
producer-metrics:successful-reauthentication-rate:{client-id=producer-1}           : 0.000
producer-metrics:successful-reauthentication-total:{client-id=producer-1}          : 0.000
producer-metrics:waiting-threads:{client-id=producer-1}                            : 0.000
producer-node-metrics:incoming-byte-rate:{client-id=producer-1, node-id=node--2}   : 0.000
producer-node-metrics:incoming-byte-rate:{client-id=producer-1, node-id=node-1}    : 31013.582
producer-node-metrics:incoming-byte-rate:{client-id=producer-1, node-id=node-2}    : 31044.104
producer-node-metrics:incoming-byte-rate:{client-id=producer-1, node-id=node-3}    : 30993.167
producer-node-metrics:incoming-byte-total:{client-id=producer-1, node-id=node--2}  : 585.000
producer-node-metrics:incoming-byte-total:{client-id=producer-1, node-id=node-1}   : 10333408.000
producer-node-metrics:incoming-byte-total:{client-id=producer-1, node-id=node-2}   : 10326006.000
producer-node-metrics:incoming-byte-total:{client-id=producer-1, node-id=node-3}   : 10343223.000
producer-node-metrics:outgoing-byte-rate:{client-id=producer-1, node-id=node--2}   : 0.000
producer-node-metrics:outgoing-byte-rate:{client-id=producer-1, node-id=node-1}    : 322297.294
producer-node-metrics:outgoing-byte-rate:{client-id=producer-1, node-id=node-2}    : 323469.932
producer-node-metrics:outgoing-byte-rate:{client-id=producer-1, node-id=node-3}    : 322993.540
producer-node-metrics:outgoing-byte-total:{client-id=producer-1, node-id=node--2}  : 67.000
producer-node-metrics:outgoing-byte-total:{client-id=producer-1, node-id=node-1}   : 107619204.000
producer-node-metrics:outgoing-byte-total:{client-id=producer-1, node-id=node-2}   : 107547666.000
producer-node-metrics:outgoing-byte-total:{client-id=producer-1, node-id=node-3}   : 107724236.000
producer-node-metrics:request-latency-avg:{client-id=producer-1, node-id=node--2}  : NaN
producer-node-metrics:request-latency-avg:{client-id=producer-1, node-id=node-1}   : 0.433
producer-node-metrics:request-latency-avg:{client-id=producer-1, node-id=node-2}   : 0.655
producer-node-metrics:request-latency-avg:{client-id=producer-1, node-id=node-3}   : 0.754
producer-node-metrics:request-latency-max:{client-id=producer-1, node-id=node--2}  : NaN
producer-node-metrics:request-latency-max:{client-id=producer-1, node-id=node-1}   : 17.000
producer-node-metrics:request-latency-max:{client-id=producer-1, node-id=node-2}   : 18.000
producer-node-metrics:request-latency-max:{client-id=producer-1, node-id=node-3}   : 12.000
producer-node-metrics:request-rate:{client-id=producer-1, node-id=node--2}         : 0.000
producer-node-metrics:request-rate:{client-id=producer-1, node-id=node-1}          : 498.888
producer-node-metrics:request-rate:{client-id=producer-1, node-id=node-2}          : 500.710
producer-node-metrics:request-rate:{client-id=producer-1, node-id=node-3}          : 499.950
producer-node-metrics:request-size-avg:{client-id=producer-1, node-id=node--2}     : NaN
producer-node-metrics:request-size-avg:{client-id=producer-1, node-id=node-1}      : 646.000
producer-node-metrics:request-size-avg:{client-id=producer-1, node-id=node-2}      : 646.000
producer-node-metrics:request-size-avg:{client-id=producer-1, node-id=node-3}      : 646.000
producer-node-metrics:request-size-max:{client-id=producer-1, node-id=node--2}     : NaN
producer-node-metrics:request-size-max:{client-id=producer-1, node-id=node-1}      : 646.000
producer-node-metrics:request-size-max:{client-id=producer-1, node-id=node-2}      : 646.000
producer-node-metrics:request-size-max:{client-id=producer-1, node-id=node-3}      : 646.000
producer-node-metrics:request-total:{client-id=producer-1, node-id=node--2}        : 2.000
producer-node-metrics:request-total:{client-id=producer-1, node-id=node-1}         : 166654.000
producer-node-metrics:request-total:{client-id=producer-1, node-id=node-2}         : 166542.000
producer-node-metrics:request-total:{client-id=producer-1, node-id=node-3}         : 166816.000
producer-node-metrics:response-rate:{client-id=producer-1, node-id=node--2}        : 0.000
producer-node-metrics:response-rate:{client-id=producer-1, node-id=node-1}         : 500.219
producer-node-metrics:response-rate:{client-id=producer-1, node-id=node-2}         : 500.711
producer-node-metrics:response-rate:{client-id=producer-1, node-id=node-3}         : 499.890
producer-node-metrics:response-total:{client-id=producer-1, node-id=node--2}       : 2.000
producer-node-metrics:response-total:{client-id=producer-1, node-id=node-1}        : 166653.000
producer-node-metrics:response-total:{client-id=producer-1, node-id=node-2}        : 166541.000
producer-node-metrics:response-total:{client-id=producer-1, node-id=node-3}        : 166815.000
producer-topic-metrics:byte-rate:{client-id=producer-1, topic=test-topic}          : 860108.536
producer-topic-metrics:byte-total:{client-id=producer-1, topic=test-topic}         : 287890623.000
producer-topic-metrics:compression-rate:{client-id=producer-1, topic=test-topic}   : 1.000
producer-topic-metrics:record-error-rate:{client-id=producer-1, topic=test-topic}  : 0.000
producer-topic-metrics:record-error-total:{client-id=producer-1, topic=test-topic} : 0.000
producer-topic-metrics:record-retry-rate:{client-id=producer-1, topic=test-topic}  : 0.000
producer-topic-metrics:record-retry-total:{client-id=producer-1, topic=test-topic} : 3.000
producer-topic-metrics:record-send-rate:{client-id=producer-1, topic=test-topic}   : 1493.244
producer-topic-metrics:record-send-total:{client-id=producer-1, topic=test-topic}  : 500003.000
Produce Time: 415.684
Aplication time: 416.252
Quantidade de mensagens: 500003
