Topic to send: test-topic
Topic to acks: -1
Records: 500000
Size: 500
Batch Size: 500

Metric Name                                                                          Value
app-info:commit-id:{client-id=producer-1}                                          : d12590634290dbc4
app-info:start-time-ms:{client-id=producer-1}                                      : 1618428562640
app-info:version:{client-id=producer-1}                                            : 2.3.1
kafka-metrics-count:count:{client-id=producer-1}                                   : 126.000
producer-metrics:batch-size-avg:{client-id=producer-1}                             : 576.000
producer-metrics:batch-size-max:{client-id=producer-1}                             : 576.000
producer-metrics:batch-split-rate:{client-id=producer-1}                           : 0.000
producer-metrics:batch-split-total:{client-id=producer-1}                          : 0.000
producer-metrics:buffer-available-bytes:{client-id=producer-1}                     : 33554432.000
producer-metrics:buffer-exhausted-rate:{client-id=producer-1}                      : 0.000
producer-metrics:buffer-exhausted-total:{client-id=producer-1}                     : 0.000
producer-metrics:buffer-total-bytes:{client-id=producer-1}                         : 33554432.000
producer-metrics:bufferpool-wait-ratio:{client-id=producer-1}                      : 0.000
producer-metrics:bufferpool-wait-time-total:{client-id=producer-1}                 : 0.000
producer-metrics:compression-rate-avg:{client-id=producer-1}                       : 1.000
producer-metrics:connection-close-rate:{client-id=producer-1}                      : 0.000
producer-metrics:connection-close-total:{client-id=producer-1}                     : 3.000
producer-metrics:connection-count:{client-id=producer-1}                           : 3.000
producer-metrics:connection-creation-rate:{client-id=producer-1}                   : 0.000
producer-metrics:connection-creation-total:{client-id=producer-1}                  : 6.000
producer-metrics:failed-authentication-rate:{client-id=producer-1}                 : 0.000
producer-metrics:failed-authentication-total:{client-id=producer-1}                : 0.000
producer-metrics:failed-reauthentication-rate:{client-id=producer-1}               : 0.000
producer-metrics:failed-reauthentication-total:{client-id=producer-1}              : 0.000
producer-metrics:incoming-byte-rate:{client-id=producer-1}                         : 49034.359
producer-metrics:incoming-byte-total:{client-id=producer-1}                        : 31002637.000
producer-metrics:io-ratio:{client-id=producer-1}                                   : 0.051
producer-metrics:io-time-ns-avg:{client-id=producer-1}                             : 21761.705
producer-metrics:io-wait-ratio:{client-id=producer-1}                              : 0.891
producer-metrics:io-wait-time-ns-avg:{client-id=producer-1}                        : 377544.776
producer-metrics:io-waittime-total:{client-id=producer-1}                          : 613200857403.000
producer-metrics:iotime-total:{client-id=producer-1}                               : 36382685424.000
producer-metrics:metadata-age:{client-id=producer-1}                               : 149.986
producer-metrics:network-io-rate:{client-id=producer-1}                            : 1581.669
producer-metrics:network-io-total:{client-id=producer-1}                           : 1000021.000
producer-metrics:outgoing-byte-rate:{client-id=producer-1}                         : 510951.819
producer-metrics:outgoing-byte-total:{client-id=producer-1}                        : 322890503.000
producer-metrics:produce-throttle-time-avg:{client-id=producer-1}                  : 0.000
producer-metrics:produce-throttle-time-max:{client-id=producer-1}                  : 0.000
producer-metrics:reauthentication-latency-avg:{client-id=producer-1}               : NaN
producer-metrics:reauthentication-latency-max:{client-id=producer-1}               : NaN
producer-metrics:record-error-rate:{client-id=producer-1}                          : 0.000
producer-metrics:record-error-total:{client-id=producer-1}                         : 0.000
producer-metrics:record-queue-time-avg:{client-id=producer-1}                      : 0.022
producer-metrics:record-queue-time-max:{client-id=producer-1}                      : 3.000
producer-metrics:record-retry-rate:{client-id=producer-1}                          : 0.000
producer-metrics:record-retry-total:{client-id=producer-1}                         : 2.000
producer-metrics:record-send-rate:{client-id=producer-1}                           : 790.859
producer-metrics:record-send-total:{client-id=producer-1}                          : 500002.000
producer-metrics:record-size-avg:{client-id=producer-1}                            : 592.000
producer-metrics:record-size-max:{client-id=producer-1}                            : 592.000
producer-metrics:records-per-request-avg:{client-id=producer-1}                    : 1.000
producer-metrics:request-latency-avg:{client-id=producer-1}                        : 1.212
producer-metrics:request-latency-max:{client-id=producer-1}                        : 81.000
producer-metrics:request-rate:{client-id=producer-1}                               : 790.849
producer-metrics:request-size-avg:{client-id=producer-1}                           : 646.000
producer-metrics:request-size-max:{client-id=producer-1}                           : 646.000
producer-metrics:request-total:{client-id=producer-1}                              : 500012.000
producer-metrics:requests-in-flight:{client-id=producer-1}                         : 0.000
producer-metrics:response-rate:{client-id=producer-1}                              : 790.863
producer-metrics:response-total:{client-id=producer-1}                             : 500009.000
producer-metrics:select-rate:{client-id=producer-1}                                : 2359.630
producer-metrics:select-total:{client-id=producer-1}                               : 1492809.000
producer-metrics:successful-authentication-no-reauth-total:{client-id=producer-1}  : 0.000
producer-metrics:successful-authentication-rate:{client-id=producer-1}             : 0.000
producer-metrics:successful-authentication-total:{client-id=producer-1}            : 0.000
producer-metrics:successful-reauthentication-rate:{client-id=producer-1}           : 0.000
producer-metrics:successful-reauthentication-total:{client-id=producer-1}          : 0.000
producer-metrics:waiting-threads:{client-id=producer-1}                            : 0.000
producer-node-metrics:incoming-byte-rate:{client-id=producer-1, node-id=node--1}   : 0.000
producer-node-metrics:incoming-byte-rate:{client-id=producer-1, node-id=node-1}    : 16737.050
producer-node-metrics:incoming-byte-rate:{client-id=producer-1, node-id=node-2}    : 16135.354
producer-node-metrics:incoming-byte-rate:{client-id=producer-1, node-id=node-3}    : 16393.425
producer-node-metrics:incoming-byte-total:{client-id=producer-1, node-id=node--1}  : 585.000
producer-node-metrics:incoming-byte-total:{client-id=producer-1, node-id=node-1}   : 10326006.000
producer-node-metrics:incoming-byte-total:{client-id=producer-1, node-id=node-2}   : 10342932.000
producer-node-metrics:incoming-byte-total:{client-id=producer-1, node-id=node-3}   : 10333114.000
producer-node-metrics:outgoing-byte-rate:{client-id=producer-1, node-id=node--1}   : 0.000
producer-node-metrics:outgoing-byte-rate:{client-id=producer-1, node-id=node-1}    : 174376.621
producer-node-metrics:outgoing-byte-rate:{client-id=producer-1, node-id=node-2}    : 168098.158
producer-node-metrics:outgoing-byte-rate:{client-id=producer-1, node-id=node-3}    : 170776.868
producer-node-metrics:outgoing-byte-total:{client-id=producer-1, node-id=node--1}  : 67.000
producer-node-metrics:outgoing-byte-total:{client-id=producer-1, node-id=node-1}   : 107547666.000
producer-node-metrics:outgoing-byte-total:{client-id=producer-1, node-id=node-2}   : 107724236.000
producer-node-metrics:outgoing-byte-total:{client-id=producer-1, node-id=node-3}   : 107618534.000
producer-node-metrics:request-latency-avg:{client-id=producer-1, node-id=node--1}  : NaN
producer-node-metrics:request-latency-avg:{client-id=producer-1, node-id=node-1}   : 1.534
producer-node-metrics:request-latency-avg:{client-id=producer-1, node-id=node-2}   : 0.990
producer-node-metrics:request-latency-avg:{client-id=producer-1, node-id=node-3}   : 1.086
producer-node-metrics:request-latency-max:{client-id=producer-1, node-id=node--1}  : NaN
producer-node-metrics:request-latency-max:{client-id=producer-1, node-id=node-1}   : 65.000
producer-node-metrics:request-latency-max:{client-id=producer-1, node-id=node-2}   : 15.000
producer-node-metrics:request-latency-max:{client-id=producer-1, node-id=node-3}   : 81.000
producer-node-metrics:request-rate:{client-id=producer-1, node-id=node--1}         : 0.000
producer-node-metrics:request-rate:{client-id=producer-1, node-id=node-1}          : 269.922
producer-node-metrics:request-rate:{client-id=producer-1, node-id=node-2}          : 260.200
producer-node-metrics:request-rate:{client-id=producer-1, node-id=node-3}          : 264.335
producer-node-metrics:request-size-avg:{client-id=producer-1, node-id=node--1}     : NaN
producer-node-metrics:request-size-avg:{client-id=producer-1, node-id=node-1}      : 646.000
producer-node-metrics:request-size-avg:{client-id=producer-1, node-id=node-2}      : 646.000
producer-node-metrics:request-size-avg:{client-id=producer-1, node-id=node-3}      : 646.000
producer-node-metrics:request-size-max:{client-id=producer-1, node-id=node--1}     : NaN
producer-node-metrics:request-size-max:{client-id=producer-1, node-id=node-1}      : 646.000
producer-node-metrics:request-size-max:{client-id=producer-1, node-id=node-2}      : 646.000
producer-node-metrics:request-size-max:{client-id=producer-1, node-id=node-3}      : 646.000
producer-node-metrics:request-total:{client-id=producer-1, node-id=node--1}        : 2.000
producer-node-metrics:request-total:{client-id=producer-1, node-id=node-1}         : 166542.000
producer-node-metrics:request-total:{client-id=producer-1, node-id=node-2}         : 166816.000
producer-node-metrics:request-total:{client-id=producer-1, node-id=node-3}         : 166652.000
producer-node-metrics:response-rate:{client-id=producer-1, node-id=node--1}        : 0.000
producer-node-metrics:response-rate:{client-id=producer-1, node-id=node-1}         : 269.958
producer-node-metrics:response-rate:{client-id=producer-1, node-id=node-2}         : 260.252
producer-node-metrics:response-rate:{client-id=producer-1, node-id=node-3}         : 264.416
producer-node-metrics:response-total:{client-id=producer-1, node-id=node--1}       : 2.000
producer-node-metrics:response-total:{client-id=producer-1, node-id=node-1}        : 166541.000
producer-node-metrics:response-total:{client-id=producer-1, node-id=node-2}        : 166814.000
producer-node-metrics:response-total:{client-id=producer-1, node-id=node-3}        : 166652.000
producer-topic-metrics:byte-rate:{client-id=producer-1, topic=test-topic}          : 455534.768
producer-topic-metrics:byte-total:{client-id=producer-1, topic=test-topic}         : 287890047.000
producer-topic-metrics:compression-rate:{client-id=producer-1, topic=test-topic}   : 1.000
producer-topic-metrics:record-error-rate:{client-id=producer-1, topic=test-topic}  : 0.000
producer-topic-metrics:record-error-total:{client-id=producer-1, topic=test-topic} : 0.000
producer-topic-metrics:record-retry-rate:{client-id=producer-1, topic=test-topic}  : 0.000
producer-topic-metrics:record-retry-total:{client-id=producer-1, topic=test-topic} : 2.000
producer-topic-metrics:record-send-rate:{client-id=producer-1, topic=test-topic}   : 790.859
producer-topic-metrics:record-send-total:{client-id=producer-1, topic=test-topic}  : 500002.000
Produce Time: 690.187
Aplication time: 690.896
Quantidade de mensagens: 500002
