Topic to send: test-topic
Topic to acks: -1
Records: 500000
Size: 500
Batch Size: 500

Metric Name                                                                          Value
app-info:commit-id:{client-id=producer-1}                                          : d12590634290dbc4
app-info:start-time-ms:{client-id=producer-1}                                      : 1618436754960
app-info:version:{client-id=producer-1}                                            : 2.3.1
kafka-metrics-count:count:{client-id=producer-1}                                   : 126.000
producer-metrics:batch-size-avg:{client-id=producer-1}                             : 576.000
producer-metrics:batch-size-max:{client-id=producer-1}                             : 576.000
producer-metrics:batch-split-rate:{client-id=producer-1}                           : 0.000
producer-metrics:batch-split-total:{client-id=producer-1}                          : 0.000
producer-metrics:buffer-available-bytes:{client-id=producer-1}                     : 33554432.000
producer-metrics:buffer-exhausted-rate:{client-id=producer-1}                      : 0.000
producer-metrics:buffer-exhausted-total:{client-id=producer-1}                     : 0.000
producer-metrics:buffer-total-bytes:{client-id=producer-1}                         : 33554432.000
producer-metrics:bufferpool-wait-ratio:{client-id=producer-1}                      : 0.000
producer-metrics:bufferpool-wait-time-total:{client-id=producer-1}                 : 0.000
producer-metrics:compression-rate-avg:{client-id=producer-1}                       : 1.000
producer-metrics:connection-close-rate:{client-id=producer-1}                      : 0.000
producer-metrics:connection-close-total:{client-id=producer-1}                     : 4.000
producer-metrics:connection-count:{client-id=producer-1}                           : 3.000
producer-metrics:connection-creation-rate:{client-id=producer-1}                   : 0.000
producer-metrics:connection-creation-total:{client-id=producer-1}                  : 7.000
producer-metrics:failed-authentication-rate:{client-id=producer-1}                 : 0.000
producer-metrics:failed-authentication-total:{client-id=producer-1}                : 0.000
producer-metrics:failed-reauthentication-rate:{client-id=producer-1}               : 0.000
producer-metrics:failed-reauthentication-total:{client-id=producer-1}              : 0.000
producer-metrics:incoming-byte-rate:{client-id=producer-1}                         : 46815.677
producer-metrics:incoming-byte-total:{client-id=producer-1}                        : 31003222.000
producer-metrics:io-ratio:{client-id=producer-1}                                   : 0.074
producer-metrics:io-time-ns-avg:{client-id=producer-1}                             : 32594.283
producer-metrics:io-wait-ratio:{client-id=producer-1}                              : 0.847
producer-metrics:io-wait-time-ns-avg:{client-id=producer-1}                        : 374036.189
producer-metrics:io-waittime-total:{client-id=producer-1}                          : 602947209878.000
producer-metrics:iotime-total:{client-id=producer-1}                               : 45754596952.000
producer-metrics:metadata-age:{client-id=producer-1}                               : 157.087
producer-metrics:network-io-rate:{client-id=producer-1}                            : 1510.092
producer-metrics:network-io-total:{client-id=producer-1}                           : 1000025.000
producer-metrics:outgoing-byte-rate:{client-id=producer-1}                         : 487862.855
producer-metrics:outgoing-byte-total:{client-id=producer-1}                        : 322890570.000
producer-metrics:produce-throttle-time-avg:{client-id=producer-1}                  : 0.000
producer-metrics:produce-throttle-time-max:{client-id=producer-1}                  : 0.000
producer-metrics:reauthentication-latency-avg:{client-id=producer-1}               : NaN
producer-metrics:reauthentication-latency-max:{client-id=producer-1}               : NaN
producer-metrics:record-error-rate:{client-id=producer-1}                          : 0.000
producer-metrics:record-error-total:{client-id=producer-1}                         : 0.000
producer-metrics:record-queue-time-avg:{client-id=producer-1}                      : 0.037
producer-metrics:record-queue-time-max:{client-id=producer-1}                      : 6.000
producer-metrics:record-retry-rate:{client-id=producer-1}                          : 0.000
producer-metrics:record-retry-total:{client-id=producer-1}                         : 2.000
producer-metrics:record-send-rate:{client-id=producer-1}                           : 755.061
producer-metrics:record-send-total:{client-id=producer-1}                          : 500002.000
producer-metrics:record-size-avg:{client-id=producer-1}                            : 592.000
producer-metrics:record-size-max:{client-id=producer-1}                            : 592.000
producer-metrics:records-per-request-avg:{client-id=producer-1}                    : 1.000
producer-metrics:request-latency-avg:{client-id=producer-1}                        : 1.237
producer-metrics:request-latency-max:{client-id=producer-1}                        : 38.000
producer-metrics:request-rate:{client-id=producer-1}                               : 755.069
producer-metrics:request-size-avg:{client-id=producer-1}                           : 646.000
producer-metrics:request-size-max:{client-id=producer-1}                           : 646.000
producer-metrics:request-total:{client-id=producer-1}                              : 500014.000
producer-metrics:requests-in-flight:{client-id=producer-1}                         : 0.000
producer-metrics:response-rate:{client-id=producer-1}                              : 755.069
producer-metrics:response-total:{client-id=producer-1}                             : 500011.000
producer-metrics:select-rate:{client-id=producer-1}                                : 2263.907
producer-metrics:select-total:{client-id=producer-1}                               : 1497339.000
producer-metrics:successful-authentication-no-reauth-total:{client-id=producer-1}  : 0.000
producer-metrics:successful-authentication-rate:{client-id=producer-1}             : 0.000
producer-metrics:successful-authentication-total:{client-id=producer-1}            : 0.000
producer-metrics:successful-reauthentication-rate:{client-id=producer-1}           : 0.000
producer-metrics:successful-reauthentication-total:{client-id=producer-1}          : 0.000
producer-metrics:waiting-threads:{client-id=producer-1}                            : 0.000
producer-node-metrics:incoming-byte-rate:{client-id=producer-1, node-id=node--2}   : 0.000
producer-node-metrics:incoming-byte-rate:{client-id=producer-1, node-id=node-1}    : 15385.394
producer-node-metrics:incoming-byte-rate:{client-id=producer-1, node-id=node-2}    : 15748.645
producer-node-metrics:incoming-byte-rate:{client-id=producer-1, node-id=node-3}    : 15194.169
producer-node-metrics:incoming-byte-total:{client-id=producer-1, node-id=node--2}  : 585.000
producer-node-metrics:incoming-byte-total:{client-id=producer-1, node-id=node-1}   : 10333117.000
producer-node-metrics:incoming-byte-total:{client-id=producer-1, node-id=node-2}   : 10326588.000
producer-node-metrics:incoming-byte-total:{client-id=producer-1, node-id=node-3}   : 10342932.000
producer-node-metrics:outgoing-byte-rate:{client-id=producer-1, node-id=node--2}   : 0.000
producer-node-metrics:outgoing-byte-rate:{client-id=producer-1, node-id=node-1}    : 160312.324
producer-node-metrics:outgoing-byte-rate:{client-id=producer-1, node-id=node-2}    : 162903.676
producer-node-metrics:outgoing-byte-rate:{client-id=producer-1, node-id=node-3}    : 160904.131
producer-node-metrics:outgoing-byte-total:{client-id=producer-1, node-id=node--2}  : 67.000
producer-node-metrics:outgoing-byte-total:{client-id=producer-1, node-id=node-1}   : 107619161.000
producer-node-metrics:outgoing-byte-total:{client-id=producer-1, node-id=node-2}   : 107547149.000
producer-node-metrics:outgoing-byte-total:{client-id=producer-1, node-id=node-3}   : 107724193.000
producer-node-metrics:request-latency-avg:{client-id=producer-1, node-id=node--2}  : NaN
producer-node-metrics:request-latency-avg:{client-id=producer-1, node-id=node-1}   : 1.107
producer-node-metrics:request-latency-avg:{client-id=producer-1, node-id=node-2}   : 1.111
producer-node-metrics:request-latency-avg:{client-id=producer-1, node-id=node-3}   : 1.526
producer-node-metrics:request-latency-max:{client-id=producer-1, node-id=node--2}  : NaN
producer-node-metrics:request-latency-max:{client-id=producer-1, node-id=node-1}   : 19.000
producer-node-metrics:request-latency-max:{client-id=producer-1, node-id=node-2}   : 21.000
producer-node-metrics:request-latency-max:{client-id=producer-1, node-id=node-3}   : 38.000
producer-node-metrics:request-rate:{client-id=producer-1, node-id=node--2}         : 0.000
producer-node-metrics:request-rate:{client-id=producer-1, node-id=node-1}          : 248.152
producer-node-metrics:request-rate:{client-id=producer-1, node-id=node-2}          : 252.169
producer-node-metrics:request-rate:{client-id=producer-1, node-id=node-3}          : 249.047
producer-node-metrics:request-size-avg:{client-id=producer-1, node-id=node--2}     : NaN
producer-node-metrics:request-size-avg:{client-id=producer-1, node-id=node-1}      : 646.000
producer-node-metrics:request-size-avg:{client-id=producer-1, node-id=node-2}      : 646.000
producer-node-metrics:request-size-avg:{client-id=producer-1, node-id=node-3}      : 646.000
producer-node-metrics:request-size-max:{client-id=producer-1, node-id=node--2}     : NaN
producer-node-metrics:request-size-max:{client-id=producer-1, node-id=node-1}      : 646.000
producer-node-metrics:request-size-max:{client-id=producer-1, node-id=node-2}      : 646.000
producer-node-metrics:request-size-max:{client-id=producer-1, node-id=node-3}      : 646.000
producer-node-metrics:request-total:{client-id=producer-1, node-id=node--2}        : 2.000
producer-node-metrics:request-total:{client-id=producer-1, node-id=node-1}         : 166653.000
producer-node-metrics:request-total:{client-id=producer-1, node-id=node-2}         : 166544.000
producer-node-metrics:request-total:{client-id=producer-1, node-id=node-3}         : 166815.000
producer-node-metrics:response-rate:{client-id=producer-1, node-id=node--2}        : 0.000
producer-node-metrics:response-rate:{client-id=producer-1, node-id=node-1}         : 248.156
producer-node-metrics:response-rate:{client-id=producer-1, node-id=node-2}         : 254.010
producer-node-metrics:response-rate:{client-id=producer-1, node-id=node-3}         : 245.067
producer-node-metrics:response-total:{client-id=producer-1, node-id=node--2}       : 2.000
producer-node-metrics:response-total:{client-id=producer-1, node-id=node-1}        : 166652.000
producer-node-metrics:response-total:{client-id=producer-1, node-id=node-2}        : 166543.000
producer-node-metrics:response-total:{client-id=producer-1, node-id=node-3}        : 166814.000
producer-topic-metrics:byte-rate:{client-id=producer-1, topic=test-topic}          : 434915.332
producer-topic-metrics:byte-total:{client-id=producer-1, topic=test-topic}         : 287890047.000
producer-topic-metrics:compression-rate:{client-id=producer-1, topic=test-topic}   : 1.000
producer-topic-metrics:record-error-rate:{client-id=producer-1, topic=test-topic}  : 0.000
producer-topic-metrics:record-error-total:{client-id=producer-1, topic=test-topic} : 0.000
producer-topic-metrics:record-retry-rate:{client-id=producer-1, topic=test-topic}  : 0.000
producer-topic-metrics:record-retry-total:{client-id=producer-1, topic=test-topic} : 2.000
producer-topic-metrics:record-send-rate:{client-id=producer-1, topic=test-topic}   : 755.061
producer-topic-metrics:record-send-total:{client-id=producer-1, topic=test-topic}  : 500002.000
Produce Time: 697.314
Aplication time: 697.995
Quantidade de mensagens: 500002
