Topic to send: test-topic
Topic to acks: 1
Records: 500000
Size: 500
Batch Size: 500

Metric Name                                                                          Value
app-info:commit-id:{client-id=producer-1}                                          : d12590634290dbc4
app-info:start-time-ms:{client-id=producer-1}                                      : 1618452738590
app-info:version:{client-id=producer-1}                                            : 2.3.1
kafka-metrics-count:count:{client-id=producer-1}                                   : 126.000
producer-metrics:batch-size-avg:{client-id=producer-1}                             : 576.000
producer-metrics:batch-size-max:{client-id=producer-1}                             : 576.000
producer-metrics:batch-split-rate:{client-id=producer-1}                           : 0.000
producer-metrics:batch-split-total:{client-id=producer-1}                          : 0.000
producer-metrics:buffer-available-bytes:{client-id=producer-1}                     : 33554432.000
producer-metrics:buffer-exhausted-rate:{client-id=producer-1}                      : 0.000
producer-metrics:buffer-exhausted-total:{client-id=producer-1}                     : 0.000
producer-metrics:buffer-total-bytes:{client-id=producer-1}                         : 33554432.000
producer-metrics:bufferpool-wait-ratio:{client-id=producer-1}                      : 0.000
producer-metrics:bufferpool-wait-time-total:{client-id=producer-1}                 : 0.000
producer-metrics:compression-rate-avg:{client-id=producer-1}                       : 1.000
producer-metrics:connection-close-rate:{client-id=producer-1}                      : 0.000
producer-metrics:connection-close-total:{client-id=producer-1}                     : 3.000
producer-metrics:connection-count:{client-id=producer-1}                           : 4.000
producer-metrics:connection-creation-rate:{client-id=producer-1}                   : 0.000
producer-metrics:connection-creation-total:{client-id=producer-1}                  : 7.000
producer-metrics:failed-authentication-rate:{client-id=producer-1}                 : 0.000
producer-metrics:failed-authentication-total:{client-id=producer-1}                : 0.000
producer-metrics:failed-reauthentication-rate:{client-id=producer-1}               : 0.000
producer-metrics:failed-reauthentication-total:{client-id=producer-1}              : 0.000
producer-metrics:incoming-byte-rate:{client-id=producer-1}                         : 89524.714
producer-metrics:incoming-byte-total:{client-id=producer-1}                        : 31002931.000
producer-metrics:io-ratio:{client-id=producer-1}                                   : 0.102
producer-metrics:io-time-ns-avg:{client-id=producer-1}                             : 23637.846
producer-metrics:io-wait-ratio:{client-id=producer-1}                              : 0.784
producer-metrics:io-wait-time-ns-avg:{client-id=producer-1}                        : 182308.528
producer-metrics:io-waittime-total:{client-id=producer-1}                          : 344751201856.000
producer-metrics:iotime-total:{client-id=producer-1}                               : 35789167919.000
producer-metrics:metadata-age:{client-id=producer-1}                               : 196.345
producer-metrics:network-io-rate:{client-id=producer-1}                            : 2887.772
producer-metrics:network-io-total:{client-id=producer-1}                           : 1000023.000
producer-metrics:outgoing-byte-rate:{client-id=producer-1}                         : 932862.008
producer-metrics:outgoing-byte-total:{client-id=producer-1}                        : 322890527.000
producer-metrics:produce-throttle-time-avg:{client-id=producer-1}                  : 0.000
producer-metrics:produce-throttle-time-max:{client-id=producer-1}                  : 0.000
producer-metrics:reauthentication-latency-avg:{client-id=producer-1}               : NaN
producer-metrics:reauthentication-latency-max:{client-id=producer-1}               : NaN
producer-metrics:record-error-rate:{client-id=producer-1}                          : 0.000
producer-metrics:record-error-total:{client-id=producer-1}                         : 0.000
producer-metrics:record-queue-time-avg:{client-id=producer-1}                      : 0.023
producer-metrics:record-queue-time-max:{client-id=producer-1}                      : 1.000
producer-metrics:record-retry-rate:{client-id=producer-1}                          : 0.000
producer-metrics:record-retry-total:{client-id=producer-1}                         : 2.000
producer-metrics:record-send-rate:{client-id=producer-1}                           : 1443.929
producer-metrics:record-send-total:{client-id=producer-1}                          : 500002.000
producer-metrics:record-size-avg:{client-id=producer-1}                            : 592.000
producer-metrics:record-size-max:{client-id=producer-1}                            : 592.000
producer-metrics:records-per-request-avg:{client-id=producer-1}                    : 1.000
producer-metrics:request-latency-avg:{client-id=producer-1}                        : 0.638
producer-metrics:request-latency-max:{client-id=producer-1}                        : 58.000
producer-metrics:request-rate:{client-id=producer-1}                               : 1443.929
producer-metrics:request-size-avg:{client-id=producer-1}                           : 646.000
producer-metrics:request-size-max:{client-id=producer-1}                           : 646.000
producer-metrics:request-total:{client-id=producer-1}                              : 500013.000
producer-metrics:requests-in-flight:{client-id=producer-1}                         : 0.000
producer-metrics:response-rate:{client-id=producer-1}                              : 1443.921
producer-metrics:response-total:{client-id=producer-1}                             : 500010.000
producer-metrics:select-rate:{client-id=producer-1}                                : 4298.308
producer-metrics:select-total:{client-id=producer-1}                               : 1491984.000
producer-metrics:successful-authentication-no-reauth-total:{client-id=producer-1}  : 0.000
producer-metrics:successful-authentication-rate:{client-id=producer-1}             : 0.000
producer-metrics:successful-authentication-total:{client-id=producer-1}            : 0.000
producer-metrics:successful-reauthentication-rate:{client-id=producer-1}           : 0.000
producer-metrics:successful-reauthentication-total:{client-id=producer-1}          : 0.000
producer-metrics:waiting-threads:{client-id=producer-1}                            : 0.000
producer-node-metrics:incoming-byte-rate:{client-id=producer-1, node-id=node--2}   : 0.000
producer-node-metrics:incoming-byte-rate:{client-id=producer-1, node-id=node-1}    : 29878.591
producer-node-metrics:incoming-byte-rate:{client-id=producer-1, node-id=node-2}    : 30052.204
producer-node-metrics:incoming-byte-rate:{client-id=producer-1, node-id=node-3}    : 29888.975
producer-node-metrics:incoming-byte-total:{client-id=producer-1, node-id=node--2}  : 585.000
producer-node-metrics:incoming-byte-total:{client-id=producer-1, node-id=node-1}   : 10342932.000
producer-node-metrics:incoming-byte-total:{client-id=producer-1, node-id=node-2}   : 10333117.000
producer-node-metrics:incoming-byte-total:{client-id=producer-1, node-id=node-3}   : 10326297.000
producer-node-metrics:outgoing-byte-rate:{client-id=producer-1, node-id=node--2}   : 0.000
producer-node-metrics:outgoing-byte-rate:{client-id=producer-1, node-id=node-1}    : 309773.050
producer-node-metrics:outgoing-byte-rate:{client-id=producer-1, node-id=node-2}    : 313255.025
producer-node-metrics:outgoing-byte-rate:{client-id=producer-1, node-id=node-3}    : 311446.237
producer-node-metrics:outgoing-byte-total:{client-id=producer-1, node-id=node--2}  : 67.000
producer-node-metrics:outgoing-byte-total:{client-id=producer-1, node-id=node-1}   : 107724193.000
producer-node-metrics:outgoing-byte-total:{client-id=producer-1, node-id=node-2}   : 107619161.000
producer-node-metrics:outgoing-byte-total:{client-id=producer-1, node-id=node-3}   : 107547106.000
producer-node-metrics:request-latency-avg:{client-id=producer-1, node-id=node--2}  : NaN
producer-node-metrics:request-latency-avg:{client-id=producer-1, node-id=node-1}   : 0.712
producer-node-metrics:request-latency-avg:{client-id=producer-1, node-id=node-2}   : 0.768
producer-node-metrics:request-latency-avg:{client-id=producer-1, node-id=node-3}   : 0.423
producer-node-metrics:request-latency-max:{client-id=producer-1, node-id=node--2}  : NaN
producer-node-metrics:request-latency-max:{client-id=producer-1, node-id=node-1}   : 17.000
producer-node-metrics:request-latency-max:{client-id=producer-1, node-id=node-2}   : 14.000
producer-node-metrics:request-latency-max:{client-id=producer-1, node-id=node-3}   : 58.000
producer-node-metrics:request-rate:{client-id=producer-1, node-id=node--2}         : 0.000
producer-node-metrics:request-rate:{client-id=producer-1, node-id=node-1}          : 479.499
producer-node-metrics:request-rate:{client-id=producer-1, node-id=node-2}          : 484.886
producer-node-metrics:request-rate:{client-id=producer-1, node-id=node-3}          : 482.080
producer-node-metrics:request-size-avg:{client-id=producer-1, node-id=node--2}     : NaN
producer-node-metrics:request-size-avg:{client-id=producer-1, node-id=node-1}      : 646.000
producer-node-metrics:request-size-avg:{client-id=producer-1, node-id=node-2}      : 646.000
producer-node-metrics:request-size-avg:{client-id=producer-1, node-id=node-3}      : 646.000
producer-node-metrics:request-size-max:{client-id=producer-1, node-id=node--2}     : NaN
producer-node-metrics:request-size-max:{client-id=producer-1, node-id=node-1}      : 646.000
producer-node-metrics:request-size-max:{client-id=producer-1, node-id=node-2}      : 646.000
producer-node-metrics:request-size-max:{client-id=producer-1, node-id=node-3}      : 646.000
producer-node-metrics:request-total:{client-id=producer-1, node-id=node--2}        : 2.000
producer-node-metrics:request-total:{client-id=producer-1, node-id=node-1}         : 166815.000
producer-node-metrics:request-total:{client-id=producer-1, node-id=node-2}         : 166653.000
producer-node-metrics:request-total:{client-id=producer-1, node-id=node-3}         : 166543.000
producer-node-metrics:response-rate:{client-id=producer-1, node-id=node--2}        : 0.000
producer-node-metrics:response-rate:{client-id=producer-1, node-id=node-1}         : 481.922
producer-node-metrics:response-rate:{client-id=producer-1, node-id=node-2}         : 484.723
producer-node-metrics:response-rate:{client-id=producer-1, node-id=node-3}         : 482.089
producer-node-metrics:response-total:{client-id=producer-1, node-id=node--2}       : 2.000
producer-node-metrics:response-total:{client-id=producer-1, node-id=node-1}        : 166814.000
producer-node-metrics:response-total:{client-id=producer-1, node-id=node-2}        : 166652.000
producer-node-metrics:response-total:{client-id=producer-1, node-id=node-3}        : 166542.000
producer-topic-metrics:byte-rate:{client-id=producer-1, topic=test-topic}          : 831703.112
producer-topic-metrics:byte-total:{client-id=producer-1, topic=test-topic}         : 287890047.000
producer-topic-metrics:compression-rate:{client-id=producer-1, topic=test-topic}   : 1.000
producer-topic-metrics:record-error-rate:{client-id=producer-1, topic=test-topic}  : 0.000
producer-topic-metrics:record-error-total:{client-id=producer-1, topic=test-topic} : 0.000
producer-topic-metrics:record-retry-rate:{client-id=producer-1, topic=test-topic}  : 0.000
producer-topic-metrics:record-retry-total:{client-id=producer-1, topic=test-topic} : 2.000
producer-topic-metrics:record-send-rate:{client-id=producer-1, topic=test-topic}   : 1443.929
producer-topic-metrics:record-send-total:{client-id=producer-1, topic=test-topic}  : 500002.000
Produce Time: 420.349
Aplication time: 421.05
Quantidade de mensagens: 500002
