Topic to send: test-topic
Topic to acks: -1
Records: 500000
Size: 500
Batch Size: 500

Metric Name                                                                          Value
app-info:commit-id:{client-id=producer-1}                                          : d12590634290dbc4
app-info:start-time-ms:{client-id=producer-1}                                      : 1614254495209
app-info:version:{client-id=producer-1}                                            : 2.3.1
kafka-metrics-count:count:{client-id=producer-1}                                   : 126.000
producer-metrics:batch-size-avg:{client-id=producer-1}                             : 576.000
producer-metrics:batch-size-max:{client-id=producer-1}                             : 576.000
producer-metrics:batch-split-rate:{client-id=producer-1}                           : 0.000
producer-metrics:batch-split-total:{client-id=producer-1}                          : 0.000
producer-metrics:buffer-available-bytes:{client-id=producer-1}                     : 33554432.000
producer-metrics:buffer-exhausted-rate:{client-id=producer-1}                      : 0.000
producer-metrics:buffer-exhausted-total:{client-id=producer-1}                     : 0.000
producer-metrics:buffer-total-bytes:{client-id=producer-1}                         : 33554432.000
producer-metrics:bufferpool-wait-ratio:{client-id=producer-1}                      : 0.000
producer-metrics:bufferpool-wait-time-total:{client-id=producer-1}                 : 0.000
producer-metrics:compression-rate-avg:{client-id=producer-1}                       : 1.000
producer-metrics:connection-close-rate:{client-id=producer-1}                      : 0.000
producer-metrics:connection-close-total:{client-id=producer-1}                     : 1.000
producer-metrics:connection-count:{client-id=producer-1}                           : 3.000
producer-metrics:connection-creation-rate:{client-id=producer-1}                   : 0.000
producer-metrics:connection-creation-total:{client-id=producer-1}                  : 4.000
producer-metrics:failed-authentication-rate:{client-id=producer-1}                 : 0.000
producer-metrics:failed-authentication-total:{client-id=producer-1}                : 0.000
producer-metrics:failed-reauthentication-rate:{client-id=producer-1}               : 0.000
producer-metrics:failed-reauthentication-total:{client-id=producer-1}              : 0.000
producer-metrics:incoming-byte-rate:{client-id=producer-1}                         : 834.352
producer-metrics:incoming-byte-total:{client-id=producer-1}                        : 31042207.000
producer-metrics:io-ratio:{client-id=producer-1}                                   : 0.002
producer-metrics:io-time-ns-avg:{client-id=producer-1}                             : 48714.636
producer-metrics:io-wait-ratio:{client-id=producer-1}                              : 1.001
producer-metrics:io-wait-time-ns-avg:{client-id=producer-1}                        : 24840974.817
producer-metrics:io-waittime-total:{client-id=producer-1}                          : 41999595768628.000
producer-metrics:iotime-total:{client-id=producer-1}                               : 73518185036.000
producer-metrics:metadata-age:{client-id=producer-1}                               : 214.814
producer-metrics:network-io-rate:{client-id=producer-1}                            : 26.881
producer-metrics:network-io-total:{client-id=producer-1}                           : 1000290.000
producer-metrics:outgoing-byte-rate:{client-id=producer-1}                         : 8674.101
producer-metrics:outgoing-byte-total:{client-id=producer-1}                        : 322895054.000
producer-metrics:produce-throttle-time-avg:{client-id=producer-1}                  : 0.000
producer-metrics:produce-throttle-time-max:{client-id=producer-1}                  : 0.000
producer-metrics:reauthentication-latency-avg:{client-id=producer-1}               : NaN
producer-metrics:reauthentication-latency-max:{client-id=producer-1}               : NaN
producer-metrics:record-error-rate:{client-id=producer-1}                          : 0.000
producer-metrics:record-error-total:{client-id=producer-1}                         : 0.000
producer-metrics:record-queue-time-avg:{client-id=producer-1}                      : 0.070
producer-metrics:record-queue-time-max:{client-id=producer-1}                      : 1.000
producer-metrics:record-retry-rate:{client-id=producer-1}                          : 0.000
producer-metrics:record-retry-total:{client-id=producer-1}                         : 0.000
producer-metrics:record-send-rate:{client-id=producer-1}                           : 13.425
producer-metrics:record-send-total:{client-id=producer-1}                          : 500000.000
producer-metrics:record-size-avg:{client-id=producer-1}                            : 592.000
producer-metrics:record-size-max:{client-id=producer-1}                            : 592.000
producer-metrics:records-per-request-avg:{client-id=producer-1}                    : 1.000
producer-metrics:request-latency-avg:{client-id=producer-1}                        : 74.592
producer-metrics:request-latency-max:{client-id=producer-1}                        : 642.000
producer-metrics:request-rate:{client-id=producer-1}                               : 13.425
producer-metrics:request-size-avg:{client-id=producer-1}                           : 646.000
producer-metrics:request-size-max:{client-id=producer-1}                           : 646.000
producer-metrics:request-total:{client-id=producer-1}                              : 500145.000
producer-metrics:requests-in-flight:{client-id=producer-1}                         : 0.000
producer-metrics:response-rate:{client-id=producer-1}                              : 13.457
producer-metrics:response-total:{client-id=producer-1}                             : 500145.000
producer-metrics:select-rate:{client-id=producer-1}                                : 40.308
producer-metrics:select-total:{client-id=producer-1}                               : 1500216.000
producer-metrics:successful-authentication-no-reauth-total:{client-id=producer-1}  : 0.000
producer-metrics:successful-authentication-rate:{client-id=producer-1}             : 0.000
producer-metrics:successful-authentication-total:{client-id=producer-1}            : 0.000
producer-metrics:successful-reauthentication-rate:{client-id=producer-1}           : 0.000
producer-metrics:successful-reauthentication-total:{client-id=producer-1}          : 0.000
producer-metrics:waiting-threads:{client-id=producer-1}                            : 0.000
producer-node-metrics:incoming-byte-rate:{client-id=producer-1, node-id=node--2}   : 0.000
producer-node-metrics:incoming-byte-rate:{client-id=producer-1, node-id=node-1}    : 251.936
producer-node-metrics:incoming-byte-rate:{client-id=producer-1, node-id=node-2}    : 287.496
producer-node-metrics:incoming-byte-rate:{client-id=producer-1, node-id=node-3}    : 279.274
producer-node-metrics:incoming-byte-total:{client-id=producer-1, node-id=node--2}  : 585.000
producer-node-metrics:incoming-byte-total:{client-id=producer-1, node-id=node-1}   : 10336770.000
producer-node-metrics:incoming-byte-total:{client-id=producer-1, node-id=node-2}   : 10355151.000
producer-node-metrics:incoming-byte-total:{client-id=producer-1, node-id=node-3}   : 10349701.000
producer-node-metrics:outgoing-byte-rate:{client-id=producer-1, node-id=node--2}   : 0.000
producer-node-metrics:outgoing-byte-rate:{client-id=producer-1, node-id=node-1}    : 2667.764
producer-node-metrics:outgoing-byte-rate:{client-id=producer-1, node-id=node-2}    : 2971.886
producer-node-metrics:outgoing-byte-rate:{client-id=producer-1, node-id=node-3}    : 3026.494
producer-node-metrics:outgoing-byte-total:{client-id=producer-1, node-id=node--2}  : 67.000
producer-node-metrics:outgoing-byte-total:{client-id=producer-1, node-id=node-1}   : 107548630.000
producer-node-metrics:outgoing-byte-total:{client-id=producer-1, node-id=node-2}   : 107725372.000
producer-node-metrics:outgoing-byte-total:{client-id=producer-1, node-id=node-3}   : 107620985.000
producer-node-metrics:request-latency-avg:{client-id=producer-1, node-id=node--2}  : NaN
producer-node-metrics:request-latency-avg:{client-id=producer-1, node-id=node-1}   : 75.107
producer-node-metrics:request-latency-avg:{client-id=producer-1, node-id=node-2}   : 77.742
producer-node-metrics:request-latency-avg:{client-id=producer-1, node-id=node-3}   : 72.470
producer-node-metrics:request-latency-max:{client-id=producer-1, node-id=node--2}  : NaN
producer-node-metrics:request-latency-max:{client-id=producer-1, node-id=node-1}   : 642.000
producer-node-metrics:request-latency-max:{client-id=producer-1, node-id=node-2}   : 496.000
producer-node-metrics:request-latency-max:{client-id=producer-1, node-id=node-3}   : 567.000
producer-node-metrics:request-rate:{client-id=producer-1, node-id=node--2}         : 0.000
producer-node-metrics:request-rate:{client-id=producer-1, node-id=node-1}          : 4.129
producer-node-metrics:request-rate:{client-id=producer-1, node-id=node-2}          : 4.600
producer-node-metrics:request-rate:{client-id=producer-1, node-id=node-3}          : 4.684
producer-node-metrics:request-size-avg:{client-id=producer-1, node-id=node--2}     : NaN
producer-node-metrics:request-size-avg:{client-id=producer-1, node-id=node-1}      : 646.000
producer-node-metrics:request-size-avg:{client-id=producer-1, node-id=node-2}      : 646.000
producer-node-metrics:request-size-avg:{client-id=producer-1, node-id=node-3}      : 646.000
producer-node-metrics:request-size-max:{client-id=producer-1, node-id=node--2}     : NaN
producer-node-metrics:request-size-max:{client-id=producer-1, node-id=node-1}      : 646.000
producer-node-metrics:request-size-max:{client-id=producer-1, node-id=node-2}      : 646.000
producer-node-metrics:request-size-max:{client-id=producer-1, node-id=node-3}      : 646.000
producer-node-metrics:request-total:{client-id=producer-1, node-id=node--2}        : 2.000
producer-node-metrics:request-total:{client-id=producer-1, node-id=node-1}         : 166578.000
producer-node-metrics:request-total:{client-id=producer-1, node-id=node-2}         : 166856.000
producer-node-metrics:request-total:{client-id=producer-1, node-id=node-3}         : 166709.000
producer-node-metrics:response-rate:{client-id=producer-1, node-id=node--2}        : 0.000
producer-node-metrics:response-rate:{client-id=producer-1, node-id=node-1}         : 4.063
producer-node-metrics:response-rate:{client-id=producer-1, node-id=node-2}         : 4.637
producer-node-metrics:response-rate:{client-id=producer-1, node-id=node-3}         : 4.505
producer-node-metrics:response-total:{client-id=producer-1, node-id=node--2}       : 2.000
producer-node-metrics:response-total:{client-id=producer-1, node-id=node-1}        : 166578.000
producer-node-metrics:response-total:{client-id=producer-1, node-id=node-2}        : 166856.000
producer-node-metrics:response-total:{client-id=producer-1, node-id=node-3}        : 166709.000
producer-topic-metrics:byte-rate:{client-id=producer-1, topic=test-topic}          : 7732.926
producer-topic-metrics:byte-total:{client-id=producer-1, topic=test-topic}         : 287888895.000
producer-topic-metrics:compression-rate:{client-id=producer-1, topic=test-topic}   : 1.000
producer-topic-metrics:record-error-rate:{client-id=producer-1, topic=test-topic}  : 0.000
producer-topic-metrics:record-error-total:{client-id=producer-1, topic=test-topic} : 0.000
producer-topic-metrics:record-retry-rate:{client-id=producer-1, topic=test-topic}  : 0.000
producer-topic-metrics:record-retry-total:{client-id=producer-1, topic=test-topic} : 0.000
producer-topic-metrics:record-send-rate:{client-id=producer-1, topic=test-topic}   : 13.425
producer-topic-metrics:record-send-total:{client-id=producer-1, topic=test-topic}  : 500000.000
Produce Time: 42158.047
Aplication time: 42158.625
Quantidade de mensagens: 500000
