Topic to send: test-topic
Topic to acks: -2
Records: 500000
Size: 500
Batch Size: 500

Metric Name                                                                          Value
app-info:commit-id:{client-id=producer-1}                                          : d12590634290dbc4
app-info:start-time-ms:{client-id=producer-1}                                      : 1612894456811
app-info:version:{client-id=producer-1}                                            : 2.3.1
kafka-metrics-count:count:{client-id=producer-1}                                   : 126.000
producer-metrics:batch-size-avg:{client-id=producer-1}                             : 576.000
producer-metrics:batch-size-max:{client-id=producer-1}                             : 576.000
producer-metrics:batch-split-rate:{client-id=producer-1}                           : 0.000
producer-metrics:batch-split-total:{client-id=producer-1}                          : 0.000
producer-metrics:buffer-available-bytes:{client-id=producer-1}                     : 33554432.000
producer-metrics:buffer-exhausted-rate:{client-id=producer-1}                      : 0.000
producer-metrics:buffer-exhausted-total:{client-id=producer-1}                     : 0.000
producer-metrics:buffer-total-bytes:{client-id=producer-1}                         : 33554432.000
producer-metrics:bufferpool-wait-ratio:{client-id=producer-1}                      : 0.000
producer-metrics:bufferpool-wait-time-total:{client-id=producer-1}                 : 0.000
producer-metrics:compression-rate-avg:{client-id=producer-1}                       : 1.000
producer-metrics:connection-close-rate:{client-id=producer-1}                      : 0.021
producer-metrics:connection-close-total:{client-id=producer-1}                     : 5.000
producer-metrics:connection-count:{client-id=producer-1}                           : 3.000
producer-metrics:connection-creation-rate:{client-id=producer-1}                   : 0.021
producer-metrics:connection-creation-total:{client-id=producer-1}                  : 8.000
producer-metrics:failed-authentication-rate:{client-id=producer-1}                 : 0.000
producer-metrics:failed-authentication-total:{client-id=producer-1}                : 0.000
producer-metrics:failed-reauthentication-rate:{client-id=producer-1}               : 0.000
producer-metrics:failed-reauthentication-total:{client-id=producer-1}              : 0.000
producer-metrics:incoming-byte-rate:{client-id=producer-1}                         : 12.218
producer-metrics:incoming-byte-total:{client-id=producer-1}                        : 6135.000
producer-metrics:io-ratio:{client-id=producer-1}                                   : 0.003
producer-metrics:io-time-ns-avg:{client-id=producer-1}                             : 8310.273
producer-metrics:io-wait-ratio:{client-id=producer-1}                              : 0.990
producer-metrics:io-wait-time-ns-avg:{client-id=producer-1}                        : 3284834.973
producer-metrics:io-waittime-total:{client-id=producer-1}                          : 2711650630168.000
producer-metrics:iotime-total:{client-id=producer-1}                               : 7956594930.000
producer-metrics:metadata-age:{client-id=producer-1}                               : 36.756
producer-metrics:network-io-rate:{client-id=producer-1}                            : 150.059
producer-metrics:network-io-total:{client-id=producer-1}                           : 500042.000
producer-metrics:outgoing-byte-rate:{client-id=producer-1}                         : 98405.598
producer-metrics:outgoing-byte-total:{client-id=producer-1}                        : 327889646.000
producer-metrics:produce-throttle-time-avg:{client-id=producer-1}                  : 0.000
producer-metrics:produce-throttle-time-max:{client-id=producer-1}                  : 0.000
producer-metrics:reauthentication-latency-avg:{client-id=producer-1}               : NaN
producer-metrics:reauthentication-latency-max:{client-id=producer-1}               : NaN
producer-metrics:record-error-rate:{client-id=producer-1}                          : 0.000
producer-metrics:record-error-total:{client-id=producer-1}                         : 0.000
producer-metrics:record-queue-time-avg:{client-id=producer-1}                      : 0.392
producer-metrics:record-queue-time-max:{client-id=producer-1}                      : 3265.000
producer-metrics:record-retry-rate:{client-id=producer-1}                          : 0.021
producer-metrics:record-retry-total:{client-id=producer-1}                         : 3.000
producer-metrics:record-send-rate:{client-id=producer-1}                           : 149.997
producer-metrics:record-send-total:{client-id=producer-1}                          : 500003.000
producer-metrics:record-size-avg:{client-id=producer-1}                            : 592.000
producer-metrics:record-size-max:{client-id=producer-1}                            : 592.000
producer-metrics:records-per-request-avg:{client-id=producer-1}                    : 1.000
producer-metrics:request-latency-avg:{client-id=producer-1}                        : NaN
producer-metrics:request-latency-max:{client-id=producer-1}                        : NaN
producer-metrics:request-rate:{client-id=producer-1}                               : 150.028
producer-metrics:request-size-avg:{client-id=producer-1}                           : 655.859
producer-metrics:request-size-max:{client-id=producer-1}                           : 656.000
producer-metrics:request-total:{client-id=producer-1}                              : 500021.000
producer-metrics:requests-in-flight:{client-id=producer-1}                         : 0.000
producer-metrics:response-rate:{client-id=producer-1}                              : 0.042
producer-metrics:response-total:{client-id=producer-1}                             : 21.000
producer-metrics:select-rate:{client-id=producer-1}                                : 301.325
producer-metrics:select-total:{client-id=producer-1}                               : 1003915.000
producer-metrics:successful-authentication-no-reauth-total:{client-id=producer-1}  : 0.000
producer-metrics:successful-authentication-rate:{client-id=producer-1}             : 0.000
producer-metrics:successful-authentication-total:{client-id=producer-1}            : 0.000
producer-metrics:successful-reauthentication-rate:{client-id=producer-1}           : 0.000
producer-metrics:successful-reauthentication-total:{client-id=producer-1}          : 0.000
producer-metrics:waiting-threads:{client-id=producer-1}                            : 0.000
producer-node-metrics:incoming-byte-rate:{client-id=producer-1, node-id=node--3}   : 0.000
producer-node-metrics:incoming-byte-rate:{client-id=producer-1, node-id=node-1}    : 6.140
producer-node-metrics:incoming-byte-rate:{client-id=producer-1, node-id=node-2}    : 7.917
producer-node-metrics:incoming-byte-rate:{client-id=producer-1, node-id=node-3}    : 0.000
producer-node-metrics:incoming-byte-total:{client-id=producer-1, node-id=node--3}  : 585.000
producer-node-metrics:incoming-byte-total:{client-id=producer-1, node-id=node-1}   : 2046.000
producer-node-metrics:incoming-byte-total:{client-id=producer-1, node-id=node-2}   : 1752.000
producer-node-metrics:incoming-byte-total:{client-id=producer-1, node-id=node-3}   : 1752.000
producer-node-metrics:outgoing-byte-rate:{client-id=producer-1, node-id=node--3}   : 0.000
producer-node-metrics:outgoing-byte-rate:{client-id=producer-1, node-id=node-1}    : 31637.161
producer-node-metrics:outgoing-byte-rate:{client-id=producer-1, node-id=node-2}    : 33066.056
producer-node-metrics:outgoing-byte-rate:{client-id=producer-1, node-id=node-3}    : 33699.623
producer-node-metrics:outgoing-byte-total:{client-id=producer-1, node-id=node--3}  : 67.000
producer-node-metrics:outgoing-byte-total:{client-id=producer-1, node-id=node-1}   : 109391863.000
producer-node-metrics:outgoing-byte-total:{client-id=producer-1, node-id=node-2}   : 109285134.000
producer-node-metrics:outgoing-byte-total:{client-id=producer-1, node-id=node-3}   : 109212582.000
producer-node-metrics:request-latency-avg:{client-id=producer-1, node-id=node--3}  : NaN
producer-node-metrics:request-latency-avg:{client-id=producer-1, node-id=node-1}   : NaN
producer-node-metrics:request-latency-avg:{client-id=producer-1, node-id=node-2}   : NaN
producer-node-metrics:request-latency-avg:{client-id=producer-1, node-id=node-3}   : NaN
producer-node-metrics:request-latency-max:{client-id=producer-1, node-id=node--3}  : NaN
producer-node-metrics:request-latency-max:{client-id=producer-1, node-id=node-1}   : NaN
producer-node-metrics:request-latency-max:{client-id=producer-1, node-id=node-2}   : NaN
producer-node-metrics:request-latency-max:{client-id=producer-1, node-id=node-3}   : NaN
producer-node-metrics:request-rate:{client-id=producer-1, node-id=node--3}         : 0.000
producer-node-metrics:request-rate:{client-id=producer-1, node-id=node-1}          : 48.242
producer-node-metrics:request-rate:{client-id=producer-1, node-id=node-2}          : 50.420
producer-node-metrics:request-rate:{client-id=producer-1, node-id=node-3}          : 51.369
producer-node-metrics:request-size-avg:{client-id=producer-1, node-id=node--3}     : NaN
producer-node-metrics:request-size-avg:{client-id=producer-1, node-id=node-1}      : 655.777
producer-node-metrics:request-size-avg:{client-id=producer-1, node-id=node-2}      : 655.793
producer-node-metrics:request-size-avg:{client-id=producer-1, node-id=node-3}      : 656.000
producer-node-metrics:request-size-max:{client-id=producer-1, node-id=node--3}     : NaN
producer-node-metrics:request-size-max:{client-id=producer-1, node-id=node-1}      : 656.000
producer-node-metrics:request-size-max:{client-id=producer-1, node-id=node-2}      : 656.000
producer-node-metrics:request-size-max:{client-id=producer-1, node-id=node-3}      : 656.000
producer-node-metrics:request-total:{client-id=producer-1, node-id=node--3}        : 2.000
producer-node-metrics:request-total:{client-id=producer-1, node-id=node-1}         : 166819.000
producer-node-metrics:request-total:{client-id=producer-1, node-id=node-2}         : 166655.000
producer-node-metrics:request-total:{client-id=producer-1, node-id=node-3}         : 166545.000
producer-node-metrics:response-rate:{client-id=producer-1, node-id=node--3}        : 0.000
producer-node-metrics:response-rate:{client-id=producer-1, node-id=node-1}         : 0.021
producer-node-metrics:response-rate:{client-id=producer-1, node-id=node-2}         : 0.027
producer-node-metrics:response-rate:{client-id=producer-1, node-id=node-3}         : 0.000
producer-node-metrics:response-total:{client-id=producer-1, node-id=node--3}       : 2.000
producer-node-metrics:response-total:{client-id=producer-1, node-id=node-1}        : 7.000
producer-node-metrics:response-total:{client-id=producer-1, node-id=node-2}        : 6.000
producer-node-metrics:response-total:{client-id=producer-1, node-id=node-3}        : 6.000
producer-topic-metrics:byte-rate:{client-id=producer-1, topic=test-topic}          : 86396.574
producer-topic-metrics:byte-total:{client-id=producer-1, topic=test-topic}         : 287890623.000
producer-topic-metrics:compression-rate:{client-id=producer-1, topic=test-topic}   : 1.000
producer-topic-metrics:record-error-rate:{client-id=producer-1, topic=test-topic}  : 0.000
producer-topic-metrics:record-error-total:{client-id=producer-1, topic=test-topic} : 0.000
producer-topic-metrics:record-retry-rate:{client-id=producer-1, topic=test-topic}  : 0.021
producer-topic-metrics:record-retry-total:{client-id=producer-1, topic=test-topic} : 3.000
producer-topic-metrics:record-send-rate:{client-id=producer-1, topic=test-topic}   : 149.997
producer-topic-metrics:record-send-total:{client-id=producer-1, topic=test-topic}  : 500003.000
Produce Time: 2744.775
Aplication time: 2745.502
Quantidade de mensagens: 500000
