Topic to send: test-topic
Topic to acks: -1
Records: 500000
Size: 500
Batch Size: 500

Metric Name                                                                          Value
app-info:commit-id:{client-id=producer-1}                                          : d12590634290dbc4
app-info:start-time-ms:{client-id=producer-1}                                      : 1614860815367
app-info:version:{client-id=producer-1}                                            : 2.3.1
kafka-metrics-count:count:{client-id=producer-1}                                   : 126.000
producer-metrics:batch-size-avg:{client-id=producer-1}                             : 576.000
producer-metrics:batch-size-max:{client-id=producer-1}                             : 576.000
producer-metrics:batch-split-rate:{client-id=producer-1}                           : 0.000
producer-metrics:batch-split-total:{client-id=producer-1}                          : 0.000
producer-metrics:buffer-available-bytes:{client-id=producer-1}                     : 33554432.000
producer-metrics:buffer-exhausted-rate:{client-id=producer-1}                      : 0.000
producer-metrics:buffer-exhausted-total:{client-id=producer-1}                     : 0.000
producer-metrics:buffer-total-bytes:{client-id=producer-1}                         : 33554432.000
producer-metrics:bufferpool-wait-ratio:{client-id=producer-1}                      : 0.000
producer-metrics:bufferpool-wait-time-total:{client-id=producer-1}                 : 0.000
producer-metrics:compression-rate-avg:{client-id=producer-1}                       : 1.000
producer-metrics:connection-close-rate:{client-id=producer-1}                      : 0.000
producer-metrics:connection-close-total:{client-id=producer-1}                     : 1.000
producer-metrics:connection-count:{client-id=producer-1}                           : 3.000
producer-metrics:connection-creation-rate:{client-id=producer-1}                   : 0.000
producer-metrics:connection-creation-total:{client-id=producer-1}                  : 4.000
producer-metrics:failed-authentication-rate:{client-id=producer-1}                 : 0.000
producer-metrics:failed-authentication-total:{client-id=producer-1}                : 0.000
producer-metrics:failed-reauthentication-rate:{client-id=producer-1}               : 0.000
producer-metrics:failed-reauthentication-total:{client-id=producer-1}              : 0.000
producer-metrics:incoming-byte-rate:{client-id=producer-1}                         : 794.658
producer-metrics:incoming-byte-total:{client-id=producer-1}                        : 31042498.000
producer-metrics:io-ratio:{client-id=producer-1}                                   : 0.002
producer-metrics:io-time-ns-avg:{client-id=producer-1}                             : 40558.261
producer-metrics:io-wait-ratio:{client-id=producer-1}                              : 1.001
producer-metrics:io-wait-time-ns-avg:{client-id=producer-1}                        : 26078811.080
producer-metrics:io-waittime-total:{client-id=producer-1}                          : 42186837785626.000
producer-metrics:iotime-total:{client-id=producer-1}                               : 54150231360.000
producer-metrics:metadata-age:{client-id=producer-1}                               : 64.578
producer-metrics:network-io-rate:{client-id=producer-1}                            : 25.616
producer-metrics:network-io-total:{client-id=producer-1}                           : 1000292.000
producer-metrics:outgoing-byte-rate:{client-id=producer-1}                         : 8269.264
producer-metrics:outgoing-byte-total:{client-id=producer-1}                        : 322895097.000
producer-metrics:produce-throttle-time-avg:{client-id=producer-1}                  : 0.000
producer-metrics:produce-throttle-time-max:{client-id=producer-1}                  : 0.000
producer-metrics:reauthentication-latency-avg:{client-id=producer-1}               : NaN
producer-metrics:reauthentication-latency-max:{client-id=producer-1}               : NaN
producer-metrics:record-error-rate:{client-id=producer-1}                          : 0.000
producer-metrics:record-error-total:{client-id=producer-1}                         : 0.000
producer-metrics:record-queue-time-avg:{client-id=producer-1}                      : 0.157
producer-metrics:record-queue-time-max:{client-id=producer-1}                      : 1.000
producer-metrics:record-retry-rate:{client-id=producer-1}                          : 0.000
producer-metrics:record-retry-total:{client-id=producer-1}                         : 0.000
producer-metrics:record-send-rate:{client-id=producer-1}                           : 12.800
producer-metrics:record-send-total:{client-id=producer-1}                          : 500000.000
producer-metrics:record-size-avg:{client-id=producer-1}                            : 592.000
producer-metrics:record-size-max:{client-id=producer-1}                            : 592.000
producer-metrics:records-per-request-avg:{client-id=producer-1}                    : 1.000
producer-metrics:request-latency-avg:{client-id=producer-1}                        : 78.087
producer-metrics:request-latency-max:{client-id=producer-1}                        : 689.000
producer-metrics:request-rate:{client-id=producer-1}                               : 12.799
producer-metrics:request-size-avg:{client-id=producer-1}                           : 646.000
producer-metrics:request-size-max:{client-id=producer-1}                           : 646.000
producer-metrics:request-total:{client-id=producer-1}                              : 500146.000
producer-metrics:requests-in-flight:{client-id=producer-1}                         : 0.000
producer-metrics:response-rate:{client-id=producer-1}                              : 12.817
producer-metrics:response-total:{client-id=producer-1}                             : 500146.000
producer-metrics:select-rate:{client-id=producer-1}                                : 38.380
producer-metrics:select-total:{client-id=producer-1}                               : 1500182.000
producer-metrics:successful-authentication-no-reauth-total:{client-id=producer-1}  : 0.000
producer-metrics:successful-authentication-rate:{client-id=producer-1}             : 0.000
producer-metrics:successful-authentication-total:{client-id=producer-1}            : 0.000
producer-metrics:successful-reauthentication-rate:{client-id=producer-1}           : 0.000
producer-metrics:successful-reauthentication-total:{client-id=producer-1}          : 0.000
producer-metrics:waiting-threads:{client-id=producer-1}                            : 0.000
producer-node-metrics:incoming-byte-rate:{client-id=producer-1, node-id=node--3}   : 0.000
producer-node-metrics:incoming-byte-rate:{client-id=producer-1, node-id=node-1}    : 279.950
producer-node-metrics:incoming-byte-rate:{client-id=producer-1, node-id=node-2}    : 258.927
producer-node-metrics:incoming-byte-rate:{client-id=producer-1, node-id=node-3}    : 278.339
producer-node-metrics:incoming-byte-total:{client-id=producer-1, node-id=node--3}  : 585.000
producer-node-metrics:incoming-byte-total:{client-id=producer-1, node-id=node-1}   : 10345045.000
producer-node-metrics:incoming-byte-total:{client-id=producer-1, node-id=node-2}   : 10338225.000
producer-node-metrics:incoming-byte-total:{client-id=producer-1, node-id=node-3}   : 10358643.000
producer-node-metrics:outgoing-byte-rate:{client-id=producer-1, node-id=node--3}   : 0.000
producer-node-metrics:outgoing-byte-rate:{client-id=producer-1, node-id=node-1}    : 2734.815
producer-node-metrics:outgoing-byte-rate:{client-id=producer-1, node-id=node-2}    : 1152.571
producer-node-metrics:outgoing-byte-rate:{client-id=producer-1, node-id=node-3}    : 2688.410
producer-node-metrics:outgoing-byte-total:{client-id=producer-1, node-id=node--3}  : 67.000
producer-node-metrics:outgoing-byte-total:{client-id=producer-1, node-id=node-1}   : 107620297.000
producer-node-metrics:outgoing-byte-total:{client-id=producer-1, node-id=node-2}   : 107548845.000
producer-node-metrics:outgoing-byte-total:{client-id=producer-1, node-id=node-3}   : 107725888.000
producer-node-metrics:request-latency-avg:{client-id=producer-1, node-id=node--3}  : NaN
producer-node-metrics:request-latency-avg:{client-id=producer-1, node-id=node-1}   : 83.538
producer-node-metrics:request-latency-avg:{client-id=producer-1, node-id=node-2}   : 87.131
producer-node-metrics:request-latency-avg:{client-id=producer-1, node-id=node-3}   : 67.025
producer-node-metrics:request-latency-max:{client-id=producer-1, node-id=node--3}  : NaN
producer-node-metrics:request-latency-max:{client-id=producer-1, node-id=node-1}   : 657.000
producer-node-metrics:request-latency-max:{client-id=producer-1, node-id=node-2}   : 689.000
producer-node-metrics:request-latency-max:{client-id=producer-1, node-id=node-3}   : 491.000
producer-node-metrics:request-rate:{client-id=producer-1, node-id=node--3}         : 0.000
producer-node-metrics:request-rate:{client-id=producer-1, node-id=node-1}          : 4.233
producer-node-metrics:request-rate:{client-id=producer-1, node-id=node-2}          : 1.784
producer-node-metrics:request-rate:{client-id=producer-1, node-id=node-3}          : 4.161
producer-node-metrics:request-size-avg:{client-id=producer-1, node-id=node--3}     : NaN
producer-node-metrics:request-size-avg:{client-id=producer-1, node-id=node-1}      : 646.000
producer-node-metrics:request-size-avg:{client-id=producer-1, node-id=node-2}      : 646.000
producer-node-metrics:request-size-avg:{client-id=producer-1, node-id=node-3}      : 646.000
producer-node-metrics:request-size-max:{client-id=producer-1, node-id=node--3}     : NaN
producer-node-metrics:request-size-max:{client-id=producer-1, node-id=node-1}      : 646.000
producer-node-metrics:request-size-max:{client-id=producer-1, node-id=node-2}      : 646.000
producer-node-metrics:request-size-max:{client-id=producer-1, node-id=node-3}      : 646.000
producer-node-metrics:request-total:{client-id=producer-1, node-id=node--3}        : 2.000
producer-node-metrics:request-total:{client-id=producer-1, node-id=node-1}         : 166693.000
producer-node-metrics:request-total:{client-id=producer-1, node-id=node-2}         : 166583.000
producer-node-metrics:request-total:{client-id=producer-1, node-id=node-3}         : 166868.000
producer-node-metrics:response-rate:{client-id=producer-1, node-id=node--3}        : 0.000
producer-node-metrics:response-rate:{client-id=producer-1, node-id=node-1}         : 4.515
producer-node-metrics:response-rate:{client-id=producer-1, node-id=node-2}         : 4.176
producer-node-metrics:response-rate:{client-id=producer-1, node-id=node-3}         : 4.489
producer-node-metrics:response-total:{client-id=producer-1, node-id=node--3}       : 2.000
producer-node-metrics:response-total:{client-id=producer-1, node-id=node-1}        : 166693.000
producer-node-metrics:response-total:{client-id=producer-1, node-id=node-2}        : 166583.000
producer-node-metrics:response-total:{client-id=producer-1, node-id=node-3}        : 166868.000
producer-topic-metrics:byte-rate:{client-id=producer-1, topic=test-topic}          : 7372.552
producer-topic-metrics:byte-total:{client-id=producer-1, topic=test-topic}         : 287888895.000
producer-topic-metrics:compression-rate:{client-id=producer-1, topic=test-topic}   : 1.000
producer-topic-metrics:record-error-rate:{client-id=producer-1, topic=test-topic}  : 0.000
producer-topic-metrics:record-error-total:{client-id=producer-1, topic=test-topic} : 0.000
producer-topic-metrics:record-retry-rate:{client-id=producer-1, topic=test-topic}  : 0.000
producer-topic-metrics:record-retry-total:{client-id=producer-1, topic=test-topic} : 0.000
producer-topic-metrics:record-send-rate:{client-id=producer-1, topic=test-topic}   : 12.800
producer-topic-metrics:record-send-total:{client-id=producer-1, topic=test-topic}  : 500000.000
Produce Time: 42306.46
Aplication time: 42307.16
Quantidade de mensagens: 500000
