Topic to send: test-topic
Topic to acks: -2
Records: 500000
Size: 500
Batch Size: 500

Metric Name                                                                          Value
app-info:commit-id:{client-id=producer-1}                                          : d12590634290dbc4
app-info:start-time-ms:{client-id=producer-1}                                      : 1612823839622
app-info:version:{client-id=producer-1}                                            : 2.3.1
kafka-metrics-count:count:{client-id=producer-1}                                   : 126.000
producer-metrics:batch-size-avg:{client-id=producer-1}                             : 576.000
producer-metrics:batch-size-max:{client-id=producer-1}                             : 576.000
producer-metrics:batch-split-rate:{client-id=producer-1}                           : 0.000
producer-metrics:batch-split-total:{client-id=producer-1}                          : 0.000
producer-metrics:buffer-available-bytes:{client-id=producer-1}                     : 33554432.000
producer-metrics:buffer-exhausted-rate:{client-id=producer-1}                      : 0.000
producer-metrics:buffer-exhausted-total:{client-id=producer-1}                     : 0.000
producer-metrics:buffer-total-bytes:{client-id=producer-1}                         : 33554432.000
producer-metrics:bufferpool-wait-ratio:{client-id=producer-1}                      : 0.000
producer-metrics:bufferpool-wait-time-total:{client-id=producer-1}                 : 0.000
producer-metrics:compression-rate-avg:{client-id=producer-1}                       : 1.000
producer-metrics:connection-close-rate:{client-id=producer-1}                      : 0.000
producer-metrics:connection-close-total:{client-id=producer-1}                     : 8.000
producer-metrics:connection-count:{client-id=producer-1}                           : 3.000
producer-metrics:connection-creation-rate:{client-id=producer-1}                   : 0.000
producer-metrics:connection-creation-total:{client-id=producer-1}                  : 11.000
producer-metrics:failed-authentication-rate:{client-id=producer-1}                 : 0.000
producer-metrics:failed-authentication-total:{client-id=producer-1}                : 0.000
producer-metrics:failed-reauthentication-rate:{client-id=producer-1}               : 0.000
producer-metrics:failed-reauthentication-total:{client-id=producer-1}              : 0.000
producer-metrics:incoming-byte-rate:{client-id=producer-1}                         : 0.000
producer-metrics:incoming-byte-total:{client-id=producer-1}                        : 7599.000
producer-metrics:io-ratio:{client-id=producer-1}                                   : 0.002
producer-metrics:io-time-ns-avg:{client-id=producer-1}                             : 6864.749
producer-metrics:io-wait-ratio:{client-id=producer-1}                              : 1.117
producer-metrics:io-wait-time-ns-avg:{client-id=producer-1}                        : 3093565.888
producer-metrics:io-waittime-total:{client-id=producer-1}                          : 2808295858161.000
producer-metrics:iotime-total:{client-id=producer-1}                               : 7055979686.000
producer-metrics:metadata-age:{client-id=producer-1}                               : 224.184
producer-metrics:network-io-rate:{client-id=producer-1}                            : 180.172
producer-metrics:network-io-total:{client-id=producer-1}                           : 500052.000
producer-metrics:outgoing-byte-rate:{client-id=producer-1}                         : 118209.449
producer-metrics:outgoing-byte-total:{client-id=producer-1}                        : 327889804.000
producer-metrics:produce-throttle-time-avg:{client-id=producer-1}                  : NaN
producer-metrics:produce-throttle-time-max:{client-id=producer-1}                  : NaN
producer-metrics:reauthentication-latency-avg:{client-id=producer-1}               : NaN
producer-metrics:reauthentication-latency-max:{client-id=producer-1}               : NaN
producer-metrics:record-error-rate:{client-id=producer-1}                          : 0.000
producer-metrics:record-error-total:{client-id=producer-1}                         : 0.000
producer-metrics:record-queue-time-avg:{client-id=producer-1}                      : 0.020
producer-metrics:record-queue-time-max:{client-id=producer-1}                      : 1.000
producer-metrics:record-retry-rate:{client-id=producer-1}                          : 0.000
producer-metrics:record-retry-total:{client-id=producer-1}                         : 5.000
producer-metrics:record-send-rate:{client-id=producer-1}                           : 180.157
producer-metrics:record-send-total:{client-id=producer-1}                          : 500005.000
producer-metrics:record-size-avg:{client-id=producer-1}                            : 592.000
producer-metrics:record-size-max:{client-id=producer-1}                            : 592.000
producer-metrics:records-per-request-avg:{client-id=producer-1}                    : 1.000
producer-metrics:request-latency-avg:{client-id=producer-1}                        : NaN
producer-metrics:request-latency-max:{client-id=producer-1}                        : NaN
producer-metrics:request-rate:{client-id=producer-1}                               : 180.176
producer-metrics:request-size-avg:{client-id=producer-1}                           : 656.000
producer-metrics:request-size-max:{client-id=producer-1}                           : 656.000
producer-metrics:request-total:{client-id=producer-1}                              : 500026.000
producer-metrics:requests-in-flight:{client-id=producer-1}                         : 0.000
producer-metrics:response-rate:{client-id=producer-1}                              : 0.000
producer-metrics:response-total:{client-id=producer-1}                             : 26.000
producer-metrics:select-rate:{client-id=producer-1}                                : 360.980
producer-metrics:select-total:{client-id=producer-1}                               : 1003798.000
producer-metrics:successful-authentication-no-reauth-total:{client-id=producer-1}  : 0.000
producer-metrics:successful-authentication-rate:{client-id=producer-1}             : 0.000
producer-metrics:successful-authentication-total:{client-id=producer-1}            : 0.000
producer-metrics:successful-reauthentication-rate:{client-id=producer-1}           : 0.000
producer-metrics:successful-reauthentication-total:{client-id=producer-1}          : 0.000
producer-metrics:waiting-threads:{client-id=producer-1}                            : 0.000
producer-node-metrics:incoming-byte-rate:{client-id=producer-1, node-id=node--3}   : 0.000
producer-node-metrics:incoming-byte-rate:{client-id=producer-1, node-id=node-1}    : 0.000
producer-node-metrics:incoming-byte-rate:{client-id=producer-1, node-id=node-2}    : 0.000
producer-node-metrics:incoming-byte-rate:{client-id=producer-1, node-id=node-3}    : 0.000
producer-node-metrics:incoming-byte-total:{client-id=producer-1, node-id=node--3}  : 585.000
producer-node-metrics:incoming-byte-total:{client-id=producer-1, node-id=node-1}   : 2049.000
producer-node-metrics:incoming-byte-total:{client-id=producer-1, node-id=node-2}   : 2340.000
producer-node-metrics:incoming-byte-total:{client-id=producer-1, node-id=node-3}   : 2625.000
producer-node-metrics:outgoing-byte-rate:{client-id=producer-1, node-id=node--3}   : 0.000
producer-node-metrics:outgoing-byte-rate:{client-id=producer-1, node-id=node-1}    : 37979.108
producer-node-metrics:outgoing-byte-rate:{client-id=producer-1, node-id=node-2}    : 39532.383
producer-node-metrics:outgoing-byte-rate:{client-id=producer-1, node-id=node-3}    : 40691.615
producer-node-metrics:outgoing-byte-total:{client-id=producer-1, node-id=node--3}  : 67.000
producer-node-metrics:outgoing-byte-total:{client-id=producer-1, node-id=node-1}   : 109391844.000
producer-node-metrics:outgoing-byte-total:{client-id=producer-1, node-id=node-2}   : 109285182.000
producer-node-metrics:outgoing-byte-total:{client-id=producer-1, node-id=node-3}   : 109212711.000
producer-node-metrics:request-latency-avg:{client-id=producer-1, node-id=node--3}  : NaN
producer-node-metrics:request-latency-avg:{client-id=producer-1, node-id=node-1}   : NaN
producer-node-metrics:request-latency-avg:{client-id=producer-1, node-id=node-2}   : NaN
producer-node-metrics:request-latency-avg:{client-id=producer-1, node-id=node-3}   : NaN
producer-node-metrics:request-latency-max:{client-id=producer-1, node-id=node--3}  : NaN
producer-node-metrics:request-latency-max:{client-id=producer-1, node-id=node-1}   : NaN
producer-node-metrics:request-latency-max:{client-id=producer-1, node-id=node-2}   : NaN
producer-node-metrics:request-latency-max:{client-id=producer-1, node-id=node-3}   : NaN
producer-node-metrics:request-rate:{client-id=producer-1, node-id=node--3}         : 0.000
producer-node-metrics:request-rate:{client-id=producer-1, node-id=node-1}          : 57.892
producer-node-metrics:request-rate:{client-id=producer-1, node-id=node-2}          : 60.260
producer-node-metrics:request-rate:{client-id=producer-1, node-id=node-3}          : 62.026
producer-node-metrics:request-size-avg:{client-id=producer-1, node-id=node--3}     : NaN
producer-node-metrics:request-size-avg:{client-id=producer-1, node-id=node-1}      : 656.000
producer-node-metrics:request-size-avg:{client-id=producer-1, node-id=node-2}      : 656.000
producer-node-metrics:request-size-avg:{client-id=producer-1, node-id=node-3}      : 656.000
producer-node-metrics:request-size-max:{client-id=producer-1, node-id=node--3}     : NaN
producer-node-metrics:request-size-max:{client-id=producer-1, node-id=node-1}      : 656.000
producer-node-metrics:request-size-max:{client-id=producer-1, node-id=node-2}      : 656.000
producer-node-metrics:request-size-max:{client-id=producer-1, node-id=node-3}      : 656.000
producer-node-metrics:request-total:{client-id=producer-1, node-id=node--3}        : 2.000
producer-node-metrics:request-total:{client-id=producer-1, node-id=node-1}         : 166819.000
producer-node-metrics:request-total:{client-id=producer-1, node-id=node-2}         : 166657.000
producer-node-metrics:request-total:{client-id=producer-1, node-id=node-3}         : 166548.000
producer-node-metrics:response-rate:{client-id=producer-1, node-id=node--3}        : 0.000
producer-node-metrics:response-rate:{client-id=producer-1, node-id=node-1}         : 0.000
producer-node-metrics:response-rate:{client-id=producer-1, node-id=node-2}         : 0.000
producer-node-metrics:response-rate:{client-id=producer-1, node-id=node-3}         : 0.000
producer-node-metrics:response-total:{client-id=producer-1, node-id=node--3}       : 2.000
producer-node-metrics:response-total:{client-id=producer-1, node-id=node-1}        : 7.000
producer-node-metrics:response-total:{client-id=producer-1, node-id=node-2}        : 8.000
producer-node-metrics:response-total:{client-id=producer-1, node-id=node-3}        : 9.000
producer-topic-metrics:byte-rate:{client-id=producer-1, topic=test-topic}          : 103768.245
producer-topic-metrics:byte-total:{client-id=producer-1, topic=test-topic}         : 287891774.000
producer-topic-metrics:compression-rate:{client-id=producer-1, topic=test-topic}   : 1.000
producer-topic-metrics:record-error-rate:{client-id=producer-1, topic=test-topic}  : 0.000
producer-topic-metrics:record-error-total:{client-id=producer-1, topic=test-topic} : 0.000
producer-topic-metrics:record-retry-rate:{client-id=producer-1, topic=test-topic}  : 0.000
producer-topic-metrics:record-retry-total:{client-id=producer-1, topic=test-topic} : 5.000
producer-topic-metrics:record-send-rate:{client-id=producer-1, topic=test-topic}   : 180.157
producer-topic-metrics:record-send-total:{client-id=producer-1, topic=test-topic}  : 500005.000
Produce Time: 2836.938
Aplication time: 2837.5
Quantidade de mensagens: 500000
