Topic to send: test-topic
Topic to acks: 1
Records: 500000
Size: 500
Batch Size: 500

Metric Name                                                                          Value
app-info:commit-id:{client-id=producer-1}                                          : d12590634290dbc4
app-info:start-time-ms:{client-id=producer-1}                                      : 1615824925114
app-info:version:{client-id=producer-1}                                            : 2.3.1
kafka-metrics-count:count:{client-id=producer-1}                                   : 126.000
producer-metrics:batch-size-avg:{client-id=producer-1}                             : 576.000
producer-metrics:batch-size-max:{client-id=producer-1}                             : 576.000
producer-metrics:batch-split-rate:{client-id=producer-1}                           : 0.000
producer-metrics:batch-split-total:{client-id=producer-1}                          : 0.000
producer-metrics:buffer-available-bytes:{client-id=producer-1}                     : 33554432.000
producer-metrics:buffer-exhausted-rate:{client-id=producer-1}                      : 0.000
producer-metrics:buffer-exhausted-total:{client-id=producer-1}                     : 0.000
producer-metrics:buffer-total-bytes:{client-id=producer-1}                         : 33554432.000
producer-metrics:bufferpool-wait-ratio:{client-id=producer-1}                      : 0.000
producer-metrics:bufferpool-wait-time-total:{client-id=producer-1}                 : 0.000
producer-metrics:compression-rate-avg:{client-id=producer-1}                       : 1.000
producer-metrics:connection-close-rate:{client-id=producer-1}                      : 0.000
producer-metrics:connection-close-total:{client-id=producer-1}                     : 1.000
producer-metrics:connection-count:{client-id=producer-1}                           : 3.000
producer-metrics:connection-creation-rate:{client-id=producer-1}                   : 0.000
producer-metrics:connection-creation-total:{client-id=producer-1}                  : 4.000
producer-metrics:failed-authentication-rate:{client-id=producer-1}                 : 0.000
producer-metrics:failed-authentication-total:{client-id=producer-1}                : 0.000
producer-metrics:failed-reauthentication-rate:{client-id=producer-1}               : 0.000
producer-metrics:failed-reauthentication-total:{client-id=producer-1}              : 0.000
producer-metrics:incoming-byte-rate:{client-id=producer-1}                         : 2462.262
producer-metrics:incoming-byte-total:{client-id=producer-1}                        : 31014853.000
producer-metrics:io-ratio:{client-id=producer-1}                                   : 0.005
producer-metrics:io-time-ns-avg:{client-id=producer-1}                             : 41847.838
producer-metrics:io-wait-ratio:{client-id=producer-1}                              : 0.995
producer-metrics:io-wait-time-ns-avg:{client-id=producer-1}                        : 8372775.112
producer-metrics:io-waittime-total:{client-id=producer-1}                          : 13820545750467.000
producer-metrics:iotime-total:{client-id=producer-1}                               : 59217041441.000
producer-metrics:metadata-age:{client-id=producer-1}                               : 210.504
producer-metrics:network-io-rate:{client-id=producer-1}                            : 79.393
producer-metrics:network-io-total:{client-id=producer-1}                           : 1000102.000
producer-metrics:outgoing-byte-rate:{client-id=producer-1}                         : 25639.108
producer-metrics:outgoing-byte-total:{client-id=producer-1}                        : 322891012.000
producer-metrics:produce-throttle-time-avg:{client-id=producer-1}                  : 0.000
producer-metrics:produce-throttle-time-max:{client-id=producer-1}                  : 0.000
producer-metrics:reauthentication-latency-avg:{client-id=producer-1}               : NaN
producer-metrics:reauthentication-latency-max:{client-id=producer-1}               : NaN
producer-metrics:record-error-rate:{client-id=producer-1}                          : 0.000
producer-metrics:record-error-total:{client-id=producer-1}                         : 0.000
producer-metrics:record-queue-time-avg:{client-id=producer-1}                      : 0.092
producer-metrics:record-queue-time-max:{client-id=producer-1}                      : 1.000
producer-metrics:record-retry-rate:{client-id=producer-1}                          : 0.000
producer-metrics:record-retry-total:{client-id=producer-1}                         : 0.000
producer-metrics:record-send-rate:{client-id=producer-1}                           : 39.683
producer-metrics:record-send-total:{client-id=producer-1}                          : 500000.000
producer-metrics:record-size-avg:{client-id=producer-1}                            : 592.000
producer-metrics:record-size-max:{client-id=producer-1}                            : 592.000
producer-metrics:records-per-request-avg:{client-id=producer-1}                    : 1.000
producer-metrics:request-latency-avg:{client-id=producer-1}                        : 25.143
producer-metrics:request-latency-max:{client-id=producer-1}                        : 502.000
producer-metrics:request-rate:{client-id=producer-1}                               : 39.683
producer-metrics:request-size-avg:{client-id=producer-1}                           : 646.000
producer-metrics:request-size-max:{client-id=producer-1}                           : 646.000
producer-metrics:request-total:{client-id=producer-1}                              : 500051.000
producer-metrics:requests-in-flight:{client-id=producer-1}                         : 0.000
producer-metrics:response-rate:{client-id=producer-1}                              : 39.713
producer-metrics:response-total:{client-id=producer-1}                             : 500051.000
producer-metrics:select-rate:{client-id=producer-1}                                : 118.848
producer-metrics:select-total:{client-id=producer-1}                               : 1498558.000
producer-metrics:successful-authentication-no-reauth-total:{client-id=producer-1}  : 0.000
producer-metrics:successful-authentication-rate:{client-id=producer-1}             : 0.000
producer-metrics:successful-authentication-total:{client-id=producer-1}            : 0.000
producer-metrics:successful-reauthentication-rate:{client-id=producer-1}           : 0.000
producer-metrics:successful-reauthentication-total:{client-id=producer-1}          : 0.000
producer-metrics:waiting-threads:{client-id=producer-1}                            : 0.000
producer-node-metrics:incoming-byte-rate:{client-id=producer-1, node-id=node--2}   : 0.000
producer-node-metrics:incoming-byte-rate:{client-id=producer-1, node-id=node-1}    : 793.123
producer-node-metrics:incoming-byte-rate:{client-id=producer-1, node-id=node-2}    : 796.231
producer-node-metrics:incoming-byte-rate:{client-id=producer-1, node-id=node-3}    : 789.101
producer-node-metrics:incoming-byte-total:{client-id=producer-1, node-id=node--2}  : 585.000
producer-node-metrics:incoming-byte-total:{client-id=producer-1, node-id=node-1}   : 10347585.000
producer-node-metrics:incoming-byte-total:{client-id=producer-1, node-id=node-2}   : 10337479.000
producer-node-metrics:incoming-byte-total:{client-id=producer-1, node-id=node-3}   : 10329204.000
producer-node-metrics:outgoing-byte-rate:{client-id=producer-1, node-id=node--2}   : 0.000
producer-node-metrics:outgoing-byte-rate:{client-id=producer-1, node-id=node-1}    : 8716.422
producer-node-metrics:outgoing-byte-rate:{client-id=producer-1, node-id=node-2}    : 8296.216
producer-node-metrics:outgoing-byte-rate:{client-id=producer-1, node-id=node-3}    : 8330.275
producer-node-metrics:outgoing-byte-total:{client-id=producer-1, node-id=node--2}  : 67.000
producer-node-metrics:outgoing-byte-total:{client-id=producer-1, node-id=node-1}   : 107724254.000
producer-node-metrics:outgoing-byte-total:{client-id=producer-1, node-id=node-2}   : 107619179.000
producer-node-metrics:outgoing-byte-total:{client-id=producer-1, node-id=node-3}   : 107547512.000
producer-node-metrics:request-latency-avg:{client-id=producer-1, node-id=node--2}  : NaN
producer-node-metrics:request-latency-avg:{client-id=producer-1, node-id=node-1}   : 27.507
producer-node-metrics:request-latency-avg:{client-id=producer-1, node-id=node-2}   : 24.119
producer-node-metrics:request-latency-avg:{client-id=producer-1, node-id=node-3}   : 24.488
producer-node-metrics:request-latency-max:{client-id=producer-1, node-id=node--2}  : NaN
producer-node-metrics:request-latency-max:{client-id=producer-1, node-id=node-1}   : 431.000
producer-node-metrics:request-latency-max:{client-id=producer-1, node-id=node-2}   : 439.000
producer-node-metrics:request-latency-max:{client-id=producer-1, node-id=node-3}   : 502.000
producer-node-metrics:request-rate:{client-id=producer-1, node-id=node--2}         : 0.000
producer-node-metrics:request-rate:{client-id=producer-1, node-id=node-1}          : 13.492
producer-node-metrics:request-rate:{client-id=producer-1, node-id=node-2}          : 12.842
producer-node-metrics:request-rate:{client-id=producer-1, node-id=node-3}          : 12.894
producer-node-metrics:request-size-avg:{client-id=producer-1, node-id=node--2}     : NaN
producer-node-metrics:request-size-avg:{client-id=producer-1, node-id=node-1}      : 646.000
producer-node-metrics:request-size-avg:{client-id=producer-1, node-id=node-2}      : 646.000
producer-node-metrics:request-size-avg:{client-id=producer-1, node-id=node-3}      : 646.000
producer-node-metrics:request-size-max:{client-id=producer-1, node-id=node--2}     : NaN
producer-node-metrics:request-size-max:{client-id=producer-1, node-id=node-1}      : 646.000
producer-node-metrics:request-size-max:{client-id=producer-1, node-id=node-2}      : 646.000
producer-node-metrics:request-size-max:{client-id=producer-1, node-id=node-3}      : 646.000
producer-node-metrics:request-total:{client-id=producer-1, node-id=node--2}        : 2.000
producer-node-metrics:request-total:{client-id=producer-1, node-id=node-1}         : 166830.000
producer-node-metrics:request-total:{client-id=producer-1, node-id=node-2}         : 166667.000
producer-node-metrics:request-total:{client-id=producer-1, node-id=node-3}         : 166552.000
producer-node-metrics:response-rate:{client-id=producer-1, node-id=node--2}        : 0.000
producer-node-metrics:response-rate:{client-id=producer-1, node-id=node-1}         : 12.792
producer-node-metrics:response-rate:{client-id=producer-1, node-id=node-2}         : 12.842
producer-node-metrics:response-rate:{client-id=producer-1, node-id=node-3}         : 12.727
producer-node-metrics:response-total:{client-id=producer-1, node-id=node--2}       : 2.000
producer-node-metrics:response-total:{client-id=producer-1, node-id=node-1}        : 166830.000
producer-node-metrics:response-total:{client-id=producer-1, node-id=node-2}        : 166667.000
producer-node-metrics:response-total:{client-id=producer-1, node-id=node-3}        : 166552.000
producer-topic-metrics:byte-rate:{client-id=producer-1, topic=test-topic}          : 22857.143
producer-topic-metrics:byte-total:{client-id=producer-1, topic=test-topic}         : 287888895.000
producer-topic-metrics:compression-rate:{client-id=producer-1, topic=test-topic}   : 1.000
producer-topic-metrics:record-error-rate:{client-id=producer-1, topic=test-topic}  : 0.000
producer-topic-metrics:record-error-total:{client-id=producer-1, topic=test-topic} : 0.000
producer-topic-metrics:record-retry-rate:{client-id=producer-1, topic=test-topic}  : 0.000
producer-topic-metrics:record-retry-total:{client-id=producer-1, topic=test-topic} : 0.000
producer-topic-metrics:record-send-rate:{client-id=producer-1, topic=test-topic}   : 39.683
producer-topic-metrics:record-send-total:{client-id=producer-1, topic=test-topic}  : 500000.000
Produce Time: 13951.715
Aplication time: 13952.302
Quantidade de mensagens: 500000
