Topic to send: test-topic
Topic to acks: 1
Records: 500000
Size: 500
Batch Size: 500

Metric Name                                                                          Value
app-info:commit-id:{client-id=producer-1}                                          : d12590634290dbc4
app-info:start-time-ms:{client-id=producer-1}                                      : 1615693532284
app-info:version:{client-id=producer-1}                                            : 2.3.1
kafka-metrics-count:count:{client-id=producer-1}                                   : 126.000
producer-metrics:batch-size-avg:{client-id=producer-1}                             : 576.000
producer-metrics:batch-size-max:{client-id=producer-1}                             : 576.000
producer-metrics:batch-split-rate:{client-id=producer-1}                           : 0.000
producer-metrics:batch-split-total:{client-id=producer-1}                          : 0.000
producer-metrics:buffer-available-bytes:{client-id=producer-1}                     : 33554432.000
producer-metrics:buffer-exhausted-rate:{client-id=producer-1}                      : 0.000
producer-metrics:buffer-exhausted-total:{client-id=producer-1}                     : 0.000
producer-metrics:buffer-total-bytes:{client-id=producer-1}                         : 33554432.000
producer-metrics:bufferpool-wait-ratio:{client-id=producer-1}                      : 0.000
producer-metrics:bufferpool-wait-time-total:{client-id=producer-1}                 : 0.000
producer-metrics:compression-rate-avg:{client-id=producer-1}                       : 1.000
producer-metrics:connection-close-rate:{client-id=producer-1}                      : 0.000
producer-metrics:connection-close-total:{client-id=producer-1}                     : 1.000
producer-metrics:connection-count:{client-id=producer-1}                           : 3.000
producer-metrics:connection-creation-rate:{client-id=producer-1}                   : 0.000
producer-metrics:connection-creation-total:{client-id=producer-1}                  : 4.000
producer-metrics:failed-authentication-rate:{client-id=producer-1}                 : 0.000
producer-metrics:failed-authentication-total:{client-id=producer-1}                : 0.000
producer-metrics:failed-reauthentication-rate:{client-id=producer-1}               : 0.000
producer-metrics:failed-reauthentication-total:{client-id=producer-1}              : 0.000
producer-metrics:incoming-byte-rate:{client-id=producer-1}                         : 2326.142
producer-metrics:incoming-byte-total:{client-id=producer-1}                        : 31014853.000
producer-metrics:io-ratio:{client-id=producer-1}                                   : 0.005
producer-metrics:io-time-ns-avg:{client-id=producer-1}                             : 42053.663
producer-metrics:io-wait-ratio:{client-id=producer-1}                              : 0.989
producer-metrics:io-wait-time-ns-avg:{client-id=producer-1}                        : 8806287.338
producer-metrics:io-waittime-total:{client-id=producer-1}                          : 13814704122728.000
producer-metrics:iotime-total:{client-id=producer-1}                               : 61603754908.000
producer-metrics:metadata-age:{client-id=producer-1}                               : 205.562
producer-metrics:network-io-rate:{client-id=producer-1}                            : 75.018
producer-metrics:network-io-total:{client-id=producer-1}                           : 1000102.000
producer-metrics:outgoing-byte-rate:{client-id=producer-1}                         : 24216.289
producer-metrics:outgoing-byte-total:{client-id=producer-1}                        : 322891012.000
producer-metrics:produce-throttle-time-avg:{client-id=producer-1}                  : 0.000
producer-metrics:produce-throttle-time-max:{client-id=producer-1}                  : 0.000
producer-metrics:reauthentication-latency-avg:{client-id=producer-1}               : NaN
producer-metrics:reauthentication-latency-max:{client-id=producer-1}               : NaN
producer-metrics:record-error-rate:{client-id=producer-1}                          : 0.000
producer-metrics:record-error-total:{client-id=producer-1}                         : 0.000
producer-metrics:record-queue-time-avg:{client-id=producer-1}                      : 0.098
producer-metrics:record-queue-time-max:{client-id=producer-1}                      : 1.000
producer-metrics:record-retry-rate:{client-id=producer-1}                          : 0.000
producer-metrics:record-retry-total:{client-id=producer-1}                         : 0.000
producer-metrics:record-send-rate:{client-id=producer-1}                           : 37.484
producer-metrics:record-send-total:{client-id=producer-1}                          : 500000.000
producer-metrics:record-size-avg:{client-id=producer-1}                            : 592.000
producer-metrics:record-size-max:{client-id=producer-1}                            : 592.000
producer-metrics:records-per-request-avg:{client-id=producer-1}                    : 1.000
producer-metrics:request-latency-avg:{client-id=producer-1}                        : 26.411
producer-metrics:request-latency-max:{client-id=producer-1}                        : 762.000
producer-metrics:request-rate:{client-id=producer-1}                               : 37.483
producer-metrics:request-size-avg:{client-id=producer-1}                           : 646.000
producer-metrics:request-size-max:{client-id=producer-1}                           : 646.000
producer-metrics:request-total:{client-id=producer-1}                              : 500051.000
producer-metrics:requests-in-flight:{client-id=producer-1}                         : 0.000
producer-metrics:response-rate:{client-id=producer-1}                              : 37.518
producer-metrics:response-total:{client-id=producer-1}                             : 500051.000
producer-metrics:select-rate:{client-id=producer-1}                                : 112.342
producer-metrics:select-total:{client-id=producer-1}                               : 1498607.000
producer-metrics:successful-authentication-no-reauth-total:{client-id=producer-1}  : 0.000
producer-metrics:successful-authentication-rate:{client-id=producer-1}             : 0.000
producer-metrics:successful-authentication-total:{client-id=producer-1}            : 0.000
producer-metrics:successful-reauthentication-rate:{client-id=producer-1}           : 0.000
producer-metrics:successful-reauthentication-total:{client-id=producer-1}          : 0.000
producer-metrics:waiting-threads:{client-id=producer-1}                            : 0.000
producer-node-metrics:incoming-byte-rate:{client-id=producer-1, node-id=node--2}   : 0.000
producer-node-metrics:incoming-byte-rate:{client-id=producer-1, node-id=node-1}    : 753.178
producer-node-metrics:incoming-byte-rate:{client-id=producer-1, node-id=node-2}    : 764.974
producer-node-metrics:incoming-byte-rate:{client-id=producer-1, node-id=node-3}    : 725.435
producer-node-metrics:incoming-byte-total:{client-id=producer-1, node-id=node--2}  : 585.000
producer-node-metrics:incoming-byte-total:{client-id=producer-1, node-id=node-1}   : 10347585.000
producer-node-metrics:incoming-byte-total:{client-id=producer-1, node-id=node-2}   : 10337188.000
producer-node-metrics:incoming-byte-total:{client-id=producer-1, node-id=node-3}   : 10329495.000
producer-node-metrics:outgoing-byte-rate:{client-id=producer-1, node-id=node--2}   : 0.000
producer-node-metrics:outgoing-byte-rate:{client-id=producer-1, node-id=node-1}    : 8231.775
producer-node-metrics:outgoing-byte-rate:{client-id=producer-1, node-id=node-2}    : 7886.805
producer-node-metrics:outgoing-byte-rate:{client-id=producer-1, node-id=node-3}    : 7440.117
producer-node-metrics:outgoing-byte-total:{client-id=producer-1, node-id=node--2}  : 67.000
producer-node-metrics:outgoing-byte-total:{client-id=producer-1, node-id=node-1}   : 107724254.000
producer-node-metrics:outgoing-byte-total:{client-id=producer-1, node-id=node-2}   : 107619136.000
producer-node-metrics:outgoing-byte-total:{client-id=producer-1, node-id=node-3}   : 107547555.000
producer-node-metrics:request-latency-avg:{client-id=producer-1, node-id=node--2}  : NaN
producer-node-metrics:request-latency-avg:{client-id=producer-1, node-id=node-1}   : 26.951
producer-node-metrics:request-latency-avg:{client-id=producer-1, node-id=node-2}   : 29.522
producer-node-metrics:request-latency-avg:{client-id=producer-1, node-id=node-3}   : 25.662
producer-node-metrics:request-latency-max:{client-id=producer-1, node-id=node--2}  : NaN
producer-node-metrics:request-latency-max:{client-id=producer-1, node-id=node-1}   : 480.000
producer-node-metrics:request-latency-max:{client-id=producer-1, node-id=node-2}   : 762.000
producer-node-metrics:request-latency-max:{client-id=producer-1, node-id=node-3}   : 448.000
producer-node-metrics:request-rate:{client-id=producer-1, node-id=node--2}         : 0.000
producer-node-metrics:request-rate:{client-id=producer-1, node-id=node-1}          : 12.742
producer-node-metrics:request-rate:{client-id=producer-1, node-id=node-2}          : 12.208
producer-node-metrics:request-rate:{client-id=producer-1, node-id=node-3}          : 11.516
producer-node-metrics:request-size-avg:{client-id=producer-1, node-id=node--2}     : NaN
producer-node-metrics:request-size-avg:{client-id=producer-1, node-id=node-1}      : 646.000
producer-node-metrics:request-size-avg:{client-id=producer-1, node-id=node-2}      : 646.000
producer-node-metrics:request-size-avg:{client-id=producer-1, node-id=node-3}      : 646.000
producer-node-metrics:request-size-max:{client-id=producer-1, node-id=node--2}     : NaN
producer-node-metrics:request-size-max:{client-id=producer-1, node-id=node-1}      : 646.000
producer-node-metrics:request-size-max:{client-id=producer-1, node-id=node-2}      : 646.000
producer-node-metrics:request-size-max:{client-id=producer-1, node-id=node-3}      : 646.000
producer-node-metrics:request-total:{client-id=producer-1, node-id=node--2}        : 2.000
producer-node-metrics:request-total:{client-id=producer-1, node-id=node-1}         : 166830.000
producer-node-metrics:request-total:{client-id=producer-1, node-id=node-2}         : 166666.000
producer-node-metrics:request-total:{client-id=producer-1, node-id=node-3}         : 166553.000
producer-node-metrics:response-rate:{client-id=producer-1, node-id=node--2}        : 0.000
producer-node-metrics:response-rate:{client-id=producer-1, node-id=node-1}         : 12.148
producer-node-metrics:response-rate:{client-id=producer-1, node-id=node-2}         : 12.338
producer-node-metrics:response-rate:{client-id=producer-1, node-id=node-3}         : 11.701
producer-node-metrics:response-total:{client-id=producer-1, node-id=node--2}       : 2.000
producer-node-metrics:response-total:{client-id=producer-1, node-id=node-1}        : 166830.000
producer-node-metrics:response-total:{client-id=producer-1, node-id=node-2}        : 166666.000
producer-node-metrics:response-total:{client-id=producer-1, node-id=node-3}        : 166553.000
producer-topic-metrics:byte-rate:{client-id=producer-1, topic=test-topic}          : 21590.292
producer-topic-metrics:byte-total:{client-id=producer-1, topic=test-topic}         : 287888895.000
producer-topic-metrics:compression-rate:{client-id=producer-1, topic=test-topic}   : 1.000
producer-topic-metrics:record-error-rate:{client-id=producer-1, topic=test-topic}  : 0.000
producer-topic-metrics:record-error-total:{client-id=producer-1, topic=test-topic} : 0.000
producer-topic-metrics:record-retry-rate:{client-id=producer-1, topic=test-topic}  : 0.000
producer-topic-metrics:record-retry-total:{client-id=producer-1, topic=test-topic} : 0.000
producer-topic-metrics:record-send-rate:{client-id=producer-1, topic=test-topic}   : 37.484
producer-topic-metrics:record-send-total:{client-id=producer-1, topic=test-topic}  : 500000.000
Produce Time: 13946.509
Aplication time: 13947.212
Quantidade de mensagens: 500000
