Topic to send: test-topic
Topic to acks: -1
Records: 500000
Size: 500
Batch Size: 500

Metric Name                                                                          Value
app-info:commit-id:{client-id=producer-1}                                          : d12590634290dbc4
app-info:start-time-ms:{client-id=producer-1}                                      : 1614168332562
app-info:version:{client-id=producer-1}                                            : 2.3.1
kafka-metrics-count:count:{client-id=producer-1}                                   : 126.000
producer-metrics:batch-size-avg:{client-id=producer-1}                             : 576.000
producer-metrics:batch-size-max:{client-id=producer-1}                             : 576.000
producer-metrics:batch-split-rate:{client-id=producer-1}                           : 0.000
producer-metrics:batch-split-total:{client-id=producer-1}                          : 0.000
producer-metrics:buffer-available-bytes:{client-id=producer-1}                     : 33554432.000
producer-metrics:buffer-exhausted-rate:{client-id=producer-1}                      : 0.000
producer-metrics:buffer-exhausted-total:{client-id=producer-1}                     : 0.000
producer-metrics:buffer-total-bytes:{client-id=producer-1}                         : 33554432.000
producer-metrics:bufferpool-wait-ratio:{client-id=producer-1}                      : 0.000
producer-metrics:bufferpool-wait-time-total:{client-id=producer-1}                 : 0.000
producer-metrics:compression-rate-avg:{client-id=producer-1}                       : 1.000
producer-metrics:connection-close-rate:{client-id=producer-1}                      : 0.000
producer-metrics:connection-close-total:{client-id=producer-1}                     : 1.000
producer-metrics:connection-count:{client-id=producer-1}                           : 3.000
producer-metrics:connection-creation-rate:{client-id=producer-1}                   : 0.000
producer-metrics:connection-creation-total:{client-id=producer-1}                  : 4.000
producer-metrics:failed-authentication-rate:{client-id=producer-1}                 : 0.000
producer-metrics:failed-authentication-total:{client-id=producer-1}                : 0.000
producer-metrics:failed-reauthentication-rate:{client-id=producer-1}               : 0.000
producer-metrics:failed-reauthentication-total:{client-id=producer-1}              : 0.000
producer-metrics:incoming-byte-rate:{client-id=producer-1}                         : 649.823
producer-metrics:incoming-byte-total:{client-id=producer-1}                        : 31042498.000
producer-metrics:io-ratio:{client-id=producer-1}                                   : 0.001
producer-metrics:io-time-ns-avg:{client-id=producer-1}                             : 36162.587
producer-metrics:io-wait-ratio:{client-id=producer-1}                              : 1.001
producer-metrics:io-wait-time-ns-avg:{client-id=producer-1}                        : 32099331.313
producer-metrics:io-waittime-total:{client-id=producer-1}                          : 42136511194353.000
producer-metrics:iotime-total:{client-id=producer-1}                               : 59944517952.000
producer-metrics:metadata-age:{client-id=producer-1}                               : 25.687
producer-metrics:network-io-rate:{client-id=producer-1}                            : 20.811
producer-metrics:network-io-total:{client-id=producer-1}                           : 1000292.000
producer-metrics:outgoing-byte-rate:{client-id=producer-1}                         : 6706.293
producer-metrics:outgoing-byte-total:{client-id=producer-1}                        : 322895097.000
producer-metrics:produce-throttle-time-avg:{client-id=producer-1}                  : 0.000
producer-metrics:produce-throttle-time-max:{client-id=producer-1}                  : 0.000
producer-metrics:reauthentication-latency-avg:{client-id=producer-1}               : NaN
producer-metrics:reauthentication-latency-max:{client-id=producer-1}               : NaN
producer-metrics:record-error-rate:{client-id=producer-1}                          : 0.000
producer-metrics:record-error-total:{client-id=producer-1}                         : 0.000
producer-metrics:record-queue-time-avg:{client-id=producer-1}                      : 0.097
producer-metrics:record-queue-time-max:{client-id=producer-1}                      : 1.000
producer-metrics:record-retry-rate:{client-id=producer-1}                          : 0.000
producer-metrics:record-retry-total:{client-id=producer-1}                         : 0.000
producer-metrics:record-send-rate:{client-id=producer-1}                           : 10.379
producer-metrics:record-send-total:{client-id=producer-1}                          : 500000.000
producer-metrics:record-size-avg:{client-id=producer-1}                            : 592.000
producer-metrics:record-size-max:{client-id=producer-1}                            : 592.000
producer-metrics:records-per-request-avg:{client-id=producer-1}                    : 1.000
producer-metrics:request-latency-avg:{client-id=producer-1}                        : 96.381
producer-metrics:request-latency-max:{client-id=producer-1}                        : 1460.000
producer-metrics:request-rate:{client-id=producer-1}                               : 10.397
producer-metrics:request-size-avg:{client-id=producer-1}                           : 644.960
producer-metrics:request-size-max:{client-id=producer-1}                           : 646.000
producer-metrics:request-total:{client-id=producer-1}                              : 500146.000
producer-metrics:requests-in-flight:{client-id=producer-1}                         : 0.000
producer-metrics:response-rate:{client-id=producer-1}                              : 10.415
producer-metrics:response-total:{client-id=producer-1}                             : 500146.000
producer-metrics:select-rate:{client-id=producer-1}                                : 31.191
producer-metrics:select-total:{client-id=producer-1}                               : 1499804.000
producer-metrics:successful-authentication-no-reauth-total:{client-id=producer-1}  : 0.000
producer-metrics:successful-authentication-rate:{client-id=producer-1}             : 0.000
producer-metrics:successful-authentication-total:{client-id=producer-1}            : 0.000
producer-metrics:successful-reauthentication-rate:{client-id=producer-1}           : 0.000
producer-metrics:successful-reauthentication-total:{client-id=producer-1}          : 0.000
producer-metrics:waiting-threads:{client-id=producer-1}                            : 0.000
producer-node-metrics:incoming-byte-rate:{client-id=producer-1, node-id=node--2}   : 0.000
producer-node-metrics:incoming-byte-rate:{client-id=producer-1, node-id=node-1}    : 257.993
producer-node-metrics:incoming-byte-rate:{client-id=producer-1, node-id=node-2}    : 220.030
producer-node-metrics:incoming-byte-rate:{client-id=producer-1, node-id=node-3}    : 222.690
producer-node-metrics:incoming-byte-total:{client-id=producer-1, node-id=node--2}  : 585.000
producer-node-metrics:incoming-byte-total:{client-id=producer-1, node-id=node-1}   : 10344463.000
producer-node-metrics:incoming-byte-total:{client-id=producer-1, node-id=node-2}   : 10340262.000
producer-node-metrics:incoming-byte-total:{client-id=producer-1, node-id=node-3}   : 10357188.000
producer-node-metrics:outgoing-byte-rate:{client-id=producer-1, node-id=node--2}   : 0.000
producer-node-metrics:outgoing-byte-rate:{client-id=producer-1, node-id=node-1}    : 2680.418
producer-node-metrics:outgoing-byte-rate:{client-id=producer-1, node-id=node-2}    : 2178.227
producer-node-metrics:outgoing-byte-rate:{client-id=producer-1, node-id=node-3}    : 2253.990
producer-node-metrics:outgoing-byte-total:{client-id=producer-1, node-id=node--2}  : 67.000
producer-node-metrics:outgoing-byte-total:{client-id=producer-1, node-id=node-1}   : 107620211.000
producer-node-metrics:outgoing-byte-total:{client-id=producer-1, node-id=node-2}   : 107549146.000
producer-node-metrics:outgoing-byte-total:{client-id=producer-1, node-id=node-3}   : 107725673.000
producer-node-metrics:request-latency-avg:{client-id=producer-1, node-id=node--2}  : NaN
producer-node-metrics:request-latency-avg:{client-id=producer-1, node-id=node-1}   : 101.789
producer-node-metrics:request-latency-avg:{client-id=producer-1, node-id=node-2}   : 82.725
producer-node-metrics:request-latency-avg:{client-id=producer-1, node-id=node-3}   : 94.076
producer-node-metrics:request-latency-max:{client-id=producer-1, node-id=node--2}  : NaN
producer-node-metrics:request-latency-max:{client-id=producer-1, node-id=node-1}   : 644.000
producer-node-metrics:request-latency-max:{client-id=producer-1, node-id=node-2}   : 651.000
producer-node-metrics:request-latency-max:{client-id=producer-1, node-id=node-3}   : 1460.000
producer-node-metrics:request-rate:{client-id=producer-1, node-id=node--2}         : 0.000
producer-node-metrics:request-rate:{client-id=producer-1, node-id=node-1}          : 4.149
producer-node-metrics:request-rate:{client-id=producer-1, node-id=node-2}          : 3.372
producer-node-metrics:request-rate:{client-id=producer-1, node-id=node-3}          : 3.507
producer-node-metrics:request-size-avg:{client-id=producer-1, node-id=node--2}     : NaN
producer-node-metrics:request-size-avg:{client-id=producer-1, node-id=node-1}      : 646.000
producer-node-metrics:request-size-avg:{client-id=producer-1, node-id=node-2}      : 646.000
producer-node-metrics:request-size-avg:{client-id=producer-1, node-id=node-3}      : 642.741
producer-node-metrics:request-size-max:{client-id=producer-1, node-id=node--2}     : NaN
producer-node-metrics:request-size-max:{client-id=producer-1, node-id=node-1}      : 646.000
producer-node-metrics:request-size-max:{client-id=producer-1, node-id=node-2}      : 646.000
producer-node-metrics:request-size-max:{client-id=producer-1, node-id=node-3}      : 646.000
producer-node-metrics:request-total:{client-id=producer-1, node-id=node--2}        : 2.000
producer-node-metrics:request-total:{client-id=producer-1, node-id=node-1}         : 166691.000
producer-node-metrics:request-total:{client-id=producer-1, node-id=node-2}         : 166590.000
producer-node-metrics:request-total:{client-id=producer-1, node-id=node-3}         : 166863.000
producer-node-metrics:response-rate:{client-id=producer-1, node-id=node--2}        : 0.000
producer-node-metrics:response-rate:{client-id=producer-1, node-id=node-1}         : 4.161
producer-node-metrics:response-rate:{client-id=producer-1, node-id=node-2}         : 3.549
producer-node-metrics:response-rate:{client-id=producer-1, node-id=node-3}         : 3.521
producer-node-metrics:response-total:{client-id=producer-1, node-id=node--2}       : 2.000
producer-node-metrics:response-total:{client-id=producer-1, node-id=node-1}        : 166691.000
producer-node-metrics:response-total:{client-id=producer-1, node-id=node-2}        : 166590.000
producer-node-metrics:response-total:{client-id=producer-1, node-id=node-3}        : 166863.000
producer-topic-metrics:byte-rate:{client-id=producer-1, topic=test-topic}          : 5978.274
producer-topic-metrics:byte-total:{client-id=producer-1, topic=test-topic}         : 287888895.000
producer-topic-metrics:compression-rate:{client-id=producer-1, topic=test-topic}   : 1.000
producer-topic-metrics:record-error-rate:{client-id=producer-1, topic=test-topic}  : 0.000
producer-topic-metrics:record-error-total:{client-id=producer-1, topic=test-topic} : 0.000
producer-topic-metrics:record-retry-rate:{client-id=producer-1, topic=test-topic}  : 0.000
producer-topic-metrics:record-retry-total:{client-id=producer-1, topic=test-topic} : 0.000
producer-topic-metrics:record-send-rate:{client-id=producer-1, topic=test-topic}   : 10.379
producer-topic-metrics:record-send-total:{client-id=producer-1, topic=test-topic}  : 500000.000
Produce Time: 42269.44
Aplication time: 42270.1
Quantidade de mensagens: 500000
