Topic to send: test-topic
Topic to acks: 1
Records: 500000
Size: 500
Batch Size: 500

Metric Name                                                                          Value
app-info:commit-id:{client-id=producer-1}                                          : d12590634290dbc4
app-info:start-time-ms:{client-id=producer-1}                                      : 1618843277549
app-info:version:{client-id=producer-1}                                            : 2.3.1
kafka-metrics-count:count:{client-id=producer-1}                                   : 126.000
producer-metrics:batch-size-avg:{client-id=producer-1}                             : 576.000
producer-metrics:batch-size-max:{client-id=producer-1}                             : 576.000
producer-metrics:batch-split-rate:{client-id=producer-1}                           : 0.000
producer-metrics:batch-split-total:{client-id=producer-1}                          : 0.000
producer-metrics:buffer-available-bytes:{client-id=producer-1}                     : 33554432.000
producer-metrics:buffer-exhausted-rate:{client-id=producer-1}                      : 0.000
producer-metrics:buffer-exhausted-total:{client-id=producer-1}                     : 0.000
producer-metrics:buffer-total-bytes:{client-id=producer-1}                         : 33554432.000
producer-metrics:bufferpool-wait-ratio:{client-id=producer-1}                      : 0.000
producer-metrics:bufferpool-wait-time-total:{client-id=producer-1}                 : 0.000
producer-metrics:compression-rate-avg:{client-id=producer-1}                       : 1.000
producer-metrics:connection-close-rate:{client-id=producer-1}                      : 0.000
producer-metrics:connection-close-total:{client-id=producer-1}                     : 2.000
producer-metrics:connection-count:{client-id=producer-1}                           : 4.000
producer-metrics:connection-creation-rate:{client-id=producer-1}                   : 0.000
producer-metrics:connection-creation-total:{client-id=producer-1}                  : 6.000
producer-metrics:failed-authentication-rate:{client-id=producer-1}                 : 0.000
producer-metrics:failed-authentication-total:{client-id=producer-1}                : 0.000
producer-metrics:failed-reauthentication-rate:{client-id=producer-1}               : 0.000
producer-metrics:failed-reauthentication-total:{client-id=producer-1}              : 0.000
producer-metrics:incoming-byte-rate:{client-id=producer-1}                         : 78552.789
producer-metrics:incoming-byte-total:{client-id=producer-1}                        : 31002637.000
producer-metrics:io-ratio:{client-id=producer-1}                                   : 0.128
producer-metrics:io-time-ns-avg:{client-id=producer-1}                             : 33847.898
producer-metrics:io-wait-ratio:{client-id=producer-1}                              : 0.731
producer-metrics:io-wait-time-ns-avg:{client-id=producer-1}                        : 192819.702
producer-metrics:io-waittime-total:{client-id=producer-1}                          : 336671295637.000
producer-metrics:iotime-total:{client-id=producer-1}                               : 47211792957.000
producer-metrics:metadata-age:{client-id=producer-1}                               : 227.475
producer-metrics:network-io-rate:{client-id=producer-1}                            : 2530.952
producer-metrics:network-io-total:{client-id=producer-1}                           : 1000020.000
producer-metrics:outgoing-byte-rate:{client-id=producer-1}                         : 817586.189
producer-metrics:outgoing-byte-total:{client-id=producer-1}                        : 322890460.000
producer-metrics:produce-throttle-time-avg:{client-id=producer-1}                  : 0.000
producer-metrics:produce-throttle-time-max:{client-id=producer-1}                  : 0.000
producer-metrics:reauthentication-latency-avg:{client-id=producer-1}               : NaN
producer-metrics:reauthentication-latency-max:{client-id=producer-1}               : NaN
producer-metrics:record-error-rate:{client-id=producer-1}                          : 0.000
producer-metrics:record-error-total:{client-id=producer-1}                         : 0.000
producer-metrics:record-queue-time-avg:{client-id=producer-1}                      : 0.037
producer-metrics:record-queue-time-max:{client-id=producer-1}                      : 3.000
producer-metrics:record-retry-rate:{client-id=producer-1}                          : 0.000
producer-metrics:record-retry-total:{client-id=producer-1}                         : 2.000
producer-metrics:record-send-rate:{client-id=producer-1}                           : 1266.987
producer-metrics:record-send-total:{client-id=producer-1}                          : 500002.000
producer-metrics:record-size-avg:{client-id=producer-1}                            : 592.000
producer-metrics:record-size-max:{client-id=producer-1}                            : 592.000
producer-metrics:records-per-request-avg:{client-id=producer-1}                    : 1.000
producer-metrics:request-latency-avg:{client-id=producer-1}                        : 0.699
producer-metrics:request-latency-max:{client-id=producer-1}                        : 121.000
producer-metrics:request-rate:{client-id=producer-1}                               : 1265.465
producer-metrics:request-size-avg:{client-id=producer-1}                           : 646.000
producer-metrics:request-size-max:{client-id=producer-1}                           : 646.000
producer-metrics:request-total:{client-id=producer-1}                              : 500011.000
producer-metrics:requests-in-flight:{client-id=producer-1}                         : 0.000
producer-metrics:response-rate:{client-id=producer-1}                              : 1266.947
producer-metrics:response-total:{client-id=producer-1}                             : 500009.000
producer-metrics:select-rate:{client-id=producer-1}                                : 3789.407
producer-metrics:select-total:{client-id=producer-1}                               : 1493927.000
producer-metrics:successful-authentication-no-reauth-total:{client-id=producer-1}  : 0.000
producer-metrics:successful-authentication-rate:{client-id=producer-1}             : 0.000
producer-metrics:successful-authentication-total:{client-id=producer-1}            : 0.000
producer-metrics:successful-reauthentication-rate:{client-id=producer-1}           : 0.000
producer-metrics:successful-reauthentication-total:{client-id=producer-1}          : 0.000
producer-metrics:waiting-threads:{client-id=producer-1}                            : 0.000
producer-node-metrics:incoming-byte-rate:{client-id=producer-1, node-id=node--3}   : 0.000
producer-node-metrics:incoming-byte-rate:{client-id=producer-1, node-id=node-1}    : 26121.448
producer-node-metrics:incoming-byte-rate:{client-id=producer-1, node-id=node-2}    : 26351.618
producer-node-metrics:incoming-byte-rate:{client-id=producer-1, node-id=node-3}    : 26322.015
producer-node-metrics:incoming-byte-total:{client-id=producer-1, node-id=node--3}  : 585.000
producer-node-metrics:incoming-byte-total:{client-id=producer-1, node-id=node-1}   : 10343223.000
producer-node-metrics:incoming-byte-total:{client-id=producer-1, node-id=node-2}   : 10332826.000
producer-node-metrics:incoming-byte-total:{client-id=producer-1, node-id=node-3}   : 10326003.000
producer-node-metrics:outgoing-byte-rate:{client-id=producer-1, node-id=node--3}   : 0.000
producer-node-metrics:outgoing-byte-rate:{client-id=producer-1, node-id=node-1}    : 272202.273
producer-node-metrics:outgoing-byte-rate:{client-id=producer-1, node-id=node-2}    : 272567.889
producer-node-metrics:outgoing-byte-rate:{client-id=producer-1, node-id=node-3}    : 274271.194
producer-node-metrics:outgoing-byte-total:{client-id=producer-1, node-id=node--3}  : 67.000
producer-node-metrics:outgoing-byte-total:{client-id=producer-1, node-id=node-1}   : 107724236.000
producer-node-metrics:outgoing-byte-total:{client-id=producer-1, node-id=node-2}   : 107619118.000
producer-node-metrics:outgoing-byte-total:{client-id=producer-1, node-id=node-3}   : 107547039.000
producer-node-metrics:request-latency-avg:{client-id=producer-1, node-id=node--3}  : NaN
producer-node-metrics:request-latency-avg:{client-id=producer-1, node-id=node-1}   : 0.910
producer-node-metrics:request-latency-avg:{client-id=producer-1, node-id=node-2}   : 0.671
producer-node-metrics:request-latency-avg:{client-id=producer-1, node-id=node-3}   : 0.498
producer-node-metrics:request-latency-max:{client-id=producer-1, node-id=node--3}  : NaN
producer-node-metrics:request-latency-max:{client-id=producer-1, node-id=node-1}   : 14.000
producer-node-metrics:request-latency-max:{client-id=producer-1, node-id=node-2}   : 11.000
producer-node-metrics:request-latency-max:{client-id=producer-1, node-id=node-3}   : 121.000
producer-node-metrics:request-rate:{client-id=producer-1, node-id=node--3}         : 0.000
producer-node-metrics:request-rate:{client-id=producer-1, node-id=node-1}          : 421.349
producer-node-metrics:request-rate:{client-id=producer-1, node-id=node-2}          : 421.921
producer-node-metrics:request-rate:{client-id=producer-1, node-id=node-3}          : 424.543
producer-node-metrics:request-size-avg:{client-id=producer-1, node-id=node--3}     : NaN
producer-node-metrics:request-size-avg:{client-id=producer-1, node-id=node-1}      : 646.000
producer-node-metrics:request-size-avg:{client-id=producer-1, node-id=node-2}      : 646.000
producer-node-metrics:request-size-avg:{client-id=producer-1, node-id=node-3}      : 646.000
producer-node-metrics:request-size-max:{client-id=producer-1, node-id=node--3}     : NaN
producer-node-metrics:request-size-max:{client-id=producer-1, node-id=node-1}      : 646.000
producer-node-metrics:request-size-max:{client-id=producer-1, node-id=node-2}      : 646.000
producer-node-metrics:request-size-max:{client-id=producer-1, node-id=node-3}      : 646.000
producer-node-metrics:request-total:{client-id=producer-1, node-id=node--3}        : 2.000
producer-node-metrics:request-total:{client-id=producer-1, node-id=node-1}         : 166816.000
producer-node-metrics:request-total:{client-id=producer-1, node-id=node-2}         : 166652.000
producer-node-metrics:request-total:{client-id=producer-1, node-id=node-3}         : 166541.000
producer-node-metrics:response-rate:{client-id=producer-1, node-id=node--3}        : 0.000
producer-node-metrics:response-rate:{client-id=producer-1, node-id=node-1}         : 421.314
producer-node-metrics:response-rate:{client-id=producer-1, node-id=node-2}         : 425.026
producer-node-metrics:response-rate:{client-id=producer-1, node-id=node-3}         : 424.549
producer-node-metrics:response-total:{client-id=producer-1, node-id=node--3}       : 2.000
producer-node-metrics:response-total:{client-id=producer-1, node-id=node-1}        : 166815.000
producer-node-metrics:response-total:{client-id=producer-1, node-id=node-2}        : 166651.000
producer-node-metrics:response-total:{client-id=producer-1, node-id=node-3}        : 166541.000
producer-topic-metrics:byte-rate:{client-id=producer-1, topic=test-topic}          : 729765.600
producer-topic-metrics:byte-total:{client-id=producer-1, topic=test-topic}         : 287890047.000
producer-topic-metrics:compression-rate:{client-id=producer-1, topic=test-topic}   : 1.000
producer-topic-metrics:record-error-rate:{client-id=producer-1, topic=test-topic}  : 0.000
producer-topic-metrics:record-error-total:{client-id=producer-1, topic=test-topic} : 0.000
producer-topic-metrics:record-retry-rate:{client-id=producer-1, topic=test-topic}  : 0.000
producer-topic-metrics:record-retry-total:{client-id=producer-1, topic=test-topic} : 2.000
producer-topic-metrics:record-send-rate:{client-id=producer-1, topic=test-topic}   : 1266.987
producer-topic-metrics:record-send-total:{client-id=producer-1, topic=test-topic}  : 500002.000
Produce Time: 436.428
Aplication time: 437.087
Quantidade de mensagens: 500002
