Topic to send: test-topic
Topic to acks: 1
Records: 500000
Size: 500
Batch Size: 500

Metric Name                                                                          Value
app-info:commit-id:{client-id=producer-1}                                          : d12590634290dbc4
app-info:start-time-ms:{client-id=producer-1}                                      : 1618845543940
app-info:version:{client-id=producer-1}                                            : 2.3.1
kafka-metrics-count:count:{client-id=producer-1}                                   : 126.000
producer-metrics:batch-size-avg:{client-id=producer-1}                             : 576.000
producer-metrics:batch-size-max:{client-id=producer-1}                             : 576.000
producer-metrics:batch-split-rate:{client-id=producer-1}                           : 0.000
producer-metrics:batch-split-total:{client-id=producer-1}                          : 0.000
producer-metrics:buffer-available-bytes:{client-id=producer-1}                     : 33554432.000
producer-metrics:buffer-exhausted-rate:{client-id=producer-1}                      : 0.000
producer-metrics:buffer-exhausted-total:{client-id=producer-1}                     : 0.000
producer-metrics:buffer-total-bytes:{client-id=producer-1}                         : 33554432.000
producer-metrics:bufferpool-wait-ratio:{client-id=producer-1}                      : 0.000
producer-metrics:bufferpool-wait-time-total:{client-id=producer-1}                 : 0.000
producer-metrics:compression-rate-avg:{client-id=producer-1}                       : 1.000
producer-metrics:connection-close-rate:{client-id=producer-1}                      : 0.000
producer-metrics:connection-close-total:{client-id=producer-1}                     : 6.000
producer-metrics:connection-count:{client-id=producer-1}                           : 4.000
producer-metrics:connection-creation-rate:{client-id=producer-1}                   : 0.000
producer-metrics:connection-creation-total:{client-id=producer-1}                  : 10.000
producer-metrics:failed-authentication-rate:{client-id=producer-1}                 : 0.000
producer-metrics:failed-authentication-total:{client-id=producer-1}                : 0.000
producer-metrics:failed-reauthentication-rate:{client-id=producer-1}               : 0.000
producer-metrics:failed-reauthentication-total:{client-id=producer-1}              : 0.000
producer-metrics:incoming-byte-rate:{client-id=producer-1}                         : 106553.142
producer-metrics:incoming-byte-total:{client-id=producer-1}                        : 31004389.000
producer-metrics:io-ratio:{client-id=producer-1}                                   : 0.121
producer-metrics:io-time-ns-avg:{client-id=producer-1}                             : 23524.796
producer-metrics:io-wait-ratio:{client-id=producer-1}                              : 0.748
producer-metrics:io-wait-time-ns-avg:{client-id=producer-1}                        : 145554.882
producer-metrics:io-waittime-total:{client-id=producer-1}                          : 320738997908.000
producer-metrics:iotime-total:{client-id=producer-1}                               : 36150988634.000
producer-metrics:metadata-age:{client-id=producer-1}                               : 149.328
producer-metrics:network-io-rate:{client-id=producer-1}                            : 3437.067
producer-metrics:network-io-total:{client-id=producer-1}                           : 1000036.000
producer-metrics:outgoing-byte-rate:{client-id=producer-1}                         : 1110407.030
producer-metrics:outgoing-byte-total:{client-id=producer-1}                        : 322892020.000
producer-metrics:produce-throttle-time-avg:{client-id=producer-1}                  : 0.000
producer-metrics:produce-throttle-time-max:{client-id=producer-1}                  : 0.000
producer-metrics:reauthentication-latency-avg:{client-id=producer-1}               : NaN
producer-metrics:reauthentication-latency-max:{client-id=producer-1}               : NaN
producer-metrics:record-error-rate:{client-id=producer-1}                          : 0.000
producer-metrics:record-error-total:{client-id=producer-1}                         : 0.000
producer-metrics:record-queue-time-avg:{client-id=producer-1}                      : 0.026
producer-metrics:record-queue-time-max:{client-id=producer-1}                      : 5.000
producer-metrics:record-retry-rate:{client-id=producer-1}                          : 0.000
producer-metrics:record-retry-total:{client-id=producer-1}                         : 4.000
producer-metrics:record-send-rate:{client-id=producer-1}                           : 1724.435
producer-metrics:record-send-total:{client-id=producer-1}                          : 500004.000
producer-metrics:record-size-avg:{client-id=producer-1}                            : 592.000
producer-metrics:record-size-max:{client-id=producer-1}                            : 592.000
producer-metrics:records-per-request-avg:{client-id=producer-1}                    : 1.000
producer-metrics:request-latency-avg:{client-id=producer-1}                        : 0.520
producer-metrics:request-latency-max:{client-id=producer-1}                        : 61.000
producer-metrics:request-rate:{client-id=producer-1}                               : 1718.591
producer-metrics:request-size-avg:{client-id=producer-1}                           : 646.000
producer-metrics:request-size-max:{client-id=producer-1}                           : 646.000
producer-metrics:request-total:{client-id=producer-1}                              : 500021.000
producer-metrics:requests-in-flight:{client-id=producer-1}                         : 0.000
producer-metrics:response-rate:{client-id=producer-1}                              : 1718.548
producer-metrics:response-total:{client-id=producer-1}                             : 500015.000
producer-metrics:select-rate:{client-id=producer-1}                                : 5136.330
producer-metrics:select-total:{client-id=producer-1}                               : 1494331.000
producer-metrics:successful-authentication-no-reauth-total:{client-id=producer-1}  : 0.000
producer-metrics:successful-authentication-rate:{client-id=producer-1}             : 0.000
producer-metrics:successful-authentication-total:{client-id=producer-1}            : 0.000
producer-metrics:successful-reauthentication-rate:{client-id=producer-1}           : 0.000
producer-metrics:successful-reauthentication-total:{client-id=producer-1}          : 0.000
producer-metrics:waiting-threads:{client-id=producer-1}                            : 0.000
producer-node-metrics:incoming-byte-rate:{client-id=producer-1, node-id=node--1}   : 0.000
producer-node-metrics:incoming-byte-rate:{client-id=producer-1, node-id=node-1}    : 35636.989
producer-node-metrics:incoming-byte-rate:{client-id=producer-1, node-id=node-2}    : 35759.799
producer-node-metrics:incoming-byte-rate:{client-id=producer-1, node-id=node-3}    : 35560.161
producer-node-metrics:incoming-byte-total:{client-id=producer-1, node-id=node--1}  : 585.000
producer-node-metrics:incoming-byte-total:{client-id=producer-1, node-id=node-1}   : 10333990.000
producer-node-metrics:incoming-byte-total:{client-id=producer-1, node-id=node-2}   : 10326300.000
producer-node-metrics:incoming-byte-total:{client-id=producer-1, node-id=node-3}   : 10343514.000
producer-node-metrics:outgoing-byte-rate:{client-id=producer-1, node-id=node--1}   : 0.000
producer-node-metrics:outgoing-byte-rate:{client-id=producer-1, node-id=node-1}    : 371320.691
producer-node-metrics:outgoing-byte-rate:{client-id=producer-1, node-id=node-2}    : 372291.137
producer-node-metrics:outgoing-byte-rate:{client-id=producer-1, node-id=node-3}    : 370836.605
producer-node-metrics:outgoing-byte-total:{client-id=producer-1, node-id=node--1}  : 67.000
producer-node-metrics:outgoing-byte-total:{client-id=producer-1, node-id=node-1}   : 107619290.000
producer-node-metrics:outgoing-byte-total:{client-id=producer-1, node-id=node-2}   : 107548384.000
producer-node-metrics:outgoing-byte-total:{client-id=producer-1, node-id=node-3}   : 107724279.000
producer-node-metrics:request-latency-avg:{client-id=producer-1, node-id=node--1}  : NaN
producer-node-metrics:request-latency-avg:{client-id=producer-1, node-id=node-1}   : 0.586
producer-node-metrics:request-latency-avg:{client-id=producer-1, node-id=node-2}   : 0.546
producer-node-metrics:request-latency-avg:{client-id=producer-1, node-id=node-3}   : 0.423
producer-node-metrics:request-latency-max:{client-id=producer-1, node-id=node--1}  : NaN
producer-node-metrics:request-latency-max:{client-id=producer-1, node-id=node-1}   : 61.000
producer-node-metrics:request-latency-max:{client-id=producer-1, node-id=node-2}   : 12.000
producer-node-metrics:request-latency-max:{client-id=producer-1, node-id=node-3}   : 11.000
producer-node-metrics:request-rate:{client-id=producer-1, node-id=node--1}         : 0.000
producer-node-metrics:request-rate:{client-id=producer-1, node-id=node-1}          : 574.780
producer-node-metrics:request-rate:{client-id=producer-1, node-id=node-2}          : 576.283
producer-node-metrics:request-rate:{client-id=producer-1, node-id=node-3}          : 573.984
producer-node-metrics:request-size-avg:{client-id=producer-1, node-id=node--1}     : NaN
producer-node-metrics:request-size-avg:{client-id=producer-1, node-id=node-1}      : 646.000
producer-node-metrics:request-size-avg:{client-id=producer-1, node-id=node-2}      : 646.000
producer-node-metrics:request-size-avg:{client-id=producer-1, node-id=node-3}      : 646.000
producer-node-metrics:request-size-max:{client-id=producer-1, node-id=node--1}     : NaN
producer-node-metrics:request-size-max:{client-id=producer-1, node-id=node-1}      : 646.000
producer-node-metrics:request-size-max:{client-id=producer-1, node-id=node-2}      : 646.000
producer-node-metrics:request-size-max:{client-id=producer-1, node-id=node-3}      : 646.000
producer-node-metrics:request-total:{client-id=producer-1, node-id=node--1}        : 2.000
producer-node-metrics:request-total:{client-id=producer-1, node-id=node-1}         : 166656.000
producer-node-metrics:request-total:{client-id=producer-1, node-id=node-2}         : 166546.000
producer-node-metrics:request-total:{client-id=producer-1, node-id=node-3}         : 166817.000
producer-node-metrics:response-rate:{client-id=producer-1, node-id=node--1}        : 0.000
producer-node-metrics:response-rate:{client-id=producer-1, node-id=node-1}         : 574.800
producer-node-metrics:response-rate:{client-id=producer-1, node-id=node-2}         : 576.781
producer-node-metrics:response-rate:{client-id=producer-1, node-id=node-3}         : 573.551
producer-node-metrics:response-total:{client-id=producer-1, node-id=node--1}       : 2.000
producer-node-metrics:response-total:{client-id=producer-1, node-id=node-1}        : 166655.000
producer-node-metrics:response-total:{client-id=producer-1, node-id=node-2}        : 166542.000
producer-node-metrics:response-total:{client-id=producer-1, node-id=node-3}        : 166816.000
producer-topic-metrics:byte-rate:{client-id=producer-1, topic=test-topic}          : 993274.576
producer-topic-metrics:byte-total:{client-id=producer-1, topic=test-topic}         : 287891199.000
producer-topic-metrics:compression-rate:{client-id=producer-1, topic=test-topic}   : 1.000
producer-topic-metrics:record-error-rate:{client-id=producer-1, topic=test-topic}  : 0.000
producer-topic-metrics:record-error-total:{client-id=producer-1, topic=test-topic} : 0.000
producer-topic-metrics:record-retry-rate:{client-id=producer-1, topic=test-topic}  : 0.000
producer-topic-metrics:record-retry-total:{client-id=producer-1, topic=test-topic} : 4.000
producer-topic-metrics:record-send-rate:{client-id=producer-1, topic=test-topic}   : 1724.435
producer-topic-metrics:record-send-total:{client-id=producer-1, topic=test-topic}  : 500004.000
Produce Time: 396.139
Aplication time: 396.76
Quantidade de mensagens: 500002
