Topic to send: test-topic
Topic to acks: 1
Records: 500000
Size: 500
Batch Size: 500

Metric Name                                                                          Value
app-info:commit-id:{client-id=producer-1}                                          : d12590634290dbc4
app-info:start-time-ms:{client-id=producer-1}                                      : 1618840989504
app-info:version:{client-id=producer-1}                                            : 2.3.1
kafka-metrics-count:count:{client-id=producer-1}                                   : 126.000
producer-metrics:batch-size-avg:{client-id=producer-1}                             : 576.000
producer-metrics:batch-size-max:{client-id=producer-1}                             : 576.000
producer-metrics:batch-split-rate:{client-id=producer-1}                           : 0.000
producer-metrics:batch-split-total:{client-id=producer-1}                          : 0.000
producer-metrics:buffer-available-bytes:{client-id=producer-1}                     : 33554432.000
producer-metrics:buffer-exhausted-rate:{client-id=producer-1}                      : 0.000
producer-metrics:buffer-exhausted-total:{client-id=producer-1}                     : 0.000
producer-metrics:buffer-total-bytes:{client-id=producer-1}                         : 33554432.000
producer-metrics:bufferpool-wait-ratio:{client-id=producer-1}                      : 0.000
producer-metrics:bufferpool-wait-time-total:{client-id=producer-1}                 : 0.000
producer-metrics:compression-rate-avg:{client-id=producer-1}                       : 1.000
producer-metrics:connection-close-rate:{client-id=producer-1}                      : 0.000
producer-metrics:connection-close-total:{client-id=producer-1}                     : 4.000
producer-metrics:connection-count:{client-id=producer-1}                           : 4.000
producer-metrics:connection-creation-rate:{client-id=producer-1}                   : 0.000
producer-metrics:connection-creation-total:{client-id=producer-1}                  : 8.000
producer-metrics:failed-authentication-rate:{client-id=producer-1}                 : 0.000
producer-metrics:failed-authentication-total:{client-id=producer-1}                : 0.000
producer-metrics:failed-reauthentication-rate:{client-id=producer-1}               : 0.000
producer-metrics:failed-reauthentication-total:{client-id=producer-1}              : 0.000
producer-metrics:incoming-byte-rate:{client-id=producer-1}                         : 78193.470
producer-metrics:incoming-byte-total:{client-id=producer-1}                        : 31003222.000
producer-metrics:io-ratio:{client-id=producer-1}                                   : 0.123
producer-metrics:io-time-ns-avg:{client-id=producer-1}                             : 32677.443
producer-metrics:io-wait-ratio:{client-id=producer-1}                              : 0.744
producer-metrics:io-wait-time-ns-avg:{client-id=producer-1}                        : 196796.157
producer-metrics:io-waittime-total:{client-id=producer-1}                          : 364674944210.000
producer-metrics:iotime-total:{client-id=producer-1}                               : 45955243324.000
producer-metrics:metadata-age:{client-id=producer-1}                               : 228.108
producer-metrics:network-io-rate:{client-id=producer-1}                            : 2522.266
producer-metrics:network-io-total:{client-id=producer-1}                           : 1000026.000
producer-metrics:outgoing-byte-rate:{client-id=producer-1}                         : 814850.653
producer-metrics:outgoing-byte-total:{client-id=producer-1}                        : 322890594.000
producer-metrics:produce-throttle-time-avg:{client-id=producer-1}                  : 0.000
producer-metrics:produce-throttle-time-max:{client-id=producer-1}                  : 0.000
producer-metrics:reauthentication-latency-avg:{client-id=producer-1}               : NaN
producer-metrics:reauthentication-latency-max:{client-id=producer-1}               : NaN
producer-metrics:record-error-rate:{client-id=producer-1}                          : 0.000
producer-metrics:record-error-total:{client-id=producer-1}                         : 0.000
producer-metrics:record-queue-time-avg:{client-id=producer-1}                      : 0.035
producer-metrics:record-queue-time-max:{client-id=producer-1}                      : 1.000
producer-metrics:record-retry-rate:{client-id=producer-1}                          : 0.000
producer-metrics:record-retry-total:{client-id=producer-1}                         : 2.000
producer-metrics:record-send-rate:{client-id=producer-1}                           : 1261.193
producer-metrics:record-send-total:{client-id=producer-1}                          : 500002.000
producer-metrics:record-size-avg:{client-id=producer-1}                            : 592.000
producer-metrics:record-size-max:{client-id=producer-1}                            : 592.000
producer-metrics:records-per-request-avg:{client-id=producer-1}                    : 1.000
producer-metrics:request-latency-avg:{client-id=producer-1}                        : 0.708
producer-metrics:request-latency-max:{client-id=producer-1}                        : 65.000
producer-metrics:request-rate:{client-id=producer-1}                               : 1261.156
producer-metrics:request-size-avg:{client-id=producer-1}                           : 646.000
producer-metrics:request-size-max:{client-id=producer-1}                           : 646.000
producer-metrics:request-total:{client-id=producer-1}                              : 500015.000
producer-metrics:requests-in-flight:{client-id=producer-1}                         : 0.000
producer-metrics:response-rate:{client-id=producer-1}                              : 1261.148
producer-metrics:response-total:{client-id=producer-1}                             : 500011.000
producer-metrics:select-rate:{client-id=producer-1}                                : 3779.066
producer-metrics:select-total:{client-id=producer-1}                               : 1495965.000
producer-metrics:successful-authentication-no-reauth-total:{client-id=producer-1}  : 0.000
producer-metrics:successful-authentication-rate:{client-id=producer-1}             : 0.000
producer-metrics:successful-authentication-total:{client-id=producer-1}            : 0.000
producer-metrics:successful-reauthentication-rate:{client-id=producer-1}           : 0.000
producer-metrics:successful-reauthentication-total:{client-id=producer-1}          : 0.000
producer-metrics:waiting-threads:{client-id=producer-1}                            : 0.000
producer-node-metrics:incoming-byte-rate:{client-id=producer-1, node-id=node--1}   : 0.000
producer-node-metrics:incoming-byte-rate:{client-id=producer-1, node-id=node-1}    : 25413.612
producer-node-metrics:incoming-byte-rate:{client-id=producer-1, node-id=node-2}    : 25348.216
producer-node-metrics:incoming-byte-rate:{client-id=producer-1, node-id=node-3}    : 26031.442
producer-node-metrics:incoming-byte-total:{client-id=producer-1, node-id=node--1}  : 585.000
producer-node-metrics:incoming-byte-total:{client-id=producer-1, node-id=node-1}   : 10326297.000
producer-node-metrics:incoming-byte-total:{client-id=producer-1, node-id=node-2}   : 10343223.000
producer-node-metrics:incoming-byte-total:{client-id=producer-1, node-id=node-3}   : 10333117.000
producer-node-metrics:outgoing-byte-rate:{client-id=producer-1, node-id=node--1}   : 0.000
producer-node-metrics:outgoing-byte-rate:{client-id=producer-1, node-id=node-1}    : 264798.772
producer-node-metrics:outgoing-byte-rate:{client-id=producer-1, node-id=node-2}    : 262936.914
producer-node-metrics:outgoing-byte-rate:{client-id=producer-1, node-id=node-3}    : 263926.471
producer-node-metrics:outgoing-byte-total:{client-id=producer-1, node-id=node--1}  : 67.000
producer-node-metrics:outgoing-byte-total:{client-id=producer-1, node-id=node-1}   : 107547709.000
producer-node-metrics:outgoing-byte-total:{client-id=producer-1, node-id=node-2}   : 107724260.000
producer-node-metrics:outgoing-byte-total:{client-id=producer-1, node-id=node-3}   : 107618558.000
producer-node-metrics:request-latency-avg:{client-id=producer-1, node-id=node--1}  : NaN
producer-node-metrics:request-latency-avg:{client-id=producer-1, node-id=node-1}   : 0.660
producer-node-metrics:request-latency-avg:{client-id=producer-1, node-id=node-2}   : 0.688
producer-node-metrics:request-latency-avg:{client-id=producer-1, node-id=node-3}   : 0.816
producer-node-metrics:request-latency-max:{client-id=producer-1, node-id=node--1}  : NaN
producer-node-metrics:request-latency-max:{client-id=producer-1, node-id=node-1}   : 18.000
producer-node-metrics:request-latency-max:{client-id=producer-1, node-id=node-2}   : 65.000
producer-node-metrics:request-latency-max:{client-id=producer-1, node-id=node-3}   : 35.000
producer-node-metrics:request-rate:{client-id=producer-1, node-id=node--1}         : 0.000
producer-node-metrics:request-rate:{client-id=producer-1, node-id=node-1}          : 409.891
producer-node-metrics:request-rate:{client-id=producer-1, node-id=node-2}          : 407.008
producer-node-metrics:request-rate:{client-id=producer-1, node-id=node-3}          : 408.524
producer-node-metrics:request-size-avg:{client-id=producer-1, node-id=node--1}     : NaN
producer-node-metrics:request-size-avg:{client-id=producer-1, node-id=node-1}      : 646.000
producer-node-metrics:request-size-avg:{client-id=producer-1, node-id=node-2}      : 646.000
producer-node-metrics:request-size-avg:{client-id=producer-1, node-id=node-3}      : 646.000
producer-node-metrics:request-size-max:{client-id=producer-1, node-id=node--1}     : NaN
producer-node-metrics:request-size-max:{client-id=producer-1, node-id=node-1}      : 646.000
producer-node-metrics:request-size-max:{client-id=producer-1, node-id=node-2}      : 646.000
producer-node-metrics:request-size-max:{client-id=producer-1, node-id=node-3}      : 646.000
producer-node-metrics:request-total:{client-id=producer-1, node-id=node--1}        : 2.000
producer-node-metrics:request-total:{client-id=producer-1, node-id=node-1}         : 166543.000
producer-node-metrics:request-total:{client-id=producer-1, node-id=node-2}         : 166817.000
producer-node-metrics:request-total:{client-id=producer-1, node-id=node-3}         : 166653.000
producer-node-metrics:response-rate:{client-id=producer-1, node-id=node--1}        : 0.000
producer-node-metrics:response-rate:{client-id=producer-1, node-id=node-1}         : 409.904
producer-node-metrics:response-rate:{client-id=producer-1, node-id=node-2}         : 408.852
producer-node-metrics:response-rate:{client-id=producer-1, node-id=node-3}         : 419.874
producer-node-metrics:response-total:{client-id=producer-1, node-id=node--1}       : 2.000
producer-node-metrics:response-total:{client-id=producer-1, node-id=node-1}        : 166542.000
producer-node-metrics:response-total:{client-id=producer-1, node-id=node-2}        : 166815.000
producer-node-metrics:response-total:{client-id=producer-1, node-id=node-3}        : 166652.000
producer-topic-metrics:byte-rate:{client-id=producer-1, topic=test-topic}          : 726447.001
producer-topic-metrics:byte-total:{client-id=producer-1, topic=test-topic}         : 287890047.000
producer-topic-metrics:compression-rate:{client-id=producer-1, topic=test-topic}   : 1.000
producer-topic-metrics:record-error-rate:{client-id=producer-1, topic=test-topic}  : 0.000
producer-topic-metrics:record-error-total:{client-id=producer-1, topic=test-topic} : 0.000
producer-topic-metrics:record-retry-rate:{client-id=producer-1, topic=test-topic}  : 0.000
producer-topic-metrics:record-retry-total:{client-id=producer-1, topic=test-topic} : 2.000
producer-topic-metrics:record-send-rate:{client-id=producer-1, topic=test-topic}   : 1261.230
producer-topic-metrics:record-send-total:{client-id=producer-1, topic=test-topic}  : 500002.000
Produce Time: 459.879
Aplication time: 460.6
Quantidade de mensagens: 500002
