Topic to send: test-topic
Topic to acks: 1
Records: 500000
Size: 500
Batch Size: 500

Metric Name                                                                          Value
app-info:commit-id:{client-id=producer-1}                                          : d12590634290dbc4
app-info:start-time-ms:{client-id=producer-1}                                      : 1618719248264
app-info:version:{client-id=producer-1}                                            : 2.3.1
kafka-metrics-count:count:{client-id=producer-1}                                   : 126.000
producer-metrics:batch-size-avg:{client-id=producer-1}                             : 576.000
producer-metrics:batch-size-max:{client-id=producer-1}                             : 576.000
producer-metrics:batch-split-rate:{client-id=producer-1}                           : 0.000
producer-metrics:batch-split-total:{client-id=producer-1}                          : 0.000
producer-metrics:buffer-available-bytes:{client-id=producer-1}                     : 33554432.000
producer-metrics:buffer-exhausted-rate:{client-id=producer-1}                      : 0.000
producer-metrics:buffer-exhausted-total:{client-id=producer-1}                     : 0.000
producer-metrics:buffer-total-bytes:{client-id=producer-1}                         : 33554432.000
producer-metrics:bufferpool-wait-ratio:{client-id=producer-1}                      : 0.000
producer-metrics:bufferpool-wait-time-total:{client-id=producer-1}                 : 0.000
producer-metrics:compression-rate-avg:{client-id=producer-1}                       : 1.000
producer-metrics:connection-close-rate:{client-id=producer-1}                      : 0.000
producer-metrics:connection-close-total:{client-id=producer-1}                     : 2.000
producer-metrics:connection-count:{client-id=producer-1}                           : 4.000
producer-metrics:connection-creation-rate:{client-id=producer-1}                   : 0.000
producer-metrics:connection-creation-total:{client-id=producer-1}                  : 6.000
producer-metrics:failed-authentication-rate:{client-id=producer-1}                 : 0.000
producer-metrics:failed-authentication-total:{client-id=producer-1}                : 0.000
producer-metrics:failed-reauthentication-rate:{client-id=producer-1}               : 0.000
producer-metrics:failed-reauthentication-total:{client-id=producer-1}              : 0.000
producer-metrics:incoming-byte-rate:{client-id=producer-1}                         : 83990.686
producer-metrics:incoming-byte-total:{client-id=producer-1}                        : 31002346.000
producer-metrics:io-ratio:{client-id=producer-1}                                   : 0.133
producer-metrics:io-time-ns-avg:{client-id=producer-1}                             : 32914.170
producer-metrics:io-wait-ratio:{client-id=producer-1}                              : 0.719
producer-metrics:io-wait-time-ns-avg:{client-id=producer-1}                        : 177557.252
producer-metrics:io-waittime-total:{client-id=producer-1}                          : 357907752431.000
producer-metrics:iotime-total:{client-id=producer-1}                               : 46523083865.000
producer-metrics:metadata-age:{client-id=producer-1}                               : 255.245
producer-metrics:network-io-rate:{client-id=producer-1}                            : 2709.292
producer-metrics:network-io-total:{client-id=producer-1}                           : 1000018.000
producer-metrics:outgoing-byte-rate:{client-id=producer-1}                         : 875253.352
producer-metrics:outgoing-byte-total:{client-id=producer-1}                        : 322889814.000
producer-metrics:produce-throttle-time-avg:{client-id=producer-1}                  : 0.000
producer-metrics:produce-throttle-time-max:{client-id=producer-1}                  : 0.000
producer-metrics:reauthentication-latency-avg:{client-id=producer-1}               : NaN
producer-metrics:reauthentication-latency-max:{client-id=producer-1}               : NaN
producer-metrics:record-error-rate:{client-id=producer-1}                          : 0.000
producer-metrics:record-error-total:{client-id=producer-1}                         : 0.000
producer-metrics:record-queue-time-avg:{client-id=producer-1}                      : 0.037
producer-metrics:record-queue-time-max:{client-id=producer-1}                      : 7.000
producer-metrics:record-retry-rate:{client-id=producer-1}                          : 0.000
producer-metrics:record-retry-total:{client-id=producer-1}                         : 1.000
producer-metrics:record-send-rate:{client-id=producer-1}                           : 1354.711
producer-metrics:record-send-total:{client-id=producer-1}                          : 500001.000
producer-metrics:record-size-avg:{client-id=producer-1}                            : 592.000
producer-metrics:record-size-max:{client-id=producer-1}                            : 592.000
producer-metrics:records-per-request-avg:{client-id=producer-1}                    : 1.000
producer-metrics:request-latency-avg:{client-id=producer-1}                        : 0.651
producer-metrics:request-latency-max:{client-id=producer-1}                        : 19.000
producer-metrics:request-rate:{client-id=producer-1}                               : 1354.668
producer-metrics:request-size-avg:{client-id=producer-1}                           : 646.000
producer-metrics:request-size-max:{client-id=producer-1}                           : 646.000
producer-metrics:request-total:{client-id=producer-1}                              : 500010.000
producer-metrics:requests-in-flight:{client-id=producer-1}                         : 0.000
producer-metrics:response-rate:{client-id=producer-1}                              : 1354.688
producer-metrics:response-total:{client-id=producer-1}                             : 500008.000
producer-metrics:select-rate:{client-id=producer-1}                                : 4051.575
producer-metrics:select-total:{client-id=producer-1}                               : 1495493.000
producer-metrics:successful-authentication-no-reauth-total:{client-id=producer-1}  : 0.000
producer-metrics:successful-authentication-rate:{client-id=producer-1}             : 0.000
producer-metrics:successful-authentication-total:{client-id=producer-1}            : 0.000
producer-metrics:successful-reauthentication-rate:{client-id=producer-1}           : 0.000
producer-metrics:successful-reauthentication-total:{client-id=producer-1}          : 0.000
producer-metrics:waiting-threads:{client-id=producer-1}                            : 0.000
producer-node-metrics:incoming-byte-rate:{client-id=producer-1, node-id=node--3}   : 0.000
producer-node-metrics:incoming-byte-rate:{client-id=producer-1, node-id=node-1}    : 27082.986
producer-node-metrics:incoming-byte-rate:{client-id=producer-1, node-id=node-2}    : 27274.267
producer-node-metrics:incoming-byte-rate:{client-id=producer-1, node-id=node-3}    : 27429.388
producer-node-metrics:incoming-byte-total:{client-id=producer-1, node-id=node--3}  : 585.000
producer-node-metrics:incoming-byte-total:{client-id=producer-1, node-id=node-1}   : 10332826.000
producer-node-metrics:incoming-byte-total:{client-id=producer-1, node-id=node-2}   : 10326006.000
producer-node-metrics:incoming-byte-total:{client-id=producer-1, node-id=node-3}   : 10342929.000
producer-node-metrics:outgoing-byte-rate:{client-id=producer-1, node-id=node--3}   : 0.000
producer-node-metrics:outgoing-byte-rate:{client-id=producer-1, node-id=node-1}    : 291530.708
producer-node-metrics:outgoing-byte-rate:{client-id=producer-1, node-id=node-2}    : 281753.719
producer-node-metrics:outgoing-byte-rate:{client-id=producer-1, node-id=node-3}    : 285865.103
producer-node-metrics:outgoing-byte-total:{client-id=producer-1, node-id=node--3}  : 67.000
producer-node-metrics:outgoing-byte-total:{client-id=producer-1, node-id=node-1}   : 107619118.000
producer-node-metrics:outgoing-byte-total:{client-id=producer-1, node-id=node-2}   : 107547063.000
producer-node-metrics:outgoing-byte-total:{client-id=producer-1, node-id=node-3}   : 107723566.000
producer-node-metrics:request-latency-avg:{client-id=producer-1, node-id=node--3}  : NaN
producer-node-metrics:request-latency-avg:{client-id=producer-1, node-id=node-1}   : 0.596
producer-node-metrics:request-latency-avg:{client-id=producer-1, node-id=node-2}   : 0.840
producer-node-metrics:request-latency-avg:{client-id=producer-1, node-id=node-3}   : 0.590
producer-node-metrics:request-latency-max:{client-id=producer-1, node-id=node--3}  : NaN
producer-node-metrics:request-latency-max:{client-id=producer-1, node-id=node-1}   : 19.000
producer-node-metrics:request-latency-max:{client-id=producer-1, node-id=node-2}   : 12.000
producer-node-metrics:request-latency-max:{client-id=producer-1, node-id=node-3}   : 69.000
producer-node-metrics:request-rate:{client-id=producer-1, node-id=node--3}         : 0.000
producer-node-metrics:request-rate:{client-id=producer-1, node-id=node-1}          : 451.258
producer-node-metrics:request-rate:{client-id=producer-1, node-id=node-2}          : 436.136
producer-node-metrics:request-rate:{client-id=producer-1, node-id=node-3}          : 442.486
producer-node-metrics:request-size-avg:{client-id=producer-1, node-id=node--3}     : NaN
producer-node-metrics:request-size-avg:{client-id=producer-1, node-id=node-1}      : 646.000
producer-node-metrics:request-size-avg:{client-id=producer-1, node-id=node-2}      : 646.000
producer-node-metrics:request-size-avg:{client-id=producer-1, node-id=node-3}      : 646.000
producer-node-metrics:request-size-max:{client-id=producer-1, node-id=node--3}     : NaN
producer-node-metrics:request-size-max:{client-id=producer-1, node-id=node-1}      : 646.000
producer-node-metrics:request-size-max:{client-id=producer-1, node-id=node-2}      : 646.000
producer-node-metrics:request-size-max:{client-id=producer-1, node-id=node-3}      : 646.000
producer-node-metrics:request-total:{client-id=producer-1, node-id=node--3}        : 2.000
producer-node-metrics:request-total:{client-id=producer-1, node-id=node-1}         : 166652.000
producer-node-metrics:request-total:{client-id=producer-1, node-id=node-2}         : 166542.000
producer-node-metrics:request-total:{client-id=producer-1, node-id=node-3}         : 166814.000
producer-node-metrics:response-rate:{client-id=producer-1, node-id=node--3}        : 0.000
producer-node-metrics:response-rate:{client-id=producer-1, node-id=node-1}         : 436.830
producer-node-metrics:response-rate:{client-id=producer-1, node-id=node-2}         : 439.908
producer-node-metrics:response-rate:{client-id=producer-1, node-id=node-3}         : 442.419
producer-node-metrics:response-total:{client-id=producer-1, node-id=node--3}       : 2.000
producer-node-metrics:response-total:{client-id=producer-1, node-id=node-1}        : 166651.000
producer-node-metrics:response-total:{client-id=producer-1, node-id=node-2}        : 166541.000
producer-node-metrics:response-total:{client-id=producer-1, node-id=node-3}        : 166814.000
producer-topic-metrics:byte-rate:{client-id=producer-1, topic=test-topic}          : 780313.424
producer-topic-metrics:byte-total:{client-id=producer-1, topic=test-topic}         : 287889471.000
producer-topic-metrics:compression-rate:{client-id=producer-1, topic=test-topic}   : 1.000
producer-topic-metrics:record-error-rate:{client-id=producer-1, topic=test-topic}  : 0.000
producer-topic-metrics:record-error-total:{client-id=producer-1, topic=test-topic} : 0.000
producer-topic-metrics:record-retry-rate:{client-id=producer-1, topic=test-topic}  : 0.000
producer-topic-metrics:record-retry-total:{client-id=producer-1, topic=test-topic} : 1.000
producer-topic-metrics:record-send-rate:{client-id=producer-1, topic=test-topic}   : 1354.711
producer-topic-metrics:record-send-total:{client-id=producer-1, topic=test-topic}  : 500001.000
Produce Time: 456.303
Aplication time: 456.963
Quantidade de mensagens: 500001
