Topic to send: test-topic
Topic to acks: -1
Records: 500000
Size: 500
Batch Size: 500

Metric Name                                                                          Value
app-info:commit-id:{client-id=producer-1}                                          : d12590634290dbc4
app-info:start-time-ms:{client-id=producer-1}                                      : 1618705415761
app-info:version:{client-id=producer-1}                                            : 2.3.1
kafka-metrics-count:count:{client-id=producer-1}                                   : 126.000
producer-metrics:batch-size-avg:{client-id=producer-1}                             : 576.000
producer-metrics:batch-size-max:{client-id=producer-1}                             : 576.000
producer-metrics:batch-split-rate:{client-id=producer-1}                           : 0.000
producer-metrics:batch-split-total:{client-id=producer-1}                          : 0.000
producer-metrics:buffer-available-bytes:{client-id=producer-1}                     : 33554432.000
producer-metrics:buffer-exhausted-rate:{client-id=producer-1}                      : 0.000
producer-metrics:buffer-exhausted-total:{client-id=producer-1}                     : 0.000
producer-metrics:buffer-total-bytes:{client-id=producer-1}                         : 33554432.000
producer-metrics:bufferpool-wait-ratio:{client-id=producer-1}                      : 0.000
producer-metrics:bufferpool-wait-time-total:{client-id=producer-1}                 : 0.000
producer-metrics:compression-rate-avg:{client-id=producer-1}                       : 1.000
producer-metrics:connection-close-rate:{client-id=producer-1}                      : 0.000
producer-metrics:connection-close-total:{client-id=producer-1}                     : 4.000
producer-metrics:connection-count:{client-id=producer-1}                           : 3.000
producer-metrics:connection-creation-rate:{client-id=producer-1}                   : 0.000
producer-metrics:connection-creation-total:{client-id=producer-1}                  : 7.000
producer-metrics:failed-authentication-rate:{client-id=producer-1}                 : 0.000
producer-metrics:failed-authentication-total:{client-id=producer-1}                : 0.000
producer-metrics:failed-reauthentication-rate:{client-id=producer-1}               : 0.000
producer-metrics:failed-reauthentication-total:{client-id=producer-1}              : 0.000
producer-metrics:incoming-byte-rate:{client-id=producer-1}                         : 41650.723
producer-metrics:incoming-byte-total:{client-id=producer-1}                        : 31003222.000
producer-metrics:io-ratio:{client-id=producer-1}                                   : 0.068
producer-metrics:io-time-ns-avg:{client-id=producer-1}                             : 33856.468
producer-metrics:io-wait-ratio:{client-id=producer-1}                              : 0.859
producer-metrics:io-wait-time-ns-avg:{client-id=producer-1}                        : 427936.655
producer-metrics:io-waittime-total:{client-id=producer-1}                          : 621331128954.000
producer-metrics:iotime-total:{client-id=producer-1}                               : 40233607710.000
producer-metrics:metadata-age:{client-id=producer-1}                               : 164.169
producer-metrics:network-io-rate:{client-id=producer-1}                            : 1339.452
producer-metrics:network-io-total:{client-id=producer-1}                           : 1000025.000
producer-metrics:outgoing-byte-rate:{client-id=producer-1}                         : 432709.497
producer-metrics:outgoing-byte-total:{client-id=producer-1}                        : 322890570.000
producer-metrics:produce-throttle-time-avg:{client-id=producer-1}                  : 0.000
producer-metrics:produce-throttle-time-max:{client-id=producer-1}                  : 0.000
producer-metrics:reauthentication-latency-avg:{client-id=producer-1}               : NaN
producer-metrics:reauthentication-latency-max:{client-id=producer-1}               : NaN
producer-metrics:record-error-rate:{client-id=producer-1}                          : 0.000
producer-metrics:record-error-total:{client-id=producer-1}                         : 0.000
producer-metrics:record-queue-time-avg:{client-id=producer-1}                      : 0.038
producer-metrics:record-queue-time-max:{client-id=producer-1}                      : 7.000
producer-metrics:record-retry-rate:{client-id=producer-1}                          : 0.000
producer-metrics:record-retry-total:{client-id=producer-1}                         : 2.000
producer-metrics:record-send-rate:{client-id=producer-1}                           : 671.766
producer-metrics:record-send-total:{client-id=producer-1}                          : 500002.000
producer-metrics:record-size-avg:{client-id=producer-1}                            : 592.000
producer-metrics:record-size-max:{client-id=producer-1}                            : 592.000
producer-metrics:records-per-request-avg:{client-id=producer-1}                    : 1.000
producer-metrics:request-latency-avg:{client-id=producer-1}                        : 1.394
producer-metrics:request-latency-max:{client-id=producer-1}                        : 65.000
producer-metrics:request-rate:{client-id=producer-1}                               : 669.730
producer-metrics:request-size-avg:{client-id=producer-1}                           : 646.000
producer-metrics:request-size-max:{client-id=producer-1}                           : 646.000
producer-metrics:request-total:{client-id=producer-1}                              : 500014.000
producer-metrics:requests-in-flight:{client-id=producer-1}                         : 0.000
producer-metrics:response-rate:{client-id=producer-1}                              : 671.786
producer-metrics:response-total:{client-id=producer-1}                             : 500011.000
producer-metrics:select-rate:{client-id=producer-1}                                : 2006.709
producer-metrics:select-total:{client-id=producer-1}                               : 1497096.000
producer-metrics:successful-authentication-no-reauth-total:{client-id=producer-1}  : 0.000
producer-metrics:successful-authentication-rate:{client-id=producer-1}             : 0.000
producer-metrics:successful-authentication-total:{client-id=producer-1}            : 0.000
producer-metrics:successful-reauthentication-rate:{client-id=producer-1}           : 0.000
producer-metrics:successful-reauthentication-total:{client-id=producer-1}          : 0.000
producer-metrics:waiting-threads:{client-id=producer-1}                            : 0.000
producer-node-metrics:incoming-byte-rate:{client-id=producer-1, node-id=node--3}   : 0.000
producer-node-metrics:incoming-byte-rate:{client-id=producer-1, node-id=node-1}    : 13668.930
producer-node-metrics:incoming-byte-rate:{client-id=producer-1, node-id=node-2}    : 13726.541
producer-node-metrics:incoming-byte-rate:{client-id=producer-1, node-id=node-3}    : 14043.673
producer-node-metrics:incoming-byte-total:{client-id=producer-1, node-id=node--3}  : 585.000
producer-node-metrics:incoming-byte-total:{client-id=producer-1, node-id=node-1}   : 10343223.000
producer-node-metrics:incoming-byte-total:{client-id=producer-1, node-id=node-2}   : 10333408.000
producer-node-metrics:incoming-byte-total:{client-id=producer-1, node-id=node-3}   : 10326006.000
producer-node-metrics:outgoing-byte-rate:{client-id=producer-1, node-id=node--3}   : 0.000
producer-node-metrics:outgoing-byte-rate:{client-id=producer-1, node-id=node-1}    : 142967.474
producer-node-metrics:outgoing-byte-rate:{client-id=producer-1, node-id=node-2}    : 142947.848
producer-node-metrics:outgoing-byte-rate:{client-id=producer-1, node-id=node-3}    : 147393.868
producer-node-metrics:outgoing-byte-total:{client-id=producer-1, node-id=node--3}  : 67.000
producer-node-metrics:outgoing-byte-total:{client-id=producer-1, node-id=node-1}   : 107724236.000
producer-node-metrics:outgoing-byte-total:{client-id=producer-1, node-id=node-2}   : 107618601.000
producer-node-metrics:outgoing-byte-total:{client-id=producer-1, node-id=node-3}   : 107547666.000
producer-node-metrics:request-latency-avg:{client-id=producer-1, node-id=node--3}  : NaN
producer-node-metrics:request-latency-avg:{client-id=producer-1, node-id=node-1}   : 1.525
producer-node-metrics:request-latency-avg:{client-id=producer-1, node-id=node-2}   : 1.526
producer-node-metrics:request-latency-avg:{client-id=producer-1, node-id=node-3}   : 1.173
producer-node-metrics:request-latency-max:{client-id=producer-1, node-id=node--3}  : NaN
producer-node-metrics:request-latency-max:{client-id=producer-1, node-id=node-1}   : 19.000
producer-node-metrics:request-latency-max:{client-id=producer-1, node-id=node-2}   : 9.000
producer-node-metrics:request-latency-max:{client-id=producer-1, node-id=node-3}   : 65.000
producer-node-metrics:request-rate:{client-id=producer-1, node-id=node--3}         : 0.000
producer-node-metrics:request-rate:{client-id=producer-1, node-id=node-1}          : 221.301
producer-node-metrics:request-rate:{client-id=producer-1, node-id=node-2}          : 221.274
producer-node-metrics:request-rate:{client-id=producer-1, node-id=node-3}          : 228.136
producer-node-metrics:request-size-avg:{client-id=producer-1, node-id=node--3}     : NaN
producer-node-metrics:request-size-avg:{client-id=producer-1, node-id=node-1}      : 646.000
producer-node-metrics:request-size-avg:{client-id=producer-1, node-id=node-2}      : 646.000
producer-node-metrics:request-size-avg:{client-id=producer-1, node-id=node-3}      : 646.000
producer-node-metrics:request-size-max:{client-id=producer-1, node-id=node--3}     : NaN
producer-node-metrics:request-size-max:{client-id=producer-1, node-id=node-1}      : 646.000
producer-node-metrics:request-size-max:{client-id=producer-1, node-id=node-2}      : 646.000
producer-node-metrics:request-size-max:{client-id=producer-1, node-id=node-3}      : 646.000
producer-node-metrics:request-total:{client-id=producer-1, node-id=node--3}        : 2.000
producer-node-metrics:request-total:{client-id=producer-1, node-id=node-1}         : 166816.000
producer-node-metrics:request-total:{client-id=producer-1, node-id=node-2}         : 166654.000
producer-node-metrics:request-total:{client-id=producer-1, node-id=node-3}         : 166542.000
producer-node-metrics:response-rate:{client-id=producer-1, node-id=node--3}        : 0.000
producer-node-metrics:response-rate:{client-id=producer-1, node-id=node-1}         : 220.467
producer-node-metrics:response-rate:{client-id=producer-1, node-id=node-2}         : 221.396
producer-node-metrics:response-rate:{client-id=producer-1, node-id=node-3}         : 226.511
producer-node-metrics:response-total:{client-id=producer-1, node-id=node--3}       : 2.000
producer-node-metrics:response-total:{client-id=producer-1, node-id=node-1}        : 166815.000
producer-node-metrics:response-total:{client-id=producer-1, node-id=node-2}        : 166653.000
producer-node-metrics:response-total:{client-id=producer-1, node-id=node-3}        : 166541.000
producer-topic-metrics:byte-rate:{client-id=producer-1, topic=test-topic}          : 386936.993
producer-topic-metrics:byte-total:{client-id=producer-1, topic=test-topic}         : 287890047.000
producer-topic-metrics:compression-rate:{client-id=producer-1, topic=test-topic}   : 1.000
producer-topic-metrics:record-error-rate:{client-id=producer-1, topic=test-topic}  : 0.000
producer-topic-metrics:record-error-total:{client-id=producer-1, topic=test-topic} : 0.000
producer-topic-metrics:record-retry-rate:{client-id=producer-1, topic=test-topic}  : 0.000
producer-topic-metrics:record-retry-total:{client-id=producer-1, topic=test-topic} : 2.000
producer-topic-metrics:record-send-rate:{client-id=producer-1, topic=test-topic}   : 671.766
producer-topic-metrics:record-send-total:{client-id=producer-1, topic=test-topic}  : 500002.000
Produce Time: 704.389
Aplication time: 705.065
Quantidade de mensagens: 500002
