Topic to send: test-topic
Topic to acks: 1
Records: 500000
Size: 500
Batch Size: 500

Metric Name                                                                          Value
app-info:commit-id:{client-id=producer-1}                                          : d12590634290dbc4
app-info:start-time-ms:{client-id=producer-1}                                      : 1618722640813
app-info:version:{client-id=producer-1}                                            : 2.3.1
kafka-metrics-count:count:{client-id=producer-1}                                   : 126.000
producer-metrics:batch-size-avg:{client-id=producer-1}                             : 576.000
producer-metrics:batch-size-max:{client-id=producer-1}                             : 576.000
producer-metrics:batch-split-rate:{client-id=producer-1}                           : 0.000
producer-metrics:batch-split-total:{client-id=producer-1}                          : 0.000
producer-metrics:buffer-available-bytes:{client-id=producer-1}                     : 33554432.000
producer-metrics:buffer-exhausted-rate:{client-id=producer-1}                      : 0.000
producer-metrics:buffer-exhausted-total:{client-id=producer-1}                     : 0.000
producer-metrics:buffer-total-bytes:{client-id=producer-1}                         : 33554432.000
producer-metrics:bufferpool-wait-ratio:{client-id=producer-1}                      : 0.000
producer-metrics:bufferpool-wait-time-total:{client-id=producer-1}                 : 0.000
producer-metrics:compression-rate-avg:{client-id=producer-1}                       : 1.000
producer-metrics:connection-close-rate:{client-id=producer-1}                      : 0.000
producer-metrics:connection-close-total:{client-id=producer-1}                     : 3.000
producer-metrics:connection-count:{client-id=producer-1}                           : 4.000
producer-metrics:connection-creation-rate:{client-id=producer-1}                   : 0.000
producer-metrics:connection-creation-total:{client-id=producer-1}                  : 7.000
producer-metrics:failed-authentication-rate:{client-id=producer-1}                 : 0.000
producer-metrics:failed-authentication-total:{client-id=producer-1}                : 0.000
producer-metrics:failed-reauthentication-rate:{client-id=producer-1}               : 0.000
producer-metrics:failed-reauthentication-total:{client-id=producer-1}              : 0.000
producer-metrics:incoming-byte-rate:{client-id=producer-1}                         : 87208.263
producer-metrics:incoming-byte-total:{client-id=producer-1}                        : 31003222.000
producer-metrics:io-ratio:{client-id=producer-1}                                   : 0.108
producer-metrics:io-time-ns-avg:{client-id=producer-1}                             : 25737.393
producer-metrics:io-wait-ratio:{client-id=producer-1}                              : 0.773
producer-metrics:io-wait-time-ns-avg:{client-id=producer-1}                        : 183888.996
producer-metrics:io-waittime-total:{client-id=producer-1}                          : 332715208618.000
producer-metrics:iotime-total:{client-id=producer-1}                               : 37330997021.000
producer-metrics:metadata-age:{client-id=producer-1}                               : 213.740
producer-metrics:network-io-rate:{client-id=producer-1}                            : 2813.112
producer-metrics:network-io-total:{client-id=producer-1}                           : 1000025.000
producer-metrics:outgoing-byte-rate:{client-id=producer-1}                         : 908738.757
producer-metrics:outgoing-byte-total:{client-id=producer-1}                        : 322891173.000
producer-metrics:produce-throttle-time-avg:{client-id=producer-1}                  : 0.000
producer-metrics:produce-throttle-time-max:{client-id=producer-1}                  : 0.000
producer-metrics:reauthentication-latency-avg:{client-id=producer-1}               : NaN
producer-metrics:reauthentication-latency-max:{client-id=producer-1}               : NaN
producer-metrics:record-error-rate:{client-id=producer-1}                          : 0.000
producer-metrics:record-error-total:{client-id=producer-1}                         : 0.000
producer-metrics:record-queue-time-avg:{client-id=producer-1}                      : 0.028
producer-metrics:record-queue-time-max:{client-id=producer-1}                      : 9.000
producer-metrics:record-retry-rate:{client-id=producer-1}                          : 0.000
producer-metrics:record-retry-total:{client-id=producer-1}                         : 3.000
producer-metrics:record-send-rate:{client-id=producer-1}                           : 1406.601
producer-metrics:record-send-total:{client-id=producer-1}                          : 500003.000
producer-metrics:record-size-avg:{client-id=producer-1}                            : 592.000
producer-metrics:record-size-max:{client-id=producer-1}                            : 592.000
producer-metrics:records-per-request-avg:{client-id=producer-1}                    : 1.000
producer-metrics:request-latency-avg:{client-id=producer-1}                        : 0.647
producer-metrics:request-latency-max:{client-id=producer-1}                        : 74.000
producer-metrics:request-rate:{client-id=producer-1}                               : 1406.573
producer-metrics:request-size-avg:{client-id=producer-1}                           : 646.000
producer-metrics:request-size-max:{client-id=producer-1}                           : 646.000
producer-metrics:request-total:{client-id=producer-1}                              : 500014.000
producer-metrics:requests-in-flight:{client-id=producer-1}                         : 0.000
producer-metrics:response-rate:{client-id=producer-1}                              : 1406.585
producer-metrics:response-total:{client-id=producer-1}                             : 500011.000
producer-metrics:select-rate:{client-id=producer-1}                                : 4201.306
producer-metrics:select-total:{client-id=producer-1}                               : 1493455.000
producer-metrics:successful-authentication-no-reauth-total:{client-id=producer-1}  : 0.000
producer-metrics:successful-authentication-rate:{client-id=producer-1}             : 0.000
producer-metrics:successful-authentication-total:{client-id=producer-1}            : 0.000
producer-metrics:successful-reauthentication-rate:{client-id=producer-1}           : 0.000
producer-metrics:successful-reauthentication-total:{client-id=producer-1}          : 0.000
producer-metrics:waiting-threads:{client-id=producer-1}                            : 0.000
producer-node-metrics:incoming-byte-rate:{client-id=producer-1, node-id=node--3}   : 0.000
producer-node-metrics:incoming-byte-rate:{client-id=producer-1, node-id=node-1}    : 29355.512
producer-node-metrics:incoming-byte-rate:{client-id=producer-1, node-id=node-2}    : 29626.433
producer-node-metrics:incoming-byte-rate:{client-id=producer-1, node-id=node-3}    : 29261.477
producer-node-metrics:incoming-byte-total:{client-id=producer-1, node-id=node--3}  : 585.000
producer-node-metrics:incoming-byte-total:{client-id=producer-1, node-id=node-1}   : 10333117.000
producer-node-metrics:incoming-byte-total:{client-id=producer-1, node-id=node-2}   : 10326588.000
producer-node-metrics:incoming-byte-total:{client-id=producer-1, node-id=node-3}   : 10342932.000
producer-node-metrics:outgoing-byte-rate:{client-id=producer-1, node-id=node--3}   : 0.000
producer-node-metrics:outgoing-byte-rate:{client-id=producer-1, node-id=node-1}    : 305879.243
producer-node-metrics:outgoing-byte-rate:{client-id=producer-1, node-id=node-2}    : 307003.825
producer-node-metrics:outgoing-byte-rate:{client-id=producer-1, node-id=node-3}    : 301962.036
producer-node-metrics:outgoing-byte-total:{client-id=producer-1, node-id=node--3}  : 67.000
producer-node-metrics:outgoing-byte-total:{client-id=producer-1, node-id=node-1}   : 107619161.000
producer-node-metrics:outgoing-byte-total:{client-id=producer-1, node-id=node-2}   : 107547752.000
producer-node-metrics:outgoing-byte-total:{client-id=producer-1, node-id=node-3}   : 107724193.000
producer-node-metrics:request-latency-avg:{client-id=producer-1, node-id=node--3}  : NaN
producer-node-metrics:request-latency-avg:{client-id=producer-1, node-id=node-1}   : 0.614
producer-node-metrics:request-latency-avg:{client-id=producer-1, node-id=node-2}   : 0.531
producer-node-metrics:request-latency-avg:{client-id=producer-1, node-id=node-3}   : 0.752
producer-node-metrics:request-latency-max:{client-id=producer-1, node-id=node--3}  : NaN
producer-node-metrics:request-latency-max:{client-id=producer-1, node-id=node-1}   : 68.000
producer-node-metrics:request-latency-max:{client-id=producer-1, node-id=node-2}   : 74.000
producer-node-metrics:request-latency-max:{client-id=producer-1, node-id=node-3}   : 11.000
producer-node-metrics:request-rate:{client-id=producer-1, node-id=node--3}         : 0.000
producer-node-metrics:request-rate:{client-id=producer-1, node-id=node-1}          : 473.476
producer-node-metrics:request-rate:{client-id=producer-1, node-id=node-2}          : 475.214
producer-node-metrics:request-rate:{client-id=producer-1, node-id=node-3}          : 467.394
producer-node-metrics:request-size-avg:{client-id=producer-1, node-id=node--3}     : NaN
producer-node-metrics:request-size-avg:{client-id=producer-1, node-id=node-1}      : 646.000
producer-node-metrics:request-size-avg:{client-id=producer-1, node-id=node-2}      : 646.000
producer-node-metrics:request-size-avg:{client-id=producer-1, node-id=node-3}      : 646.000
producer-node-metrics:request-size-max:{client-id=producer-1, node-id=node--3}     : NaN
producer-node-metrics:request-size-max:{client-id=producer-1, node-id=node-1}      : 646.000
producer-node-metrics:request-size-max:{client-id=producer-1, node-id=node-2}      : 646.000
producer-node-metrics:request-size-max:{client-id=producer-1, node-id=node-3}      : 646.000
producer-node-metrics:request-total:{client-id=producer-1, node-id=node--3}        : 2.000
producer-node-metrics:request-total:{client-id=producer-1, node-id=node-1}         : 166653.000
producer-node-metrics:request-total:{client-id=producer-1, node-id=node-2}         : 166544.000
producer-node-metrics:request-total:{client-id=producer-1, node-id=node-3}         : 166815.000
producer-node-metrics:response-rate:{client-id=producer-1, node-id=node--3}        : 0.000
producer-node-metrics:response-rate:{client-id=producer-1, node-id=node-1}         : 473.476
producer-node-metrics:response-rate:{client-id=producer-1, node-id=node-2}         : 477.846
producer-node-metrics:response-rate:{client-id=producer-1, node-id=node-3}         : 471.975
producer-node-metrics:response-total:{client-id=producer-1, node-id=node--3}       : 2.000
producer-node-metrics:response-total:{client-id=producer-1, node-id=node-1}        : 166652.000
producer-node-metrics:response-total:{client-id=producer-1, node-id=node-2}        : 166543.000
producer-node-metrics:response-total:{client-id=producer-1, node-id=node-3}        : 166814.000
producer-topic-metrics:byte-rate:{client-id=producer-1, topic=test-topic}          : 810202.454
producer-topic-metrics:byte-total:{client-id=producer-1, topic=test-topic}         : 287890623.000
producer-topic-metrics:compression-rate:{client-id=producer-1, topic=test-topic}   : 1.000
producer-topic-metrics:record-error-rate:{client-id=producer-1, topic=test-topic}  : 0.000
producer-topic-metrics:record-error-total:{client-id=producer-1, topic=test-topic} : 0.000
producer-topic-metrics:record-retry-rate:{client-id=producer-1, topic=test-topic}  : 0.000
producer-topic-metrics:record-retry-total:{client-id=producer-1, topic=test-topic} : 3.000
producer-topic-metrics:record-send-rate:{client-id=producer-1, topic=test-topic}   : 1406.601
producer-topic-metrics:record-send-total:{client-id=producer-1, topic=test-topic}  : 500003.000
Produce Time: 410.601
Aplication time: 411.177
Quantidade de mensagens: 500003
