Topic to send: test-topic
Topic to acks: 0
Records: 500000
Size: 500
Batch Size: 500

Metric Name                                                                          Value
app-info:commit-id:{client-id=producer-1}                                          : d12590634290dbc4
app-info:start-time-ms:{client-id=producer-1}                                      : 1612564790749
app-info:version:{client-id=producer-1}                                            : 2.3.1
kafka-metrics-count:count:{client-id=producer-1}                                   : 126.000
producer-metrics:batch-size-avg:{client-id=producer-1}                             : 576.000
producer-metrics:batch-size-max:{client-id=producer-1}                             : 576.000
producer-metrics:batch-split-rate:{client-id=producer-1}                           : 0.000
producer-metrics:batch-split-total:{client-id=producer-1}                          : 0.000
producer-metrics:buffer-available-bytes:{client-id=producer-1}                     : 33554432.000
producer-metrics:buffer-exhausted-rate:{client-id=producer-1}                      : 0.000
producer-metrics:buffer-exhausted-total:{client-id=producer-1}                     : 0.000
producer-metrics:buffer-total-bytes:{client-id=producer-1}                         : 33554432.000
producer-metrics:bufferpool-wait-ratio:{client-id=producer-1}                      : 0.000
producer-metrics:bufferpool-wait-time-total:{client-id=producer-1}                 : 0.000
producer-metrics:compression-rate-avg:{client-id=producer-1}                       : 1.000
producer-metrics:connection-close-rate:{client-id=producer-1}                      : 0.024
producer-metrics:connection-close-total:{client-id=producer-1}                     : 5.000
producer-metrics:connection-count:{client-id=producer-1}                           : 4.000
producer-metrics:connection-creation-rate:{client-id=producer-1}                   : 0.024
producer-metrics:connection-creation-total:{client-id=producer-1}                  : 9.000
producer-metrics:failed-authentication-rate:{client-id=producer-1}                 : 0.000
producer-metrics:failed-authentication-total:{client-id=producer-1}                : 0.000
producer-metrics:failed-reauthentication-rate:{client-id=producer-1}               : 0.000
producer-metrics:failed-reauthentication-total:{client-id=producer-1}              : 0.000
producer-metrics:incoming-byte-rate:{client-id=producer-1}                         : 14.136
producer-metrics:incoming-byte-total:{client-id=producer-1}                        : 4392.000
producer-metrics:io-ratio:{client-id=producer-1}                                   : 0.022
producer-metrics:io-time-ns-avg:{client-id=producer-1}                             : 8375.759
producer-metrics:io-wait-ratio:{client-id=producer-1}                              : 0.933
producer-metrics:io-wait-time-ns-avg:{client-id=producer-1}                        : 359188.239
producer-metrics:io-waittime-total:{client-id=producer-1}                          : 349877189052.000
producer-metrics:iotime-total:{client-id=producer-1}                               : 8678975306.000
producer-metrics:metadata-age:{client-id=producer-1}                               : 11.384
producer-metrics:network-io-rate:{client-id=producer-1}                            : 1301.737
producer-metrics:network-io-total:{client-id=producer-1}                           : 500030.000
producer-metrics:outgoing-byte-rate:{client-id=producer-1}                         : 841006.331
producer-metrics:outgoing-byte-total:{client-id=producer-1}                        : 322889369.000
producer-metrics:produce-throttle-time-avg:{client-id=producer-1}                  : 0.000
producer-metrics:produce-throttle-time-max:{client-id=producer-1}                  : 0.000
producer-metrics:reauthentication-latency-avg:{client-id=producer-1}               : NaN
producer-metrics:reauthentication-latency-max:{client-id=producer-1}               : NaN
producer-metrics:record-error-rate:{client-id=producer-1}                          : 0.000
producer-metrics:record-error-total:{client-id=producer-1}                         : 0.000
producer-metrics:record-queue-time-avg:{client-id=producer-1}                      : 0.098
producer-metrics:record-queue-time-max:{client-id=producer-1}                      : 5214.000
producer-metrics:record-retry-rate:{client-id=producer-1}                          : 0.024
producer-metrics:record-retry-total:{client-id=producer-1}                         : 5.000
producer-metrics:record-send-rate:{client-id=producer-1}                           : 1301.709
producer-metrics:record-send-total:{client-id=producer-1}                          : 500005.000
producer-metrics:record-size-avg:{client-id=producer-1}                            : 592.000
producer-metrics:record-size-max:{client-id=producer-1}                            : 592.000
producer-metrics:records-per-request-avg:{client-id=producer-1}                    : 1.000
producer-metrics:request-latency-avg:{client-id=producer-1}                        : NaN
producer-metrics:request-latency-max:{client-id=producer-1}                        : NaN
producer-metrics:request-rate:{client-id=producer-1}                               : 1301.723
producer-metrics:request-size-avg:{client-id=producer-1}                           : 645.981
producer-metrics:request-size-max:{client-id=producer-1}                           : 646.000
producer-metrics:request-total:{client-id=producer-1}                              : 500015.000
producer-metrics:requests-in-flight:{client-id=producer-1}                         : 0.000
producer-metrics:response-rate:{client-id=producer-1}                              : 0.048
producer-metrics:response-total:{client-id=producer-1}                             : 15.000
producer-metrics:select-rate:{client-id=producer-1}                                : 2596.669
producer-metrics:select-total:{client-id=producer-1}                               : 999111.000
producer-metrics:successful-authentication-no-reauth-total:{client-id=producer-1}  : 0.000
producer-metrics:successful-authentication-rate:{client-id=producer-1}             : 0.000
producer-metrics:successful-authentication-total:{client-id=producer-1}            : 0.000
producer-metrics:successful-reauthentication-rate:{client-id=producer-1}           : 0.000
producer-metrics:successful-reauthentication-total:{client-id=producer-1}          : 0.000
producer-metrics:waiting-threads:{client-id=producer-1}                            : 0.000
producer-node-metrics:incoming-byte-rate:{client-id=producer-1, node-id=node--3}   : 0.000
producer-node-metrics:incoming-byte-rate:{client-id=producer-1, node-id=node-1}    : 7.032
producer-node-metrics:incoming-byte-rate:{client-id=producer-1, node-id=node-2}    : 7.113
producer-node-metrics:incoming-byte-rate:{client-id=producer-1, node-id=node-3}    : 0.000
producer-node-metrics:incoming-byte-total:{client-id=producer-1, node-id=node--3}  : 585.000
producer-node-metrics:incoming-byte-total:{client-id=producer-1, node-id=node-1}   : 1755.000
producer-node-metrics:incoming-byte-total:{client-id=producer-1, node-id=node-2}   : 1467.000
producer-node-metrics:incoming-byte-total:{client-id=producer-1, node-id=node-3}   : 585.000
producer-node-metrics:outgoing-byte-rate:{client-id=producer-1, node-id=node--3}   : 0.000
producer-node-metrics:outgoing-byte-rate:{client-id=producer-1, node-id=node-1}    : 281093.100
producer-node-metrics:outgoing-byte-rate:{client-id=producer-1, node-id=node-2}    : 264409.238
producer-node-metrics:outgoing-byte-rate:{client-id=producer-1, node-id=node-3}    : 280659.224
producer-node-metrics:outgoing-byte-total:{client-id=producer-1, node-id=node--3}  : 67.000
producer-node-metrics:outgoing-byte-total:{client-id=producer-1, node-id=node-1}   : 107547173.000
producer-node-metrics:outgoing-byte-total:{client-id=producer-1, node-id=node-2}   : 107723638.000
producer-node-metrics:outgoing-byte-total:{client-id=producer-1, node-id=node-3}   : 107618491.000
producer-node-metrics:request-latency-avg:{client-id=producer-1, node-id=node--3}  : NaN
producer-node-metrics:request-latency-avg:{client-id=producer-1, node-id=node-1}   : NaN
producer-node-metrics:request-latency-avg:{client-id=producer-1, node-id=node-2}   : NaN
producer-node-metrics:request-latency-avg:{client-id=producer-1, node-id=node-3}   : NaN
producer-node-metrics:request-latency-max:{client-id=producer-1, node-id=node--3}  : NaN
producer-node-metrics:request-latency-max:{client-id=producer-1, node-id=node-1}   : NaN
producer-node-metrics:request-latency-max:{client-id=producer-1, node-id=node-2}   : NaN
producer-node-metrics:request-latency-max:{client-id=producer-1, node-id=node-3}   : NaN
producer-node-metrics:request-rate:{client-id=producer-1, node-id=node--3}         : 0.000
producer-node-metrics:request-rate:{client-id=producer-1, node-id=node-1}          : 435.121
producer-node-metrics:request-rate:{client-id=producer-1, node-id=node-2}          : 409.297
producer-node-metrics:request-rate:{client-id=producer-1, node-id=node-3}          : 434.414
producer-node-metrics:request-size-avg:{client-id=producer-1, node-id=node--3}     : NaN
producer-node-metrics:request-size-avg:{client-id=producer-1, node-id=node-1}      : 645.972
producer-node-metrics:request-size-avg:{client-id=producer-1, node-id=node-2}      : 645.968
producer-node-metrics:request-size-avg:{client-id=producer-1, node-id=node-3}      : 646.000
producer-node-metrics:request-size-max:{client-id=producer-1, node-id=node--3}     : NaN
producer-node-metrics:request-size-max:{client-id=producer-1, node-id=node-1}      : 646.000
producer-node-metrics:request-size-max:{client-id=producer-1, node-id=node-2}      : 646.000
producer-node-metrics:request-size-max:{client-id=producer-1, node-id=node-3}      : 646.000
producer-node-metrics:request-total:{client-id=producer-1, node-id=node--3}        : 2.000
producer-node-metrics:request-total:{client-id=producer-1, node-id=node-1}         : 166545.000
producer-node-metrics:request-total:{client-id=producer-1, node-id=node-2}         : 166817.000
producer-node-metrics:request-total:{client-id=producer-1, node-id=node-3}         : 166651.000
producer-node-metrics:response-rate:{client-id=producer-1, node-id=node--3}        : 0.000
producer-node-metrics:response-rate:{client-id=producer-1, node-id=node-1}         : 0.024
producer-node-metrics:response-rate:{client-id=producer-1, node-id=node-2}         : 0.024
producer-node-metrics:response-rate:{client-id=producer-1, node-id=node-3}         : 0.000
producer-node-metrics:response-total:{client-id=producer-1, node-id=node--3}       : 2.000
producer-node-metrics:response-total:{client-id=producer-1, node-id=node-1}        : 6.000
producer-node-metrics:response-total:{client-id=producer-1, node-id=node-2}        : 5.000
producer-node-metrics:response-total:{client-id=producer-1, node-id=node-3}        : 2.000
producer-topic-metrics:byte-rate:{client-id=producer-1, topic=test-topic}          : 749769.604
producer-topic-metrics:byte-total:{client-id=producer-1, topic=test-topic}         : 287891774.000
producer-topic-metrics:compression-rate:{client-id=producer-1, topic=test-topic}   : 1.000
producer-topic-metrics:record-error-rate:{client-id=producer-1, topic=test-topic}  : 0.000
producer-topic-metrics:record-error-total:{client-id=producer-1, topic=test-topic} : 0.000
producer-topic-metrics:record-retry-rate:{client-id=producer-1, topic=test-topic}  : 0.024
producer-topic-metrics:record-retry-total:{client-id=producer-1, topic=test-topic} : 5.000
producer-topic-metrics:record-send-rate:{client-id=producer-1, topic=test-topic}   : 1301.735
producer-topic-metrics:record-send-total:{client-id=producer-1, topic=test-topic}  : 500005.000
Produce Time: 381.919
Aplication time: 382.645
Quantidade de mensagens: 498842
