Topic to send: test-topic
Topic to acks: -1
Records: 500000
Size: 500
Batch Size: 500

Metric Name                                                                          Value
app-info:commit-id:{client-id=producer-1}                                          : d12590634290dbc4
app-info:start-time-ms:{client-id=producer-1}                                      : 1617126804456
app-info:version:{client-id=producer-1}                                            : 2.3.1
kafka-metrics-count:count:{client-id=producer-1}                                   : 126.000
producer-metrics:batch-size-avg:{client-id=producer-1}                             : 576.000
producer-metrics:batch-size-max:{client-id=producer-1}                             : 576.000
producer-metrics:batch-split-rate:{client-id=producer-1}                           : 0.000
producer-metrics:batch-split-total:{client-id=producer-1}                          : 0.000
producer-metrics:buffer-available-bytes:{client-id=producer-1}                     : 33554432.000
producer-metrics:buffer-exhausted-rate:{client-id=producer-1}                      : 0.000
producer-metrics:buffer-exhausted-total:{client-id=producer-1}                     : 0.000
producer-metrics:buffer-total-bytes:{client-id=producer-1}                         : 33554432.000
producer-metrics:bufferpool-wait-ratio:{client-id=producer-1}                      : 0.000
producer-metrics:bufferpool-wait-time-total:{client-id=producer-1}                 : 0.000
producer-metrics:compression-rate-avg:{client-id=producer-1}                       : 1.000
producer-metrics:connection-close-rate:{client-id=producer-1}                      : 0.000
producer-metrics:connection-close-total:{client-id=producer-1}                     : 2.000
producer-metrics:connection-count:{client-id=producer-1}                           : 3.000
producer-metrics:connection-creation-rate:{client-id=producer-1}                   : 0.000
producer-metrics:connection-creation-total:{client-id=producer-1}                  : 5.000
producer-metrics:failed-authentication-rate:{client-id=producer-1}                 : 0.000
producer-metrics:failed-authentication-total:{client-id=producer-1}                : 0.000
producer-metrics:failed-reauthentication-rate:{client-id=producer-1}               : 0.000
producer-metrics:failed-reauthentication-total:{client-id=producer-1}              : 0.000
producer-metrics:incoming-byte-rate:{client-id=producer-1}                         : 487.490
producer-metrics:incoming-byte-total:{client-id=producer-1}                        : 31069554.000
producer-metrics:io-ratio:{client-id=producer-1}                                   : 0.001
producer-metrics:io-time-ns-avg:{client-id=producer-1}                             : 48969.781
producer-metrics:io-wait-ratio:{client-id=producer-1}                              : 1.004
producer-metrics:io-wait-time-ns-avg:{client-id=producer-1}                        : 42985619.153
producer-metrics:io-waittime-total:{client-id=producer-1}                          : 67622302318209.000
producer-metrics:iotime-total:{client-id=producer-1}                               : 71802185103.000
producer-metrics:metadata-age:{client-id=producer-1}                               : 27.385
producer-metrics:network-io-rate:{client-id=producer-1}                            : 15.579
producer-metrics:network-io-total:{client-id=producer-1}                           : 1000523.000
producer-metrics:outgoing-byte-rate:{client-id=producer-1}                         : 5016.210
producer-metrics:outgoing-byte-total:{client-id=producer-1}                        : 322917521.000
producer-metrics:produce-throttle-time-avg:{client-id=producer-1}                  : 0.000
producer-metrics:produce-throttle-time-max:{client-id=producer-1}                  : 0.000
producer-metrics:reauthentication-latency-avg:{client-id=producer-1}               : NaN
producer-metrics:reauthentication-latency-max:{client-id=producer-1}               : NaN
producer-metrics:record-error-rate:{client-id=producer-1}                          : 0.000
producer-metrics:record-error-total:{client-id=producer-1}                         : 0.000
producer-metrics:record-queue-time-avg:{client-id=producer-1}                      : 0.047
producer-metrics:record-queue-time-max:{client-id=producer-1}                      : 1.000
producer-metrics:record-retry-rate:{client-id=producer-1}                          : 0.000
producer-metrics:record-retry-total:{client-id=producer-1}                         : 29.000
producer-metrics:record-send-rate:{client-id=producer-1}                           : 7.763
producer-metrics:record-send-total:{client-id=producer-1}                          : 500029.000
producer-metrics:record-size-avg:{client-id=producer-1}                            : 592.000
producer-metrics:record-size-max:{client-id=producer-1}                            : 592.000
producer-metrics:records-per-request-avg:{client-id=producer-1}                    : 1.000
producer-metrics:request-latency-avg:{client-id=producer-1}                        : 129.227
producer-metrics:request-latency-max:{client-id=producer-1}                        : 1896.000
producer-metrics:request-rate:{client-id=producer-1}                               : 7.781
producer-metrics:request-size-avg:{client-id=producer-1}                           : 644.645
producer-metrics:request-size-max:{client-id=producer-1}                           : 646.000
producer-metrics:request-total:{client-id=producer-1}                              : 500262.000
producer-metrics:requests-in-flight:{client-id=producer-1}                         : 0.000
producer-metrics:response-rate:{client-id=producer-1}                              : 7.798
producer-metrics:response-total:{client-id=producer-1}                             : 500261.000
producer-metrics:select-rate:{client-id=producer-1}                                : 23.360
producer-metrics:select-total:{client-id=producer-1}                               : 1500671.000
producer-metrics:successful-authentication-no-reauth-total:{client-id=producer-1}  : 0.000
producer-metrics:successful-authentication-rate:{client-id=producer-1}             : 0.000
producer-metrics:successful-authentication-total:{client-id=producer-1}            : 0.000
producer-metrics:successful-reauthentication-rate:{client-id=producer-1}           : 0.000
producer-metrics:successful-reauthentication-total:{client-id=producer-1}          : 0.000
producer-metrics:waiting-threads:{client-id=producer-1}                            : 0.000
producer-node-metrics:incoming-byte-rate:{client-id=producer-1, node-id=node--3}   : 0.000
producer-node-metrics:incoming-byte-rate:{client-id=producer-1, node-id=node-1}    : 164.308
producer-node-metrics:incoming-byte-rate:{client-id=producer-1, node-id=node-2}    : 154.852
producer-node-metrics:incoming-byte-rate:{client-id=producer-1, node-id=node-3}    : 169.800
producer-node-metrics:incoming-byte-total:{client-id=producer-1, node-id=node--3}  : 585.000
producer-node-metrics:incoming-byte-total:{client-id=producer-1, node-id=node-1}   : 10347537.000
producer-node-metrics:incoming-byte-total:{client-id=producer-1, node-id=node-2}   : 10367667.000
producer-node-metrics:incoming-byte-total:{client-id=producer-1, node-id=node-3}   : 10353765.000
producer-node-metrics:outgoing-byte-rate:{client-id=producer-1, node-id=node--3}   : 0.000
producer-node-metrics:outgoing-byte-rate:{client-id=producer-1, node-id=node-1}    : 1480.282
producer-node-metrics:outgoing-byte-rate:{client-id=producer-1, node-id=node-2}    : 1612.927
producer-node-metrics:outgoing-byte-rate:{client-id=producer-1, node-id=node-3}    : 1779.439
producer-node-metrics:outgoing-byte-total:{client-id=producer-1, node-id=node--3}  : 67.000
producer-node-metrics:outgoing-byte-total:{client-id=producer-1, node-id=node-1}   : 107550221.000
producer-node-metrics:outgoing-byte-total:{client-id=producer-1, node-id=node-2}   : 107727844.000
producer-node-metrics:outgoing-byte-total:{client-id=producer-1, node-id=node-3}   : 107639389.000
producer-node-metrics:request-latency-avg:{client-id=producer-1, node-id=node--3}  : NaN
producer-node-metrics:request-latency-avg:{client-id=producer-1, node-id=node-1}   : 131.200
producer-node-metrics:request-latency-avg:{client-id=producer-1, node-id=node-2}   : 128.514
producer-node-metrics:request-latency-avg:{client-id=producer-1, node-id=node-3}   : 142.189
producer-node-metrics:request-latency-max:{client-id=producer-1, node-id=node--3}  : NaN
producer-node-metrics:request-latency-max:{client-id=producer-1, node-id=node-1}   : 645.000
producer-node-metrics:request-latency-max:{client-id=producer-1, node-id=node-2}   : 884.000
producer-node-metrics:request-latency-max:{client-id=producer-1, node-id=node-3}   : 1896.000
producer-node-metrics:request-rate:{client-id=producer-1, node-id=node--3}         : 0.000
producer-node-metrics:request-rate:{client-id=producer-1, node-id=node-1}          : 2.311
producer-node-metrics:request-rate:{client-id=producer-1, node-id=node-2}          : 2.497
producer-node-metrics:request-rate:{client-id=producer-1, node-id=node-3}          : 2.754
producer-node-metrics:request-size-avg:{client-id=producer-1, node-id=node--3}     : NaN
producer-node-metrics:request-size-avg:{client-id=producer-1, node-id=node-1}      : 640.518
producer-node-metrics:request-size-avg:{client-id=producer-1, node-id=node-2}      : 646.000
producer-node-metrics:request-size-avg:{client-id=producer-1, node-id=node-3}      : 646.000
producer-node-metrics:request-size-max:{client-id=producer-1, node-id=node--3}     : NaN
producer-node-metrics:request-size-max:{client-id=producer-1, node-id=node-1}      : 646.000
producer-node-metrics:request-size-max:{client-id=producer-1, node-id=node-2}      : 646.000
producer-node-metrics:request-size-max:{client-id=producer-1, node-id=node-3}      : 646.000
producer-node-metrics:request-total:{client-id=producer-1, node-id=node--3}        : 2.000
producer-node-metrics:request-total:{client-id=producer-1, node-id=node-1}         : 166615.000
producer-node-metrics:request-total:{client-id=producer-1, node-id=node-2}         : 166900.000
producer-node-metrics:request-total:{client-id=producer-1, node-id=node-3}         : 166745.000
producer-node-metrics:response-rate:{client-id=producer-1, node-id=node--3}        : 0.000
producer-node-metrics:response-rate:{client-id=producer-1, node-id=node-1}         : 2.541
producer-node-metrics:response-rate:{client-id=producer-1, node-id=node-2}         : 2.498
producer-node-metrics:response-rate:{client-id=producer-1, node-id=node-3}         : 2.739
producer-node-metrics:response-total:{client-id=producer-1, node-id=node--3}       : 2.000
producer-node-metrics:response-total:{client-id=producer-1, node-id=node-1}        : 166615.000
producer-node-metrics:response-total:{client-id=producer-1, node-id=node-2}        : 166899.000
producer-node-metrics:response-total:{client-id=producer-1, node-id=node-3}        : 166745.000
producer-topic-metrics:byte-rate:{client-id=producer-1, topic=test-topic}          : 4471.674
producer-topic-metrics:byte-total:{client-id=producer-1, topic=test-topic}         : 287905567.000
producer-topic-metrics:compression-rate:{client-id=producer-1, topic=test-topic}   : 1.000
producer-topic-metrics:record-error-rate:{client-id=producer-1, topic=test-topic}  : 0.000
producer-topic-metrics:record-error-total:{client-id=producer-1, topic=test-topic} : 0.000
producer-topic-metrics:record-retry-rate:{client-id=producer-1, topic=test-topic}  : 0.000
producer-topic-metrics:record-retry-total:{client-id=producer-1, topic=test-topic} : 29.000
producer-topic-metrics:record-send-rate:{client-id=producer-1, topic=test-topic}   : 7.763
producer-topic-metrics:record-send-total:{client-id=producer-1, topic=test-topic}  : 500029.000
Produce Time: 67776.734
Aplication time: 67777.484
Quantidade de mensagens: 500001
