Topic to send: test-topic
Topic to acks: 1
Records: 500000
Size: 500
Batch Size: 500

Metric Name                                                                          Value
app-info:commit-id:{client-id=producer-1}                                          : d12590634290dbc4
app-info:start-time-ms:{client-id=producer-1}                                      : 1615964570379
app-info:version:{client-id=producer-1}                                            : 2.3.1
kafka-metrics-count:count:{client-id=producer-1}                                   : 126.000
producer-metrics:batch-size-avg:{client-id=producer-1}                             : 576.000
producer-metrics:batch-size-max:{client-id=producer-1}                             : 576.000
producer-metrics:batch-split-rate:{client-id=producer-1}                           : 0.000
producer-metrics:batch-split-total:{client-id=producer-1}                          : 0.000
producer-metrics:buffer-available-bytes:{client-id=producer-1}                     : 33554432.000
producer-metrics:buffer-exhausted-rate:{client-id=producer-1}                      : 0.000
producer-metrics:buffer-exhausted-total:{client-id=producer-1}                     : 0.000
producer-metrics:buffer-total-bytes:{client-id=producer-1}                         : 33554432.000
producer-metrics:bufferpool-wait-ratio:{client-id=producer-1}                      : 0.000
producer-metrics:bufferpool-wait-time-total:{client-id=producer-1}                 : 0.000
producer-metrics:compression-rate-avg:{client-id=producer-1}                       : 1.000
producer-metrics:connection-close-rate:{client-id=producer-1}                      : 0.000
producer-metrics:connection-close-total:{client-id=producer-1}                     : 1.000
producer-metrics:connection-count:{client-id=producer-1}                           : 3.000
producer-metrics:connection-creation-rate:{client-id=producer-1}                   : 0.000
producer-metrics:connection-creation-total:{client-id=producer-1}                  : 4.000
producer-metrics:failed-authentication-rate:{client-id=producer-1}                 : 0.000
producer-metrics:failed-authentication-total:{client-id=producer-1}                : 0.000
producer-metrics:failed-reauthentication-rate:{client-id=producer-1}               : 0.000
producer-metrics:failed-reauthentication-total:{client-id=producer-1}              : 0.000
producer-metrics:incoming-byte-rate:{client-id=producer-1}                         : 1416.349
producer-metrics:incoming-byte-total:{client-id=producer-1}                        : 31022419.000
producer-metrics:io-ratio:{client-id=producer-1}                                   : 0.003
producer-metrics:io-time-ns-avg:{client-id=producer-1}                             : 42526.983
producer-metrics:io-wait-ratio:{client-id=producer-1}                              : 0.997
producer-metrics:io-wait-time-ns-avg:{client-id=producer-1}                        : 14612666.973
producer-metrics:io-waittime-total:{client-id=producer-1}                          : 21410367510560.000
producer-metrics:iotime-total:{client-id=producer-1}                               : 61707920019.000
producer-metrics:metadata-age:{client-id=producer-1}                               : 1.697
producer-metrics:network-io-rate:{client-id=producer-1}                            : 45.533
producer-metrics:network-io-total:{client-id=producer-1}                           : 1000154.000
producer-metrics:outgoing-byte-rate:{client-id=producer-1}                         : 14691.810
producer-metrics:outgoing-byte-total:{client-id=producer-1}                        : 322892130.000
producer-metrics:produce-throttle-time-avg:{client-id=producer-1}                  : 0.000
producer-metrics:produce-throttle-time-max:{client-id=producer-1}                  : 0.000
producer-metrics:reauthentication-latency-avg:{client-id=producer-1}               : NaN
producer-metrics:reauthentication-latency-max:{client-id=producer-1}               : NaN
producer-metrics:record-error-rate:{client-id=producer-1}                          : 0.000
producer-metrics:record-error-total:{client-id=producer-1}                         : 0.000
producer-metrics:record-queue-time-avg:{client-id=producer-1}                      : 0.098
producer-metrics:record-queue-time-max:{client-id=producer-1}                      : 1.000
producer-metrics:record-retry-rate:{client-id=producer-1}                          : 0.000
producer-metrics:record-retry-total:{client-id=producer-1}                         : 0.000
producer-metrics:record-send-rate:{client-id=producer-1}                           : 22.740
producer-metrics:record-send-total:{client-id=producer-1}                          : 500000.000
producer-metrics:record-size-avg:{client-id=producer-1}                            : 592.000
producer-metrics:record-size-max:{client-id=producer-1}                            : 592.000
producer-metrics:records-per-request-avg:{client-id=producer-1}                    : 1.000
producer-metrics:request-latency-avg:{client-id=producer-1}                        : 43.893
producer-metrics:request-latency-max:{client-id=producer-1}                        : 988.000
producer-metrics:request-rate:{client-id=producer-1}                               : 22.758
producer-metrics:request-size-avg:{client-id=producer-1}                           : 645.512
producer-metrics:request-size-max:{client-id=producer-1}                           : 646.000
producer-metrics:request-total:{client-id=producer-1}                              : 500077.000
producer-metrics:requests-in-flight:{client-id=producer-1}                         : 0.000
producer-metrics:response-rate:{client-id=producer-1}                              : 22.776
producer-metrics:response-total:{client-id=producer-1}                             : 500077.000
producer-metrics:select-rate:{client-id=producer-1}                                : 68.255
producer-metrics:select-total:{client-id=producer-1}                               : 1498882.000
producer-metrics:successful-authentication-no-reauth-total:{client-id=producer-1}  : 0.000
producer-metrics:successful-authentication-rate:{client-id=producer-1}             : 0.000
producer-metrics:successful-authentication-total:{client-id=producer-1}            : 0.000
producer-metrics:successful-reauthentication-rate:{client-id=producer-1}           : 0.000
producer-metrics:successful-reauthentication-total:{client-id=producer-1}          : 0.000
producer-metrics:waiting-threads:{client-id=producer-1}                            : 0.000
producer-node-metrics:incoming-byte-rate:{client-id=producer-1, node-id=node--3}   : 0.000
producer-node-metrics:incoming-byte-rate:{client-id=producer-1, node-id=node-1}    : 465.343
producer-node-metrics:incoming-byte-rate:{client-id=producer-1, node-id=node-2}    : 497.728
producer-node-metrics:incoming-byte-rate:{client-id=producer-1, node-id=node-3}    : 460.977
producer-node-metrics:incoming-byte-total:{client-id=producer-1, node-id=node--3}  : 585.000
producer-node-metrics:incoming-byte-total:{client-id=producer-1, node-id=node-1}   : 10332696.000
producer-node-metrics:incoming-byte-total:{client-id=producer-1, node-id=node-2}   : 10348749.000
producer-node-metrics:incoming-byte-total:{client-id=producer-1, node-id=node-3}   : 10340389.000
producer-node-metrics:outgoing-byte-rate:{client-id=producer-1, node-id=node--3}   : 0.000
producer-node-metrics:outgoing-byte-rate:{client-id=producer-1, node-id=node-1}    : 4803.727
producer-node-metrics:outgoing-byte-rate:{client-id=producer-1, node-id=node-2}    : 5079.033
producer-node-metrics:outgoing-byte-rate:{client-id=producer-1, node-id=node-3}    : 4707.191
producer-node-metrics:outgoing-byte-total:{client-id=producer-1, node-id=node--3}  : 67.000
producer-node-metrics:outgoing-byte-total:{client-id=producer-1, node-id=node-1}   : 107548028.000
producer-node-metrics:outgoing-byte-total:{client-id=producer-1, node-id=node-2}   : 107724426.000
producer-node-metrics:outgoing-byte-total:{client-id=producer-1, node-id=node-3}   : 107619609.000
producer-node-metrics:request-latency-avg:{client-id=producer-1, node-id=node--3}  : NaN
producer-node-metrics:request-latency-avg:{client-id=producer-1, node-id=node-1}   : 51.837
producer-node-metrics:request-latency-avg:{client-id=producer-1, node-id=node-2}   : 38.672
producer-node-metrics:request-latency-avg:{client-id=producer-1, node-id=node-3}   : 42.681
producer-node-metrics:request-latency-max:{client-id=producer-1, node-id=node--3}  : NaN
producer-node-metrics:request-latency-max:{client-id=producer-1, node-id=node-1}   : 988.000
producer-node-metrics:request-latency-max:{client-id=producer-1, node-id=node-2}   : 604.000
producer-node-metrics:request-latency-max:{client-id=producer-1, node-id=node-3}   : 488.000
producer-node-metrics:request-rate:{client-id=producer-1, node-id=node--3}         : 0.000
producer-node-metrics:request-rate:{client-id=producer-1, node-id=node-1}          : 7.436
producer-node-metrics:request-rate:{client-id=producer-1, node-id=node-2}          : 7.883
producer-node-metrics:request-rate:{client-id=producer-1, node-id=node-3}          : 7.286
producer-node-metrics:request-size-avg:{client-id=producer-1, node-id=node--3}     : NaN
producer-node-metrics:request-size-avg:{client-id=producer-1, node-id=node-1}      : 646.000
producer-node-metrics:request-size-avg:{client-id=producer-1, node-id=node-2}      : 644.287
producer-node-metrics:request-size-avg:{client-id=producer-1, node-id=node-3}      : 646.000
producer-node-metrics:request-size-max:{client-id=producer-1, node-id=node--3}     : NaN
producer-node-metrics:request-size-max:{client-id=producer-1, node-id=node-1}      : 646.000
producer-node-metrics:request-size-max:{client-id=producer-1, node-id=node-2}      : 646.000
producer-node-metrics:request-size-max:{client-id=producer-1, node-id=node-3}      : 646.000
producer-node-metrics:request-total:{client-id=producer-1, node-id=node--3}        : 2.000
producer-node-metrics:request-total:{client-id=producer-1, node-id=node-1}         : 166564.000
producer-node-metrics:request-total:{client-id=producer-1, node-id=node-2}         : 166834.000
producer-node-metrics:request-total:{client-id=producer-1, node-id=node-3}         : 166677.000
producer-node-metrics:response-rate:{client-id=producer-1, node-id=node--3}        : 0.000
producer-node-metrics:response-rate:{client-id=producer-1, node-id=node-1}         : 7.506
producer-node-metrics:response-rate:{client-id=producer-1, node-id=node-2}         : 7.958
producer-node-metrics:response-rate:{client-id=producer-1, node-id=node-3}         : 7.435
producer-node-metrics:response-total:{client-id=producer-1, node-id=node--3}       : 2.000
producer-node-metrics:response-total:{client-id=producer-1, node-id=node-1}        : 166564.000
producer-node-metrics:response-total:{client-id=producer-1, node-id=node-2}        : 166834.000
producer-node-metrics:response-total:{client-id=producer-1, node-id=node-3}        : 166677.000
producer-topic-metrics:byte-rate:{client-id=producer-1, topic=test-topic}          : 13098.146
producer-topic-metrics:byte-total:{client-id=producer-1, topic=test-topic}         : 287888895.000
producer-topic-metrics:compression-rate:{client-id=producer-1, topic=test-topic}   : 1.000
producer-topic-metrics:record-error-rate:{client-id=producer-1, topic=test-topic}  : 0.000
producer-topic-metrics:record-error-total:{client-id=producer-1, topic=test-topic} : 0.000
producer-topic-metrics:record-retry-rate:{client-id=producer-1, topic=test-topic}  : 0.000
producer-topic-metrics:record-retry-total:{client-id=producer-1, topic=test-topic} : 0.000
producer-topic-metrics:record-send-rate:{client-id=producer-1, topic=test-topic}   : 22.740
producer-topic-metrics:record-send-total:{client-id=producer-1, topic=test-topic}  : 500000.000
Produce Time: 21545.225
Aplication time: 21545.781
Quantidade de mensagens: 500000
