Topic to send: test-topic
Topic to acks: 0
Records: 500000
Size: 500
Batch Size: 500

Metric Name                                                                          Value
app-info:commit-id:{client-id=producer-1}                                          : d12590634290dbc4
app-info:start-time-ms:{client-id=producer-1}                                      : 1612557220322
app-info:version:{client-id=producer-1}                                            : 2.3.1
kafka-metrics-count:count:{client-id=producer-1}                                   : 126.000
producer-metrics:batch-size-avg:{client-id=producer-1}                             : 576.000
producer-metrics:batch-size-max:{client-id=producer-1}                             : 576.000
producer-metrics:batch-split-rate:{client-id=producer-1}                           : 0.000
producer-metrics:batch-split-total:{client-id=producer-1}                          : 0.000
producer-metrics:buffer-available-bytes:{client-id=producer-1}                     : 33554432.000
producer-metrics:buffer-exhausted-rate:{client-id=producer-1}                      : 0.000
producer-metrics:buffer-exhausted-total:{client-id=producer-1}                     : 0.000
producer-metrics:buffer-total-bytes:{client-id=producer-1}                         : 33554432.000
producer-metrics:bufferpool-wait-ratio:{client-id=producer-1}                      : 0.000
producer-metrics:bufferpool-wait-time-total:{client-id=producer-1}                 : 0.000
producer-metrics:compression-rate-avg:{client-id=producer-1}                       : 1.000
producer-metrics:connection-close-rate:{client-id=producer-1}                      : 0.032
producer-metrics:connection-close-total:{client-id=producer-1}                     : 9.000
producer-metrics:connection-count:{client-id=producer-1}                           : 4.000
producer-metrics:connection-creation-rate:{client-id=producer-1}                   : 0.032
producer-metrics:connection-creation-total:{client-id=producer-1}                  : 13.000
producer-metrics:failed-authentication-rate:{client-id=producer-1}                 : 0.000
producer-metrics:failed-authentication-total:{client-id=producer-1}                : 0.000
producer-metrics:failed-reauthentication-rate:{client-id=producer-1}               : 0.000
producer-metrics:failed-reauthentication-total:{client-id=producer-1}              : 0.000
producer-metrics:incoming-byte-rate:{client-id=producer-1}                         : 18.995
producer-metrics:incoming-byte-total:{client-id=producer-1}                        : 6732.000
producer-metrics:io-ratio:{client-id=producer-1}                                   : 0.026
producer-metrics:io-time-ns-avg:{client-id=producer-1}                             : 9113.544
producer-metrics:io-wait-ratio:{client-id=producer-1}                              : 0.917
producer-metrics:io-wait-time-ns-avg:{client-id=producer-1}                        : 323053.829
producer-metrics:io-waittime-total:{client-id=producer-1}                          : 347090539425.000
producer-metrics:iotime-total:{client-id=producer-1}                               : 9253317361.000
producer-metrics:metadata-age:{client-id=producer-1}                               : 30.649
producer-metrics:network-io-rate:{client-id=producer-1}                            : 1417.308
producer-metrics:network-io-total:{client-id=producer-1}                           : 500046.000
producer-metrics:outgoing-byte-rate:{client-id=producer-1}                         : 915642.425
producer-metrics:outgoing-byte-total:{client-id=producer-1}                        : 322889637.000
producer-metrics:produce-throttle-time-avg:{client-id=producer-1}                  : 0.000
producer-metrics:produce-throttle-time-max:{client-id=producer-1}                  : 0.000
producer-metrics:reauthentication-latency-avg:{client-id=producer-1}               : NaN
producer-metrics:reauthentication-latency-max:{client-id=producer-1}               : NaN
producer-metrics:record-error-rate:{client-id=producer-1}                          : 0.000
producer-metrics:record-error-total:{client-id=producer-1}                         : 0.000
producer-metrics:record-queue-time-avg:{client-id=producer-1}                      : 0.064
producer-metrics:record-queue-time-max:{client-id=producer-1}                      : 3008.000
producer-metrics:record-retry-rate:{client-id=producer-1}                          : 0.032
producer-metrics:record-retry-total:{client-id=producer-1}                         : 9.000
producer-metrics:record-send-rate:{client-id=producer-1}                           : 1417.313
producer-metrics:record-send-total:{client-id=producer-1}                          : 500009.000
producer-metrics:record-size-avg:{client-id=producer-1}                            : 592.000
producer-metrics:record-size-max:{client-id=producer-1}                            : 592.000
producer-metrics:records-per-request-avg:{client-id=producer-1}                    : 1.000
producer-metrics:request-latency-avg:{client-id=producer-1}                        : NaN
producer-metrics:request-latency-max:{client-id=producer-1}                        : NaN
producer-metrics:request-rate:{client-id=producer-1}                               : 1417.296
producer-metrics:request-size-avg:{client-id=producer-1}                           : 645.982
producer-metrics:request-size-max:{client-id=producer-1}                           : 646.000
producer-metrics:request-total:{client-id=producer-1}                              : 500023.000
producer-metrics:requests-in-flight:{client-id=producer-1}                         : 0.000
producer-metrics:response-rate:{client-id=producer-1}                              : 0.065
producer-metrics:response-total:{client-id=producer-1}                             : 23.000
producer-metrics:select-rate:{client-id=producer-1}                                : 2837.725
producer-metrics:select-total:{client-id=producer-1}                               : 1001069.000
producer-metrics:successful-authentication-no-reauth-total:{client-id=producer-1}  : 0.000
producer-metrics:successful-authentication-rate:{client-id=producer-1}             : 0.000
producer-metrics:successful-authentication-total:{client-id=producer-1}            : 0.000
producer-metrics:successful-reauthentication-rate:{client-id=producer-1}           : 0.000
producer-metrics:successful-reauthentication-total:{client-id=producer-1}          : 0.000
producer-metrics:waiting-threads:{client-id=producer-1}                            : 0.000
producer-node-metrics:incoming-byte-rate:{client-id=producer-1, node-id=node--3}   : 0.000
producer-node-metrics:incoming-byte-rate:{client-id=producer-1, node-id=node-1}    : 0.000
producer-node-metrics:incoming-byte-rate:{client-id=producer-1, node-id=node-2}    : 9.494
producer-node-metrics:incoming-byte-rate:{client-id=producer-1, node-id=node-3}    : 9.546
producer-node-metrics:incoming-byte-total:{client-id=producer-1, node-id=node--3}  : 585.000
producer-node-metrics:incoming-byte-total:{client-id=producer-1, node-id=node-1}   : 2049.000
producer-node-metrics:incoming-byte-total:{client-id=producer-1, node-id=node-2}   : 2046.000
producer-node-metrics:incoming-byte-total:{client-id=producer-1, node-id=node-3}   : 2052.000
producer-node-metrics:outgoing-byte-rate:{client-id=producer-1, node-id=node--3}   : 0.000
producer-node-metrics:outgoing-byte-rate:{client-id=producer-1, node-id=node-1}    : 306036.484
producer-node-metrics:outgoing-byte-rate:{client-id=producer-1, node-id=node-2}    : 303797.788
producer-node-metrics:outgoing-byte-rate:{client-id=producer-1, node-id=node-3}    : 305795.604
producer-node-metrics:outgoing-byte-total:{client-id=producer-1, node-id=node--3}  : 67.000
producer-node-metrics:outgoing-byte-total:{client-id=producer-1, node-id=node-1}   : 107547197.000
producer-node-metrics:outgoing-byte-total:{client-id=producer-1, node-id=node-2}   : 107723743.000
producer-node-metrics:outgoing-byte-total:{client-id=producer-1, node-id=node-3}   : 107618630.000
producer-node-metrics:request-latency-avg:{client-id=producer-1, node-id=node--3}  : NaN
producer-node-metrics:request-latency-avg:{client-id=producer-1, node-id=node-1}   : NaN
producer-node-metrics:request-latency-avg:{client-id=producer-1, node-id=node-2}   : NaN
producer-node-metrics:request-latency-avg:{client-id=producer-1, node-id=node-3}   : NaN
producer-node-metrics:request-latency-max:{client-id=producer-1, node-id=node--3}  : NaN
producer-node-metrics:request-latency-max:{client-id=producer-1, node-id=node-1}   : NaN
producer-node-metrics:request-latency-max:{client-id=producer-1, node-id=node-2}   : NaN
producer-node-metrics:request-latency-max:{client-id=producer-1, node-id=node-3}   : NaN
producer-node-metrics:request-rate:{client-id=producer-1, node-id=node--3}         : 0.000
producer-node-metrics:request-rate:{client-id=producer-1, node-id=node-1}          : 473.711
producer-node-metrics:request-rate:{client-id=producer-1, node-id=node-2}          : 470.275
producer-node-metrics:request-rate:{client-id=producer-1, node-id=node-3}          : 473.349
producer-node-metrics:request-size-avg:{client-id=producer-1, node-id=node--3}     : NaN
producer-node-metrics:request-size-avg:{client-id=producer-1, node-id=node-1}      : 646.000
producer-node-metrics:request-size-avg:{client-id=producer-1, node-id=node-2}      : 645.974
producer-node-metrics:request-size-avg:{client-id=producer-1, node-id=node-3}      : 645.973
producer-node-metrics:request-size-max:{client-id=producer-1, node-id=node--3}     : NaN
producer-node-metrics:request-size-max:{client-id=producer-1, node-id=node-1}      : 646.000
producer-node-metrics:request-size-max:{client-id=producer-1, node-id=node-2}      : 646.000
producer-node-metrics:request-size-max:{client-id=producer-1, node-id=node-3}      : 646.000
producer-node-metrics:request-total:{client-id=producer-1, node-id=node--3}        : 2.000
producer-node-metrics:request-total:{client-id=producer-1, node-id=node-1}         : 166546.000
producer-node-metrics:request-total:{client-id=producer-1, node-id=node-2}         : 166819.000
producer-node-metrics:request-total:{client-id=producer-1, node-id=node-3}         : 166656.000
producer-node-metrics:response-rate:{client-id=producer-1, node-id=node--3}        : 0.000
producer-node-metrics:response-rate:{client-id=producer-1, node-id=node-1}         : 0.000
producer-node-metrics:response-rate:{client-id=producer-1, node-id=node-2}         : 0.033
producer-node-metrics:response-rate:{client-id=producer-1, node-id=node-3}         : 0.032
producer-node-metrics:response-total:{client-id=producer-1, node-id=node--3}       : 2.000
producer-node-metrics:response-total:{client-id=producer-1, node-id=node-1}        : 7.000
producer-node-metrics:response-total:{client-id=producer-1, node-id=node-2}        : 7.000
producer-node-metrics:response-total:{client-id=producer-1, node-id=node-3}        : 7.000
producer-topic-metrics:byte-rate:{client-id=producer-1, topic=test-topic}          : 816355.585
producer-topic-metrics:byte-total:{client-id=producer-1, topic=test-topic}         : 287894078.000
producer-topic-metrics:compression-rate:{client-id=producer-1, topic=test-topic}   : 1.000
producer-topic-metrics:record-error-rate:{client-id=producer-1, topic=test-topic}  : 0.000
producer-topic-metrics:record-error-total:{client-id=producer-1, topic=test-topic} : 0.000
producer-topic-metrics:record-retry-rate:{client-id=producer-1, topic=test-topic}  : 0.032
producer-topic-metrics:record-retry-total:{client-id=producer-1, topic=test-topic} : 9.000
producer-topic-metrics:record-send-rate:{client-id=producer-1, topic=test-topic}   : 1417.342
producer-topic-metrics:record-send-total:{client-id=producer-1, topic=test-topic}  : 500009.000
Produce Time: 381.423
Aplication time: 382.134
Quantidade de mensagens: 497842
