Topic to send: test-topic
Topic to acks: 1
Records: 500000
Size: 500
Batch Size: 500

Metric Name                                                                          Value
app-info:commit-id:{client-id=producer-1}                                          : d12590634290dbc4
app-info:start-time-ms:{client-id=producer-1}                                      : 1613655799232
app-info:version:{client-id=producer-1}                                            : 2.3.1
kafka-metrics-count:count:{client-id=producer-1}                                   : 126.000
producer-metrics:batch-size-avg:{client-id=producer-1}                             : 576.000
producer-metrics:batch-size-max:{client-id=producer-1}                             : 576.000
producer-metrics:batch-split-rate:{client-id=producer-1}                           : 0.000
producer-metrics:batch-split-total:{client-id=producer-1}                          : 0.000
producer-metrics:buffer-available-bytes:{client-id=producer-1}                     : 33554432.000
producer-metrics:buffer-exhausted-rate:{client-id=producer-1}                      : 0.000
producer-metrics:buffer-exhausted-total:{client-id=producer-1}                     : 0.000
producer-metrics:buffer-total-bytes:{client-id=producer-1}                         : 33554432.000
producer-metrics:bufferpool-wait-ratio:{client-id=producer-1}                      : 0.000
producer-metrics:bufferpool-wait-time-total:{client-id=producer-1}                 : 0.000
producer-metrics:compression-rate-avg:{client-id=producer-1}                       : 1.000
producer-metrics:connection-close-rate:{client-id=producer-1}                      : 0.000
producer-metrics:connection-close-total:{client-id=producer-1}                     : 1.000
producer-metrics:connection-count:{client-id=producer-1}                           : 3.000
producer-metrics:connection-creation-rate:{client-id=producer-1}                   : 0.000
producer-metrics:connection-creation-total:{client-id=producer-1}                  : 4.000
producer-metrics:failed-authentication-rate:{client-id=producer-1}                 : 0.000
producer-metrics:failed-authentication-total:{client-id=producer-1}                : 0.000
producer-metrics:failed-reauthentication-rate:{client-id=producer-1}               : 0.000
producer-metrics:failed-reauthentication-total:{client-id=producer-1}              : 0.000
producer-metrics:incoming-byte-rate:{client-id=producer-1}                         : 4450.323
producer-metrics:incoming-byte-total:{client-id=producer-1}                        : 31008160.000
producer-metrics:io-ratio:{client-id=producer-1}                                   : 0.006
producer-metrics:io-time-ns-avg:{client-id=producer-1}                             : 26838.353
producer-metrics:io-wait-ratio:{client-id=producer-1}                              : 0.991
producer-metrics:io-wait-time-ns-avg:{client-id=producer-1}                        : 4610377.979
producer-metrics:io-waittime-total:{client-id=producer-1}                          : 7006166701218.000
producer-metrics:iotime-total:{client-id=producer-1}                               : 41817113500.000
producer-metrics:metadata-age:{client-id=producer-1}                               : 254.592
producer-metrics:network-io-rate:{client-id=producer-1}                            : 143.536
producer-metrics:network-io-total:{client-id=producer-1}                           : 1000056.000
producer-metrics:outgoing-byte-rate:{client-id=producer-1}                         : 46362.234
producer-metrics:outgoing-byte-total:{client-id=producer-1}                        : 322890023.000
producer-metrics:produce-throttle-time-avg:{client-id=producer-1}                  : 0.000
producer-metrics:produce-throttle-time-max:{client-id=producer-1}                  : 0.000
producer-metrics:reauthentication-latency-avg:{client-id=producer-1}               : NaN
producer-metrics:reauthentication-latency-max:{client-id=producer-1}               : NaN
producer-metrics:record-error-rate:{client-id=producer-1}                          : 0.000
producer-metrics:record-error-total:{client-id=producer-1}                         : 0.000
producer-metrics:record-queue-time-avg:{client-id=producer-1}                      : 0.040
producer-metrics:record-queue-time-max:{client-id=producer-1}                      : 1.000
producer-metrics:record-retry-rate:{client-id=producer-1}                          : 0.000
producer-metrics:record-retry-total:{client-id=producer-1}                         : 0.000
producer-metrics:record-send-rate:{client-id=producer-1}                           : 71.763
producer-metrics:record-send-total:{client-id=producer-1}                          : 500000.000
producer-metrics:record-size-avg:{client-id=producer-1}                            : 592.000
producer-metrics:record-size-max:{client-id=producer-1}                            : 592.000
producer-metrics:records-per-request-avg:{client-id=producer-1}                    : 1.000
producer-metrics:request-latency-avg:{client-id=producer-1}                        : 13.876
producer-metrics:request-latency-max:{client-id=producer-1}                        : 498.000
producer-metrics:request-rate:{client-id=producer-1}                               : 71.761
producer-metrics:request-size-avg:{client-id=producer-1}                           : 646.000
producer-metrics:request-size-max:{client-id=producer-1}                           : 646.000
producer-metrics:request-total:{client-id=producer-1}                              : 500028.000
producer-metrics:requests-in-flight:{client-id=producer-1}                         : 0.000
producer-metrics:response-rate:{client-id=producer-1}                              : 71.779
producer-metrics:response-total:{client-id=producer-1}                             : 500028.000
producer-metrics:select-rate:{client-id=producer-1}                                : 214.948
producer-metrics:select-total:{client-id=producer-1}                               : 1496606.000
producer-metrics:successful-authentication-no-reauth-total:{client-id=producer-1}  : 0.000
producer-metrics:successful-authentication-rate:{client-id=producer-1}             : 0.000
producer-metrics:successful-authentication-total:{client-id=producer-1}            : 0.000
producer-metrics:successful-reauthentication-rate:{client-id=producer-1}           : 0.000
producer-metrics:successful-reauthentication-total:{client-id=producer-1}          : 0.000
producer-metrics:waiting-threads:{client-id=producer-1}                            : 0.000
producer-node-metrics:incoming-byte-rate:{client-id=producer-1, node-id=node--1}   : 0.000
producer-node-metrics:incoming-byte-rate:{client-id=producer-1, node-id=node-1}    : 1529.644
producer-node-metrics:incoming-byte-rate:{client-id=producer-1, node-id=node-2}    : 1462.756
producer-node-metrics:incoming-byte-rate:{client-id=producer-1, node-id=node-3}    : 1461.551
producer-node-metrics:incoming-byte-total:{client-id=producer-1, node-id=node--1}  : 585.000
producer-node-metrics:incoming-byte-total:{client-id=producer-1, node-id=node-1}   : 10328622.000
producer-node-metrics:incoming-byte-total:{client-id=producer-1, node-id=node-2}   : 10344675.000
producer-node-metrics:incoming-byte-total:{client-id=producer-1, node-id=node-3}   : 10334278.000
producer-node-metrics:outgoing-byte-rate:{client-id=producer-1, node-id=node--1}   : 0.000
producer-node-metrics:outgoing-byte-rate:{client-id=producer-1, node-id=node-1}    : 15776.938
producer-node-metrics:outgoing-byte-rate:{client-id=producer-1, node-id=node-2}    : 15240.973
producer-node-metrics:outgoing-byte-rate:{client-id=producer-1, node-id=node-3}    : 15204.874
producer-node-metrics:outgoing-byte-total:{client-id=producer-1, node-id=node--1}  : 67.000
producer-node-metrics:outgoing-byte-total:{client-id=producer-1, node-id=node-1}   : 107547426.000
producer-node-metrics:outgoing-byte-total:{client-id=producer-1, node-id=node-2}   : 107723824.000
producer-node-metrics:outgoing-byte-total:{client-id=producer-1, node-id=node-3}   : 107618706.000
producer-node-metrics:request-latency-avg:{client-id=producer-1, node-id=node--1}  : NaN
producer-node-metrics:request-latency-avg:{client-id=producer-1, node-id=node-1}   : 14.146
producer-node-metrics:request-latency-avg:{client-id=producer-1, node-id=node-2}   : 12.977
producer-node-metrics:request-latency-avg:{client-id=producer-1, node-id=node-3}   : 14.252
producer-node-metrics:request-latency-max:{client-id=producer-1, node-id=node--1}  : NaN
producer-node-metrics:request-latency-max:{client-id=producer-1, node-id=node-1}   : 443.000
producer-node-metrics:request-latency-max:{client-id=producer-1, node-id=node-2}   : 496.000
producer-node-metrics:request-latency-max:{client-id=producer-1, node-id=node-3}   : 498.000
producer-node-metrics:request-rate:{client-id=producer-1, node-id=node--1}         : 0.000
producer-node-metrics:request-rate:{client-id=producer-1, node-id=node-1}          : 24.421
producer-node-metrics:request-rate:{client-id=producer-1, node-id=node-2}          : 23.592
producer-node-metrics:request-rate:{client-id=producer-1, node-id=node-3}          : 23.535
producer-node-metrics:request-size-avg:{client-id=producer-1, node-id=node--1}     : NaN
producer-node-metrics:request-size-avg:{client-id=producer-1, node-id=node-1}      : 646.000
producer-node-metrics:request-size-avg:{client-id=producer-1, node-id=node-2}      : 646.000
producer-node-metrics:request-size-avg:{client-id=producer-1, node-id=node-3}      : 646.000
producer-node-metrics:request-size-max:{client-id=producer-1, node-id=node--1}     : NaN
producer-node-metrics:request-size-max:{client-id=producer-1, node-id=node-1}      : 646.000
producer-node-metrics:request-size-max:{client-id=producer-1, node-id=node-2}      : 646.000
producer-node-metrics:request-size-max:{client-id=producer-1, node-id=node-3}      : 646.000
producer-node-metrics:request-total:{client-id=producer-1, node-id=node--1}        : 2.000
producer-node-metrics:request-total:{client-id=producer-1, node-id=node-1}         : 166550.000
producer-node-metrics:request-total:{client-id=producer-1, node-id=node-2}         : 166820.000
producer-node-metrics:request-total:{client-id=producer-1, node-id=node-3}         : 166656.000
producer-node-metrics:response-rate:{client-id=producer-1, node-id=node--1}        : 0.000
producer-node-metrics:response-rate:{client-id=producer-1, node-id=node-1}         : 24.672
producer-node-metrics:response-rate:{client-id=producer-1, node-id=node-2}         : 23.593
producer-node-metrics:response-rate:{client-id=producer-1, node-id=node-3}         : 23.573
producer-node-metrics:response-total:{client-id=producer-1, node-id=node--1}       : 2.000
producer-node-metrics:response-total:{client-id=producer-1, node-id=node-1}        : 166550.000
producer-node-metrics:response-total:{client-id=producer-1, node-id=node-2}        : 166820.000
producer-node-metrics:response-total:{client-id=producer-1, node-id=node-3}        : 166656.000
producer-topic-metrics:byte-rate:{client-id=producer-1, topic=test-topic}          : 41334.385
producer-topic-metrics:byte-total:{client-id=producer-1, topic=test-topic}         : 287888895.000
producer-topic-metrics:compression-rate:{client-id=producer-1, topic=test-topic}   : 1.000
producer-topic-metrics:record-error-rate:{client-id=producer-1, topic=test-topic}  : 0.000
producer-topic-metrics:record-error-total:{client-id=producer-1, topic=test-topic} : 0.000
producer-topic-metrics:record-retry-rate:{client-id=producer-1, topic=test-topic}  : 0.000
producer-topic-metrics:record-retry-total:{client-id=producer-1, topic=test-topic} : 0.000
producer-topic-metrics:record-send-rate:{client-id=producer-1, topic=test-topic}   : 71.763
producer-topic-metrics:record-send-total:{client-id=producer-1, topic=test-topic}  : 500000.000
Produce Time: 7095.336
Aplication time: 7096.017
Quantidade de mensagens: 500000
