Topic to send: test-topic
Topic to acks: -1
Records: 500000
Size: 500
Batch Size: 500

Metric Name                                                                          Value
app-info:commit-id:{client-id=producer-1}                                          : d12590634290dbc4
app-info:start-time-ms:{client-id=producer-1}                                      : 1613419762288
app-info:version:{client-id=producer-1}                                            : 2.3.1
kafka-metrics-count:count:{client-id=producer-1}                                   : 126.000
producer-metrics:batch-size-avg:{client-id=producer-1}                             : 576.000
producer-metrics:batch-size-max:{client-id=producer-1}                             : 576.000
producer-metrics:batch-split-rate:{client-id=producer-1}                           : 0.000
producer-metrics:batch-split-total:{client-id=producer-1}                          : 0.000
producer-metrics:buffer-available-bytes:{client-id=producer-1}                     : 33554432.000
producer-metrics:buffer-exhausted-rate:{client-id=producer-1}                      : 0.000
producer-metrics:buffer-exhausted-total:{client-id=producer-1}                     : 0.000
producer-metrics:buffer-total-bytes:{client-id=producer-1}                         : 33554432.000
producer-metrics:bufferpool-wait-ratio:{client-id=producer-1}                      : 0.000
producer-metrics:bufferpool-wait-time-total:{client-id=producer-1}                 : 0.000
producer-metrics:compression-rate-avg:{client-id=producer-1}                       : 1.000
producer-metrics:connection-close-rate:{client-id=producer-1}                      : 0.000
producer-metrics:connection-close-total:{client-id=producer-1}                     : 1.000
producer-metrics:connection-count:{client-id=producer-1}                           : 3.000
producer-metrics:connection-creation-rate:{client-id=producer-1}                   : 0.000
producer-metrics:connection-creation-total:{client-id=producer-1}                  : 4.000
producer-metrics:failed-authentication-rate:{client-id=producer-1}                 : 0.000
producer-metrics:failed-authentication-total:{client-id=producer-1}                : 0.000
producer-metrics:failed-reauthentication-rate:{client-id=producer-1}               : 0.000
producer-metrics:failed-reauthentication-total:{client-id=producer-1}              : 0.000
producer-metrics:incoming-byte-rate:{client-id=producer-1}                         : 1579.581
producer-metrics:incoming-byte-total:{client-id=producer-1}                        : 31021255.000
producer-metrics:io-ratio:{client-id=producer-1}                                   : 0.004
producer-metrics:io-time-ns-avg:{client-id=producer-1}                             : 49759.275
producer-metrics:io-wait-ratio:{client-id=producer-1}                              : 0.995
producer-metrics:io-wait-time-ns-avg:{client-id=producer-1}                        : 13030886.599
producer-metrics:io-waittime-total:{client-id=producer-1}                          : 20269373502869.000
producer-metrics:iotime-total:{client-id=producer-1}                               : 69556963129.000
producer-metrics:metadata-age:{client-id=producer-1}                               : 75.326
producer-metrics:network-io-rate:{client-id=producer-1}                            : 50.935
producer-metrics:network-io-total:{client-id=producer-1}                           : 1000146.000
producer-metrics:outgoing-byte-rate:{client-id=producer-1}                         : 16448.107
producer-metrics:outgoing-byte-total:{client-id=producer-1}                        : 322891958.000
producer-metrics:produce-throttle-time-avg:{client-id=producer-1}                  : 0.000
producer-metrics:produce-throttle-time-max:{client-id=producer-1}                  : 0.000
producer-metrics:reauthentication-latency-avg:{client-id=producer-1}               : NaN
producer-metrics:reauthentication-latency-max:{client-id=producer-1}               : NaN
producer-metrics:record-error-rate:{client-id=producer-1}                          : 0.000
producer-metrics:record-error-total:{client-id=producer-1}                         : 0.000
producer-metrics:record-queue-time-avg:{client-id=producer-1}                      : 0.053
producer-metrics:record-queue-time-max:{client-id=producer-1}                      : 1.000
producer-metrics:record-retry-rate:{client-id=producer-1}                          : 0.000
producer-metrics:record-retry-total:{client-id=producer-1}                         : 0.000
producer-metrics:record-send-rate:{client-id=producer-1}                           : 25.459
producer-metrics:record-send-total:{client-id=producer-1}                          : 500000.000
producer-metrics:record-size-avg:{client-id=producer-1}                            : 592.000
producer-metrics:record-size-max:{client-id=producer-1}                            : 592.000
producer-metrics:records-per-request-avg:{client-id=producer-1}                    : 1.000
producer-metrics:request-latency-avg:{client-id=producer-1}                        : 39.219
producer-metrics:request-latency-max:{client-id=producer-1}                        : 653.000
producer-metrics:request-rate:{client-id=producer-1}                               : 25.459
producer-metrics:request-size-avg:{client-id=producer-1}                           : 646.000
producer-metrics:request-size-max:{client-id=producer-1}                           : 646.000
producer-metrics:request-total:{client-id=producer-1}                              : 500073.000
producer-metrics:requests-in-flight:{client-id=producer-1}                         : 0.000
producer-metrics:response-rate:{client-id=producer-1}                              : 25.477
producer-metrics:response-total:{client-id=producer-1}                             : 500073.000
producer-metrics:select-rate:{client-id=producer-1}                                : 76.396
producer-metrics:select-total:{client-id=producer-1}                               : 1499826.000
producer-metrics:successful-authentication-no-reauth-total:{client-id=producer-1}  : 0.000
producer-metrics:successful-authentication-rate:{client-id=producer-1}             : 0.000
producer-metrics:successful-authentication-total:{client-id=producer-1}            : 0.000
producer-metrics:successful-reauthentication-rate:{client-id=producer-1}           : 0.000
producer-metrics:successful-reauthentication-total:{client-id=producer-1}          : 0.000
producer-metrics:waiting-threads:{client-id=producer-1}                            : 0.000
producer-node-metrics:incoming-byte-rate:{client-id=producer-1, node-id=node--3}   : 0.000
producer-node-metrics:incoming-byte-rate:{client-id=producer-1, node-id=node-1}    : 525.810
producer-node-metrics:incoming-byte-rate:{client-id=producer-1, node-id=node-2}    : 517.391
producer-node-metrics:incoming-byte-rate:{client-id=producer-1, node-id=node-3}    : 510.685
producer-node-metrics:incoming-byte-total:{client-id=producer-1, node-id=node--3}  : 585.000
producer-node-metrics:incoming-byte-total:{client-id=producer-1, node-id=node-1}   : 10348749.000
producer-node-metrics:incoming-byte-total:{client-id=producer-1, node-id=node-2}   : 10339807.000
producer-node-metrics:incoming-byte-total:{client-id=producer-1, node-id=node-3}   : 10332114.000
producer-node-metrics:outgoing-byte-rate:{client-id=producer-1, node-id=node--3}   : 0.000
producer-node-metrics:outgoing-byte-rate:{client-id=producer-1, node-id=node-1}    : 5609.650
producer-node-metrics:outgoing-byte-rate:{client-id=producer-1, node-id=node-2}    : 5528.880
producer-node-metrics:outgoing-byte-rate:{client-id=producer-1, node-id=node-3}    : 5313.523
producer-node-metrics:outgoing-byte-total:{client-id=producer-1, node-id=node--3}  : 67.000
producer-node-metrics:outgoing-byte-total:{client-id=producer-1, node-id=node-1}   : 107724426.000
producer-node-metrics:outgoing-byte-total:{client-id=producer-1, node-id=node-2}   : 107619523.000
producer-node-metrics:outgoing-byte-total:{client-id=producer-1, node-id=node-3}   : 107547942.000
producer-node-metrics:request-latency-avg:{client-id=producer-1, node-id=node--3}  : NaN
producer-node-metrics:request-latency-avg:{client-id=producer-1, node-id=node-1}   : 45.318
producer-node-metrics:request-latency-avg:{client-id=producer-1, node-id=node-2}   : 36.944
producer-node-metrics:request-latency-avg:{client-id=producer-1, node-id=node-3}   : 39.798
producer-node-metrics:request-latency-max:{client-id=producer-1, node-id=node--3}  : NaN
producer-node-metrics:request-latency-max:{client-id=producer-1, node-id=node-1}   : 648.000
producer-node-metrics:request-latency-max:{client-id=producer-1, node-id=node-2}   : 494.000
producer-node-metrics:request-latency-max:{client-id=producer-1, node-id=node-3}   : 653.000
producer-node-metrics:request-rate:{client-id=producer-1, node-id=node--3}         : 0.000
producer-node-metrics:request-rate:{client-id=producer-1, node-id=node-1}          : 8.683
producer-node-metrics:request-rate:{client-id=producer-1, node-id=node-2}          : 8.558
producer-node-metrics:request-rate:{client-id=producer-1, node-id=node-3}          : 8.225
producer-node-metrics:request-size-avg:{client-id=producer-1, node-id=node--3}     : NaN
producer-node-metrics:request-size-avg:{client-id=producer-1, node-id=node-1}      : 646.000
producer-node-metrics:request-size-avg:{client-id=producer-1, node-id=node-2}      : 646.000
producer-node-metrics:request-size-avg:{client-id=producer-1, node-id=node-3}      : 646.000
producer-node-metrics:request-size-max:{client-id=producer-1, node-id=node--3}     : NaN
producer-node-metrics:request-size-max:{client-id=producer-1, node-id=node-1}      : 646.000
producer-node-metrics:request-size-max:{client-id=producer-1, node-id=node-2}      : 646.000
producer-node-metrics:request-size-max:{client-id=producer-1, node-id=node-3}      : 646.000
producer-node-metrics:request-total:{client-id=producer-1, node-id=node--3}        : 2.000
producer-node-metrics:request-total:{client-id=producer-1, node-id=node-1}         : 166834.000
producer-node-metrics:request-total:{client-id=producer-1, node-id=node-2}         : 166675.000
producer-node-metrics:request-total:{client-id=producer-1, node-id=node-3}         : 166562.000
producer-node-metrics:response-rate:{client-id=producer-1, node-id=node--3}        : 0.000
producer-node-metrics:response-rate:{client-id=producer-1, node-id=node-1}         : 8.481
producer-node-metrics:response-rate:{client-id=producer-1, node-id=node-2}         : 8.345
producer-node-metrics:response-rate:{client-id=producer-1, node-id=node-3}         : 8.237
producer-node-metrics:response-total:{client-id=producer-1, node-id=node--3}       : 2.000
producer-node-metrics:response-total:{client-id=producer-1, node-id=node-1}        : 166834.000
producer-node-metrics:response-total:{client-id=producer-1, node-id=node-2}        : 166675.000
producer-node-metrics:response-total:{client-id=producer-1, node-id=node-3}        : 166562.000
producer-topic-metrics:byte-rate:{client-id=producer-1, topic=test-topic}          : 14664.179
producer-topic-metrics:byte-total:{client-id=producer-1, topic=test-topic}         : 287888895.000
producer-topic-metrics:compression-rate:{client-id=producer-1, topic=test-topic}   : 1.000
producer-topic-metrics:record-error-rate:{client-id=producer-1, topic=test-topic}  : 0.000
producer-topic-metrics:record-error-total:{client-id=producer-1, topic=test-topic} : 0.000
producer-topic-metrics:record-retry-rate:{client-id=producer-1, topic=test-topic}  : 0.000
producer-topic-metrics:record-retry-total:{client-id=producer-1, topic=test-topic} : 0.000
producer-topic-metrics:record-send-rate:{client-id=producer-1, topic=test-topic}   : 25.459
producer-topic-metrics:record-send-total:{client-id=producer-1, topic=test-topic}  : 500000.000
Produce Time: 20416.549
Aplication time: 20417.256
Quantidade de mensagens: 500000
