Topic to send: test-topic
Topic to acks: -1
Records: 500000
Size: 500
Batch Size: 500

Metric Name                                                                          Value
app-info:commit-id:{client-id=producer-1}                                          : d12590634290dbc4
app-info:start-time-ms:{client-id=producer-1}                                      : 1613504835532
app-info:version:{client-id=producer-1}                                            : 2.3.1
kafka-metrics-count:count:{client-id=producer-1}                                   : 126.000
producer-metrics:batch-size-avg:{client-id=producer-1}                             : 576.000
producer-metrics:batch-size-max:{client-id=producer-1}                             : 576.000
producer-metrics:batch-split-rate:{client-id=producer-1}                           : 0.000
producer-metrics:batch-split-total:{client-id=producer-1}                          : 0.000
producer-metrics:buffer-available-bytes:{client-id=producer-1}                     : 33554432.000
producer-metrics:buffer-exhausted-rate:{client-id=producer-1}                      : 0.000
producer-metrics:buffer-exhausted-total:{client-id=producer-1}                     : 0.000
producer-metrics:buffer-total-bytes:{client-id=producer-1}                         : 33554432.000
producer-metrics:bufferpool-wait-ratio:{client-id=producer-1}                      : 0.000
producer-metrics:bufferpool-wait-time-total:{client-id=producer-1}                 : 0.000
producer-metrics:compression-rate-avg:{client-id=producer-1}                       : 1.000
producer-metrics:connection-close-rate:{client-id=producer-1}                      : 0.000
producer-metrics:connection-close-total:{client-id=producer-1}                     : 1.000
producer-metrics:connection-count:{client-id=producer-1}                           : 3.000
producer-metrics:connection-creation-rate:{client-id=producer-1}                   : 0.000
producer-metrics:connection-creation-total:{client-id=producer-1}                  : 4.000
producer-metrics:failed-authentication-rate:{client-id=producer-1}                 : 0.000
producer-metrics:failed-authentication-total:{client-id=producer-1}                : 0.000
producer-metrics:failed-reauthentication-rate:{client-id=producer-1}               : 0.000
producer-metrics:failed-reauthentication-total:{client-id=producer-1}              : 0.000
producer-metrics:incoming-byte-rate:{client-id=producer-1}                         : 1488.804
producer-metrics:incoming-byte-total:{client-id=producer-1}                        : 31021255.000
producer-metrics:io-ratio:{client-id=producer-1}                                   : 0.003
producer-metrics:io-time-ns-avg:{client-id=producer-1}                             : 47872.633
producer-metrics:io-wait-ratio:{client-id=producer-1}                              : 0.997
producer-metrics:io-wait-time-ns-avg:{client-id=producer-1}                        : 13852628.413
producer-metrics:io-waittime-total:{client-id=producer-1}                          : 20372278866780.000
producer-metrics:iotime-total:{client-id=producer-1}                               : 68809248325.000
producer-metrics:metadata-age:{client-id=producer-1}                               : 180.074
producer-metrics:network-io-rate:{client-id=producer-1}                            : 48.000
producer-metrics:network-io-total:{client-id=producer-1}                           : 1000146.000
producer-metrics:outgoing-byte-rate:{client-id=producer-1}                         : 15498.416
producer-metrics:outgoing-byte-total:{client-id=producer-1}                        : 322891958.000
producer-metrics:produce-throttle-time-avg:{client-id=producer-1}                  : 0.000
producer-metrics:produce-throttle-time-max:{client-id=producer-1}                  : 0.000
producer-metrics:reauthentication-latency-avg:{client-id=producer-1}               : NaN
producer-metrics:reauthentication-latency-max:{client-id=producer-1}               : NaN
producer-metrics:record-error-rate:{client-id=producer-1}                          : 0.000
producer-metrics:record-error-total:{client-id=producer-1}                         : 0.000
producer-metrics:record-queue-time-avg:{client-id=producer-1}                      : 0.068
producer-metrics:record-queue-time-max:{client-id=producer-1}                      : 1.000
producer-metrics:record-retry-rate:{client-id=producer-1}                          : 0.000
producer-metrics:record-retry-total:{client-id=producer-1}                         : 0.000
producer-metrics:record-send-rate:{client-id=producer-1}                           : 23.989
producer-metrics:record-send-total:{client-id=producer-1}                          : 500000.000
producer-metrics:record-size-avg:{client-id=producer-1}                            : 592.000
producer-metrics:record-size-max:{client-id=producer-1}                            : 592.000
producer-metrics:records-per-request-avg:{client-id=producer-1}                    : 1.000
producer-metrics:request-latency-avg:{client-id=producer-1}                        : 41.617
producer-metrics:request-latency-max:{client-id=producer-1}                        : 505.000
producer-metrics:request-rate:{client-id=producer-1}                               : 23.988
producer-metrics:request-size-avg:{client-id=producer-1}                           : 646.000
producer-metrics:request-size-max:{client-id=producer-1}                           : 646.000
producer-metrics:request-total:{client-id=producer-1}                              : 500073.000
producer-metrics:requests-in-flight:{client-id=producer-1}                         : 0.000
producer-metrics:response-rate:{client-id=producer-1}                              : 24.012
producer-metrics:response-total:{client-id=producer-1}                             : 500073.000
producer-metrics:select-rate:{client-id=producer-1}                                : 71.967
producer-metrics:select-total:{client-id=producer-1}                               : 1499439.000
producer-metrics:successful-authentication-no-reauth-total:{client-id=producer-1}  : 0.000
producer-metrics:successful-authentication-rate:{client-id=producer-1}             : 0.000
producer-metrics:successful-authentication-total:{client-id=producer-1}            : 0.000
producer-metrics:successful-reauthentication-rate:{client-id=producer-1}           : 0.000
producer-metrics:successful-reauthentication-total:{client-id=producer-1}          : 0.000
producer-metrics:waiting-threads:{client-id=producer-1}                            : 0.000
producer-node-metrics:incoming-byte-rate:{client-id=producer-1, node-id=node--1}   : 0.000
producer-node-metrics:incoming-byte-rate:{client-id=producer-1, node-id=node-1}    : 502.791
producer-node-metrics:incoming-byte-rate:{client-id=producer-1, node-id=node-2}    : 477.610
producer-node-metrics:incoming-byte-rate:{client-id=producer-1, node-id=node-3}    : 499.242
producer-node-metrics:incoming-byte-total:{client-id=producer-1, node-id=node--1}  : 585.000
producer-node-metrics:incoming-byte-total:{client-id=producer-1, node-id=node-1}   : 10348167.000
producer-node-metrics:incoming-byte-total:{client-id=producer-1, node-id=node-2}   : 10340971.000
producer-node-metrics:incoming-byte-total:{client-id=producer-1, node-id=node-3}   : 10331532.000
producer-node-metrics:outgoing-byte-rate:{client-id=producer-1, node-id=node--1}   : 0.000
producer-node-metrics:outgoing-byte-rate:{client-id=producer-1, node-id=node-1}    : 5239.480
producer-node-metrics:outgoing-byte-rate:{client-id=producer-1, node-id=node-2}    : 4976.269
producer-node-metrics:outgoing-byte-rate:{client-id=producer-1, node-id=node-3}    : 5338.609
producer-node-metrics:outgoing-byte-total:{client-id=producer-1, node-id=node--1}  : 67.000
producer-node-metrics:outgoing-byte-total:{client-id=producer-1, node-id=node-1}   : 107724340.000
producer-node-metrics:outgoing-byte-total:{client-id=producer-1, node-id=node-2}   : 107619695.000
producer-node-metrics:outgoing-byte-total:{client-id=producer-1, node-id=node-3}   : 107547856.000
producer-node-metrics:request-latency-avg:{client-id=producer-1, node-id=node--1}  : NaN
producer-node-metrics:request-latency-avg:{client-id=producer-1, node-id=node-1}   : 42.799
producer-node-metrics:request-latency-avg:{client-id=producer-1, node-id=node-2}   : 41.994
producer-node-metrics:request-latency-avg:{client-id=producer-1, node-id=node-3}   : 41.309
producer-node-metrics:request-latency-max:{client-id=producer-1, node-id=node--1}  : NaN
producer-node-metrics:request-latency-max:{client-id=producer-1, node-id=node-1}   : 442.000
producer-node-metrics:request-latency-max:{client-id=producer-1, node-id=node-2}   : 505.000
producer-node-metrics:request-latency-max:{client-id=producer-1, node-id=node-3}   : 417.000
producer-node-metrics:request-rate:{client-id=producer-1, node-id=node--1}         : 0.000
producer-node-metrics:request-rate:{client-id=producer-1, node-id=node-1}          : 8.110
producer-node-metrics:request-rate:{client-id=producer-1, node-id=node-2}          : 7.703
producer-node-metrics:request-rate:{client-id=producer-1, node-id=node-3}          : 8.264
producer-node-metrics:request-size-avg:{client-id=producer-1, node-id=node--1}     : NaN
producer-node-metrics:request-size-avg:{client-id=producer-1, node-id=node-1}      : 646.000
producer-node-metrics:request-size-avg:{client-id=producer-1, node-id=node-2}      : 646.000
producer-node-metrics:request-size-avg:{client-id=producer-1, node-id=node-3}      : 646.000
producer-node-metrics:request-size-max:{client-id=producer-1, node-id=node--1}     : NaN
producer-node-metrics:request-size-max:{client-id=producer-1, node-id=node-1}      : 646.000
producer-node-metrics:request-size-max:{client-id=producer-1, node-id=node-2}      : 646.000
producer-node-metrics:request-size-max:{client-id=producer-1, node-id=node-3}      : 646.000
producer-node-metrics:request-total:{client-id=producer-1, node-id=node--1}        : 2.000
producer-node-metrics:request-total:{client-id=producer-1, node-id=node-1}         : 166832.000
producer-node-metrics:request-total:{client-id=producer-1, node-id=node-2}         : 166679.000
producer-node-metrics:request-total:{client-id=producer-1, node-id=node-3}         : 166560.000
producer-node-metrics:response-rate:{client-id=producer-1, node-id=node--1}        : 0.000
producer-node-metrics:response-rate:{client-id=producer-1, node-id=node-1}         : 8.110
producer-node-metrics:response-rate:{client-id=producer-1, node-id=node-2}         : 7.703
producer-node-metrics:response-rate:{client-id=producer-1, node-id=node-3}         : 8.052
producer-node-metrics:response-total:{client-id=producer-1, node-id=node--1}       : 2.000
producer-node-metrics:response-total:{client-id=producer-1, node-id=node-1}        : 166832.000
producer-node-metrics:response-total:{client-id=producer-1, node-id=node-2}        : 166679.000
producer-node-metrics:response-total:{client-id=producer-1, node-id=node-3}        : 166560.000
producer-topic-metrics:byte-rate:{client-id=producer-1, topic=test-topic}          : 13817.325
producer-topic-metrics:byte-total:{client-id=producer-1, topic=test-topic}         : 287888895.000
producer-topic-metrics:compression-rate:{client-id=producer-1, topic=test-topic}   : 1.000
producer-topic-metrics:record-error-rate:{client-id=producer-1, topic=test-topic}  : 0.000
producer-topic-metrics:record-error-total:{client-id=producer-1, topic=test-topic} : 0.000
producer-topic-metrics:record-retry-rate:{client-id=producer-1, topic=test-topic}  : 0.000
producer-topic-metrics:record-retry-total:{client-id=producer-1, topic=test-topic} : 0.000
producer-topic-metrics:record-send-rate:{client-id=producer-1, topic=test-topic}   : 23.989
producer-topic-metrics:record-send-total:{client-id=producer-1, topic=test-topic}  : 500000.000
Produce Time: 20521.084
Aplication time: 20521.824
Quantidade de mensagens: 500000
