Topic to send: test-topic
Topic to acks: 1
Records: 500000
Size: 500
Batch Size: 500

Metric Name                                                                          Value
app-info:commit-id:{client-id=producer-1}                                          : d12590634290dbc4
app-info:start-time-ms:{client-id=producer-1}                                      : 1613640373636
app-info:version:{client-id=producer-1}                                            : 2.3.1
kafka-metrics-count:count:{client-id=producer-1}                                   : 126.000
producer-metrics:batch-size-avg:{client-id=producer-1}                             : 576.000
producer-metrics:batch-size-max:{client-id=producer-1}                             : 576.000
producer-metrics:batch-split-rate:{client-id=producer-1}                           : 0.000
producer-metrics:batch-split-total:{client-id=producer-1}                          : 0.000
producer-metrics:buffer-available-bytes:{client-id=producer-1}                     : 33554432.000
producer-metrics:buffer-exhausted-rate:{client-id=producer-1}                      : 0.000
producer-metrics:buffer-exhausted-total:{client-id=producer-1}                     : 0.000
producer-metrics:buffer-total-bytes:{client-id=producer-1}                         : 33554432.000
producer-metrics:bufferpool-wait-ratio:{client-id=producer-1}                      : 0.000
producer-metrics:bufferpool-wait-time-total:{client-id=producer-1}                 : 0.000
producer-metrics:compression-rate-avg:{client-id=producer-1}                       : 1.000
producer-metrics:connection-close-rate:{client-id=producer-1}                      : 0.000
producer-metrics:connection-close-total:{client-id=producer-1}                     : 1.000
producer-metrics:connection-count:{client-id=producer-1}                           : 3.000
producer-metrics:connection-creation-rate:{client-id=producer-1}                   : 0.000
producer-metrics:connection-creation-total:{client-id=producer-1}                  : 4.000
producer-metrics:failed-authentication-rate:{client-id=producer-1}                 : 0.000
producer-metrics:failed-authentication-total:{client-id=producer-1}                : 0.000
producer-metrics:failed-reauthentication-rate:{client-id=producer-1}               : 0.000
producer-metrics:failed-reauthentication-total:{client-id=producer-1}              : 0.000
producer-metrics:incoming-byte-rate:{client-id=producer-1}                         : 5158.820
producer-metrics:incoming-byte-total:{client-id=producer-1}                        : 31008160.000
producer-metrics:io-ratio:{client-id=producer-1}                                   : 0.010
producer-metrics:io-time-ns-avg:{client-id=producer-1}                             : 39080.581
producer-metrics:io-wait-ratio:{client-id=producer-1}                              : 0.985
producer-metrics:io-wait-time-ns-avg:{client-id=producer-1}                        : 3950745.983
producer-metrics:io-waittime-total:{client-id=producer-1}                          : 6899692142180.000
producer-metrics:iotime-total:{client-id=producer-1}                               : 56740561275.000
producer-metrics:metadata-age:{client-id=producer-1}                               : 178.283
producer-metrics:network-io-rate:{client-id=producer-1}                            : 166.379
producer-metrics:network-io-total:{client-id=producer-1}                           : 1000056.000
producer-metrics:outgoing-byte-rate:{client-id=producer-1}                         : 53742.128
producer-metrics:outgoing-byte-total:{client-id=producer-1}                        : 322890023.000
producer-metrics:produce-throttle-time-avg:{client-id=producer-1}                  : 0.000
producer-metrics:produce-throttle-time-max:{client-id=producer-1}                  : 0.000
producer-metrics:reauthentication-latency-avg:{client-id=producer-1}               : NaN
producer-metrics:reauthentication-latency-max:{client-id=producer-1}               : NaN
producer-metrics:record-error-rate:{client-id=producer-1}                          : 0.000
producer-metrics:record-error-total:{client-id=producer-1}                         : 0.000
producer-metrics:record-queue-time-avg:{client-id=producer-1}                      : 0.060
producer-metrics:record-queue-time-max:{client-id=producer-1}                      : 6.000
producer-metrics:record-retry-rate:{client-id=producer-1}                          : 0.000
producer-metrics:record-retry-total:{client-id=producer-1}                         : 0.000
producer-metrics:record-send-rate:{client-id=producer-1}                           : 83.182
producer-metrics:record-send-total:{client-id=producer-1}                          : 500000.000
producer-metrics:record-size-avg:{client-id=producer-1}                            : 592.000
producer-metrics:record-size-max:{client-id=producer-1}                            : 592.000
producer-metrics:records-per-request-avg:{client-id=producer-1}                    : 1.000
producer-metrics:request-latency-avg:{client-id=producer-1}                        : 11.939
producer-metrics:request-latency-max:{client-id=producer-1}                        : 511.000
producer-metrics:request-rate:{client-id=producer-1}                               : 83.180
producer-metrics:request-size-avg:{client-id=producer-1}                           : 646.000
producer-metrics:request-size-max:{client-id=producer-1}                           : 646.000
producer-metrics:request-total:{client-id=producer-1}                              : 500028.000
producer-metrics:requests-in-flight:{client-id=producer-1}                         : 0.000
producer-metrics:response-rate:{client-id=producer-1}                              : 83.207
producer-metrics:response-total:{client-id=producer-1}                             : 500028.000
producer-metrics:select-rate:{client-id=producer-1}                                : 249.248
producer-metrics:select-total:{client-id=producer-1}                               : 1497563.000
producer-metrics:successful-authentication-no-reauth-total:{client-id=producer-1}  : 0.000
producer-metrics:successful-authentication-rate:{client-id=producer-1}             : 0.000
producer-metrics:successful-authentication-total:{client-id=producer-1}            : 0.000
producer-metrics:successful-reauthentication-rate:{client-id=producer-1}           : 0.000
producer-metrics:successful-reauthentication-total:{client-id=producer-1}          : 0.000
producer-metrics:waiting-threads:{client-id=producer-1}                            : 0.000
producer-node-metrics:incoming-byte-rate:{client-id=producer-1, node-id=node--2}   : 0.000
producer-node-metrics:incoming-byte-rate:{client-id=producer-1, node-id=node-1}    : 1784.530
producer-node-metrics:incoming-byte-rate:{client-id=producer-1, node-id=node-2}    : 1562.665
producer-node-metrics:incoming-byte-rate:{client-id=producer-1, node-id=node-3}    : 1733.329
producer-node-metrics:incoming-byte-total:{client-id=producer-1, node-id=node--2}  : 585.000
producer-node-metrics:incoming-byte-total:{client-id=producer-1, node-id=node-1}   : 10328331.000
producer-node-metrics:incoming-byte-total:{client-id=producer-1, node-id=node-2}   : 10344675.000
producer-node-metrics:incoming-byte-total:{client-id=producer-1, node-id=node-3}   : 10334569.000
producer-node-metrics:outgoing-byte-rate:{client-id=producer-1, node-id=node--2}   : 0.000
producer-node-metrics:outgoing-byte-rate:{client-id=producer-1, node-id=node-1}    : 16860.685
producer-node-metrics:outgoing-byte-rate:{client-id=producer-1, node-id=node-2}    : 16791.664
producer-node-metrics:outgoing-byte-rate:{client-id=producer-1, node-id=node-3}    : 16256.796
producer-node-metrics:outgoing-byte-total:{client-id=producer-1, node-id=node--2}  : 67.000
producer-node-metrics:outgoing-byte-total:{client-id=producer-1, node-id=node-1}   : 107547383.000
producer-node-metrics:outgoing-byte-total:{client-id=producer-1, node-id=node-2}   : 107723824.000
producer-node-metrics:outgoing-byte-total:{client-id=producer-1, node-id=node-3}   : 107618749.000
producer-node-metrics:request-latency-avg:{client-id=producer-1, node-id=node--2}  : NaN
producer-node-metrics:request-latency-avg:{client-id=producer-1, node-id=node-1}   : 9.043
producer-node-metrics:request-latency-avg:{client-id=producer-1, node-id=node-2}   : 13.798
producer-node-metrics:request-latency-avg:{client-id=producer-1, node-id=node-3}   : 13.492
producer-node-metrics:request-latency-max:{client-id=producer-1, node-id=node--2}  : NaN
producer-node-metrics:request-latency-max:{client-id=producer-1, node-id=node-1}   : 445.000
producer-node-metrics:request-latency-max:{client-id=producer-1, node-id=node-2}   : 488.000
producer-node-metrics:request-latency-max:{client-id=producer-1, node-id=node-3}   : 511.000
producer-node-metrics:request-rate:{client-id=producer-1, node-id=node--2}         : 0.000
producer-node-metrics:request-rate:{client-id=producer-1, node-id=node-1}          : 26.099
producer-node-metrics:request-rate:{client-id=producer-1, node-id=node-2}          : 25.993
producer-node-metrics:request-rate:{client-id=producer-1, node-id=node-3}          : 25.164
producer-node-metrics:request-size-avg:{client-id=producer-1, node-id=node--2}     : NaN
producer-node-metrics:request-size-avg:{client-id=producer-1, node-id=node-1}      : 646.000
producer-node-metrics:request-size-avg:{client-id=producer-1, node-id=node-2}      : 646.000
producer-node-metrics:request-size-avg:{client-id=producer-1, node-id=node-3}      : 646.000
producer-node-metrics:request-size-max:{client-id=producer-1, node-id=node--2}     : NaN
producer-node-metrics:request-size-max:{client-id=producer-1, node-id=node-1}      : 646.000
producer-node-metrics:request-size-max:{client-id=producer-1, node-id=node-2}      : 646.000
producer-node-metrics:request-size-max:{client-id=producer-1, node-id=node-3}      : 646.000
producer-node-metrics:request-total:{client-id=producer-1, node-id=node--2}        : 2.000
producer-node-metrics:request-total:{client-id=producer-1, node-id=node-1}         : 166549.000
producer-node-metrics:request-total:{client-id=producer-1, node-id=node-2}         : 166820.000
producer-node-metrics:request-total:{client-id=producer-1, node-id=node-3}         : 166657.000
producer-node-metrics:response-rate:{client-id=producer-1, node-id=node--2}        : 0.000
producer-node-metrics:response-rate:{client-id=producer-1, node-id=node-1}         : 28.783
producer-node-metrics:response-rate:{client-id=producer-1, node-id=node-2}         : 25.204
producer-node-metrics:response-rate:{client-id=producer-1, node-id=node-3}         : 27.957
producer-node-metrics:response-total:{client-id=producer-1, node-id=node--2}       : 2.000
producer-node-metrics:response-total:{client-id=producer-1, node-id=node-1}        : 166549.000
producer-node-metrics:response-total:{client-id=producer-1, node-id=node-2}        : 166820.000
producer-node-metrics:response-total:{client-id=producer-1, node-id=node-3}        : 166657.000
producer-topic-metrics:byte-rate:{client-id=producer-1, topic=test-topic}          : 47911.680
producer-topic-metrics:byte-total:{client-id=producer-1, topic=test-topic}         : 287888895.000
producer-topic-metrics:compression-rate:{client-id=producer-1, topic=test-topic}   : 1.000
producer-topic-metrics:record-error-rate:{client-id=producer-1, topic=test-topic}  : 0.000
producer-topic-metrics:record-error-total:{client-id=producer-1, topic=test-topic} : 0.000
producer-topic-metrics:record-retry-rate:{client-id=producer-1, topic=test-topic}  : 0.000
producer-topic-metrics:record-retry-total:{client-id=producer-1, topic=test-topic} : 0.000
producer-topic-metrics:record-send-rate:{client-id=producer-1, topic=test-topic}   : 83.182
producer-topic-metrics:record-send-total:{client-id=producer-1, topic=test-topic}  : 500000.000
Produce Time: 7019.324
Aplication time: 7020.062
Quantidade de mensagens: 500000
