Topic to send: test-topic
Topic to acks: -2
Records: 500000
Size: 500
Batch Size: 500

Metric Name                                                                          Value
app-info:commit-id:{client-id=producer-1}                                          : d12590634290dbc4
app-info:start-time-ms:{client-id=producer-1}                                      : 1612760279470
app-info:version:{client-id=producer-1}                                            : 2.3.1
kafka-metrics-count:count:{client-id=producer-1}                                   : 126.000
producer-metrics:batch-size-avg:{client-id=producer-1}                             : 576.000
producer-metrics:batch-size-max:{client-id=producer-1}                             : 576.000
producer-metrics:batch-split-rate:{client-id=producer-1}                           : 0.000
producer-metrics:batch-split-total:{client-id=producer-1}                          : 0.000
producer-metrics:buffer-available-bytes:{client-id=producer-1}                     : 33554432.000
producer-metrics:buffer-exhausted-rate:{client-id=producer-1}                      : 0.000
producer-metrics:buffer-exhausted-total:{client-id=producer-1}                     : 0.000
producer-metrics:buffer-total-bytes:{client-id=producer-1}                         : 33554432.000
producer-metrics:bufferpool-wait-ratio:{client-id=producer-1}                      : 0.000
producer-metrics:bufferpool-wait-time-total:{client-id=producer-1}                 : 0.000
producer-metrics:compression-rate-avg:{client-id=producer-1}                       : 1.000
producer-metrics:connection-close-rate:{client-id=producer-1}                      : 0.000
producer-metrics:connection-close-total:{client-id=producer-1}                     : 3.000
producer-metrics:connection-count:{client-id=producer-1}                           : 3.000
producer-metrics:connection-creation-rate:{client-id=producer-1}                   : 0.000
producer-metrics:connection-creation-total:{client-id=producer-1}                  : 6.000
producer-metrics:failed-authentication-rate:{client-id=producer-1}                 : 0.000
producer-metrics:failed-authentication-total:{client-id=producer-1}                : 0.000
producer-metrics:failed-reauthentication-rate:{client-id=producer-1}               : 0.000
producer-metrics:failed-reauthentication-total:{client-id=producer-1}              : 0.000
producer-metrics:incoming-byte-rate:{client-id=producer-1}                         : 5.909
producer-metrics:incoming-byte-total:{client-id=producer-1}                        : 4965.000
producer-metrics:io-ratio:{client-id=producer-1}                                   : 0.003
producer-metrics:io-time-ns-avg:{client-id=producer-1}                             : 6869.684
producer-metrics:io-wait-ratio:{client-id=producer-1}                              : 1.077
producer-metrics:io-wait-time-ns-avg:{client-id=producer-1}                        : 2673965.536
producer-metrics:io-waittime-total:{client-id=producer-1}                          : 2613597116055.000
producer-metrics:iotime-total:{client-id=producer-1}                               : 7212721186.000
producer-metrics:metadata-age:{client-id=producer-1}                               : 19.246
producer-metrics:network-io-rate:{client-id=producer-1}                            : 200.959
producer-metrics:network-io-total:{client-id=producer-1}                           : 500034.000
producer-metrics:outgoing-byte-rate:{client-id=producer-1}                         : 131822.676
producer-metrics:outgoing-byte-total:{client-id=producer-1}                        : 327889512.000
producer-metrics:produce-throttle-time-avg:{client-id=producer-1}                  : 0.000
producer-metrics:produce-throttle-time-max:{client-id=producer-1}                  : 0.000
producer-metrics:reauthentication-latency-avg:{client-id=producer-1}               : NaN
producer-metrics:reauthentication-latency-max:{client-id=producer-1}               : NaN
producer-metrics:record-error-rate:{client-id=producer-1}                          : 0.000
producer-metrics:record-error-total:{client-id=producer-1}                         : 0.000
producer-metrics:record-queue-time-avg:{client-id=producer-1}                      : 0.020
producer-metrics:record-queue-time-max:{client-id=producer-1}                      : 1.000
producer-metrics:record-retry-rate:{client-id=producer-1}                          : 0.000
producer-metrics:record-retry-total:{client-id=producer-1}                         : 1.000
producer-metrics:record-send-rate:{client-id=producer-1}                           : 200.910
producer-metrics:record-send-total:{client-id=producer-1}                          : 500001.000
producer-metrics:record-size-avg:{client-id=producer-1}                            : 592.000
producer-metrics:record-size-max:{client-id=producer-1}                            : 592.000
producer-metrics:records-per-request-avg:{client-id=producer-1}                    : 1.000
producer-metrics:request-latency-avg:{client-id=producer-1}                        : NaN
producer-metrics:request-latency-max:{client-id=producer-1}                        : NaN
producer-metrics:request-rate:{client-id=producer-1}                               : 200.944
producer-metrics:request-size-avg:{client-id=producer-1}                           : 655.943
producer-metrics:request-size-max:{client-id=producer-1}                           : 656.000
producer-metrics:request-total:{client-id=producer-1}                              : 500017.000
producer-metrics:requests-in-flight:{client-id=producer-1}                         : 0.000
producer-metrics:response-rate:{client-id=producer-1}                              : 0.020
producer-metrics:response-total:{client-id=producer-1}                             : 17.000
producer-metrics:select-rate:{client-id=producer-1}                                : 402.787
producer-metrics:select-total:{client-id=producer-1}                               : 1003335.000
producer-metrics:successful-authentication-no-reauth-total:{client-id=producer-1}  : 0.000
producer-metrics:successful-authentication-rate:{client-id=producer-1}             : 0.000
producer-metrics:successful-authentication-total:{client-id=producer-1}            : 0.000
producer-metrics:successful-reauthentication-rate:{client-id=producer-1}           : 0.000
producer-metrics:successful-reauthentication-total:{client-id=producer-1}          : 0.000
producer-metrics:waiting-threads:{client-id=producer-1}                            : 0.000
producer-node-metrics:incoming-byte-rate:{client-id=producer-1, node-id=node--3}   : 0.000
producer-node-metrics:incoming-byte-rate:{client-id=producer-1, node-id=node-1}    : 0.000
producer-node-metrics:incoming-byte-rate:{client-id=producer-1, node-id=node-2}    : 0.000
producer-node-metrics:incoming-byte-rate:{client-id=producer-1, node-id=node-3}    : 5.909
producer-node-metrics:incoming-byte-total:{client-id=producer-1, node-id=node--3}  : 585.000
producer-node-metrics:incoming-byte-total:{client-id=producer-1, node-id=node-1}   : 2334.000
producer-node-metrics:incoming-byte-total:{client-id=producer-1, node-id=node-2}   : 879.000
producer-node-metrics:incoming-byte-total:{client-id=producer-1, node-id=node-3}   : 1167.000
producer-node-metrics:outgoing-byte-rate:{client-id=producer-1, node-id=node--3}   : 0.000
producer-node-metrics:outgoing-byte-rate:{client-id=producer-1, node-id=node-1}    : 45101.536
producer-node-metrics:outgoing-byte-rate:{client-id=producer-1, node-id=node-2}    : 42827.223
producer-node-metrics:outgoing-byte-rate:{client-id=producer-1, node-id=node-3}    : 43887.351
producer-node-metrics:outgoing-byte-total:{client-id=producer-1, node-id=node--3}  : 67.000
producer-node-metrics:outgoing-byte-total:{client-id=producer-1, node-id=node-1}   : 109212668.000
producer-node-metrics:outgoing-byte-total:{client-id=producer-1, node-id=node-2}   : 109391710.000
producer-node-metrics:outgoing-byte-total:{client-id=producer-1, node-id=node-3}   : 109285067.000
producer-node-metrics:request-latency-avg:{client-id=producer-1, node-id=node--3}  : NaN
producer-node-metrics:request-latency-avg:{client-id=producer-1, node-id=node-1}   : NaN
producer-node-metrics:request-latency-avg:{client-id=producer-1, node-id=node-2}   : NaN
producer-node-metrics:request-latency-avg:{client-id=producer-1, node-id=node-3}   : NaN
producer-node-metrics:request-latency-max:{client-id=producer-1, node-id=node--3}  : NaN
producer-node-metrics:request-latency-max:{client-id=producer-1, node-id=node-1}   : NaN
producer-node-metrics:request-latency-max:{client-id=producer-1, node-id=node-2}   : NaN
producer-node-metrics:request-latency-max:{client-id=producer-1, node-id=node-3}   : NaN
producer-node-metrics:request-rate:{client-id=producer-1, node-id=node--3}         : 0.000
producer-node-metrics:request-rate:{client-id=producer-1, node-id=node-1}          : 68.748
producer-node-metrics:request-rate:{client-id=producer-1, node-id=node-2}          : 65.283
producer-node-metrics:request-rate:{client-id=producer-1, node-id=node-3}          : 66.914
producer-node-metrics:request-size-avg:{client-id=producer-1, node-id=node--3}     : NaN
producer-node-metrics:request-size-avg:{client-id=producer-1, node-id=node-1}      : 656.000
producer-node-metrics:request-size-avg:{client-id=producer-1, node-id=node-2}      : 656.000
producer-node-metrics:request-size-avg:{client-id=producer-1, node-id=node-3}      : 655.828
producer-node-metrics:request-size-max:{client-id=producer-1, node-id=node--3}     : NaN
producer-node-metrics:request-size-max:{client-id=producer-1, node-id=node-1}      : 656.000
producer-node-metrics:request-size-max:{client-id=producer-1, node-id=node-2}      : 656.000
producer-node-metrics:request-size-max:{client-id=producer-1, node-id=node-3}      : 656.000
producer-node-metrics:request-total:{client-id=producer-1, node-id=node--3}        : 2.000
producer-node-metrics:request-total:{client-id=producer-1, node-id=node-1}         : 166547.000
producer-node-metrics:request-total:{client-id=producer-1, node-id=node-2}         : 166815.000
producer-node-metrics:request-total:{client-id=producer-1, node-id=node-3}         : 166653.000
producer-node-metrics:response-rate:{client-id=producer-1, node-id=node--3}        : 0.000
producer-node-metrics:response-rate:{client-id=producer-1, node-id=node-1}         : 0.000
producer-node-metrics:response-rate:{client-id=producer-1, node-id=node-2}         : 0.000
producer-node-metrics:response-rate:{client-id=producer-1, node-id=node-3}         : 0.020
producer-node-metrics:response-total:{client-id=producer-1, node-id=node--3}       : 2.000
producer-node-metrics:response-total:{client-id=producer-1, node-id=node-1}        : 8.000
producer-node-metrics:response-total:{client-id=producer-1, node-id=node-2}        : 3.000
producer-node-metrics:response-total:{client-id=producer-1, node-id=node-3}        : 4.000
producer-topic-metrics:byte-rate:{client-id=producer-1, topic=test-topic}          : 115722.234
producer-topic-metrics:byte-total:{client-id=producer-1, topic=test-topic}         : 287889471.000
producer-topic-metrics:compression-rate:{client-id=producer-1, topic=test-topic}   : 1.000
producer-topic-metrics:record-error-rate:{client-id=producer-1, topic=test-topic}  : 0.000
producer-topic-metrics:record-error-total:{client-id=producer-1, topic=test-topic} : 0.000
producer-topic-metrics:record-retry-rate:{client-id=producer-1, topic=test-topic}  : 0.000
producer-topic-metrics:record-retry-total:{client-id=producer-1, topic=test-topic} : 1.000
producer-topic-metrics:record-send-rate:{client-id=producer-1, topic=test-topic}   : 200.910
producer-topic-metrics:record-send-total:{client-id=producer-1, topic=test-topic}  : 500001.000
Produce Time: 2642.356
Aplication time: 2642.934
Quantidade de mensagens: 500000
