Topic to send: test-topic
Topic to acks: 1
Records: 500000
Size: 500
Batch Size: 500

Metric Name                                                                          Value
app-info:commit-id:{client-id=producer-1}                                          : d12590634290dbc4
app-info:start-time-ms:{client-id=producer-1}                                      : 1613120179133
app-info:version:{client-id=producer-1}                                            : 2.3.1
kafka-metrics-count:count:{client-id=producer-1}                                   : 126.000
producer-metrics:batch-size-avg:{client-id=producer-1}                             : 576.000
producer-metrics:batch-size-max:{client-id=producer-1}                             : 576.000
producer-metrics:batch-split-rate:{client-id=producer-1}                           : 0.000
producer-metrics:batch-split-total:{client-id=producer-1}                          : 0.000
producer-metrics:buffer-available-bytes:{client-id=producer-1}                     : 33554432.000
producer-metrics:buffer-exhausted-rate:{client-id=producer-1}                      : 0.000
producer-metrics:buffer-exhausted-total:{client-id=producer-1}                     : 0.000
producer-metrics:buffer-total-bytes:{client-id=producer-1}                         : 33554432.000
producer-metrics:bufferpool-wait-ratio:{client-id=producer-1}                      : 0.000
producer-metrics:bufferpool-wait-time-total:{client-id=producer-1}                 : 0.000
producer-metrics:compression-rate-avg:{client-id=producer-1}                       : 1.000
producer-metrics:connection-close-rate:{client-id=producer-1}                      : 0.000
producer-metrics:connection-close-total:{client-id=producer-1}                     : 0.000
producer-metrics:connection-count:{client-id=producer-1}                           : 4.000
producer-metrics:connection-creation-rate:{client-id=producer-1}                   : 0.000
producer-metrics:connection-creation-total:{client-id=producer-1}                  : 4.000
producer-metrics:failed-authentication-rate:{client-id=producer-1}                 : 0.000
producer-metrics:failed-authentication-total:{client-id=producer-1}                : 0.000
producer-metrics:failed-reauthentication-rate:{client-id=producer-1}               : 0.000
producer-metrics:failed-reauthentication-total:{client-id=producer-1}              : 0.000
producer-metrics:incoming-byte-rate:{client-id=producer-1}                         : 84771.459
producer-metrics:incoming-byte-total:{client-id=producer-1}                        : 31001758.000
producer-metrics:io-ratio:{client-id=producer-1}                                   : 0.102
producer-metrics:io-time-ns-avg:{client-id=producer-1}                             : 25079.596
producer-metrics:io-wait-ratio:{client-id=producer-1}                              : 0.795
producer-metrics:io-wait-time-ns-avg:{client-id=producer-1}                        : 195060.836
producer-metrics:io-waittime-total:{client-id=producer-1}                          : 304071260117.000
producer-metrics:iotime-total:{client-id=producer-1}                               : 37523427825.000
producer-metrics:metadata-age:{client-id=producer-1}                               : 79.936
producer-metrics:network-io-rate:{client-id=producer-1}                            : 2734.459
producer-metrics:network-io-total:{client-id=producer-1}                           : 1000012.000
producer-metrics:outgoing-byte-rate:{client-id=producer-1}                         : 883334.614
producer-metrics:outgoing-byte-total:{client-id=producer-1}                        : 322889077.000
producer-metrics:produce-throttle-time-avg:{client-id=producer-1}                  : 0.000
producer-metrics:produce-throttle-time-max:{client-id=producer-1}                  : 0.000
producer-metrics:reauthentication-latency-avg:{client-id=producer-1}               : NaN
producer-metrics:reauthentication-latency-max:{client-id=producer-1}               : NaN
producer-metrics:record-error-rate:{client-id=producer-1}                          : 0.000
producer-metrics:record-error-total:{client-id=producer-1}                         : 0.000
producer-metrics:record-queue-time-avg:{client-id=producer-1}                      : 0.024
producer-metrics:record-queue-time-max:{client-id=producer-1}                      : 5.000
producer-metrics:record-retry-rate:{client-id=producer-1}                          : 0.000
producer-metrics:record-retry-total:{client-id=producer-1}                         : 0.000
producer-metrics:record-send-rate:{client-id=producer-1}                           : 1366.793
producer-metrics:record-send-total:{client-id=producer-1}                          : 500000.000
producer-metrics:record-size-avg:{client-id=producer-1}                            : 592.000
producer-metrics:record-size-max:{client-id=producer-1}                            : 592.000
producer-metrics:records-per-request-avg:{client-id=producer-1}                    : 1.000
producer-metrics:request-latency-avg:{client-id=producer-1}                        : 0.675
producer-metrics:request-latency-max:{client-id=producer-1}                        : 14.000
producer-metrics:request-rate:{client-id=producer-1}                               : 1367.254
producer-metrics:request-size-avg:{client-id=producer-1}                           : 646.000
producer-metrics:request-size-max:{client-id=producer-1}                           : 646.000
producer-metrics:request-total:{client-id=producer-1}                              : 500006.000
producer-metrics:requests-in-flight:{client-id=producer-1}                         : 0.000
producer-metrics:response-rate:{client-id=producer-1}                              : 1367.254
producer-metrics:response-total:{client-id=producer-1}                             : 500006.000
producer-metrics:select-rate:{client-id=producer-1}                                : 4078.197
producer-metrics:select-total:{client-id=producer-1}                               : 1490790.000
producer-metrics:successful-authentication-no-reauth-total:{client-id=producer-1}  : 0.000
producer-metrics:successful-authentication-rate:{client-id=producer-1}             : 0.000
producer-metrics:successful-authentication-total:{client-id=producer-1}            : 0.000
producer-metrics:successful-reauthentication-rate:{client-id=producer-1}           : 0.000
producer-metrics:successful-reauthentication-total:{client-id=producer-1}          : 0.000
producer-metrics:waiting-threads:{client-id=producer-1}                            : 0.000
producer-node-metrics:incoming-byte-rate:{client-id=producer-1, node-id=node--2}   : 0.000
producer-node-metrics:incoming-byte-rate:{client-id=producer-1, node-id=node-1}    : 28338.666
producer-node-metrics:incoming-byte-rate:{client-id=producer-1, node-id=node-2}    : 28122.026
producer-node-metrics:incoming-byte-rate:{client-id=producer-1, node-id=node-3}    : 28265.255
producer-node-metrics:incoming-byte-total:{client-id=producer-1, node-id=node--2}  : 585.000
producer-node-metrics:incoming-byte-total:{client-id=producer-1, node-id=node-1}   : 10326003.000
producer-node-metrics:incoming-byte-total:{client-id=producer-1, node-id=node-2}   : 10342638.000
producer-node-metrics:incoming-byte-total:{client-id=producer-1, node-id=node-3}   : 10332532.000
producer-node-metrics:outgoing-byte-rate:{client-id=producer-1, node-id=node--2}   : 0.000
producer-node-metrics:outgoing-byte-rate:{client-id=producer-1, node-id=node-1}    : 295298.001
producer-node-metrics:outgoing-byte-rate:{client-id=producer-1, node-id=node-2}    : 293019.264
producer-node-metrics:outgoing-byte-rate:{client-id=producer-1, node-id=node-3}    : 294517.556
producer-node-metrics:outgoing-byte-total:{client-id=producer-1, node-id=node--2}  : 67.000
producer-node-metrics:outgoing-byte-total:{client-id=producer-1, node-id=node-1}   : 107547039.000
producer-node-metrics:outgoing-byte-total:{client-id=producer-1, node-id=node-2}   : 107723523.000
producer-node-metrics:outgoing-byte-total:{client-id=producer-1, node-id=node-3}   : 107618448.000
producer-node-metrics:request-latency-avg:{client-id=producer-1, node-id=node--2}  : NaN
producer-node-metrics:request-latency-avg:{client-id=producer-1, node-id=node-1}   : 0.782
producer-node-metrics:request-latency-avg:{client-id=producer-1, node-id=node-2}   : 0.745
producer-node-metrics:request-latency-avg:{client-id=producer-1, node-id=node-3}   : 0.499
producer-node-metrics:request-latency-max:{client-id=producer-1, node-id=node--2}  : NaN
producer-node-metrics:request-latency-max:{client-id=producer-1, node-id=node-1}   : 14.000
producer-node-metrics:request-latency-max:{client-id=producer-1, node-id=node-2}   : 11.000
producer-node-metrics:request-latency-max:{client-id=producer-1, node-id=node-3}   : 7.000
producer-node-metrics:request-rate:{client-id=producer-1, node-id=node--2}         : 0.000
producer-node-metrics:request-rate:{client-id=producer-1, node-id=node-1}          : 457.099
producer-node-metrics:request-rate:{client-id=producer-1, node-id=node-2}          : 453.581
producer-node-metrics:request-rate:{client-id=producer-1, node-id=node-3}          : 455.882
producer-node-metrics:request-size-avg:{client-id=producer-1, node-id=node--2}     : NaN
producer-node-metrics:request-size-avg:{client-id=producer-1, node-id=node-1}      : 646.000
producer-node-metrics:request-size-avg:{client-id=producer-1, node-id=node-2}      : 646.000
producer-node-metrics:request-size-avg:{client-id=producer-1, node-id=node-3}      : 646.000
producer-node-metrics:request-size-max:{client-id=producer-1, node-id=node--2}     : NaN
producer-node-metrics:request-size-max:{client-id=producer-1, node-id=node-1}      : 646.000
producer-node-metrics:request-size-max:{client-id=producer-1, node-id=node-2}      : 646.000
producer-node-metrics:request-size-max:{client-id=producer-1, node-id=node-3}      : 646.000
producer-node-metrics:request-total:{client-id=producer-1, node-id=node--2}        : 2.000
producer-node-metrics:request-total:{client-id=producer-1, node-id=node-1}         : 166541.000
producer-node-metrics:request-total:{client-id=producer-1, node-id=node-2}         : 166813.000
producer-node-metrics:request-total:{client-id=producer-1, node-id=node-3}         : 166650.000
producer-node-metrics:response-rate:{client-id=producer-1, node-id=node--2}        : 0.000
producer-node-metrics:response-rate:{client-id=producer-1, node-id=node-1}         : 457.075
producer-node-metrics:response-rate:{client-id=producer-1, node-id=node-2}         : 453.581
producer-node-metrics:response-rate:{client-id=producer-1, node-id=node-3}         : 455.891
producer-node-metrics:response-total:{client-id=producer-1, node-id=node--2}       : 2.000
producer-node-metrics:response-total:{client-id=producer-1, node-id=node-1}        : 166541.000
producer-node-metrics:response-total:{client-id=producer-1, node-id=node-2}        : 166813.000
producer-node-metrics:response-total:{client-id=producer-1, node-id=node-3}        : 166650.000
producer-topic-metrics:byte-rate:{client-id=producer-1, topic=test-topic}          : 787253.889
producer-topic-metrics:byte-total:{client-id=producer-1, topic=test-topic}         : 287888895.000
producer-topic-metrics:compression-rate:{client-id=producer-1, topic=test-topic}   : 1.000
producer-topic-metrics:record-error-rate:{client-id=producer-1, topic=test-topic}  : 0.000
producer-topic-metrics:record-error-total:{client-id=producer-1, topic=test-topic} : 0.000
producer-topic-metrics:record-retry-rate:{client-id=producer-1, topic=test-topic}  : 0.000
producer-topic-metrics:record-retry-total:{client-id=producer-1, topic=test-topic} : 0.000
producer-topic-metrics:record-send-rate:{client-id=producer-1, topic=test-topic}   : 1366.788
producer-topic-metrics:record-send-total:{client-id=producer-1, topic=test-topic}  : 500000.000
Produce Time: 380.152
Aplication time: 380.893
Quantidade de mensagens: 500000
