Topic to send: test-topic
Topic to acks: 1
Records: 500000
Size: 500
Batch Size: 500

Metric Name                                                                          Value
app-info:commit-id:{client-id=producer-1}                                          : d12590634290dbc4
app-info:start-time-ms:{client-id=producer-1}                                      : 1613114862508
app-info:version:{client-id=producer-1}                                            : 2.3.1
kafka-metrics-count:count:{client-id=producer-1}                                   : 126.000
producer-metrics:batch-size-avg:{client-id=producer-1}                             : 576.000
producer-metrics:batch-size-max:{client-id=producer-1}                             : 576.000
producer-metrics:batch-split-rate:{client-id=producer-1}                           : 0.000
producer-metrics:batch-split-total:{client-id=producer-1}                          : 0.000
producer-metrics:buffer-available-bytes:{client-id=producer-1}                     : 33554432.000
producer-metrics:buffer-exhausted-rate:{client-id=producer-1}                      : 0.000
producer-metrics:buffer-exhausted-total:{client-id=producer-1}                     : 0.000
producer-metrics:buffer-total-bytes:{client-id=producer-1}                         : 33554432.000
producer-metrics:bufferpool-wait-ratio:{client-id=producer-1}                      : 0.000
producer-metrics:bufferpool-wait-time-total:{client-id=producer-1}                 : 0.000
producer-metrics:compression-rate-avg:{client-id=producer-1}                       : 1.000
producer-metrics:connection-close-rate:{client-id=producer-1}                      : 0.000
producer-metrics:connection-close-total:{client-id=producer-1}                     : 0.000
producer-metrics:connection-count:{client-id=producer-1}                           : 4.000
producer-metrics:connection-creation-rate:{client-id=producer-1}                   : 0.000
producer-metrics:connection-creation-total:{client-id=producer-1}                  : 4.000
producer-metrics:failed-authentication-rate:{client-id=producer-1}                 : 0.000
producer-metrics:failed-authentication-total:{client-id=producer-1}                : 0.000
producer-metrics:failed-reauthentication-rate:{client-id=producer-1}               : 0.000
producer-metrics:failed-reauthentication-total:{client-id=producer-1}              : 0.000
producer-metrics:incoming-byte-rate:{client-id=producer-1}                         : 88089.655
producer-metrics:incoming-byte-total:{client-id=producer-1}                        : 31001758.000
producer-metrics:io-ratio:{client-id=producer-1}                                   : 0.111
producer-metrics:io-time-ns-avg:{client-id=producer-1}                             : 26075.184
producer-metrics:io-wait-ratio:{client-id=producer-1}                              : 0.785
producer-metrics:io-wait-time-ns-avg:{client-id=producer-1}                        : 184297.579
producer-metrics:io-waittime-total:{client-id=producer-1}                          : 298118463274.000
producer-metrics:iotime-total:{client-id=producer-1}                               : 40557735821.000
producer-metrics:metadata-age:{client-id=producer-1}                               : 78.880
producer-metrics:network-io-rate:{client-id=producer-1}                            : 2841.591
producer-metrics:network-io-total:{client-id=producer-1}                           : 1000012.000
producer-metrics:outgoing-byte-rate:{client-id=producer-1}                         : 917965.247
producer-metrics:outgoing-byte-total:{client-id=producer-1}                        : 322889077.000
producer-metrics:produce-throttle-time-avg:{client-id=producer-1}                  : 0.000
producer-metrics:produce-throttle-time-max:{client-id=producer-1}                  : 0.000
producer-metrics:reauthentication-latency-avg:{client-id=producer-1}               : NaN
producer-metrics:reauthentication-latency-max:{client-id=producer-1}               : NaN
producer-metrics:record-error-rate:{client-id=producer-1}                          : 0.000
producer-metrics:record-error-total:{client-id=producer-1}                         : 0.000
producer-metrics:record-queue-time-avg:{client-id=producer-1}                      : 0.025
producer-metrics:record-queue-time-max:{client-id=producer-1}                      : 1.000
producer-metrics:record-retry-rate:{client-id=producer-1}                          : 0.000
producer-metrics:record-retry-total:{client-id=producer-1}                         : 0.000
producer-metrics:record-send-rate:{client-id=producer-1}                           : 1420.779
producer-metrics:record-send-total:{client-id=producer-1}                          : 500000.000
producer-metrics:record-size-avg:{client-id=producer-1}                            : 592.000
producer-metrics:record-size-max:{client-id=producer-1}                            : 592.000
producer-metrics:records-per-request-avg:{client-id=producer-1}                    : 1.000
producer-metrics:request-latency-avg:{client-id=producer-1}                        : 0.647
producer-metrics:request-latency-max:{client-id=producer-1}                        : 32.000
producer-metrics:request-rate:{client-id=producer-1}                               : 1420.796
producer-metrics:request-size-avg:{client-id=producer-1}                           : 646.000
producer-metrics:request-size-max:{client-id=producer-1}                           : 646.000
producer-metrics:request-total:{client-id=producer-1}                              : 500006.000
producer-metrics:requests-in-flight:{client-id=producer-1}                         : 0.000
producer-metrics:response-rate:{client-id=producer-1}                              : 1420.772
producer-metrics:response-total:{client-id=producer-1}                             : 500006.000
producer-metrics:select-rate:{client-id=producer-1}                                : 4260.107
producer-metrics:select-total:{client-id=producer-1}                               : 1495998.000
producer-metrics:successful-authentication-no-reauth-total:{client-id=producer-1}  : 0.000
producer-metrics:successful-authentication-rate:{client-id=producer-1}             : 0.000
producer-metrics:successful-authentication-total:{client-id=producer-1}            : 0.000
producer-metrics:successful-reauthentication-rate:{client-id=producer-1}           : 0.000
producer-metrics:successful-reauthentication-total:{client-id=producer-1}          : 0.000
producer-metrics:waiting-threads:{client-id=producer-1}                            : 0.000
producer-node-metrics:incoming-byte-rate:{client-id=producer-1, node-id=node--2}   : 0.000
producer-node-metrics:incoming-byte-rate:{client-id=producer-1, node-id=node-1}    : 29396.201
producer-node-metrics:incoming-byte-rate:{client-id=producer-1, node-id=node-2}    : 29454.888
producer-node-metrics:incoming-byte-rate:{client-id=producer-1, node-id=node-3}    : 29239.107
producer-node-metrics:incoming-byte-total:{client-id=producer-1, node-id=node--2}  : 585.000
producer-node-metrics:incoming-byte-total:{client-id=producer-1, node-id=node-1}   : 10332532.000
producer-node-metrics:incoming-byte-total:{client-id=producer-1, node-id=node-2}   : 10325712.000
producer-node-metrics:incoming-byte-total:{client-id=producer-1, node-id=node-3}   : 10342929.000
producer-node-metrics:outgoing-byte-rate:{client-id=producer-1, node-id=node--2}   : 0.000
producer-node-metrics:outgoing-byte-rate:{client-id=producer-1, node-id=node-1}    : 306310.353
producer-node-metrics:outgoing-byte-rate:{client-id=producer-1, node-id=node-2}    : 306901.589
producer-node-metrics:outgoing-byte-rate:{client-id=producer-1, node-id=node-3}    : 304696.954
producer-node-metrics:outgoing-byte-total:{client-id=producer-1, node-id=node--2}  : 67.000
producer-node-metrics:outgoing-byte-total:{client-id=producer-1, node-id=node-1}   : 107618448.000
producer-node-metrics:outgoing-byte-total:{client-id=producer-1, node-id=node-2}   : 107546996.000
producer-node-metrics:outgoing-byte-total:{client-id=producer-1, node-id=node-3}   : 107723566.000
producer-node-metrics:request-latency-avg:{client-id=producer-1, node-id=node--2}  : NaN
producer-node-metrics:request-latency-avg:{client-id=producer-1, node-id=node-1}   : 0.567
producer-node-metrics:request-latency-avg:{client-id=producer-1, node-id=node-2}   : 0.757
producer-node-metrics:request-latency-avg:{client-id=producer-1, node-id=node-3}   : 0.616
producer-node-metrics:request-latency-max:{client-id=producer-1, node-id=node--2}  : NaN
producer-node-metrics:request-latency-max:{client-id=producer-1, node-id=node-1}   : 32.000
producer-node-metrics:request-latency-max:{client-id=producer-1, node-id=node-2}   : 11.000
producer-node-metrics:request-latency-max:{client-id=producer-1, node-id=node-3}   : 7.000
producer-node-metrics:request-rate:{client-id=producer-1, node-id=node--2}         : 0.000
producer-node-metrics:request-rate:{client-id=producer-1, node-id=node-1}          : 474.145
producer-node-metrics:request-rate:{client-id=producer-1, node-id=node-2}          : 475.060
producer-node-metrics:request-rate:{client-id=producer-1, node-id=node-3}          : 471.628
producer-node-metrics:request-size-avg:{client-id=producer-1, node-id=node--2}     : NaN
producer-node-metrics:request-size-avg:{client-id=producer-1, node-id=node-1}      : 646.000
producer-node-metrics:request-size-avg:{client-id=producer-1, node-id=node-2}      : 646.000
producer-node-metrics:request-size-avg:{client-id=producer-1, node-id=node-3}      : 646.000
producer-node-metrics:request-size-max:{client-id=producer-1, node-id=node--2}     : NaN
producer-node-metrics:request-size-max:{client-id=producer-1, node-id=node-1}      : 646.000
producer-node-metrics:request-size-max:{client-id=producer-1, node-id=node-2}      : 646.000
producer-node-metrics:request-size-max:{client-id=producer-1, node-id=node-3}      : 646.000
producer-node-metrics:request-total:{client-id=producer-1, node-id=node--2}        : 2.000
producer-node-metrics:request-total:{client-id=producer-1, node-id=node-1}         : 166650.000
producer-node-metrics:request-total:{client-id=producer-1, node-id=node-2}         : 166540.000
producer-node-metrics:request-total:{client-id=producer-1, node-id=node-3}         : 166814.000
producer-node-metrics:response-rate:{client-id=producer-1, node-id=node--2}        : 0.000
producer-node-metrics:response-rate:{client-id=producer-1, node-id=node-1}         : 474.142
producer-node-metrics:response-rate:{client-id=producer-1, node-id=node-2}         : 475.089
producer-node-metrics:response-rate:{client-id=producer-1, node-id=node-3}         : 471.608
producer-node-metrics:response-total:{client-id=producer-1, node-id=node--2}       : 2.000
producer-node-metrics:response-total:{client-id=producer-1, node-id=node-1}        : 166650.000
producer-node-metrics:response-total:{client-id=producer-1, node-id=node-2}        : 166540.000
producer-node-metrics:response-total:{client-id=producer-1, node-id=node-3}        : 166814.000
producer-topic-metrics:byte-rate:{client-id=producer-1, topic=test-topic}          : 818375.479
producer-topic-metrics:byte-total:{client-id=producer-1, topic=test-topic}         : 287888895.000
producer-topic-metrics:compression-rate:{client-id=producer-1, topic=test-topic}   : 1.000
producer-topic-metrics:record-error-rate:{client-id=producer-1, topic=test-topic}  : 0.000
producer-topic-metrics:record-error-total:{client-id=producer-1, topic=test-topic} : 0.000
producer-topic-metrics:record-retry-rate:{client-id=producer-1, topic=test-topic}  : 0.000
producer-topic-metrics:record-retry-total:{client-id=producer-1, topic=test-topic} : 0.000
producer-topic-metrics:record-send-rate:{client-id=producer-1, topic=test-topic}   : 1420.791
producer-topic-metrics:record-send-total:{client-id=producer-1, topic=test-topic}  : 500000.000
Produce Time: 379.093
Aplication time: 379.817
Quantidade de mensagens: 500000
