Topic to send: test-topic
Topic to acks: -1
Records: 500000
Size: 500
Batch Size: 500

Metric Name                                                                          Value
app-info:commit-id:{client-id=producer-1}                                          : d12590634290dbc4
app-info:start-time-ms:{client-id=producer-1}                                      : 1613075329817
app-info:version:{client-id=producer-1}                                            : 2.3.1
kafka-metrics-count:count:{client-id=producer-1}                                   : 126.000
producer-metrics:batch-size-avg:{client-id=producer-1}                             : 576.000
producer-metrics:batch-size-max:{client-id=producer-1}                             : 576.000
producer-metrics:batch-split-rate:{client-id=producer-1}                           : 0.000
producer-metrics:batch-split-total:{client-id=producer-1}                          : 0.000
producer-metrics:buffer-available-bytes:{client-id=producer-1}                     : 33554432.000
producer-metrics:buffer-exhausted-rate:{client-id=producer-1}                      : 0.000
producer-metrics:buffer-exhausted-total:{client-id=producer-1}                     : 0.000
producer-metrics:buffer-total-bytes:{client-id=producer-1}                         : 33554432.000
producer-metrics:bufferpool-wait-ratio:{client-id=producer-1}                      : 0.000
producer-metrics:bufferpool-wait-time-total:{client-id=producer-1}                 : 0.000
producer-metrics:compression-rate-avg:{client-id=producer-1}                       : 1.000
producer-metrics:connection-close-rate:{client-id=producer-1}                      : 0.000
producer-metrics:connection-close-total:{client-id=producer-1}                     : 1.000
producer-metrics:connection-count:{client-id=producer-1}                           : 3.000
producer-metrics:connection-creation-rate:{client-id=producer-1}                   : 0.000
producer-metrics:connection-creation-total:{client-id=producer-1}                  : 4.000
producer-metrics:failed-authentication-rate:{client-id=producer-1}                 : 0.000
producer-metrics:failed-authentication-total:{client-id=producer-1}                : 0.000
producer-metrics:failed-reauthentication-rate:{client-id=producer-1}               : 0.000
producer-metrics:failed-reauthentication-total:{client-id=producer-1}              : 0.000
producer-metrics:incoming-byte-rate:{client-id=producer-1}                         : 45061.598
producer-metrics:incoming-byte-total:{client-id=producer-1}                        : 31002049.000
producer-metrics:io-ratio:{client-id=producer-1}                                   : 0.047
producer-metrics:io-time-ns-avg:{client-id=producer-1}                             : 21501.351
producer-metrics:io-wait-ratio:{client-id=producer-1}                              : 0.911
producer-metrics:io-wait-time-ns-avg:{client-id=producer-1}                        : 418010.546
producer-metrics:io-waittime-total:{client-id=producer-1}                          : 611995818861.000
producer-metrics:iotime-total:{client-id=producer-1}                               : 31514400309.000
producer-metrics:metadata-age:{client-id=producer-1}                               : 133.424
producer-metrics:network-io-rate:{client-id=producer-1}                            : 1453.533
producer-metrics:network-io-total:{client-id=producer-1}                           : 1000014.000
producer-metrics:outgoing-byte-rate:{client-id=producer-1}                         : 469577.613
producer-metrics:outgoing-byte-total:{client-id=producer-1}                        : 322889120.000
producer-metrics:produce-throttle-time-avg:{client-id=producer-1}                  : 0.000
producer-metrics:produce-throttle-time-max:{client-id=producer-1}                  : 0.000
producer-metrics:reauthentication-latency-avg:{client-id=producer-1}               : NaN
producer-metrics:reauthentication-latency-max:{client-id=producer-1}               : NaN
producer-metrics:record-error-rate:{client-id=producer-1}                          : 0.000
producer-metrics:record-error-total:{client-id=producer-1}                         : 0.000
producer-metrics:record-queue-time-avg:{client-id=producer-1}                      : 0.021
producer-metrics:record-queue-time-max:{client-id=producer-1}                      : 1.000
producer-metrics:record-retry-rate:{client-id=producer-1}                          : 0.000
producer-metrics:record-retry-total:{client-id=producer-1}                         : 0.000
producer-metrics:record-send-rate:{client-id=producer-1}                           : 726.783
producer-metrics:record-send-total:{client-id=producer-1}                          : 500000.000
producer-metrics:record-size-avg:{client-id=producer-1}                            : 592.000
producer-metrics:record-size-max:{client-id=producer-1}                            : 592.000
producer-metrics:records-per-request-avg:{client-id=producer-1}                    : 1.000
producer-metrics:request-latency-avg:{client-id=producer-1}                        : 1.326
producer-metrics:request-latency-max:{client-id=producer-1}                        : 43.000
producer-metrics:request-rate:{client-id=producer-1}                               : 726.783
producer-metrics:request-size-avg:{client-id=producer-1}                           : 646.000
producer-metrics:request-size-max:{client-id=producer-1}                           : 646.000
producer-metrics:request-total:{client-id=producer-1}                              : 500007.000
producer-metrics:requests-in-flight:{client-id=producer-1}                         : 0.000
producer-metrics:response-rate:{client-id=producer-1}                              : 726.800
producer-metrics:response-total:{client-id=producer-1}                             : 500007.000
producer-metrics:select-rate:{client-id=producer-1}                                : 2179.476
producer-metrics:select-total:{client-id=producer-1}                               : 1497787.000
producer-metrics:successful-authentication-no-reauth-total:{client-id=producer-1}  : 0.000
producer-metrics:successful-authentication-rate:{client-id=producer-1}             : 0.000
producer-metrics:successful-authentication-total:{client-id=producer-1}            : 0.000
producer-metrics:successful-reauthentication-rate:{client-id=producer-1}           : 0.000
producer-metrics:successful-reauthentication-total:{client-id=producer-1}          : 0.000
producer-metrics:waiting-threads:{client-id=producer-1}                            : 0.000
producer-node-metrics:incoming-byte-rate:{client-id=producer-1, node-id=node--3}   : 0.000
producer-node-metrics:incoming-byte-rate:{client-id=producer-1, node-id=node-1}    : 14834.259
producer-node-metrics:incoming-byte-rate:{client-id=producer-1, node-id=node-2}    : 14877.069
producer-node-metrics:incoming-byte-rate:{client-id=producer-1, node-id=node-3}    : 15355.174
producer-node-metrics:incoming-byte-total:{client-id=producer-1, node-id=node--3}  : 585.000
producer-node-metrics:incoming-byte-total:{client-id=producer-1, node-id=node-1}   : 10342929.000
producer-node-metrics:incoming-byte-total:{client-id=producer-1, node-id=node-2}   : 10332823.000
producer-node-metrics:incoming-byte-total:{client-id=producer-1, node-id=node-3}   : 10325712.000
producer-node-metrics:outgoing-byte-rate:{client-id=producer-1, node-id=node--3}   : 0.000
producer-node-metrics:outgoing-byte-rate:{client-id=producer-1, node-id=node-1}    : 154566.995
producer-node-metrics:outgoing-byte-rate:{client-id=producer-1, node-id=node-2}    : 155013.049
producer-node-metrics:outgoing-byte-rate:{client-id=producer-1, node-id=node-3}    : 160013.701
producer-node-metrics:outgoing-byte-total:{client-id=producer-1, node-id=node--3}  : 67.000
producer-node-metrics:outgoing-byte-total:{client-id=producer-1, node-id=node-1}   : 107723566.000
producer-node-metrics:outgoing-byte-total:{client-id=producer-1, node-id=node-2}   : 107618491.000
producer-node-metrics:outgoing-byte-total:{client-id=producer-1, node-id=node-3}   : 107546996.000
producer-node-metrics:request-latency-avg:{client-id=producer-1, node-id=node--3}  : NaN
producer-node-metrics:request-latency-avg:{client-id=producer-1, node-id=node-1}   : 1.422
producer-node-metrics:request-latency-avg:{client-id=producer-1, node-id=node-2}   : 1.120
producer-node-metrics:request-latency-avg:{client-id=producer-1, node-id=node-3}   : 1.432
producer-node-metrics:request-latency-max:{client-id=producer-1, node-id=node--3}  : NaN
producer-node-metrics:request-latency-max:{client-id=producer-1, node-id=node-1}   : 14.000
producer-node-metrics:request-latency-max:{client-id=producer-1, node-id=node-2}   : 43.000
producer-node-metrics:request-latency-max:{client-id=producer-1, node-id=node-3}   : 21.000
producer-node-metrics:request-rate:{client-id=producer-1, node-id=node--3}         : 0.000
producer-node-metrics:request-rate:{client-id=producer-1, node-id=node-1}          : 239.257
producer-node-metrics:request-rate:{client-id=producer-1, node-id=node-2}          : 239.947
producer-node-metrics:request-rate:{client-id=producer-1, node-id=node-3}          : 247.671
producer-node-metrics:request-size-avg:{client-id=producer-1, node-id=node--3}     : NaN
producer-node-metrics:request-size-avg:{client-id=producer-1, node-id=node-1}      : 646.000
producer-node-metrics:request-size-avg:{client-id=producer-1, node-id=node-2}      : 646.000
producer-node-metrics:request-size-avg:{client-id=producer-1, node-id=node-3}      : 646.000
producer-node-metrics:request-size-max:{client-id=producer-1, node-id=node--3}     : NaN
producer-node-metrics:request-size-max:{client-id=producer-1, node-id=node-1}      : 646.000
producer-node-metrics:request-size-max:{client-id=producer-1, node-id=node-2}      : 646.000
producer-node-metrics:request-size-max:{client-id=producer-1, node-id=node-3}      : 646.000
producer-node-metrics:request-total:{client-id=producer-1, node-id=node--3}        : 2.000
producer-node-metrics:request-total:{client-id=producer-1, node-id=node-1}         : 166814.000
producer-node-metrics:request-total:{client-id=producer-1, node-id=node-2}         : 166651.000
producer-node-metrics:request-total:{client-id=producer-1, node-id=node-3}         : 166540.000
producer-node-metrics:response-rate:{client-id=producer-1, node-id=node--3}        : 0.000
producer-node-metrics:response-rate:{client-id=producer-1, node-id=node-1}         : 239.262
producer-node-metrics:response-rate:{client-id=producer-1, node-id=node-2}         : 239.953
producer-node-metrics:response-rate:{client-id=producer-1, node-id=node-3}         : 247.664
producer-node-metrics:response-total:{client-id=producer-1, node-id=node--3}       : 2.000
producer-node-metrics:response-total:{client-id=producer-1, node-id=node-1}        : 166814.000
producer-node-metrics:response-total:{client-id=producer-1, node-id=node-2}        : 166651.000
producer-node-metrics:response-total:{client-id=producer-1, node-id=node-3}        : 166540.000
producer-topic-metrics:byte-rate:{client-id=producer-1, topic=test-topic}          : 418606.195
producer-topic-metrics:byte-total:{client-id=producer-1, topic=test-topic}         : 287888895.000
producer-topic-metrics:compression-rate:{client-id=producer-1, topic=test-topic}   : 1.000
producer-topic-metrics:record-error-rate:{client-id=producer-1, topic=test-topic}  : 0.000
producer-topic-metrics:record-error-total:{client-id=producer-1, topic=test-topic} : 0.000
producer-topic-metrics:record-retry-rate:{client-id=producer-1, topic=test-topic}  : 0.000
producer-topic-metrics:record-retry-total:{client-id=producer-1, topic=test-topic} : 0.000
producer-topic-metrics:record-send-rate:{client-id=producer-1, topic=test-topic}   : 726.764
producer-topic-metrics:record-send-total:{client-id=producer-1, topic=test-topic}  : 500000.000
Produce Time: 673.641
Aplication time: 674.222
Quantidade de mensagens: 500000
