Topic to send: test-topic
Topic to acks: -1
Records: 500000
Size: 500
Batch Size: 500

Metric Name                                                                          Value
app-info:commit-id:{client-id=producer-1}                                          : d12590634290dbc4
app-info:start-time-ms:{client-id=producer-1}                                      : 1616639915742
app-info:version:{client-id=producer-1}                                            : 2.3.1
kafka-metrics-count:count:{client-id=producer-1}                                   : 126.000
producer-metrics:batch-size-avg:{client-id=producer-1}                             : 576.000
producer-metrics:batch-size-max:{client-id=producer-1}                             : 576.000
producer-metrics:batch-split-rate:{client-id=producer-1}                           : 0.000
producer-metrics:batch-split-total:{client-id=producer-1}                          : 0.000
producer-metrics:buffer-available-bytes:{client-id=producer-1}                     : 33554432.000
producer-metrics:buffer-exhausted-rate:{client-id=producer-1}                      : 0.000
producer-metrics:buffer-exhausted-total:{client-id=producer-1}                     : 0.000
producer-metrics:buffer-total-bytes:{client-id=producer-1}                         : 33554432.000
producer-metrics:bufferpool-wait-ratio:{client-id=producer-1}                      : 0.000
producer-metrics:bufferpool-wait-time-total:{client-id=producer-1}                 : 0.000
producer-metrics:compression-rate-avg:{client-id=producer-1}                       : 1.000
producer-metrics:connection-close-rate:{client-id=producer-1}                      : 0.000
producer-metrics:connection-close-total:{client-id=producer-1}                     : 1.000
producer-metrics:connection-count:{client-id=producer-1}                           : 3.000
producer-metrics:connection-creation-rate:{client-id=producer-1}                   : 0.000
producer-metrics:connection-creation-total:{client-id=producer-1}                  : 4.000
producer-metrics:failed-authentication-rate:{client-id=producer-1}                 : 0.000
producer-metrics:failed-authentication-total:{client-id=producer-1}                : 0.000
producer-metrics:failed-reauthentication-rate:{client-id=producer-1}               : 0.000
producer-metrics:failed-reauthentication-total:{client-id=producer-1}              : 0.000
producer-metrics:incoming-byte-rate:{client-id=producer-1}                         : 493.586
producer-metrics:incoming-byte-total:{client-id=producer-1}                        : 31072131.000
producer-metrics:io-ratio:{client-id=producer-1}                                   : 0.001
producer-metrics:io-time-ns-avg:{client-id=producer-1}                             : 32065.197
producer-metrics:io-wait-ratio:{client-id=producer-1}                              : 1.003
producer-metrics:io-wait-time-ns-avg:{client-id=producer-1}                        : 42116783.245
producer-metrics:io-waittime-total:{client-id=producer-1}                          : 67906876393330.000
producer-metrics:iotime-total:{client-id=producer-1}                               : 60380970431.000
producer-metrics:metadata-age:{client-id=producer-1}                               : 289.072
producer-metrics:network-io-rate:{client-id=producer-1}                            : 15.899
producer-metrics:network-io-total:{client-id=producer-1}                           : 1000620.000
producer-metrics:outgoing-byte-rate:{client-id=producer-1}                         : 5128.850
producer-metrics:outgoing-byte-total:{client-id=producer-1}                        : 322949768.000
producer-metrics:produce-throttle-time-avg:{client-id=producer-1}                  : 0.000
producer-metrics:produce-throttle-time-max:{client-id=producer-1}                  : 0.000
producer-metrics:reauthentication-latency-avg:{client-id=producer-1}               : NaN
producer-metrics:reauthentication-latency-max:{client-id=producer-1}               : NaN
producer-metrics:record-error-rate:{client-id=producer-1}                          : 0.000
producer-metrics:record-error-total:{client-id=producer-1}                         : 0.000
producer-metrics:record-queue-time-avg:{client-id=producer-1}                      : 0.057
producer-metrics:record-queue-time-max:{client-id=producer-1}                      : 1.000
producer-metrics:record-retry-rate:{client-id=producer-1}                          : 0.000
producer-metrics:record-retry-total:{client-id=producer-1}                         : 79.000
producer-metrics:record-send-rate:{client-id=producer-1}                           : 7.938
producer-metrics:record-send-total:{client-id=producer-1}                          : 500079.000
producer-metrics:record-size-avg:{client-id=producer-1}                            : 592.000
producer-metrics:record-size-max:{client-id=producer-1}                            : 592.000
producer-metrics:records-per-request-avg:{client-id=producer-1}                    : 1.000
producer-metrics:request-latency-avg:{client-id=producer-1}                        : 126.066
producer-metrics:request-latency-max:{client-id=producer-1}                        : 968.000
producer-metrics:request-rate:{client-id=producer-1}                               : 7.938
producer-metrics:request-size-avg:{client-id=producer-1}                           : 646.000
producer-metrics:request-size-max:{client-id=producer-1}                           : 646.000
producer-metrics:request-total:{client-id=producer-1}                              : 500310.000
producer-metrics:requests-in-flight:{client-id=producer-1}                         : 0.000
producer-metrics:response-rate:{client-id=producer-1}                              : 7.961
producer-metrics:response-total:{client-id=producer-1}                             : 500310.000
producer-metrics:select-rate:{client-id=producer-1}                                : 23.815
producer-metrics:select-total:{client-id=producer-1}                               : 1500322.000
producer-metrics:successful-authentication-no-reauth-total:{client-id=producer-1}  : 0.000
producer-metrics:successful-authentication-rate:{client-id=producer-1}             : 0.000
producer-metrics:successful-authentication-total:{client-id=producer-1}            : 0.000
producer-metrics:successful-reauthentication-rate:{client-id=producer-1}           : 0.000
producer-metrics:successful-reauthentication-total:{client-id=producer-1}          : 0.000
producer-metrics:waiting-threads:{client-id=producer-1}                            : 0.000
producer-node-metrics:incoming-byte-rate:{client-id=producer-1, node-id=node--2}   : 0.000
producer-node-metrics:incoming-byte-rate:{client-id=producer-1, node-id=node-1}    : 176.750
producer-node-metrics:incoming-byte-rate:{client-id=producer-1, node-id=node-2}    : 154.711
producer-node-metrics:incoming-byte-rate:{client-id=producer-1, node-id=node-3}    : 169.771
producer-node-metrics:incoming-byte-total:{client-id=producer-1, node-id=node--2}  : 585.000
producer-node-metrics:incoming-byte-total:{client-id=producer-1, node-id=node-1}   : 10356217.000
producer-node-metrics:incoming-byte-total:{client-id=producer-1, node-id=node-2}   : 10345791.000
producer-node-metrics:incoming-byte-total:{client-id=producer-1, node-id=node-3}   : 10369538.000
producer-node-metrics:outgoing-byte-rate:{client-id=producer-1, node-id=node--2}   : 0.000
producer-node-metrics:outgoing-byte-rate:{client-id=producer-1, node-id=node-1}    : 1833.070
producer-node-metrics:outgoing-byte-rate:{client-id=producer-1, node-id=node-2}    : 1589.379
producer-node-metrics:outgoing-byte-rate:{client-id=producer-1, node-id=node-3}    : 1745.160
producer-node-metrics:outgoing-byte-total:{client-id=producer-1, node-id=node--2}  : 67.000
producer-node-metrics:outgoing-byte-total:{client-id=producer-1, node-id=node-1}   : 107641053.000
producer-node-metrics:outgoing-byte-total:{client-id=producer-1, node-id=node-2}   : 107549963.000
producer-node-metrics:outgoing-byte-total:{client-id=producer-1, node-id=node-3}   : 107758685.000
producer-node-metrics:request-latency-avg:{client-id=producer-1, node-id=node--2}  : NaN
producer-node-metrics:request-latency-avg:{client-id=producer-1, node-id=node-1}   : 124.557
producer-node-metrics:request-latency-avg:{client-id=producer-1, node-id=node-2}   : 106.121
producer-node-metrics:request-latency-avg:{client-id=producer-1, node-id=node-3}   : 135.528
producer-node-metrics:request-latency-max:{client-id=producer-1, node-id=node--2}  : NaN
producer-node-metrics:request-latency-max:{client-id=producer-1, node-id=node-1}   : 870.000
producer-node-metrics:request-latency-max:{client-id=producer-1, node-id=node-2}   : 459.000
producer-node-metrics:request-latency-max:{client-id=producer-1, node-id=node-3}   : 968.000
producer-node-metrics:request-rate:{client-id=producer-1, node-id=node--2}         : 0.000
producer-node-metrics:request-rate:{client-id=producer-1, node-id=node-1}          : 2.837
producer-node-metrics:request-rate:{client-id=producer-1, node-id=node-2}          : 2.460
producer-node-metrics:request-rate:{client-id=producer-1, node-id=node-3}          : 2.701
producer-node-metrics:request-size-avg:{client-id=producer-1, node-id=node--2}     : NaN
producer-node-metrics:request-size-avg:{client-id=producer-1, node-id=node-1}      : 646.000
producer-node-metrics:request-size-avg:{client-id=producer-1, node-id=node-2}      : 646.000
producer-node-metrics:request-size-avg:{client-id=producer-1, node-id=node-3}      : 646.000
producer-node-metrics:request-size-max:{client-id=producer-1, node-id=node--2}     : NaN
producer-node-metrics:request-size-max:{client-id=producer-1, node-id=node-1}      : 646.000
producer-node-metrics:request-size-max:{client-id=producer-1, node-id=node-2}      : 646.000
producer-node-metrics:request-size-max:{client-id=producer-1, node-id=node-3}      : 646.000
producer-node-metrics:request-total:{client-id=producer-1, node-id=node--2}        : 2.000
producer-node-metrics:request-total:{client-id=producer-1, node-id=node-1}         : 166755.000
producer-node-metrics:request-total:{client-id=producer-1, node-id=node-2}         : 166609.000
producer-node-metrics:request-total:{client-id=producer-1, node-id=node-3}         : 166944.000
producer-node-metrics:response-rate:{client-id=producer-1, node-id=node--2}        : 0.000
producer-node-metrics:response-rate:{client-id=producer-1, node-id=node-1}         : 2.851
producer-node-metrics:response-rate:{client-id=producer-1, node-id=node-2}         : 2.495
producer-node-metrics:response-rate:{client-id=producer-1, node-id=node-3}         : 2.738
producer-node-metrics:response-total:{client-id=producer-1, node-id=node--2}       : 2.000
producer-node-metrics:response-total:{client-id=producer-1, node-id=node-1}        : 166755.000
producer-node-metrics:response-total:{client-id=producer-1, node-id=node-2}        : 166609.000
producer-node-metrics:response-total:{client-id=producer-1, node-id=node-3}        : 166944.000
producer-topic-metrics:byte-rate:{client-id=producer-1, topic=test-topic}          : 4572.468
producer-topic-metrics:byte-total:{client-id=producer-1, topic=test-topic}         : 287934381.000
producer-topic-metrics:compression-rate:{client-id=producer-1, topic=test-topic}   : 1.000
producer-topic-metrics:record-error-rate:{client-id=producer-1, topic=test-topic}  : 0.000
producer-topic-metrics:record-error-total:{client-id=producer-1, topic=test-topic} : 0.000
producer-topic-metrics:record-retry-rate:{client-id=producer-1, topic=test-topic}  : 0.000
producer-topic-metrics:record-retry-total:{client-id=producer-1, topic=test-topic} : 79.000
producer-topic-metrics:record-send-rate:{client-id=producer-1, topic=test-topic}   : 7.938
producer-topic-metrics:record-send-total:{client-id=producer-1, topic=test-topic}  : 500079.000
Produce Time: 68039.51
Aplication time: 68040.086
Quantidade de mensagens: 500003
