Topic to send: test-topic
Topic to acks: -1
Records: 500000
Size: 500
Batch Size: 500

Metric Name                                                                          Value
app-info:commit-id:{client-id=producer-1}                                          : d12590634290dbc4
app-info:start-time-ms:{client-id=producer-1}                                      : 1617057824301
app-info:version:{client-id=producer-1}                                            : 2.3.1
kafka-metrics-count:count:{client-id=producer-1}                                   : 126.000
producer-metrics:batch-size-avg:{client-id=producer-1}                             : 576.000
producer-metrics:batch-size-max:{client-id=producer-1}                             : 576.000
producer-metrics:batch-split-rate:{client-id=producer-1}                           : 0.000
producer-metrics:batch-split-total:{client-id=producer-1}                          : 0.000
producer-metrics:buffer-available-bytes:{client-id=producer-1}                     : 33554432.000
producer-metrics:buffer-exhausted-rate:{client-id=producer-1}                      : 0.000
producer-metrics:buffer-exhausted-total:{client-id=producer-1}                     : 0.000
producer-metrics:buffer-total-bytes:{client-id=producer-1}                         : 33554432.000
producer-metrics:bufferpool-wait-ratio:{client-id=producer-1}                      : 0.000
producer-metrics:bufferpool-wait-time-total:{client-id=producer-1}                 : 0.000
producer-metrics:compression-rate-avg:{client-id=producer-1}                       : 1.000
producer-metrics:connection-close-rate:{client-id=producer-1}                      : 0.000
producer-metrics:connection-close-total:{client-id=producer-1}                     : 1.000
producer-metrics:connection-count:{client-id=producer-1}                           : 3.000
producer-metrics:connection-creation-rate:{client-id=producer-1}                   : 0.000
producer-metrics:connection-creation-total:{client-id=producer-1}                  : 4.000
producer-metrics:failed-authentication-rate:{client-id=producer-1}                 : 0.000
producer-metrics:failed-authentication-total:{client-id=producer-1}                : 0.000
producer-metrics:failed-reauthentication-rate:{client-id=producer-1}               : 0.000
producer-metrics:failed-reauthentication-total:{client-id=producer-1}              : 0.000
producer-metrics:incoming-byte-rate:{client-id=producer-1}                         : 448.101
producer-metrics:incoming-byte-total:{client-id=producer-1}                        : 31073534.000
producer-metrics:io-ratio:{client-id=producer-1}                                   : 0.001
producer-metrics:io-time-ns-avg:{client-id=producer-1}                             : 37317.404
producer-metrics:io-wait-ratio:{client-id=producer-1}                              : 1.011
producer-metrics:io-wait-time-ns-avg:{client-id=producer-1}                        : 46700430.482
producer-metrics:io-waittime-total:{client-id=producer-1}                          : 68148208391033.000
producer-metrics:iotime-total:{client-id=producer-1}                               : 68419905096.000
producer-metrics:metadata-age:{client-id=producer-1}                               : 252.436
producer-metrics:network-io-rate:{client-id=producer-1}                            : 14.434
producer-metrics:network-io-total:{client-id=producer-1}                           : 1000658.000
producer-metrics:outgoing-byte-rate:{client-id=producer-1}                         : 4656.307
producer-metrics:outgoing-byte-total:{client-id=producer-1}                        : 322961392.000
producer-metrics:produce-throttle-time-avg:{client-id=producer-1}                  : 0.000
producer-metrics:produce-throttle-time-max:{client-id=producer-1}                  : 0.000
producer-metrics:reauthentication-latency-avg:{client-id=producer-1}               : NaN
producer-metrics:reauthentication-latency-max:{client-id=producer-1}               : NaN
producer-metrics:record-error-rate:{client-id=producer-1}                          : 0.000
producer-metrics:record-error-total:{client-id=producer-1}                         : 0.000
producer-metrics:record-queue-time-avg:{client-id=producer-1}                      : 0.051
producer-metrics:record-queue-time-max:{client-id=producer-1}                      : 1.000
producer-metrics:record-retry-rate:{client-id=producer-1}                          : 0.000
producer-metrics:record-retry-total:{client-id=producer-1}                         : 97.000
producer-metrics:record-send-rate:{client-id=producer-1}                           : 7.207
producer-metrics:record-send-total:{client-id=producer-1}                          : 500097.000
producer-metrics:record-size-avg:{client-id=producer-1}                            : 592.000
producer-metrics:record-size-max:{client-id=producer-1}                            : 592.000
producer-metrics:records-per-request-avg:{client-id=producer-1}                    : 1.000
producer-metrics:request-latency-avg:{client-id=producer-1}                        : 139.958
producer-metrics:request-latency-max:{client-id=producer-1}                        : 1760.000
producer-metrics:request-rate:{client-id=producer-1}                               : 7.207
producer-metrics:request-size-avg:{client-id=producer-1}                           : 646.000
producer-metrics:request-size-max:{client-id=producer-1}                           : 646.000
producer-metrics:request-total:{client-id=producer-1}                              : 500329.000
producer-metrics:requests-in-flight:{client-id=producer-1}                         : 0.000
producer-metrics:response-rate:{client-id=producer-1}                              : 7.227
producer-metrics:response-total:{client-id=producer-1}                             : 500329.000
producer-metrics:select-rate:{client-id=producer-1}                                : 21.642
producer-metrics:select-total:{client-id=producer-1}                               : 1499783.000
producer-metrics:successful-authentication-no-reauth-total:{client-id=producer-1}  : 0.000
producer-metrics:successful-authentication-rate:{client-id=producer-1}             : 0.000
producer-metrics:successful-authentication-total:{client-id=producer-1}            : 0.000
producer-metrics:successful-reauthentication-rate:{client-id=producer-1}           : 0.000
producer-metrics:successful-reauthentication-total:{client-id=producer-1}          : 0.000
producer-metrics:waiting-threads:{client-id=producer-1}                            : 0.000
producer-node-metrics:incoming-byte-rate:{client-id=producer-1, node-id=node--3}   : 0.000
producer-node-metrics:incoming-byte-rate:{client-id=producer-1, node-id=node-1}    : 138.175
producer-node-metrics:incoming-byte-rate:{client-id=producer-1, node-id=node-2}    : 145.848
producer-node-metrics:incoming-byte-rate:{client-id=producer-1, node-id=node-3}    : 161.793
producer-node-metrics:incoming-byte-total:{client-id=producer-1, node-id=node--3}  : 585.000
producer-node-metrics:incoming-byte-total:{client-id=producer-1, node-id=node-1}   : 10351434.000
producer-node-metrics:incoming-byte-total:{client-id=producer-1, node-id=node-2}   : 10362837.000
producer-node-metrics:incoming-byte-total:{client-id=producer-1, node-id=node-3}   : 10358678.000
producer-node-metrics:outgoing-byte-rate:{client-id=producer-1, node-id=node--3}   : 0.000
producer-node-metrics:outgoing-byte-rate:{client-id=producer-1, node-id=node-1}    : 1460.739
producer-node-metrics:outgoing-byte-rate:{client-id=producer-1, node-id=node-2}    : 1606.411
producer-node-metrics:outgoing-byte-rate:{client-id=producer-1, node-id=node-3}    : 1731.091
producer-node-metrics:outgoing-byte-total:{client-id=producer-1, node-id=node--3}  : 67.000
producer-node-metrics:outgoing-byte-total:{client-id=producer-1, node-id=node-1}   : 107569902.000
producer-node-metrics:outgoing-byte-total:{client-id=producer-1, node-id=node-2}   : 107727782.000
producer-node-metrics:outgoing-byte-total:{client-id=producer-1, node-id=node-3}   : 107663641.000
producer-node-metrics:request-latency-avg:{client-id=producer-1, node-id=node--3}  : NaN
producer-node-metrics:request-latency-avg:{client-id=producer-1, node-id=node-1}   : 133.817
producer-node-metrics:request-latency-avg:{client-id=producer-1, node-id=node-2}   : 137.848
producer-node-metrics:request-latency-avg:{client-id=producer-1, node-id=node-3}   : 130.118
producer-node-metrics:request-latency-max:{client-id=producer-1, node-id=node--3}  : NaN
producer-node-metrics:request-latency-max:{client-id=producer-1, node-id=node-1}   : 1760.000
producer-node-metrics:request-latency-max:{client-id=producer-1, node-id=node-2}   : 831.000
producer-node-metrics:request-latency-max:{client-id=producer-1, node-id=node-3}   : 759.000
producer-node-metrics:request-rate:{client-id=producer-1, node-id=node--3}         : 0.000
producer-node-metrics:request-rate:{client-id=producer-1, node-id=node-1}          : 2.261
producer-node-metrics:request-rate:{client-id=producer-1, node-id=node-2}          : 2.487
producer-node-metrics:request-rate:{client-id=producer-1, node-id=node-3}          : 2.679
producer-node-metrics:request-size-avg:{client-id=producer-1, node-id=node--3}     : NaN
producer-node-metrics:request-size-avg:{client-id=producer-1, node-id=node-1}      : 646.000
producer-node-metrics:request-size-avg:{client-id=producer-1, node-id=node-2}      : 646.000
producer-node-metrics:request-size-avg:{client-id=producer-1, node-id=node-3}      : 646.000
producer-node-metrics:request-size-max:{client-id=producer-1, node-id=node--3}     : NaN
producer-node-metrics:request-size-max:{client-id=producer-1, node-id=node-1}      : 646.000
producer-node-metrics:request-size-max:{client-id=producer-1, node-id=node-2}      : 646.000
producer-node-metrics:request-size-max:{client-id=producer-1, node-id=node-3}      : 646.000
producer-node-metrics:request-total:{client-id=producer-1, node-id=node--3}        : 2.000
producer-node-metrics:request-total:{client-id=producer-1, node-id=node-1}         : 166652.000
producer-node-metrics:request-total:{client-id=producer-1, node-id=node-2}         : 166884.000
producer-node-metrics:request-total:{client-id=producer-1, node-id=node-3}         : 166791.000
producer-node-metrics:response-rate:{client-id=producer-1, node-id=node--3}        : 0.000
producer-node-metrics:response-rate:{client-id=producer-1, node-id=node-1}         : 2.229
producer-node-metrics:response-rate:{client-id=producer-1, node-id=node-2}         : 2.352
producer-node-metrics:response-rate:{client-id=producer-1, node-id=node-3}         : 2.610
producer-node-metrics:response-total:{client-id=producer-1, node-id=node--3}       : 2.000
producer-node-metrics:response-total:{client-id=producer-1, node-id=node-1}        : 166652.000
producer-node-metrics:response-total:{client-id=producer-1, node-id=node-2}        : 166884.000
producer-node-metrics:response-total:{client-id=producer-1, node-id=node-3}        : 166791.000
producer-topic-metrics:byte-rate:{client-id=producer-1, topic=test-topic}          : 4151.330
producer-topic-metrics:byte-total:{client-id=producer-1, topic=test-topic}         : 287944702.000
producer-topic-metrics:compression-rate:{client-id=producer-1, topic=test-topic}   : 1.000
producer-topic-metrics:record-error-rate:{client-id=producer-1, topic=test-topic}  : 0.000
producer-topic-metrics:record-error-total:{client-id=producer-1, topic=test-topic} : 0.000
producer-topic-metrics:record-retry-rate:{client-id=producer-1, topic=test-topic}  : 0.000
producer-topic-metrics:record-retry-total:{client-id=producer-1, topic=test-topic} : 97.000
producer-topic-metrics:record-send-rate:{client-id=producer-1, topic=test-topic}   : 7.207
producer-topic-metrics:record-send-total:{client-id=producer-1, topic=test-topic}  : 500097.000
Produce Time: 68300.32
Aplication time: 68300.914
Quantidade de mensagens: 500003
