Topic to send: test-topic
Topic to acks: -2
Records: 500000
Size: 500
Batch Size: 500

Metric Name                                                                          Value
app-info:commit-id:{client-id=producer-1}                                          : d12590634290dbc4
app-info:start-time-ms:{client-id=producer-1}                                      : 1617907200796
app-info:version:{client-id=producer-1}                                            : 2.3.1
kafka-metrics-count:count:{client-id=producer-1}                                   : 126.000
producer-metrics:batch-size-avg:{client-id=producer-1}                             : 576.000
producer-metrics:batch-size-max:{client-id=producer-1}                             : 576.000
producer-metrics:batch-split-rate:{client-id=producer-1}                           : 0.000
producer-metrics:batch-split-total:{client-id=producer-1}                          : 0.000
producer-metrics:buffer-available-bytes:{client-id=producer-1}                     : 33554432.000
producer-metrics:buffer-exhausted-rate:{client-id=producer-1}                      : 0.000
producer-metrics:buffer-exhausted-total:{client-id=producer-1}                     : 0.000
producer-metrics:buffer-total-bytes:{client-id=producer-1}                         : 33554432.000
producer-metrics:bufferpool-wait-ratio:{client-id=producer-1}                      : 0.000
producer-metrics:bufferpool-wait-time-total:{client-id=producer-1}                 : 0.000
producer-metrics:compression-rate-avg:{client-id=producer-1}                       : 1.000
producer-metrics:connection-close-rate:{client-id=producer-1}                      : 0.000
producer-metrics:connection-close-total:{client-id=producer-1}                     : 3.000
producer-metrics:connection-count:{client-id=producer-1}                           : 3.000
producer-metrics:connection-creation-rate:{client-id=producer-1}                   : 0.000
producer-metrics:connection-creation-total:{client-id=producer-1}                  : 6.000
producer-metrics:failed-authentication-rate:{client-id=producer-1}                 : 0.000
producer-metrics:failed-authentication-total:{client-id=producer-1}                : 0.000
producer-metrics:failed-reauthentication-rate:{client-id=producer-1}               : 0.000
producer-metrics:failed-reauthentication-total:{client-id=producer-1}              : 0.000
producer-metrics:incoming-byte-rate:{client-id=producer-1}                         : 5.119
producer-metrics:incoming-byte-total:{client-id=producer-1}                        : 29700.000
producer-metrics:io-ratio:{client-id=producer-1}                                   : 0.000
producer-metrics:io-time-ns-avg:{client-id=producer-1}                             : 11594.424
producer-metrics:io-wait-ratio:{client-id=producer-1}                              : 1.703
producer-metrics:io-wait-time-ns-avg:{client-id=producer-1}                        : 125106884.664
producer-metrics:io-waittime-total:{client-id=producer-1}                          : 28034827895479.000
producer-metrics:iotime-total:{client-id=producer-1}                               : 8596960315.000
producer-metrics:metadata-age:{client-id=producer-1}                               : 26.851
producer-metrics:network-io-rate:{client-id=producer-1}                            : 5.101
producer-metrics:network-io-total:{client-id=producer-1}                           : 500204.000
producer-metrics:outgoing-byte-rate:{client-id=producer-1}                         : 3324.145
producer-metrics:outgoing-byte-total:{client-id=producer-1}                        : 327893167.000
producer-metrics:produce-throttle-time-avg:{client-id=producer-1}                  : 0.000
producer-metrics:produce-throttle-time-max:{client-id=producer-1}                  : 0.000
producer-metrics:reauthentication-latency-avg:{client-id=producer-1}               : NaN
producer-metrics:reauthentication-latency-max:{client-id=producer-1}               : NaN
producer-metrics:record-error-rate:{client-id=producer-1}                          : 0.000
producer-metrics:record-error-total:{client-id=producer-1}                         : 0.000
producer-metrics:record-queue-time-avg:{client-id=producer-1}                      : 0.024
producer-metrics:record-queue-time-max:{client-id=producer-1}                      : 1.000
producer-metrics:record-retry-rate:{client-id=producer-1}                          : 0.000
producer-metrics:record-retry-total:{client-id=producer-1}                         : 1.000
producer-metrics:record-send-rate:{client-id=producer-1}                           : 9.577
producer-metrics:record-send-total:{client-id=producer-1}                          : 500001.000
producer-metrics:record-size-avg:{client-id=producer-1}                            : 592.000
producer-metrics:record-size-max:{client-id=producer-1}                            : 592.000
producer-metrics:records-per-request-avg:{client-id=producer-1}                    : 1.000
producer-metrics:request-latency-avg:{client-id=producer-1}                        : NaN
producer-metrics:request-latency-max:{client-id=producer-1}                        : NaN
producer-metrics:request-rate:{client-id=producer-1}                               : 5.083
producer-metrics:request-size-avg:{client-id=producer-1}                           : 653.879
producer-metrics:request-size-max:{client-id=producer-1}                           : 656.000
producer-metrics:request-total:{client-id=producer-1}                              : 500102.000
producer-metrics:requests-in-flight:{client-id=producer-1}                         : 0.000
producer-metrics:response-rate:{client-id=producer-1}                              : 0.018
producer-metrics:response-total:{client-id=producer-1}                             : 102.000
producer-metrics:select-rate:{client-id=producer-1}                                : 13.615
producer-metrics:select-total:{client-id=producer-1}                               : 1004460.000
producer-metrics:successful-authentication-no-reauth-total:{client-id=producer-1}  : 0.000
producer-metrics:successful-authentication-rate:{client-id=producer-1}             : 0.000
producer-metrics:successful-authentication-total:{client-id=producer-1}            : 0.000
producer-metrics:successful-reauthentication-rate:{client-id=producer-1}           : 0.000
producer-metrics:successful-reauthentication-total:{client-id=producer-1}          : 0.000
producer-metrics:waiting-threads:{client-id=producer-1}                            : 0.000
producer-node-metrics:incoming-byte-rate:{client-id=producer-1, node-id=node--1}   : 0.000
producer-node-metrics:incoming-byte-rate:{client-id=producer-1, node-id=node-1}    : 0.000
producer-node-metrics:incoming-byte-rate:{client-id=producer-1, node-id=node-2}    : 5.119
producer-node-metrics:incoming-byte-rate:{client-id=producer-1, node-id=node-3}    : 0.000
producer-node-metrics:incoming-byte-total:{client-id=producer-1, node-id=node--1}  : 585.000
producer-node-metrics:incoming-byte-total:{client-id=producer-1, node-id=node-1}   : 9318.000
producer-node-metrics:incoming-byte-total:{client-id=producer-1, node-id=node-2}   : 10770.000
producer-node-metrics:incoming-byte-total:{client-id=producer-1, node-id=node-3}   : 9027.000
producer-node-metrics:outgoing-byte-rate:{client-id=producer-1, node-id=node--1}   : 0.000
producer-node-metrics:outgoing-byte-rate:{client-id=producer-1, node-id=node-1}    : 2247.024
producer-node-metrics:outgoing-byte-rate:{client-id=producer-1, node-id=node-2}    : 1039.261
producer-node-metrics:outgoing-byte-rate:{client-id=producer-1, node-id=node-3}    : 2072.566
producer-node-metrics:outgoing-byte-total:{client-id=producer-1, node-id=node--1}  : 67.000
producer-node-metrics:outgoing-byte-total:{client-id=producer-1, node-id=node-1}   : 109286252.000
producer-node-metrics:outgoing-byte-total:{client-id=producer-1, node-id=node-2}   : 109213934.000
producer-node-metrics:outgoing-byte-total:{client-id=producer-1, node-id=node-3}   : 109392914.000
producer-node-metrics:request-latency-avg:{client-id=producer-1, node-id=node--1}  : NaN
producer-node-metrics:request-latency-avg:{client-id=producer-1, node-id=node-1}   : NaN
producer-node-metrics:request-latency-avg:{client-id=producer-1, node-id=node-2}   : NaN
producer-node-metrics:request-latency-avg:{client-id=producer-1, node-id=node-3}   : NaN
producer-node-metrics:request-latency-max:{client-id=producer-1, node-id=node--1}  : NaN
producer-node-metrics:request-latency-max:{client-id=producer-1, node-id=node-1}   : NaN
producer-node-metrics:request-latency-max:{client-id=producer-1, node-id=node-2}   : NaN
producer-node-metrics:request-latency-max:{client-id=producer-1, node-id=node-3}   : NaN
producer-node-metrics:request-rate:{client-id=producer-1, node-id=node--1}         : 0.000
producer-node-metrics:request-rate:{client-id=producer-1, node-id=node-1}          : 3.425
producer-node-metrics:request-rate:{client-id=producer-1, node-id=node-2}          : 1.601
producer-node-metrics:request-rate:{client-id=producer-1, node-id=node-3}          : 3.159
producer-node-metrics:request-size-avg:{client-id=producer-1, node-id=node--1}     : NaN
producer-node-metrics:request-size-avg:{client-id=producer-1, node-id=node-1}      : 656.000
producer-node-metrics:request-size-avg:{client-id=producer-1, node-id=node-2}      : 649.264
producer-node-metrics:request-size-avg:{client-id=producer-1, node-id=node-3}      : 656.000
producer-node-metrics:request-size-max:{client-id=producer-1, node-id=node--1}     : NaN
producer-node-metrics:request-size-max:{client-id=producer-1, node-id=node-1}      : 656.000
producer-node-metrics:request-size-max:{client-id=producer-1, node-id=node-2}      : 656.000
producer-node-metrics:request-size-max:{client-id=producer-1, node-id=node-3}      : 656.000
producer-node-metrics:request-total:{client-id=producer-1, node-id=node--1}        : 2.000
producer-node-metrics:request-total:{client-id=producer-1, node-id=node-1}         : 166681.000
producer-node-metrics:request-total:{client-id=producer-1, node-id=node-2}         : 166576.000
producer-node-metrics:request-total:{client-id=producer-1, node-id=node-3}         : 166843.000
producer-node-metrics:response-rate:{client-id=producer-1, node-id=node--1}        : 0.000
producer-node-metrics:response-rate:{client-id=producer-1, node-id=node-1}         : 0.000
producer-node-metrics:response-rate:{client-id=producer-1, node-id=node-2}         : 0.018
producer-node-metrics:response-rate:{client-id=producer-1, node-id=node-3}         : 0.000
producer-node-metrics:response-total:{client-id=producer-1, node-id=node--1}       : 2.000
producer-node-metrics:response-total:{client-id=producer-1, node-id=node-1}        : 32.000
producer-node-metrics:response-total:{client-id=producer-1, node-id=node-2}        : 37.000
producer-node-metrics:response-total:{client-id=producer-1, node-id=node-3}        : 31.000
producer-topic-metrics:byte-rate:{client-id=producer-1, topic=test-topic}          : 5516.177
producer-topic-metrics:byte-total:{client-id=producer-1, topic=test-topic}         : 287889471.000
producer-topic-metrics:compression-rate:{client-id=producer-1, topic=test-topic}   : 1.000
producer-topic-metrics:record-error-rate:{client-id=producer-1, topic=test-topic}  : 0.000
producer-topic-metrics:record-error-total:{client-id=producer-1, topic=test-topic} : 0.000
producer-topic-metrics:record-retry-rate:{client-id=producer-1, topic=test-topic}  : 0.000
producer-topic-metrics:record-retry-total:{client-id=producer-1, topic=test-topic} : 1.000
producer-topic-metrics:record-send-rate:{client-id=producer-1, topic=test-topic}   : 9.577
producer-topic-metrics:record-send-total:{client-id=producer-1, topic=test-topic}  : 500001.000
Produce Time: 28070.12
Aplication time: 28216.389
Quantidade de mensagens: 883611
