Topic to send: test-topic
Topic to acks: -1
Records: 500000
Size: 500
Batch Size: 500

Metric Name                                                                          Value
app-info:commit-id:{client-id=producer-1}                                          : d12590634290dbc4
app-info:start-time-ms:{client-id=producer-1}                                      : 1617195264208
app-info:version:{client-id=producer-1}                                            : 2.3.1
kafka-metrics-count:count:{client-id=producer-1}                                   : 126.000
producer-metrics:batch-size-avg:{client-id=producer-1}                             : 576.000
producer-metrics:batch-size-max:{client-id=producer-1}                             : 576.000
producer-metrics:batch-split-rate:{client-id=producer-1}                           : 0.000
producer-metrics:batch-split-total:{client-id=producer-1}                          : 0.000
producer-metrics:buffer-available-bytes:{client-id=producer-1}                     : 33554432.000
producer-metrics:buffer-exhausted-rate:{client-id=producer-1}                      : 0.000
producer-metrics:buffer-exhausted-total:{client-id=producer-1}                     : 0.000
producer-metrics:buffer-total-bytes:{client-id=producer-1}                         : 33554432.000
producer-metrics:bufferpool-wait-ratio:{client-id=producer-1}                      : 0.000
producer-metrics:bufferpool-wait-time-total:{client-id=producer-1}                 : 0.000
producer-metrics:compression-rate-avg:{client-id=producer-1}                       : 1.000
producer-metrics:connection-close-rate:{client-id=producer-1}                      : 0.000
producer-metrics:connection-close-total:{client-id=producer-1}                     : 1.000
producer-metrics:connection-count:{client-id=producer-1}                           : 3.000
producer-metrics:connection-creation-rate:{client-id=producer-1}                   : 0.000
producer-metrics:connection-creation-total:{client-id=producer-1}                  : 4.000
producer-metrics:failed-authentication-rate:{client-id=producer-1}                 : 0.000
producer-metrics:failed-authentication-total:{client-id=producer-1}                : 0.000
producer-metrics:failed-reauthentication-rate:{client-id=producer-1}               : 0.000
producer-metrics:failed-reauthentication-total:{client-id=producer-1}              : 0.000
producer-metrics:incoming-byte-rate:{client-id=producer-1}                         : 455.815
producer-metrics:incoming-byte-total:{client-id=producer-1}                        : 31068535.000
producer-metrics:io-ratio:{client-id=producer-1}                                   : 0.001
producer-metrics:io-time-ns-avg:{client-id=producer-1}                             : 35370.499
producer-metrics:io-wait-ratio:{client-id=producer-1}                              : 1.009
producer-metrics:io-wait-time-ns-avg:{client-id=producer-1}                        : 45838114.580
producer-metrics:io-waittime-total:{client-id=producer-1}                          : 67787106999533.000
producer-metrics:iotime-total:{client-id=producer-1}                               : 71250386407.000
producer-metrics:metadata-age:{client-id=producer-1}                               : 195.215
producer-metrics:network-io-rate:{client-id=producer-1}                            : 14.679
producer-metrics:network-io-total:{client-id=producer-1}                           : 1000504.000
producer-metrics:outgoing-byte-rate:{client-id=producer-1}                         : 4733.935
producer-metrics:outgoing-byte-total:{client-id=producer-1}                        : 322912318.000
producer-metrics:produce-throttle-time-avg:{client-id=producer-1}                  : 0.000
producer-metrics:produce-throttle-time-max:{client-id=producer-1}                  : 0.000
producer-metrics:reauthentication-latency-avg:{client-id=producer-1}               : NaN
producer-metrics:reauthentication-latency-max:{client-id=producer-1}               : NaN
producer-metrics:record-error-rate:{client-id=producer-1}                          : 0.000
producer-metrics:record-error-total:{client-id=producer-1}                         : 0.000
producer-metrics:record-queue-time-avg:{client-id=producer-1}                      : 0.100
producer-metrics:record-queue-time-max:{client-id=producer-1}                      : 1.000
producer-metrics:record-retry-rate:{client-id=producer-1}                          : 0.000
producer-metrics:record-retry-total:{client-id=producer-1}                         : 21.000
producer-metrics:record-send-rate:{client-id=producer-1}                           : 7.327
producer-metrics:record-send-total:{client-id=producer-1}                          : 500021.000
producer-metrics:record-size-avg:{client-id=producer-1}                            : 592.000
producer-metrics:record-size-max:{client-id=producer-1}                            : 592.000
producer-metrics:records-per-request-avg:{client-id=producer-1}                    : 1.000
producer-metrics:request-latency-avg:{client-id=producer-1}                        : 137.240
producer-metrics:request-latency-max:{client-id=producer-1}                        : 700.000
producer-metrics:request-rate:{client-id=producer-1}                               : 7.327
producer-metrics:request-size-avg:{client-id=producer-1}                           : 646.000
producer-metrics:request-size-max:{client-id=producer-1}                           : 646.000
producer-metrics:request-total:{client-id=producer-1}                              : 500252.000
producer-metrics:requests-in-flight:{client-id=producer-1}                         : 0.000
producer-metrics:response-rate:{client-id=producer-1}                              : 7.352
producer-metrics:response-total:{client-id=producer-1}                             : 500252.000
producer-metrics:select-rate:{client-id=producer-1}                                : 22.007
producer-metrics:select-total:{client-id=producer-1}                               : 1500627.000
producer-metrics:successful-authentication-no-reauth-total:{client-id=producer-1}  : 0.000
producer-metrics:successful-authentication-rate:{client-id=producer-1}             : 0.000
producer-metrics:successful-authentication-total:{client-id=producer-1}            : 0.000
producer-metrics:successful-reauthentication-rate:{client-id=producer-1}           : 0.000
producer-metrics:successful-reauthentication-total:{client-id=producer-1}          : 0.000
producer-metrics:waiting-threads:{client-id=producer-1}                            : 0.000
producer-node-metrics:incoming-byte-rate:{client-id=producer-1, node-id=node--1}   : 0.000
producer-node-metrics:incoming-byte-rate:{client-id=producer-1, node-id=node-1}    : 150.682
producer-node-metrics:incoming-byte-rate:{client-id=producer-1, node-id=node-2}    : 158.802
producer-node-metrics:incoming-byte-rate:{client-id=producer-1, node-id=node-3}    : 135.137
producer-node-metrics:incoming-byte-total:{client-id=producer-1, node-id=node--1}  : 585.000
producer-node-metrics:incoming-byte-total:{client-id=producer-1, node-id=node-1}   : 10367511.000
producer-node-metrics:incoming-byte-total:{client-id=producer-1, node-id=node-2}   : 10352902.000
producer-node-metrics:incoming-byte-total:{client-id=producer-1, node-id=node-3}   : 10347537.000
producer-node-metrics:outgoing-byte-rate:{client-id=producer-1, node-id=node--1}   : 0.000
producer-node-metrics:outgoing-byte-rate:{client-id=producer-1, node-id=node-1}    : 1548.452
producer-node-metrics:outgoing-byte-rate:{client-id=producer-1, node-id=node-2}    : 1668.164
producer-node-metrics:outgoing-byte-rate:{client-id=producer-1, node-id=node-3}    : 1463.473
producer-node-metrics:outgoing-byte-total:{client-id=producer-1, node-id=node--1}  : 67.000
producer-node-metrics:outgoing-byte-total:{client-id=producer-1, node-id=node-1}   : 107740572.000
producer-node-metrics:outgoing-byte-total:{client-id=producer-1, node-id=node-2}   : 107621458.000
producer-node-metrics:outgoing-byte-total:{client-id=producer-1, node-id=node-3}   : 107550221.000
producer-node-metrics:request-latency-avg:{client-id=producer-1, node-id=node--1}  : NaN
producer-node-metrics:request-latency-avg:{client-id=producer-1, node-id=node-1}   : 146.362
producer-node-metrics:request-latency-avg:{client-id=producer-1, node-id=node-2}   : 133.533
producer-node-metrics:request-latency-avg:{client-id=producer-1, node-id=node-3}   : 146.817
producer-node-metrics:request-latency-max:{client-id=producer-1, node-id=node--1}  : NaN
producer-node-metrics:request-latency-max:{client-id=producer-1, node-id=node-1}   : 1474.000
producer-node-metrics:request-latency-max:{client-id=producer-1, node-id=node-2}   : 660.000
producer-node-metrics:request-latency-max:{client-id=producer-1, node-id=node-3}   : 700.000
producer-node-metrics:request-rate:{client-id=producer-1, node-id=node--1}         : 0.000
producer-node-metrics:request-rate:{client-id=producer-1, node-id=node-1}          : 2.397
producer-node-metrics:request-rate:{client-id=producer-1, node-id=node-2}          : 2.582
producer-node-metrics:request-rate:{client-id=producer-1, node-id=node-3}          : 2.265
producer-node-metrics:request-size-avg:{client-id=producer-1, node-id=node--1}     : NaN
producer-node-metrics:request-size-avg:{client-id=producer-1, node-id=node-1}      : 646.000
producer-node-metrics:request-size-avg:{client-id=producer-1, node-id=node-2}      : 646.000
producer-node-metrics:request-size-avg:{client-id=producer-1, node-id=node-3}      : 646.000
producer-node-metrics:request-size-max:{client-id=producer-1, node-id=node--1}     : NaN
producer-node-metrics:request-size-max:{client-id=producer-1, node-id=node-1}      : 646.000
producer-node-metrics:request-size-max:{client-id=producer-1, node-id=node-2}      : 646.000
producer-node-metrics:request-size-max:{client-id=producer-1, node-id=node-3}      : 646.000
producer-node-metrics:request-total:{client-id=producer-1, node-id=node--1}        : 2.000
producer-node-metrics:request-total:{client-id=producer-1, node-id=node-1}         : 166915.000
producer-node-metrics:request-total:{client-id=producer-1, node-id=node-2}         : 166720.000
producer-node-metrics:request-total:{client-id=producer-1, node-id=node-3}         : 166615.000
producer-node-metrics:response-rate:{client-id=producer-1, node-id=node--1}        : 0.000
producer-node-metrics:response-rate:{client-id=producer-1, node-id=node-1}         : 2.430
producer-node-metrics:response-rate:{client-id=producer-1, node-id=node-2}         : 2.561
producer-node-metrics:response-rate:{client-id=producer-1, node-id=node-3}         : 2.180
producer-node-metrics:response-total:{client-id=producer-1, node-id=node--1}       : 2.000
producer-node-metrics:response-total:{client-id=producer-1, node-id=node-1}        : 166915.000
producer-node-metrics:response-total:{client-id=producer-1, node-id=node-2}        : 166720.000
producer-node-metrics:response-total:{client-id=producer-1, node-id=node-3}        : 166615.000
producer-topic-metrics:byte-rate:{client-id=producer-1, topic=test-topic}          : 4220.556
producer-topic-metrics:byte-total:{client-id=producer-1, topic=test-topic}         : 287900991.000
producer-topic-metrics:compression-rate:{client-id=producer-1, topic=test-topic}   : 1.000
producer-topic-metrics:record-error-rate:{client-id=producer-1, topic=test-topic}  : 0.000
producer-topic-metrics:record-error-total:{client-id=producer-1, topic=test-topic} : 0.000
producer-topic-metrics:record-retry-rate:{client-id=producer-1, topic=test-topic}  : 0.000
producer-topic-metrics:record-retry-total:{client-id=producer-1, topic=test-topic} : 21.000
producer-topic-metrics:record-send-rate:{client-id=producer-1, topic=test-topic}   : 7.327
producer-topic-metrics:record-send-total:{client-id=producer-1, topic=test-topic}  : 500021.000
Produce Time: 67942.64
Aplication time: 67943.195
Quantidade de mensagens: 500001
