Topic to send: test-topic
Topic to acks: -1
Records: 500000
Size: 500
Batch Size: 500

Metric Name                                                                          Value
app-info:commit-id:{client-id=producer-1}                                          : d12590634290dbc4
app-info:start-time-ms:{client-id=producer-1}                                      : 1620226908715
app-info:version:{client-id=producer-1}                                            : 2.3.1
kafka-metrics-count:count:{client-id=producer-1}                                   : 126.000
producer-metrics:batch-size-avg:{client-id=producer-1}                             : 576.000
producer-metrics:batch-size-max:{client-id=producer-1}                             : 576.000
producer-metrics:batch-split-rate:{client-id=producer-1}                           : 0.000
producer-metrics:batch-split-total:{client-id=producer-1}                          : 0.000
producer-metrics:buffer-available-bytes:{client-id=producer-1}                     : 33554432.000
producer-metrics:buffer-exhausted-rate:{client-id=producer-1}                      : 0.000
producer-metrics:buffer-exhausted-total:{client-id=producer-1}                     : 0.000
producer-metrics:buffer-total-bytes:{client-id=producer-1}                         : 33554432.000
producer-metrics:bufferpool-wait-ratio:{client-id=producer-1}                      : 0.000
producer-metrics:bufferpool-wait-time-total:{client-id=producer-1}                 : 0.000
producer-metrics:compression-rate-avg:{client-id=producer-1}                       : 1.000
producer-metrics:connection-close-rate:{client-id=producer-1}                      : 0.000
producer-metrics:connection-close-total:{client-id=producer-1}                     : 4.000
producer-metrics:connection-count:{client-id=producer-1}                           : 3.000
producer-metrics:connection-creation-rate:{client-id=producer-1}                   : 0.000
producer-metrics:connection-creation-total:{client-id=producer-1}                  : 7.000
producer-metrics:failed-authentication-rate:{client-id=producer-1}                 : 0.000
producer-metrics:failed-authentication-total:{client-id=producer-1}                : 0.000
producer-metrics:failed-reauthentication-rate:{client-id=producer-1}               : 0.000
producer-metrics:failed-reauthentication-total:{client-id=producer-1}              : 0.000
producer-metrics:incoming-byte-rate:{client-id=producer-1}                         : 47943.568
producer-metrics:incoming-byte-total:{client-id=producer-1}                        : 31003513.000
producer-metrics:io-ratio:{client-id=producer-1}                                   : 0.076
producer-metrics:io-time-ns-avg:{client-id=producer-1}                             : 32956.789
producer-metrics:io-wait-ratio:{client-id=producer-1}                              : 0.841
producer-metrics:io-wait-time-ns-avg:{client-id=producer-1}                        : 362799.696
producer-metrics:io-waittime-total:{client-id=producer-1}                          : 594189172821.000
producer-metrics:iotime-total:{client-id=producer-1}                               : 46138063296.000
producer-metrics:metadata-age:{client-id=producer-1}                               : 150.120
producer-metrics:network-io-rate:{client-id=producer-1}                            : 1546.472
producer-metrics:network-io-total:{client-id=producer-1}                           : 1000027.000
producer-metrics:outgoing-byte-rate:{client-id=producer-1}                         : 499565.772
producer-metrics:outgoing-byte-total:{client-id=producer-1}                        : 322890613.000
producer-metrics:produce-throttle-time-avg:{client-id=producer-1}                  : 0.000
producer-metrics:produce-throttle-time-max:{client-id=producer-1}                  : 0.000
producer-metrics:reauthentication-latency-avg:{client-id=producer-1}               : NaN
producer-metrics:reauthentication-latency-max:{client-id=producer-1}               : NaN
producer-metrics:record-error-rate:{client-id=producer-1}                          : 0.000
producer-metrics:record-error-total:{client-id=producer-1}                         : 0.000
producer-metrics:record-queue-time-avg:{client-id=producer-1}                      : 0.032
producer-metrics:record-queue-time-max:{client-id=producer-1}                      : 1.000
producer-metrics:record-retry-rate:{client-id=producer-1}                          : 0.000
producer-metrics:record-retry-total:{client-id=producer-1}                         : 2.000
producer-metrics:record-send-rate:{client-id=producer-1}                           : 773.265
producer-metrics:record-send-total:{client-id=producer-1}                          : 500002.000
producer-metrics:record-size-avg:{client-id=producer-1}                            : 592.000
producer-metrics:record-size-max:{client-id=producer-1}                            : 592.000
producer-metrics:records-per-request-avg:{client-id=producer-1}                    : 1.000
producer-metrics:request-latency-avg:{client-id=producer-1}                        : 1.208
producer-metrics:request-latency-max:{client-id=producer-1}                        : 65.000
producer-metrics:request-rate:{client-id=producer-1}                               : 773.265
producer-metrics:request-size-avg:{client-id=producer-1}                           : 646.000
producer-metrics:request-size-max:{client-id=producer-1}                           : 646.000
producer-metrics:request-total:{client-id=producer-1}                              : 500015.000
producer-metrics:requests-in-flight:{client-id=producer-1}                         : 0.000
producer-metrics:response-rate:{client-id=producer-1}                              : 773.269
producer-metrics:response-total:{client-id=producer-1}                             : 500012.000
producer-metrics:select-rate:{client-id=producer-1}                                : 2317.583
producer-metrics:select-total:{client-id=producer-1}                               : 1497416.000
producer-metrics:successful-authentication-no-reauth-total:{client-id=producer-1}  : 0.000
producer-metrics:successful-authentication-rate:{client-id=producer-1}             : 0.000
producer-metrics:successful-authentication-total:{client-id=producer-1}            : 0.000
producer-metrics:successful-reauthentication-rate:{client-id=producer-1}           : 0.000
producer-metrics:successful-reauthentication-total:{client-id=producer-1}          : 0.000
producer-metrics:waiting-threads:{client-id=producer-1}                            : 0.000
producer-node-metrics:incoming-byte-rate:{client-id=producer-1, node-id=node--3}   : 0.000
producer-node-metrics:incoming-byte-rate:{client-id=producer-1, node-id=node-1}    : 15876.269
producer-node-metrics:incoming-byte-rate:{client-id=producer-1, node-id=node-2}    : 15874.783
producer-node-metrics:incoming-byte-rate:{client-id=producer-1, node-id=node-3}    : 16234.315
producer-node-metrics:incoming-byte-total:{client-id=producer-1, node-id=node--3}  : 585.000
producer-node-metrics:incoming-byte-total:{client-id=producer-1, node-id=node-1}   : 10343223.000
producer-node-metrics:incoming-byte-total:{client-id=producer-1, node-id=node-2}   : 10333408.000
producer-node-metrics:incoming-byte-total:{client-id=producer-1, node-id=node-3}   : 10326297.000
producer-node-metrics:outgoing-byte-rate:{client-id=producer-1, node-id=node--3}   : 0.000
producer-node-metrics:outgoing-byte-rate:{client-id=producer-1, node-id=node-1}    : 164471.931
producer-node-metrics:outgoing-byte-rate:{client-id=producer-1, node-id=node-2}    : 165302.259
producer-node-metrics:outgoing-byte-rate:{client-id=producer-1, node-id=node-3}    : 169160.371
producer-node-metrics:outgoing-byte-total:{client-id=producer-1, node-id=node--3}  : 67.000
producer-node-metrics:outgoing-byte-total:{client-id=producer-1, node-id=node-1}   : 107724236.000
producer-node-metrics:outgoing-byte-total:{client-id=producer-1, node-id=node-2}   : 107619204.000
producer-node-metrics:outgoing-byte-total:{client-id=producer-1, node-id=node-3}   : 107547106.000
producer-node-metrics:request-latency-avg:{client-id=producer-1, node-id=node--3}  : NaN
producer-node-metrics:request-latency-avg:{client-id=producer-1, node-id=node-1}   : 1.520
producer-node-metrics:request-latency-avg:{client-id=producer-1, node-id=node-2}   : 1.044
producer-node-metrics:request-latency-avg:{client-id=producer-1, node-id=node-3}   : 1.046
producer-node-metrics:request-latency-max:{client-id=producer-1, node-id=node--3}  : NaN
producer-node-metrics:request-latency-max:{client-id=producer-1, node-id=node-1}   : 65.000
producer-node-metrics:request-latency-max:{client-id=producer-1, node-id=node-2}   : 31.000
producer-node-metrics:request-latency-max:{client-id=producer-1, node-id=node-3}   : 36.000
producer-node-metrics:request-rate:{client-id=producer-1, node-id=node--3}         : 0.000
producer-node-metrics:request-rate:{client-id=producer-1, node-id=node-1}          : 254.591
producer-node-metrics:request-rate:{client-id=producer-1, node-id=node-2}          : 255.871
producer-node-metrics:request-rate:{client-id=producer-1, node-id=node-3}          : 261.839
producer-node-metrics:request-size-avg:{client-id=producer-1, node-id=node--3}     : NaN
producer-node-metrics:request-size-avg:{client-id=producer-1, node-id=node-1}      : 646.000
producer-node-metrics:request-size-avg:{client-id=producer-1, node-id=node-2}      : 646.000
producer-node-metrics:request-size-avg:{client-id=producer-1, node-id=node-3}      : 646.000
producer-node-metrics:request-size-max:{client-id=producer-1, node-id=node--3}     : NaN
producer-node-metrics:request-size-max:{client-id=producer-1, node-id=node-1}      : 646.000
producer-node-metrics:request-size-max:{client-id=producer-1, node-id=node-2}      : 646.000
producer-node-metrics:request-size-max:{client-id=producer-1, node-id=node-3}      : 646.000
producer-node-metrics:request-total:{client-id=producer-1, node-id=node--3}        : 2.000
producer-node-metrics:request-total:{client-id=producer-1, node-id=node-1}         : 166816.000
producer-node-metrics:request-total:{client-id=producer-1, node-id=node-2}         : 166654.000
producer-node-metrics:request-total:{client-id=producer-1, node-id=node-3}         : 166543.000
producer-node-metrics:response-rate:{client-id=producer-1, node-id=node--3}        : 0.000
producer-node-metrics:response-rate:{client-id=producer-1, node-id=node-1}         : 256.076
producer-node-metrics:response-rate:{client-id=producer-1, node-id=node-2}         : 256.053
producer-node-metrics:response-rate:{client-id=producer-1, node-id=node-3}         : 261.849
producer-node-metrics:response-total:{client-id=producer-1, node-id=node--3}       : 2.000
producer-node-metrics:response-total:{client-id=producer-1, node-id=node-1}        : 166815.000
producer-node-metrics:response-total:{client-id=producer-1, node-id=node-2}        : 166653.000
producer-node-metrics:response-total:{client-id=producer-1, node-id=node-3}        : 166542.000
producer-topic-metrics:byte-rate:{client-id=producer-1, topic=test-topic}          : 445400.677
producer-topic-metrics:byte-total:{client-id=producer-1, topic=test-topic}         : 287890047.000
producer-topic-metrics:compression-rate:{client-id=producer-1, topic=test-topic}   : 1.000
producer-topic-metrics:record-error-rate:{client-id=producer-1, topic=test-topic}  : 0.000
producer-topic-metrics:record-error-total:{client-id=producer-1, topic=test-topic} : 0.000
producer-topic-metrics:record-retry-rate:{client-id=producer-1, topic=test-topic}  : 0.000
producer-topic-metrics:record-retry-total:{client-id=producer-1, topic=test-topic} : 2.000
producer-topic-metrics:record-send-rate:{client-id=producer-1, topic=test-topic}   : 773.265
producer-topic-metrics:record-send-total:{client-id=producer-1, topic=test-topic}  : 500002.000
Produce Time: 690.335
Aplication time: 691.002
Quantidade de mensagens: 500002
