Topic to send: test-topic
Topic to acks: -2
Records: 500000
Size: 500
Batch Size: 500

Metric Name                                                                          Value
app-info:commit-id:{client-id=producer-1}                                          : d12590634290dbc4
app-info:start-time-ms:{client-id=producer-1}                                      : 1620097858193
app-info:version:{client-id=producer-1}                                            : 2.3.1
kafka-metrics-count:count:{client-id=producer-1}                                   : 126.000
producer-metrics:batch-size-avg:{client-id=producer-1}                             : 576.000
producer-metrics:batch-size-max:{client-id=producer-1}                             : 576.000
producer-metrics:batch-split-rate:{client-id=producer-1}                           : 0.000
producer-metrics:batch-split-total:{client-id=producer-1}                          : 0.000
producer-metrics:buffer-available-bytes:{client-id=producer-1}                     : 33554432.000
producer-metrics:buffer-exhausted-rate:{client-id=producer-1}                      : 0.000
producer-metrics:buffer-exhausted-total:{client-id=producer-1}                     : 0.000
producer-metrics:buffer-total-bytes:{client-id=producer-1}                         : 33554432.000
producer-metrics:bufferpool-wait-ratio:{client-id=producer-1}                      : 0.000
producer-metrics:bufferpool-wait-time-total:{client-id=producer-1}                 : 0.000
producer-metrics:compression-rate-avg:{client-id=producer-1}                       : 1.000
producer-metrics:connection-close-rate:{client-id=producer-1}                      : 0.000
producer-metrics:connection-close-total:{client-id=producer-1}                     : 3.000
producer-metrics:connection-count:{client-id=producer-1}                           : 3.000
producer-metrics:connection-creation-rate:{client-id=producer-1}                   : 0.000
producer-metrics:connection-creation-total:{client-id=producer-1}                  : 6.000
producer-metrics:failed-authentication-rate:{client-id=producer-1}                 : 0.000
producer-metrics:failed-authentication-total:{client-id=producer-1}                : 0.000
producer-metrics:failed-reauthentication-rate:{client-id=producer-1}               : 0.000
producer-metrics:failed-reauthentication-total:{client-id=producer-1}              : 0.000
producer-metrics:incoming-byte-rate:{client-id=producer-1}                         : 0.000
producer-metrics:incoming-byte-total:{client-id=producer-1}                        : 4674.000
producer-metrics:io-ratio:{client-id=producer-1}                                   : 0.004
producer-metrics:io-time-ns-avg:{client-id=producer-1}                             : 8140.797
producer-metrics:io-wait-ratio:{client-id=producer-1}                              : 1.106
producer-metrics:io-wait-time-ns-avg:{client-id=producer-1}                        : 2277344.280
producer-metrics:io-waittime-total:{client-id=producer-1}                          : 2444156387953.000
producer-metrics:iotime-total:{client-id=producer-1}                               : 9691255722.000
producer-metrics:metadata-age:{client-id=producer-1}                               : 80.070
producer-metrics:network-io-rate:{client-id=producer-1}                            : 242.647
producer-metrics:network-io-total:{client-id=producer-1}                           : 500033.000
producer-metrics:outgoing-byte-rate:{client-id=producer-1}                         : 159198.191
producer-metrics:outgoing-byte-total:{client-id=producer-1}                        : 327889512.000
producer-metrics:produce-throttle-time-avg:{client-id=producer-1}                  : NaN
producer-metrics:produce-throttle-time-max:{client-id=producer-1}                  : NaN
producer-metrics:reauthentication-latency-avg:{client-id=producer-1}               : NaN
producer-metrics:reauthentication-latency-max:{client-id=producer-1}               : NaN
producer-metrics:record-error-rate:{client-id=producer-1}                          : 0.000
producer-metrics:record-error-total:{client-id=producer-1}                         : 0.000
producer-metrics:record-queue-time-avg:{client-id=producer-1}                      : 0.017
producer-metrics:record-queue-time-max:{client-id=producer-1}                      : 1.000
producer-metrics:record-retry-rate:{client-id=producer-1}                          : 0.000
producer-metrics:record-retry-total:{client-id=producer-1}                         : 0.000
producer-metrics:record-send-rate:{client-id=producer-1}                           : 246.507
producer-metrics:record-send-total:{client-id=producer-1}                          : 500000.000
producer-metrics:record-size-avg:{client-id=producer-1}                            : 592.000
producer-metrics:record-size-max:{client-id=producer-1}                            : 592.000
producer-metrics:records-per-request-avg:{client-id=producer-1}                    : 1.000
producer-metrics:request-latency-avg:{client-id=producer-1}                        : NaN
producer-metrics:request-latency-max:{client-id=producer-1}                        : NaN
producer-metrics:request-rate:{client-id=producer-1}                               : 242.657
producer-metrics:request-size-avg:{client-id=producer-1}                           : 656.000
producer-metrics:request-size-max:{client-id=producer-1}                           : 656.000
producer-metrics:request-total:{client-id=producer-1}                              : 500017.000
producer-metrics:requests-in-flight:{client-id=producer-1}                         : 0.000
producer-metrics:response-rate:{client-id=producer-1}                              : 0.000
producer-metrics:response-total:{client-id=producer-1}                             : 16.000
producer-metrics:select-rate:{client-id=producer-1}                                : 485.855
producer-metrics:select-total:{client-id=producer-1}                               : 1000444.000
producer-metrics:successful-authentication-no-reauth-total:{client-id=producer-1}  : 0.000
producer-metrics:successful-authentication-rate:{client-id=producer-1}             : 0.000
producer-metrics:successful-authentication-total:{client-id=producer-1}            : 0.000
producer-metrics:successful-reauthentication-rate:{client-id=producer-1}           : 0.000
producer-metrics:successful-reauthentication-total:{client-id=producer-1}          : 0.000
producer-metrics:waiting-threads:{client-id=producer-1}                            : 0.000
producer-node-metrics:incoming-byte-rate:{client-id=producer-1, node-id=node--2}   : 0.000
producer-node-metrics:incoming-byte-rate:{client-id=producer-1, node-id=node-1}    : 0.000
producer-node-metrics:incoming-byte-rate:{client-id=producer-1, node-id=node-2}    : 0.000
producer-node-metrics:incoming-byte-rate:{client-id=producer-1, node-id=node-3}    : 0.000
producer-node-metrics:incoming-byte-total:{client-id=producer-1, node-id=node--2}  : 585.000
producer-node-metrics:incoming-byte-total:{client-id=producer-1, node-id=node-1}   : 1170.000
producer-node-metrics:incoming-byte-total:{client-id=producer-1, node-id=node-2}   : 1752.000
producer-node-metrics:incoming-byte-total:{client-id=producer-1, node-id=node-3}   : 1167.000
producer-node-metrics:outgoing-byte-rate:{client-id=producer-1, node-id=node--2}   : 0.000
producer-node-metrics:outgoing-byte-rate:{client-id=producer-1, node-id=node-1}    : 53144.304
producer-node-metrics:outgoing-byte-rate:{client-id=producer-1, node-id=node-2}    : 55213.467
producer-node-metrics:outgoing-byte-rate:{client-id=producer-1, node-id=node-3}    : 52479.418
producer-node-metrics:outgoing-byte-total:{client-id=producer-1, node-id=node--2}  : 67.000
producer-node-metrics:outgoing-byte-total:{client-id=producer-1, node-id=node-1}   : 109285048.000
producer-node-metrics:outgoing-byte-total:{client-id=producer-1, node-id=node-2}   : 109212625.000
producer-node-metrics:outgoing-byte-total:{client-id=producer-1, node-id=node-3}   : 109391772.000
producer-node-metrics:request-latency-avg:{client-id=producer-1, node-id=node--2}  : NaN
producer-node-metrics:request-latency-avg:{client-id=producer-1, node-id=node-1}   : NaN
producer-node-metrics:request-latency-avg:{client-id=producer-1, node-id=node-2}   : NaN
producer-node-metrics:request-latency-avg:{client-id=producer-1, node-id=node-3}   : NaN
producer-node-metrics:request-latency-max:{client-id=producer-1, node-id=node--2}  : NaN
producer-node-metrics:request-latency-max:{client-id=producer-1, node-id=node-1}   : NaN
producer-node-metrics:request-latency-max:{client-id=producer-1, node-id=node-2}   : NaN
producer-node-metrics:request-latency-max:{client-id=producer-1, node-id=node-3}   : NaN
producer-node-metrics:request-rate:{client-id=producer-1, node-id=node--2}         : 0.000
producer-node-metrics:request-rate:{client-id=producer-1, node-id=node-1}          : 81.008
producer-node-metrics:request-rate:{client-id=producer-1, node-id=node-2}          : 84.161
producer-node-metrics:request-rate:{client-id=producer-1, node-id=node-3}          : 79.992
producer-node-metrics:request-size-avg:{client-id=producer-1, node-id=node--2}     : NaN
producer-node-metrics:request-size-avg:{client-id=producer-1, node-id=node-1}      : 656.000
producer-node-metrics:request-size-avg:{client-id=producer-1, node-id=node-2}      : 656.000
producer-node-metrics:request-size-avg:{client-id=producer-1, node-id=node-3}      : 656.000
producer-node-metrics:request-size-max:{client-id=producer-1, node-id=node--2}     : NaN
producer-node-metrics:request-size-max:{client-id=producer-1, node-id=node-1}      : 656.000
producer-node-metrics:request-size-max:{client-id=producer-1, node-id=node-2}      : 656.000
producer-node-metrics:request-size-max:{client-id=producer-1, node-id=node-3}      : 656.000
producer-node-metrics:request-total:{client-id=producer-1, node-id=node--2}        : 2.000
producer-node-metrics:request-total:{client-id=producer-1, node-id=node-1}         : 166653.000
producer-node-metrics:request-total:{client-id=producer-1, node-id=node-2}         : 166546.000
producer-node-metrics:request-total:{client-id=producer-1, node-id=node-3}         : 166816.000
producer-node-metrics:response-rate:{client-id=producer-1, node-id=node--2}        : 0.000
producer-node-metrics:response-rate:{client-id=producer-1, node-id=node-1}         : 0.000
producer-node-metrics:response-rate:{client-id=producer-1, node-id=node-2}         : 0.000
producer-node-metrics:response-rate:{client-id=producer-1, node-id=node-3}         : 0.000
producer-node-metrics:response-total:{client-id=producer-1, node-id=node--2}       : 2.000
producer-node-metrics:response-total:{client-id=producer-1, node-id=node-1}        : 4.000
producer-node-metrics:response-total:{client-id=producer-1, node-id=node-2}        : 6.000
producer-node-metrics:response-total:{client-id=producer-1, node-id=node-3}        : 4.000
producer-topic-metrics:byte-rate:{client-id=producer-1, topic=test-topic}          : 141984.875
producer-topic-metrics:byte-total:{client-id=producer-1, topic=test-topic}         : 287888895.000
producer-topic-metrics:compression-rate:{client-id=producer-1, topic=test-topic}   : 1.000
producer-topic-metrics:record-error-rate:{client-id=producer-1, topic=test-topic}  : 0.000
producer-topic-metrics:record-error-total:{client-id=producer-1, topic=test-topic} : 0.000
producer-topic-metrics:record-retry-rate:{client-id=producer-1, topic=test-topic}  : 0.000
producer-topic-metrics:record-retry-total:{client-id=producer-1, topic=test-topic} : 0.000
producer-topic-metrics:record-send-rate:{client-id=producer-1, topic=test-topic}   : 246.507
producer-topic-metrics:record-send-total:{client-id=producer-1, topic=test-topic}  : 500000.000
Produce Time: 2477.475
Aplication time: 2478.18
Quantidade de mensagens: 500000
