Topic to send: test-topic
Topic to acks: 1
Records: 500000
Size: 500
Batch Size: 500

Metric Name                                                                          Value
app-info:commit-id:{client-id=producer-1}                                          : d12590634290dbc4
app-info:start-time-ms:{client-id=producer-1}                                      : 1620272417012
app-info:version:{client-id=producer-1}                                            : 2.3.1
kafka-metrics-count:count:{client-id=producer-1}                                   : 126.000
producer-metrics:batch-size-avg:{client-id=producer-1}                             : 576.000
producer-metrics:batch-size-max:{client-id=producer-1}                             : 576.000
producer-metrics:batch-split-rate:{client-id=producer-1}                           : 0.000
producer-metrics:batch-split-total:{client-id=producer-1}                          : 0.000
producer-metrics:buffer-available-bytes:{client-id=producer-1}                     : 33554432.000
producer-metrics:buffer-exhausted-rate:{client-id=producer-1}                      : 0.000
producer-metrics:buffer-exhausted-total:{client-id=producer-1}                     : 0.000
producer-metrics:buffer-total-bytes:{client-id=producer-1}                         : 33554432.000
producer-metrics:bufferpool-wait-ratio:{client-id=producer-1}                      : 0.000
producer-metrics:bufferpool-wait-time-total:{client-id=producer-1}                 : 0.000
producer-metrics:compression-rate-avg:{client-id=producer-1}                       : 1.000
producer-metrics:connection-close-rate:{client-id=producer-1}                      : 0.000
producer-metrics:connection-close-total:{client-id=producer-1}                     : 3.000
producer-metrics:connection-count:{client-id=producer-1}                           : 4.000
producer-metrics:connection-creation-rate:{client-id=producer-1}                   : 0.000
producer-metrics:connection-creation-total:{client-id=producer-1}                  : 7.000
producer-metrics:failed-authentication-rate:{client-id=producer-1}                 : 0.000
producer-metrics:failed-authentication-total:{client-id=producer-1}                : 0.000
producer-metrics:failed-reauthentication-rate:{client-id=producer-1}               : 0.000
producer-metrics:failed-reauthentication-total:{client-id=producer-1}              : 0.000
producer-metrics:incoming-byte-rate:{client-id=producer-1}                         : 90668.375
producer-metrics:incoming-byte-total:{client-id=producer-1}                        : 31002640.000
producer-metrics:io-ratio:{client-id=producer-1}                                   : 0.130
producer-metrics:io-time-ns-avg:{client-id=producer-1}                             : 29672.580
producer-metrics:io-wait-ratio:{client-id=producer-1}                              : 0.729
producer-metrics:io-wait-time-ns-avg:{client-id=producer-1}                        : 166755.614
producer-metrics:io-waittime-total:{client-id=producer-1}                          : 321862680547.000
producer-metrics:iotime-total:{client-id=producer-1}                               : 43919425650.000
producer-metrics:metadata-age:{client-id=producer-1}                               : 220.348
producer-metrics:network-io-rate:{client-id=producer-1}                            : 2927.969
producer-metrics:network-io-total:{client-id=producer-1}                           : 1000021.000
producer-metrics:outgoing-byte-rate:{client-id=producer-1}                         : 945825.503
producer-metrics:outgoing-byte-total:{client-id=producer-1}                        : 322889881.000
producer-metrics:produce-throttle-time-avg:{client-id=producer-1}                  : 0.000
producer-metrics:produce-throttle-time-max:{client-id=producer-1}                  : 0.000
producer-metrics:reauthentication-latency-avg:{client-id=producer-1}               : NaN
producer-metrics:reauthentication-latency-max:{client-id=producer-1}               : NaN
producer-metrics:record-error-rate:{client-id=producer-1}                          : 0.000
producer-metrics:record-error-total:{client-id=producer-1}                         : 0.000
producer-metrics:record-queue-time-avg:{client-id=producer-1}                      : 0.031
producer-metrics:record-queue-time-max:{client-id=producer-1}                      : 6.000
producer-metrics:record-retry-rate:{client-id=producer-1}                          : 0.000
producer-metrics:record-retry-total:{client-id=producer-1}                         : 1.000
producer-metrics:record-send-rate:{client-id=producer-1}                           : 1462.381
producer-metrics:record-send-total:{client-id=producer-1}                          : 500001.000
producer-metrics:record-size-avg:{client-id=producer-1}                            : 592.000
producer-metrics:record-size-max:{client-id=producer-1}                            : 592.000
producer-metrics:records-per-request-avg:{client-id=producer-1}                    : 1.000
producer-metrics:request-latency-avg:{client-id=producer-1}                        : 0.612
producer-metrics:request-latency-max:{client-id=producer-1}                        : 88.000
producer-metrics:request-rate:{client-id=producer-1}                               : 1464.004
producer-metrics:request-size-avg:{client-id=producer-1}                           : 646.000
producer-metrics:request-size-max:{client-id=producer-1}                           : 646.000
producer-metrics:request-total:{client-id=producer-1}                              : 500012.000
producer-metrics:requests-in-flight:{client-id=producer-1}                         : 0.000
producer-metrics:response-rate:{client-id=producer-1}                              : 1462.359
producer-metrics:response-total:{client-id=producer-1}                             : 500009.000
producer-metrics:select-rate:{client-id=producer-1}                                : 4374.470
producer-metrics:select-total:{client-id=producer-1}                               : 1494723.000
producer-metrics:successful-authentication-no-reauth-total:{client-id=producer-1}  : 0.000
producer-metrics:successful-authentication-rate:{client-id=producer-1}             : 0.000
producer-metrics:successful-authentication-total:{client-id=producer-1}            : 0.000
producer-metrics:successful-reauthentication-rate:{client-id=producer-1}           : 0.000
producer-metrics:successful-reauthentication-total:{client-id=producer-1}          : 0.000
producer-metrics:waiting-threads:{client-id=producer-1}                            : 0.000
producer-node-metrics:incoming-byte-rate:{client-id=producer-1, node-id=node--3}   : 0.000
producer-node-metrics:incoming-byte-rate:{client-id=producer-1, node-id=node-1}    : 29778.403
producer-node-metrics:incoming-byte-rate:{client-id=producer-1, node-id=node-2}    : 30299.182
producer-node-metrics:incoming-byte-rate:{client-id=producer-1, node-id=node-3}    : 30319.745
producer-node-metrics:incoming-byte-total:{client-id=producer-1, node-id=node--3}  : 585.000
producer-node-metrics:incoming-byte-total:{client-id=producer-1, node-id=node-1}   : 10342932.000
producer-node-metrics:incoming-byte-total:{client-id=producer-1, node-id=node-2}   : 10332826.000
producer-node-metrics:incoming-byte-total:{client-id=producer-1, node-id=node-3}   : 10326297.000
producer-node-metrics:outgoing-byte-rate:{client-id=producer-1, node-id=node--3}   : 0.000
producer-node-metrics:outgoing-byte-rate:{client-id=producer-1, node-id=node-1}    : 309947.464
producer-node-metrics:outgoing-byte-rate:{client-id=producer-1, node-id=node-2}    : 315704.534
producer-node-metrics:outgoing-byte-rate:{client-id=producer-1, node-id=node-3}    : 316310.490
producer-node-metrics:outgoing-byte-total:{client-id=producer-1, node-id=node--3}  : 67.000
producer-node-metrics:outgoing-byte-total:{client-id=producer-1, node-id=node-1}   : 107723590.000
producer-node-metrics:outgoing-byte-total:{client-id=producer-1, node-id=node-2}   : 107618515.000
producer-node-metrics:outgoing-byte-total:{client-id=producer-1, node-id=node-3}   : 107547709.000
producer-node-metrics:request-latency-avg:{client-id=producer-1, node-id=node--3}  : NaN
producer-node-metrics:request-latency-avg:{client-id=producer-1, node-id=node-1}   : 0.582
producer-node-metrics:request-latency-avg:{client-id=producer-1, node-id=node-2}   : 0.565
producer-node-metrics:request-latency-avg:{client-id=producer-1, node-id=node-3}   : 0.705
producer-node-metrics:request-latency-max:{client-id=producer-1, node-id=node--3}  : NaN
producer-node-metrics:request-latency-max:{client-id=producer-1, node-id=node-1}   : 15.000
producer-node-metrics:request-latency-max:{client-id=producer-1, node-id=node-2}   : 12.000
producer-node-metrics:request-latency-max:{client-id=producer-1, node-id=node-3}   : 88.000
producer-node-metrics:request-rate:{client-id=producer-1, node-id=node--3}         : 0.000
producer-node-metrics:request-rate:{client-id=producer-1, node-id=node-1}          : 479.766
producer-node-metrics:request-rate:{client-id=producer-1, node-id=node-2}          : 488.696
producer-node-metrics:request-rate:{client-id=producer-1, node-id=node-3}          : 489.624
producer-node-metrics:request-size-avg:{client-id=producer-1, node-id=node--3}     : NaN
producer-node-metrics:request-size-avg:{client-id=producer-1, node-id=node-1}      : 646.000
producer-node-metrics:request-size-avg:{client-id=producer-1, node-id=node-2}      : 646.000
producer-node-metrics:request-size-avg:{client-id=producer-1, node-id=node-3}      : 646.000
producer-node-metrics:request-size-max:{client-id=producer-1, node-id=node--3}     : NaN
producer-node-metrics:request-size-max:{client-id=producer-1, node-id=node-1}      : 646.000
producer-node-metrics:request-size-max:{client-id=producer-1, node-id=node-2}      : 646.000
producer-node-metrics:request-size-max:{client-id=producer-1, node-id=node-3}      : 646.000
producer-node-metrics:request-total:{client-id=producer-1, node-id=node--3}        : 2.000
producer-node-metrics:request-total:{client-id=producer-1, node-id=node-1}         : 166815.000
producer-node-metrics:request-total:{client-id=producer-1, node-id=node-2}         : 166652.000
producer-node-metrics:request-total:{client-id=producer-1, node-id=node-3}         : 166543.000
producer-node-metrics:response-rate:{client-id=producer-1, node-id=node--3}        : 0.000
producer-node-metrics:response-rate:{client-id=producer-1, node-id=node-1}         : 480.297
producer-node-metrics:response-rate:{client-id=producer-1, node-id=node-2}         : 488.696
producer-node-metrics:response-rate:{client-id=producer-1, node-id=node-3}         : 489.028
producer-node-metrics:response-total:{client-id=producer-1, node-id=node--3}       : 2.000
producer-node-metrics:response-total:{client-id=producer-1, node-id=node-1}        : 166814.000
producer-node-metrics:response-total:{client-id=producer-1, node-id=node-2}        : 166651.000
producer-node-metrics:response-total:{client-id=producer-1, node-id=node-3}        : 166542.000
producer-topic-metrics:byte-rate:{client-id=producer-1, topic=test-topic}          : 842331.237
producer-topic-metrics:byte-total:{client-id=producer-1, topic=test-topic}         : 287889471.000
producer-topic-metrics:compression-rate:{client-id=producer-1, topic=test-topic}   : 1.000
producer-topic-metrics:record-error-rate:{client-id=producer-1, topic=test-topic}  : 0.000
producer-topic-metrics:record-error-total:{client-id=producer-1, topic=test-topic} : 0.000
producer-topic-metrics:record-retry-rate:{client-id=producer-1, topic=test-topic}  : 0.000
producer-topic-metrics:record-retry-total:{client-id=producer-1, topic=test-topic} : 1.000
producer-topic-metrics:record-send-rate:{client-id=producer-1, topic=test-topic}   : 1462.381
producer-topic-metrics:record-send-total:{client-id=producer-1, topic=test-topic}  : 500001.000
Produce Time: 412.858
Aplication time: 413.423
Quantidade de mensagens: 500001
