Topic to send: test-topic
Topic to acks: 1
Records: 500000
Size: 500
Batch Size: 500

Metric Name                                                                          Value
app-info:commit-id:{client-id=producer-1}                                          : d12590634290dbc4
app-info:start-time-ms:{client-id=producer-1}                                      : 1620279145546
app-info:version:{client-id=producer-1}                                            : 2.3.1
kafka-metrics-count:count:{client-id=producer-1}                                   : 126.000
producer-metrics:batch-size-avg:{client-id=producer-1}                             : 576.000
producer-metrics:batch-size-max:{client-id=producer-1}                             : 576.000
producer-metrics:batch-split-rate:{client-id=producer-1}                           : 0.000
producer-metrics:batch-split-total:{client-id=producer-1}                          : 0.000
producer-metrics:buffer-available-bytes:{client-id=producer-1}                     : 33554432.000
producer-metrics:buffer-exhausted-rate:{client-id=producer-1}                      : 0.000
producer-metrics:buffer-exhausted-total:{client-id=producer-1}                     : 0.000
producer-metrics:buffer-total-bytes:{client-id=producer-1}                         : 33554432.000
producer-metrics:bufferpool-wait-ratio:{client-id=producer-1}                      : 0.000
producer-metrics:bufferpool-wait-time-total:{client-id=producer-1}                 : 0.000
producer-metrics:compression-rate-avg:{client-id=producer-1}                       : 1.000
producer-metrics:connection-close-rate:{client-id=producer-1}                      : 0.000
producer-metrics:connection-close-total:{client-id=producer-1}                     : 2.000
producer-metrics:connection-count:{client-id=producer-1}                           : 4.000
producer-metrics:connection-creation-rate:{client-id=producer-1}                   : 0.000
producer-metrics:connection-creation-total:{client-id=producer-1}                  : 6.000
producer-metrics:failed-authentication-rate:{client-id=producer-1}                 : 0.000
producer-metrics:failed-authentication-total:{client-id=producer-1}                : 0.000
producer-metrics:failed-reauthentication-rate:{client-id=producer-1}               : 0.000
producer-metrics:failed-reauthentication-total:{client-id=producer-1}              : 0.000
producer-metrics:incoming-byte-rate:{client-id=producer-1}                         : 81648.877
producer-metrics:incoming-byte-total:{client-id=producer-1}                        : 31002637.000
producer-metrics:io-ratio:{client-id=producer-1}                                   : 0.129
producer-metrics:io-time-ns-avg:{client-id=producer-1}                             : 32687.871
producer-metrics:io-wait-ratio:{client-id=producer-1}                              : 0.727
producer-metrics:io-wait-time-ns-avg:{client-id=producer-1}                        : 183986.730
producer-metrics:io-waittime-total:{client-id=producer-1}                          : 330495284720.000
producer-metrics:iotime-total:{client-id=producer-1}                               : 36647972448.000
producer-metrics:metadata-age:{client-id=producer-1}                               : 230.498
producer-metrics:network-io-rate:{client-id=producer-1}                            : 2636.523
producer-metrics:network-io-total:{client-id=producer-1}                           : 1000020.000
producer-metrics:outgoing-byte-rate:{client-id=producer-1}                         : 851714.569
producer-metrics:outgoing-byte-total:{client-id=producer-1}                        : 322890460.000
producer-metrics:produce-throttle-time-avg:{client-id=producer-1}                  : 0.000
producer-metrics:produce-throttle-time-max:{client-id=producer-1}                  : 0.000
producer-metrics:reauthentication-latency-avg:{client-id=producer-1}               : NaN
producer-metrics:reauthentication-latency-max:{client-id=producer-1}               : NaN
producer-metrics:record-error-rate:{client-id=producer-1}                          : 0.000
producer-metrics:record-error-total:{client-id=producer-1}                         : 0.000
producer-metrics:record-queue-time-avg:{client-id=producer-1}                      : 0.036
producer-metrics:record-queue-time-max:{client-id=producer-1}                      : 12.000
producer-metrics:record-retry-rate:{client-id=producer-1}                          : 0.000
producer-metrics:record-retry-total:{client-id=producer-1}                         : 2.000
producer-metrics:record-send-rate:{client-id=producer-1}                           : 1316.892
producer-metrics:record-send-total:{client-id=producer-1}                          : 500002.000
producer-metrics:record-size-avg:{client-id=producer-1}                            : 592.000
producer-metrics:record-size-max:{client-id=producer-1}                            : 592.000
producer-metrics:records-per-request-avg:{client-id=producer-1}                    : 1.000
producer-metrics:request-latency-avg:{client-id=producer-1}                        : 0.674
producer-metrics:request-latency-max:{client-id=producer-1}                        : 78.000
producer-metrics:request-rate:{client-id=producer-1}                               : 1318.292
producer-metrics:request-size-avg:{client-id=producer-1}                           : 646.000
producer-metrics:request-size-max:{client-id=producer-1}                           : 646.000
producer-metrics:request-total:{client-id=producer-1}                              : 500011.000
producer-metrics:requests-in-flight:{client-id=producer-1}                         : 0.000
producer-metrics:response-rate:{client-id=producer-1}                              : 1316.883
producer-metrics:response-total:{client-id=producer-1}                             : 500009.000
producer-metrics:select-rate:{client-id=producer-1}                                : 3949.439
producer-metrics:select-total:{client-id=producer-1}                               : 1497000.000
producer-metrics:successful-authentication-no-reauth-total:{client-id=producer-1}  : 0.000
producer-metrics:successful-authentication-rate:{client-id=producer-1}             : 0.000
producer-metrics:successful-authentication-total:{client-id=producer-1}            : 0.000
producer-metrics:successful-reauthentication-rate:{client-id=producer-1}           : 0.000
producer-metrics:successful-reauthentication-total:{client-id=producer-1}          : 0.000
producer-metrics:waiting-threads:{client-id=producer-1}                            : 0.000
producer-node-metrics:incoming-byte-rate:{client-id=producer-1, node-id=node--2}   : 0.000
producer-node-metrics:incoming-byte-rate:{client-id=producer-1, node-id=node-1}    : 27624.591
producer-node-metrics:incoming-byte-rate:{client-id=producer-1, node-id=node-2}    : 26817.954
producer-node-metrics:incoming-byte-rate:{client-id=producer-1, node-id=node-3}    : 27214.643
producer-node-metrics:incoming-byte-total:{client-id=producer-1, node-id=node--2}  : 585.000
producer-node-metrics:incoming-byte-total:{client-id=producer-1, node-id=node-1}   : 10326003.000
producer-node-metrics:incoming-byte-total:{client-id=producer-1, node-id=node-2}   : 10343223.000
producer-node-metrics:incoming-byte-total:{client-id=producer-1, node-id=node-3}   : 10332826.000
producer-node-metrics:outgoing-byte-rate:{client-id=producer-1, node-id=node--2}   : 0.000
producer-node-metrics:outgoing-byte-rate:{client-id=producer-1, node-id=node-1}    : 288616.184
producer-node-metrics:outgoing-byte-rate:{client-id=producer-1, node-id=node-2}    : 279352.427
producer-node-metrics:outgoing-byte-rate:{client-id=producer-1, node-id=node-3}    : 284128.087
producer-node-metrics:outgoing-byte-total:{client-id=producer-1, node-id=node--2}  : 67.000
producer-node-metrics:outgoing-byte-total:{client-id=producer-1, node-id=node-1}   : 107547039.000
producer-node-metrics:outgoing-byte-total:{client-id=producer-1, node-id=node-2}   : 107724236.000
producer-node-metrics:outgoing-byte-total:{client-id=producer-1, node-id=node-3}   : 107619118.000
producer-node-metrics:request-latency-avg:{client-id=producer-1, node-id=node--2}  : NaN
producer-node-metrics:request-latency-avg:{client-id=producer-1, node-id=node-1}   : 0.791
producer-node-metrics:request-latency-avg:{client-id=producer-1, node-id=node-2}   : 0.531
producer-node-metrics:request-latency-avg:{client-id=producer-1, node-id=node-3}   : 0.639
producer-node-metrics:request-latency-max:{client-id=producer-1, node-id=node--2}  : NaN
producer-node-metrics:request-latency-max:{client-id=producer-1, node-id=node-1}   : 39.000
producer-node-metrics:request-latency-max:{client-id=producer-1, node-id=node-2}   : 55.000
producer-node-metrics:request-latency-max:{client-id=producer-1, node-id=node-3}   : 78.000
producer-node-metrics:request-rate:{client-id=producer-1, node-id=node--2}         : 0.000
producer-node-metrics:request-rate:{client-id=producer-1, node-id=node-1}          : 446.759
producer-node-metrics:request-rate:{client-id=producer-1, node-id=node-2}          : 432.421
producer-node-metrics:request-rate:{client-id=producer-1, node-id=node-3}          : 439.796
producer-node-metrics:request-size-avg:{client-id=producer-1, node-id=node--2}     : NaN
producer-node-metrics:request-size-avg:{client-id=producer-1, node-id=node-1}      : 646.000
producer-node-metrics:request-size-avg:{client-id=producer-1, node-id=node-2}      : 646.000
producer-node-metrics:request-size-avg:{client-id=producer-1, node-id=node-3}      : 646.000
producer-node-metrics:request-size-max:{client-id=producer-1, node-id=node--2}     : NaN
producer-node-metrics:request-size-max:{client-id=producer-1, node-id=node-1}      : 646.000
producer-node-metrics:request-size-max:{client-id=producer-1, node-id=node-2}      : 646.000
producer-node-metrics:request-size-max:{client-id=producer-1, node-id=node-3}      : 646.000
producer-node-metrics:request-total:{client-id=producer-1, node-id=node--2}        : 2.000
producer-node-metrics:request-total:{client-id=producer-1, node-id=node-1}         : 166541.000
producer-node-metrics:request-total:{client-id=producer-1, node-id=node-2}         : 166816.000
producer-node-metrics:request-total:{client-id=producer-1, node-id=node-3}         : 166652.000
producer-node-metrics:response-rate:{client-id=producer-1, node-id=node--2}        : 0.000
producer-node-metrics:response-rate:{client-id=producer-1, node-id=node-1}         : 445.558
producer-node-metrics:response-rate:{client-id=producer-1, node-id=node-2}         : 432.548
producer-node-metrics:response-rate:{client-id=producer-1, node-id=node-3}         : 438.946
producer-node-metrics:response-total:{client-id=producer-1, node-id=node--2}       : 2.000
producer-node-metrics:response-total:{client-id=producer-1, node-id=node-1}        : 166541.000
producer-node-metrics:response-total:{client-id=producer-1, node-id=node-2}        : 166815.000
producer-node-metrics:response-total:{client-id=producer-1, node-id=node-3}        : 166651.000
producer-topic-metrics:byte-rate:{client-id=producer-1, topic=test-topic}          : 758529.569
producer-topic-metrics:byte-total:{client-id=producer-1, topic=test-topic}         : 287890047.000
producer-topic-metrics:compression-rate:{client-id=producer-1, topic=test-topic}   : 1.000
producer-topic-metrics:record-error-rate:{client-id=producer-1, topic=test-topic}  : 0.000
producer-topic-metrics:record-error-total:{client-id=producer-1, topic=test-topic} : 0.000
producer-topic-metrics:record-retry-rate:{client-id=producer-1, topic=test-topic}  : 0.000
producer-topic-metrics:record-retry-total:{client-id=producer-1, topic=test-topic} : 2.000
producer-topic-metrics:record-send-rate:{client-id=producer-1, topic=test-topic}   : 1316.892
producer-topic-metrics:record-send-total:{client-id=producer-1, topic=test-topic}  : 500002.000
Produce Time: 407.743
Aplication time: 408.328
Quantidade de mensagens: 500002
