Topic to send: test-topic
Topic to acks: -1
Records: 500000
Size: 500
Batch Size: 500

Metric Name                                                                          Value
app-info:commit-id:{client-id=producer-1}                                          : d12590634290dbc4
app-info:start-time-ms:{client-id=producer-1}                                      : 1620215672068
app-info:version:{client-id=producer-1}                                            : 2.3.1
kafka-metrics-count:count:{client-id=producer-1}                                   : 126.000
producer-metrics:batch-size-avg:{client-id=producer-1}                             : 576.000
producer-metrics:batch-size-max:{client-id=producer-1}                             : 576.000
producer-metrics:batch-split-rate:{client-id=producer-1}                           : 0.000
producer-metrics:batch-split-total:{client-id=producer-1}                          : 0.000
producer-metrics:buffer-available-bytes:{client-id=producer-1}                     : 33554432.000
producer-metrics:buffer-exhausted-rate:{client-id=producer-1}                      : 0.000
producer-metrics:buffer-exhausted-total:{client-id=producer-1}                     : 0.000
producer-metrics:buffer-total-bytes:{client-id=producer-1}                         : 33554432.000
producer-metrics:bufferpool-wait-ratio:{client-id=producer-1}                      : 0.000
producer-metrics:bufferpool-wait-time-total:{client-id=producer-1}                 : 0.000
producer-metrics:compression-rate-avg:{client-id=producer-1}                       : 1.000
producer-metrics:connection-close-rate:{client-id=producer-1}                      : 0.000
producer-metrics:connection-close-total:{client-id=producer-1}                     : 3.000
producer-metrics:connection-count:{client-id=producer-1}                           : 3.000
producer-metrics:connection-creation-rate:{client-id=producer-1}                   : 0.000
producer-metrics:connection-creation-total:{client-id=producer-1}                  : 6.000
producer-metrics:failed-authentication-rate:{client-id=producer-1}                 : 0.000
producer-metrics:failed-authentication-total:{client-id=producer-1}                : 0.000
producer-metrics:failed-reauthentication-rate:{client-id=producer-1}               : 0.000
producer-metrics:failed-reauthentication-total:{client-id=producer-1}              : 0.000
producer-metrics:incoming-byte-rate:{client-id=producer-1}                         : 46089.977
producer-metrics:incoming-byte-total:{client-id=producer-1}                        : 31002637.000
producer-metrics:io-ratio:{client-id=producer-1}                                   : 0.057
producer-metrics:io-time-ns-avg:{client-id=producer-1}                             : 25716.729
producer-metrics:io-wait-ratio:{client-id=producer-1}                              : 0.880
producer-metrics:io-wait-time-ns-avg:{client-id=producer-1}                        : 397166.556
producer-metrics:io-waittime-total:{client-id=producer-1}                          : 625225852331.000
producer-metrics:iotime-total:{client-id=producer-1}                               : 38600921769.000
producer-metrics:metadata-age:{client-id=producer-1}                               : 166.182
producer-metrics:network-io-rate:{client-id=producer-1}                            : 1486.683
producer-metrics:network-io-total:{client-id=producer-1}                           : 1000020.000
producer-metrics:outgoing-byte-rate:{client-id=producer-1}                         : 481935.197
producer-metrics:outgoing-byte-total:{client-id=producer-1}                        : 322889857.000
producer-metrics:produce-throttle-time-avg:{client-id=producer-1}                  : 0.000
producer-metrics:produce-throttle-time-max:{client-id=producer-1}                  : 0.000
producer-metrics:reauthentication-latency-avg:{client-id=producer-1}               : NaN
producer-metrics:reauthentication-latency-max:{client-id=producer-1}               : NaN
producer-metrics:record-error-rate:{client-id=producer-1}                          : 0.000
producer-metrics:record-error-total:{client-id=producer-1}                         : 0.000
producer-metrics:record-queue-time-avg:{client-id=producer-1}                      : 0.024
producer-metrics:record-queue-time-max:{client-id=producer-1}                      : 1.000
producer-metrics:record-retry-rate:{client-id=producer-1}                          : 0.000
producer-metrics:record-retry-total:{client-id=producer-1}                         : 1.000
producer-metrics:record-send-rate:{client-id=producer-1}                           : 748.565
producer-metrics:record-send-total:{client-id=producer-1}                          : 500001.000
producer-metrics:record-size-avg:{client-id=producer-1}                            : 592.000
producer-metrics:record-size-max:{client-id=producer-1}                            : 592.000
producer-metrics:records-per-request-avg:{client-id=producer-1}                    : 1.000
producer-metrics:request-latency-avg:{client-id=producer-1}                        : 1.285
producer-metrics:request-latency-max:{client-id=producer-1}                        : 59.000
producer-metrics:request-rate:{client-id=producer-1}                               : 745.915
producer-metrics:request-size-avg:{client-id=producer-1}                           : 646.000
producer-metrics:request-size-max:{client-id=producer-1}                           : 646.000
producer-metrics:request-total:{client-id=producer-1}                              : 500011.000
producer-metrics:requests-in-flight:{client-id=producer-1}                         : 0.000
producer-metrics:response-rate:{client-id=producer-1}                              : 743.370
producer-metrics:response-total:{client-id=producer-1}                             : 500009.000
producer-metrics:select-rate:{client-id=producer-1}                                : 2216.572
producer-metrics:select-total:{client-id=producer-1}                               : 1494982.000
producer-metrics:successful-authentication-no-reauth-total:{client-id=producer-1}  : 0.000
producer-metrics:successful-authentication-rate:{client-id=producer-1}             : 0.000
producer-metrics:successful-authentication-total:{client-id=producer-1}            : 0.000
producer-metrics:successful-reauthentication-rate:{client-id=producer-1}           : 0.000
producer-metrics:successful-reauthentication-total:{client-id=producer-1}          : 0.000
producer-metrics:waiting-threads:{client-id=producer-1}                            : 0.000
producer-node-metrics:incoming-byte-rate:{client-id=producer-1, node-id=node--3}   : 0.000
producer-node-metrics:incoming-byte-rate:{client-id=producer-1, node-id=node-1}    : 15273.413
producer-node-metrics:incoming-byte-rate:{client-id=producer-1, node-id=node-2}    : 15350.356
producer-node-metrics:incoming-byte-rate:{client-id=producer-1, node-id=node-3}    : 15729.246
producer-node-metrics:incoming-byte-total:{client-id=producer-1, node-id=node--3}  : 585.000
producer-node-metrics:incoming-byte-total:{client-id=producer-1, node-id=node-1}   : 10342929.000
producer-node-metrics:incoming-byte-total:{client-id=producer-1, node-id=node-2}   : 10332826.000
producer-node-metrics:incoming-byte-total:{client-id=producer-1, node-id=node-3}   : 10326297.000
producer-node-metrics:outgoing-byte-rate:{client-id=producer-1, node-id=node--3}   : 0.000
producer-node-metrics:outgoing-byte-rate:{client-id=producer-1, node-id=node-1}    : 159142.221
producer-node-metrics:outgoing-byte-rate:{client-id=producer-1, node-id=node-2}    : 159169.004
producer-node-metrics:outgoing-byte-rate:{client-id=producer-1, node-id=node-3}    : 162595.568
producer-node-metrics:outgoing-byte-total:{client-id=producer-1, node-id=node--3}  : 67.000
producer-node-metrics:outgoing-byte-total:{client-id=producer-1, node-id=node-1}   : 107723566.000
producer-node-metrics:outgoing-byte-total:{client-id=producer-1, node-id=node-2}   : 107618515.000
producer-node-metrics:outgoing-byte-total:{client-id=producer-1, node-id=node-3}   : 107547709.000
producer-node-metrics:request-latency-avg:{client-id=producer-1, node-id=node--3}  : NaN
producer-node-metrics:request-latency-avg:{client-id=producer-1, node-id=node-1}   : 1.158
producer-node-metrics:request-latency-avg:{client-id=producer-1, node-id=node-2}   : 1.272
producer-node-metrics:request-latency-avg:{client-id=producer-1, node-id=node-3}   : 1.395
producer-node-metrics:request-latency-max:{client-id=producer-1, node-id=node--3}  : NaN
producer-node-metrics:request-latency-max:{client-id=producer-1, node-id=node-1}   : 54.000
producer-node-metrics:request-latency-max:{client-id=producer-1, node-id=node-2}   : 26.000
producer-node-metrics:request-latency-max:{client-id=producer-1, node-id=node-3}   : 21.000
producer-node-metrics:request-rate:{client-id=producer-1, node-id=node--3}         : 0.000
producer-node-metrics:request-rate:{client-id=producer-1, node-id=node-1}          : 246.341
producer-node-metrics:request-rate:{client-id=producer-1, node-id=node-2}          : 246.379
producer-node-metrics:request-rate:{client-id=producer-1, node-id=node-3}          : 251.679
producer-node-metrics:request-size-avg:{client-id=producer-1, node-id=node--3}     : NaN
producer-node-metrics:request-size-avg:{client-id=producer-1, node-id=node-1}      : 646.000
producer-node-metrics:request-size-avg:{client-id=producer-1, node-id=node-2}      : 646.000
producer-node-metrics:request-size-avg:{client-id=producer-1, node-id=node-3}      : 646.000
producer-node-metrics:request-size-max:{client-id=producer-1, node-id=node--3}     : NaN
producer-node-metrics:request-size-max:{client-id=producer-1, node-id=node-1}      : 646.000
producer-node-metrics:request-size-max:{client-id=producer-1, node-id=node-2}      : 646.000
producer-node-metrics:request-size-max:{client-id=producer-1, node-id=node-3}      : 646.000
producer-node-metrics:request-total:{client-id=producer-1, node-id=node--3}        : 2.000
producer-node-metrics:request-total:{client-id=producer-1, node-id=node-1}         : 166814.000
producer-node-metrics:request-total:{client-id=producer-1, node-id=node-2}         : 166652.000
producer-node-metrics:request-total:{client-id=producer-1, node-id=node-3}         : 166543.000
producer-node-metrics:response-rate:{client-id=producer-1, node-id=node--3}        : 0.000
producer-node-metrics:response-rate:{client-id=producer-1, node-id=node-1}         : 246.345
producer-node-metrics:response-rate:{client-id=producer-1, node-id=node-2}         : 247.586
producer-node-metrics:response-rate:{client-id=producer-1, node-id=node-3}         : 253.698
producer-node-metrics:response-total:{client-id=producer-1, node-id=node--3}       : 2.000
producer-node-metrics:response-total:{client-id=producer-1, node-id=node-1}        : 166814.000
producer-node-metrics:response-total:{client-id=producer-1, node-id=node-2}        : 166651.000
producer-node-metrics:response-total:{client-id=producer-1, node-id=node-3}        : 166542.000
producer-topic-metrics:byte-rate:{client-id=producer-1, topic=test-topic}          : 431160.526
producer-topic-metrics:byte-total:{client-id=producer-1, topic=test-topic}         : 287889471.000
producer-topic-metrics:compression-rate:{client-id=producer-1, topic=test-topic}   : 1.000
producer-topic-metrics:record-error-rate:{client-id=producer-1, topic=test-topic}  : 0.000
producer-topic-metrics:record-error-total:{client-id=producer-1, topic=test-topic} : 0.000
producer-topic-metrics:record-retry-rate:{client-id=producer-1, topic=test-topic}  : 0.000
producer-topic-metrics:record-retry-total:{client-id=producer-1, topic=test-topic} : 1.000
producer-topic-metrics:record-send-rate:{client-id=producer-1, topic=test-topic}   : 748.565
producer-topic-metrics:record-send-total:{client-id=producer-1, topic=test-topic}  : 500001.000
Produce Time: 706.391
Aplication time: 707.063
Quantidade de mensagens: 500001
